#
# There is insufficient memory for the Java Runtime Environment to continue.
# Native memory allocation (mmap) failed to map 65536 bytes for Failed to commit metaspace.
# Possible reasons:
#   The system is out of physical RAM or swap space
#   The process is running with CompressedOops enabled, and the Java Heap may be blocking the growth of the native heap
# Possible solutions:
#   Reduce memory load on the system
#   Increase physical memory or swap space
#   Check if swap backing store is full
#   Decrease Java heap size (-Xmx/-Xms)
#   Decrease number of Java threads
#   Decrease Java thread stack sizes (-Xss)
#   Set larger code cache with -XX:ReservedCodeCacheSize=
#   JVM is running with Unscaled Compressed Oops mode in which the Java heap is
#     placed in the first 4GB address space. The Java Heap base address is the
#     maximum limit for the native heap growth. Please use -XX:HeapBaseMinAddress
#     to set the Java Heap base and to place the Java Heap above 4GB virtual address.
# This output file may be truncated or incomplete.
#
#  Out of Memory Error (virtualSpaceNode.cpp:110), pid=1244, tid=2344
#
# JRE version: OpenJDK Runtime Environment (17.0.7) (build 17.0.7+0-b2043.56-10550314)
# Java VM: OpenJDK 64-Bit Server VM (17.0.7+0-b2043.56-10550314, mixed mode, tiered, compressed oops, compressed class ptrs, g1 gc, windows-amd64)
# No core dump will be written. Minidumps are not enabled by default on client versions of Windows
#

---------------  S U M M A R Y ------------

Command Line: -Dorg.gradle.appname=gradlew org.gradle.wrapper.GradleWrapperMain -q -Ptarget-platform=android-x64 -Ptarget=C:\src\latihan_aplikasi\lib\main.dart -Pbase-application-name=android.app.Application -Pdart-defines=RkxVVFRFUl9XRUJfQVVUT19ERVRFQ1Q9dHJ1ZQ==,RkxVVFRFUl9XRUJfQ0FOVkFTS0lUX1VSTD1odHRwczovL3d3dy5nc3RhdGljLmNvbS9mbHV0dGVyLWNhbnZhc2tpdC8wNDgxN2M5OWM5ZmQ0OTU2ZjI3NTA1MjA0ZjdlMzQ0MzM1ODEwYWVkLw== -Pdart-obfuscation=false -Ptrack-widget-creation=true -Ptree-shake-icons=false -Pfilesystem-scheme=org-dartlang-root assembleDebug

Host: 11th Gen Intel(R) Core(TM) i5-1135G7 @ 2.40GHz, 8 cores, 7G,  Windows 11 , 64 bit Build 22621 (10.0.22621.3958)
Time: Mon Nov 25 12:32:08 2024 Tokyo Standard Time elapsed time: 1.365940 seconds (0d 0h 0m 1s)

---------------  T H R E A D  ---------------

Current thread (0x0000019affbfd5b0):  JavaThread "Exec process" [_thread_in_vm, id=2344, stack(0x0000002482400000,0x0000002482500000)]

Stack: [0x0000002482400000,0x0000002482500000]
Native frames: (J=compiled Java code, j=interpreted, Vv=VM code, C=native code)
V  [jvm.dll+0x683bfa]
V  [jvm.dll+0x8430a4]
V  [jvm.dll+0x8449be]
V  [jvm.dll+0x845023]
V  [jvm.dll+0x24ad2f]
V  [jvm.dll+0x83e45b]
V  [jvm.dll+0x6281e6]
V  [jvm.dll+0x1c29ee]
V  [jvm.dll+0x62ab31]
V  [jvm.dll+0x628b86]
V  [jvm.dll+0x24801c]
V  [jvm.dll+0x6db01d]
V  [jvm.dll+0x6dba4f]
V  [jvm.dll+0x3770b0]
V  [jvm.dll+0x3760f4]
V  [jvm.dll+0x376098]
V  [jvm.dll+0x56c1a5]
V  [jvm.dll+0x56b064]
V  [jvm.dll+0x38a0f4]
V  [jvm.dll+0x38975f]
C  0x0000019af28da443

Java frames: (J=compiled Java code, j=interpreted, Vv=VM code)
j  org.gradle.process.internal.DefaultExecHandle.setEndStateInfo(Lorg/gradle/process/internal/ExecHandleState;ILjava/lang/Throwable;)V+4
j  org.gradle.process.internal.DefaultExecHandle.failed(Ljava/lang/Throwable;)V+6
j  org.gradle.process.internal.ExecHandleRunner.run()V+87
j  org.gradle.internal.operations.CurrentBuildOperationPreservingRunnable.run()V+11
j  org.gradle.internal.concurrent.ExecutorPolicy$CatchAndRecordFailures.onExecute(Ljava/lang/Runnable;)V+1
j  org.gradle.internal.concurrent.ManagedExecutorImpl$1.run()V+25
j  java.util.concurrent.ThreadPoolExecutor.runWorker(Ljava/util/concurrent/ThreadPoolExecutor$Worker;)V+92 java.base@17.0.7
j  java.util.concurrent.ThreadPoolExecutor$Worker.run()V+5 java.base@17.0.7
j  java.lang.Thread.run()V+11 java.base@17.0.7
v  ~StubRoutines::call_stub

---------------  P R O C E S S  ---------------

Threads class SMR info:
_java_thread_list=0x0000019a86b8df10, length=14, elements={
0x0000019ae7ec5bc0, 0x0000019affa6bb10, 0x0000019affa6c4c0, 0x0000019affa7d140,
0x0000019affa7dd00, 0x0000019affbfe420, 0x0000019affbfedc0, 0x0000019affc04800,
0x0000019affc1f9f0, 0x0000019affc37fc0, 0x0000019affbffc30, 0x0000019affbfe8f0,
0x0000019affbfc740, 0x0000019affbfd5b0
}

Java Threads: ( => current thread )
  0x0000019ae7ec5bc0 JavaThread "main" [_thread_blocked, id=8996, stack(0x0000002480c00000,0x0000002480d00000)]
  0x0000019affa6bb10 JavaThread "Reference Handler" daemon [_thread_blocked, id=16736, stack(0x0000002481300000,0x0000002481400000)]
  0x0000019affa6c4c0 JavaThread "Finalizer" daemon [_thread_blocked, id=7588, stack(0x0000002481400000,0x0000002481500000)]
  0x0000019affa7d140 JavaThread "Signal Dispatcher" daemon [_thread_blocked, id=4228, stack(0x0000002481500000,0x0000002481600000)]
  0x0000019affa7dd00 JavaThread "Attach Listener" daemon [_thread_blocked, id=1868, stack(0x0000002481600000,0x0000002481700000)]
  0x0000019affbfe420 JavaThread "Service Thread" daemon [_thread_blocked, id=13912, stack(0x0000002481700000,0x0000002481800000)]
  0x0000019affbfedc0 JavaThread "Monitor Deflation Thread" daemon [_thread_blocked, id=5952, stack(0x0000002481800000,0x0000002481900000)]
  0x0000019affc04800 JavaThread "C2 CompilerThread0" daemon [_thread_blocked, id=13840, stack(0x0000002481900000,0x0000002481a00000)]
  0x0000019affc1f9f0 JavaThread "C1 CompilerThread0" daemon [_thread_blocked, id=12180, stack(0x0000002481a00000,0x0000002481b00000)]
  0x0000019affc37fc0 JavaThread "Sweeper thread" daemon [_thread_blocked, id=11072, stack(0x0000002481b00000,0x0000002481c00000)]
  0x0000019affbffc30 JavaThread "Notification Thread" daemon [_thread_blocked, id=9504, stack(0x0000002481c00000,0x0000002481d00000)]
  0x0000019affbfe8f0 JavaThread "Common-Cleaner" daemon [_thread_blocked, id=8804, stack(0x0000002481e00000,0x0000002481f00000)]
  0x0000019affbfc740 JavaThread "pool-1-thread-1" [_thread_blocked, id=17384, stack(0x0000002481f00000,0x0000002482000000)]
=>0x0000019affbfd5b0 JavaThread "Exec process" [_thread_in_vm, id=2344, stack(0x0000002482400000,0x0000002482500000)]

Other Threads:
  0x0000019affa68c60 VMThread "VM Thread" [stack: 0x0000002481200000,0x0000002481300000] [id=11812]
  0x0000019affd71e30 WatcherThread [stack: 0x0000002481d00000,0x0000002481e00000] [id=13040]
  0x0000019ae7f20a40 GCTaskThread "GC Thread#0" [stack: 0x0000002480d00000,0x0000002480e00000] [id=13188]
  0x0000019a86678660 GCTaskThread "GC Thread#1" [stack: 0x0000002482000000,0x0000002482100000] [id=5824]
  0x0000019a86199710 GCTaskThread "GC Thread#2" [stack: 0x0000002482100000,0x0000002482200000] [id=11360]
  0x0000019a867ea9f0 GCTaskThread "GC Thread#3" [stack: 0x0000002482200000,0x0000002482300000] [id=16580]
  0x0000019a86937980 GCTaskThread "GC Thread#4" [stack: 0x0000002482300000,0x0000002482400000] [id=9120]
  0x0000019ae7f31000 ConcurrentGCThread "G1 Main Marker" [stack: 0x0000002480e00000,0x0000002480f00000] [id=5244]
  0x0000019ae7f31a10 ConcurrentGCThread "G1 Conc#0" [stack: 0x0000002480f00000,0x0000002481000000] [id=3132]
  0x0000019aff8b20c0 ConcurrentGCThread "G1 Refine#0" [stack: 0x0000002481000000,0x0000002481100000] [id=3908]
  0x0000019aff8b29e0 ConcurrentGCThread "G1 Service" [stack: 0x0000002481100000,0x0000002481200000] [id=16788]

Threads with active compile tasks:

VM state: not at safepoint (normal execution)

VM Mutex/Monitor currently owned by a thread:  ([mutex/lock_event])
[0x0000019ae7ec1cc0] Metaspace_lock - owner thread: 0x0000019affbfd5b0

Heap address: 0x0000000084c00000, size: 1972 MB, Compressed Oops mode: 32-bit

CDS archive(s) not mapped
Compressed class space mapped at: 0x0000000100000000-0x0000000140000000, reserved size: 1073741824
Narrow klass base: 0x0000000000000000, Narrow klass shift: 3, Narrow klass range: 0x140000000

GC Precious Log:
 CPUs: 8 total, 8 available
 Memory: 7885M
 Large Page Support: Disabled
 NUMA Support: Disabled
 Compressed Oops: Enabled (32-bit)
 Heap Region Size: 1M
 Heap Min Capacity: 8M
 Heap Initial Capacity: 124M
 Heap Max Capacity: 1972M
 Pre-touch: Disabled
 Parallel Workers: 8
 Concurrent Workers: 2
 Concurrent Refinement Workers: 8
 Periodic GC: Disabled

Heap:
 garbage-first heap   total 126976K, used 25528K [0x0000000084c00000, 0x0000000100000000)
  region size 1024K, 20 young (20480K), 3 survivors (3072K)
 Metaspace       used 15764K, committed 15936K, reserved 1114112K
  class space    used 1830K, committed 1920K, reserved 1048576K

Heap Regions: E=young(eden), S=young(survivor), O=old, HS=humongous(starts), HC=humongous(continues), CS=collection set, F=free, OA=open archive, CA=closed archive, TAMS=top-at-mark-start (previous, next)
|   0|0x0000000084c00000, 0x0000000084d00000, 0x0000000084d00000|100%|HS|  |TAMS 0x0000000084c00000, 0x0000000084c00000| Complete 
|   1|0x0000000084d00000, 0x0000000084e00000, 0x0000000084e00000|100%|HC|  |TAMS 0x0000000084d00000, 0x0000000084d00000| Complete 
|   2|0x0000000084e00000, 0x0000000084f00000, 0x0000000084f00000|100%|HC|  |TAMS 0x0000000084e00000, 0x0000000084e00000| Complete 
|   3|0x0000000084f00000, 0x0000000085000000, 0x0000000085000000|100%| O|  |TAMS 0x0000000084f00000, 0x0000000084f00000| Untracked 
|   4|0x0000000085000000, 0x0000000085100000, 0x0000000085100000|100%| O|  |TAMS 0x0000000085000000, 0x0000000085000000| Untracked 
|   5|0x0000000085100000, 0x00000000851ee200, 0x0000000085200000| 93%| O|  |TAMS 0x0000000085100000, 0x0000000085100000| Untracked 
|   6|0x0000000085200000, 0x0000000085200000, 0x0000000085300000|  0%| F|  |TAMS 0x0000000085200000, 0x0000000085200000| Untracked 
|   7|0x0000000085300000, 0x0000000085300000, 0x0000000085400000|  0%| F|  |TAMS 0x0000000085300000, 0x0000000085300000| Untracked 
|   8|0x0000000085400000, 0x0000000085400000, 0x0000000085500000|  0%| F|  |TAMS 0x0000000085400000, 0x0000000085400000| Untracked 
|   9|0x0000000085500000, 0x0000000085500000, 0x0000000085600000|  0%| F|  |TAMS 0x0000000085500000, 0x0000000085500000| Untracked 
|  10|0x0000000085600000, 0x0000000085600000, 0x0000000085700000|  0%| F|  |TAMS 0x0000000085600000, 0x0000000085600000| Untracked 
|  11|0x0000000085700000, 0x0000000085700000, 0x0000000085800000|  0%| F|  |TAMS 0x0000000085700000, 0x0000000085700000| Untracked 
|  12|0x0000000085800000, 0x0000000085800000, 0x0000000085900000|  0%| F|  |TAMS 0x0000000085800000, 0x0000000085800000| Untracked 
|  13|0x0000000085900000, 0x0000000085900000, 0x0000000085a00000|  0%| F|  |TAMS 0x0000000085900000, 0x0000000085900000| Untracked 
|  14|0x0000000085a00000, 0x0000000085a00000, 0x0000000085b00000|  0%| F|  |TAMS 0x0000000085a00000, 0x0000000085a00000| Untracked 
|  15|0x0000000085b00000, 0x0000000085b00000, 0x0000000085c00000|  0%| F|  |TAMS 0x0000000085b00000, 0x0000000085b00000| Untracked 
|  16|0x0000000085c00000, 0x0000000085c00000, 0x0000000085d00000|  0%| F|  |TAMS 0x0000000085c00000, 0x0000000085c00000| Untracked 
|  17|0x0000000085d00000, 0x0000000085d00000, 0x0000000085e00000|  0%| F|  |TAMS 0x0000000085d00000, 0x0000000085d00000| Untracked 
|  18|0x0000000085e00000, 0x0000000085e00000, 0x0000000085f00000|  0%| F|  |TAMS 0x0000000085e00000, 0x0000000085e00000| Untracked 
|  19|0x0000000085f00000, 0x0000000085f00000, 0x0000000086000000|  0%| F|  |TAMS 0x0000000085f00000, 0x0000000085f00000| Untracked 
|  20|0x0000000086000000, 0x0000000086000000, 0x0000000086100000|  0%| F|  |TAMS 0x0000000086000000, 0x0000000086000000| Untracked 
|  21|0x0000000086100000, 0x0000000086100000, 0x0000000086200000|  0%| F|  |TAMS 0x0000000086100000, 0x0000000086100000| Untracked 
|  22|0x0000000086200000, 0x0000000086200000, 0x0000000086300000|  0%| F|  |TAMS 0x0000000086200000, 0x0000000086200000| Untracked 
|  23|0x0000000086300000, 0x0000000086300000, 0x0000000086400000|  0%| F|  |TAMS 0x0000000086300000, 0x0000000086300000| Untracked 
|  24|0x0000000086400000, 0x0000000086400000, 0x0000000086500000|  0%| F|  |TAMS 0x0000000086400000, 0x0000000086400000| Untracked 
|  25|0x0000000086500000, 0x0000000086500000, 0x0000000086600000|  0%| F|  |TAMS 0x0000000086500000, 0x0000000086500000| Untracked 
|  26|0x0000000086600000, 0x0000000086600000, 0x0000000086700000|  0%| F|  |TAMS 0x0000000086600000, 0x0000000086600000| Untracked 
|  27|0x0000000086700000, 0x0000000086700000, 0x0000000086800000|  0%| F|  |TAMS 0x0000000086700000, 0x0000000086700000| Untracked 
|  28|0x0000000086800000, 0x0000000086800000, 0x0000000086900000|  0%| F|  |TAMS 0x0000000086800000, 0x0000000086800000| Untracked 
|  29|0x0000000086900000, 0x0000000086900000, 0x0000000086a00000|  0%| F|  |TAMS 0x0000000086900000, 0x0000000086900000| Untracked 
|  30|0x0000000086a00000, 0x0000000086a00000, 0x0000000086b00000|  0%| F|  |TAMS 0x0000000086a00000, 0x0000000086a00000| Untracked 
|  31|0x0000000086b00000, 0x0000000086b00000, 0x0000000086c00000|  0%| F|  |TAMS 0x0000000086b00000, 0x0000000086b00000| Untracked 
|  32|0x0000000086c00000, 0x0000000086c00000, 0x0000000086d00000|  0%| F|  |TAMS 0x0000000086c00000, 0x0000000086c00000| Untracked 
|  33|0x0000000086d00000, 0x0000000086d00000, 0x0000000086e00000|  0%| F|  |TAMS 0x0000000086d00000, 0x0000000086d00000| Untracked 
|  34|0x0000000086e00000, 0x0000000086e00000, 0x0000000086f00000|  0%| F|  |TAMS 0x0000000086e00000, 0x0000000086e00000| Untracked 
|  35|0x0000000086f00000, 0x0000000086f00000, 0x0000000087000000|  0%| F|  |TAMS 0x0000000086f00000, 0x0000000086f00000| Untracked 
|  36|0x0000000087000000, 0x0000000087000000, 0x0000000087100000|  0%| F|  |TAMS 0x0000000087000000, 0x0000000087000000| Untracked 
|  37|0x0000000087100000, 0x0000000087100000, 0x0000000087200000|  0%| F|  |TAMS 0x0000000087100000, 0x0000000087100000| Untracked 
|  38|0x0000000087200000, 0x0000000087200000, 0x0000000087300000|  0%| F|  |TAMS 0x0000000087200000, 0x0000000087200000| Untracked 
|  39|0x0000000087300000, 0x0000000087300000, 0x0000000087400000|  0%| F|  |TAMS 0x0000000087300000, 0x0000000087300000| Untracked 
|  40|0x0000000087400000, 0x0000000087400000, 0x0000000087500000|  0%| F|  |TAMS 0x0000000087400000, 0x0000000087400000| Untracked 
|  41|0x0000000087500000, 0x0000000087500000, 0x0000000087600000|  0%| F|  |TAMS 0x0000000087500000, 0x0000000087500000| Untracked 
|  42|0x0000000087600000, 0x0000000087600000, 0x0000000087700000|  0%| F|  |TAMS 0x0000000087600000, 0x0000000087600000| Untracked 
|  43|0x0000000087700000, 0x0000000087700000, 0x0000000087800000|  0%| F|  |TAMS 0x0000000087700000, 0x0000000087700000| Untracked 
|  44|0x0000000087800000, 0x0000000087800000, 0x0000000087900000|  0%| F|  |TAMS 0x0000000087800000, 0x0000000087800000| Untracked 
|  45|0x0000000087900000, 0x0000000087900000, 0x0000000087a00000|  0%| F|  |TAMS 0x0000000087900000, 0x0000000087900000| Untracked 
|  46|0x0000000087a00000, 0x0000000087a00000, 0x0000000087b00000|  0%| F|  |TAMS 0x0000000087a00000, 0x0000000087a00000| Untracked 
|  47|0x0000000087b00000, 0x0000000087b00000, 0x0000000087c00000|  0%| F|  |TAMS 0x0000000087b00000, 0x0000000087b00000| Untracked 
|  48|0x0000000087c00000, 0x0000000087c00000, 0x0000000087d00000|  0%| F|  |TAMS 0x0000000087c00000, 0x0000000087c00000| Untracked 
|  49|0x0000000087d00000, 0x0000000087d00000, 0x0000000087e00000|  0%| F|  |TAMS 0x0000000087d00000, 0x0000000087d00000| Untracked 
|  50|0x0000000087e00000, 0x0000000087e00000, 0x0000000087f00000|  0%| F|  |TAMS 0x0000000087e00000, 0x0000000087e00000| Untracked 
|  51|0x0000000087f00000, 0x0000000087f00000, 0x0000000088000000|  0%| F|  |TAMS 0x0000000087f00000, 0x0000000087f00000| Untracked 
|  52|0x0000000088000000, 0x0000000088000000, 0x0000000088100000|  0%| F|  |TAMS 0x0000000088000000, 0x0000000088000000| Untracked 
|  53|0x0000000088100000, 0x0000000088100000, 0x0000000088200000|  0%| F|  |TAMS 0x0000000088100000, 0x0000000088100000| Untracked 
|  54|0x0000000088200000, 0x0000000088200000, 0x0000000088300000|  0%| F|  |TAMS 0x0000000088200000, 0x0000000088200000| Untracked 
|  55|0x0000000088300000, 0x0000000088300000, 0x0000000088400000|  0%| F|  |TAMS 0x0000000088300000, 0x0000000088300000| Untracked 
|  56|0x0000000088400000, 0x0000000088400000, 0x0000000088500000|  0%| F|  |TAMS 0x0000000088400000, 0x0000000088400000| Untracked 
|  57|0x0000000088500000, 0x0000000088500000, 0x0000000088600000|  0%| F|  |TAMS 0x0000000088500000, 0x0000000088500000| Untracked 
|  58|0x0000000088600000, 0x0000000088600000, 0x0000000088700000|  0%| F|  |TAMS 0x0000000088600000, 0x0000000088600000| Untracked 
|  59|0x0000000088700000, 0x0000000088700000, 0x0000000088800000|  0%| F|  |TAMS 0x0000000088700000, 0x0000000088700000| Untracked 
|  60|0x0000000088800000, 0x0000000088800000, 0x0000000088900000|  0%| F|  |TAMS 0x0000000088800000, 0x0000000088800000| Untracked 
|  61|0x0000000088900000, 0x0000000088900000, 0x0000000088a00000|  0%| F|  |TAMS 0x0000000088900000, 0x0000000088900000| Untracked 
|  62|0x0000000088a00000, 0x0000000088a00000, 0x0000000088b00000|  0%| F|  |TAMS 0x0000000088a00000, 0x0000000088a00000| Untracked 
|  63|0x0000000088b00000, 0x0000000088b00000, 0x0000000088c00000|  0%| F|  |TAMS 0x0000000088b00000, 0x0000000088b00000| Untracked 
|  64|0x0000000088c00000, 0x0000000088c00000, 0x0000000088d00000|  0%| F|  |TAMS 0x0000000088c00000, 0x0000000088c00000| Untracked 
|  65|0x0000000088d00000, 0x0000000088d00000, 0x0000000088e00000|  0%| F|  |TAMS 0x0000000088d00000, 0x0000000088d00000| Untracked 
|  66|0x0000000088e00000, 0x0000000088e00000, 0x0000000088f00000|  0%| F|  |TAMS 0x0000000088e00000, 0x0000000088e00000| Untracked 
|  67|0x0000000088f00000, 0x0000000088f00000, 0x0000000089000000|  0%| F|  |TAMS 0x0000000088f00000, 0x0000000088f00000| Untracked 
|  68|0x0000000089000000, 0x0000000089000000, 0x0000000089100000|  0%| F|  |TAMS 0x0000000089000000, 0x0000000089000000| Untracked 
|  69|0x0000000089100000, 0x0000000089100000, 0x0000000089200000|  0%| F|  |TAMS 0x0000000089100000, 0x0000000089100000| Untracked 
|  70|0x0000000089200000, 0x0000000089200000, 0x0000000089300000|  0%| F|  |TAMS 0x0000000089200000, 0x0000000089200000| Untracked 
|  71|0x0000000089300000, 0x0000000089300000, 0x0000000089400000|  0%| F|  |TAMS 0x0000000089300000, 0x0000000089300000| Untracked 
|  72|0x0000000089400000, 0x0000000089400000, 0x0000000089500000|  0%| F|  |TAMS 0x0000000089400000, 0x0000000089400000| Untracked 
|  73|0x0000000089500000, 0x0000000089500000, 0x0000000089600000|  0%| F|  |TAMS 0x0000000089500000, 0x0000000089500000| Untracked 
|  74|0x0000000089600000, 0x0000000089600000, 0x0000000089700000|  0%| F|  |TAMS 0x0000000089600000, 0x0000000089600000| Untracked 
|  75|0x0000000089700000, 0x0000000089700000, 0x0000000089800000|  0%| F|  |TAMS 0x0000000089700000, 0x0000000089700000| Untracked 
|  76|0x0000000089800000, 0x0000000089800000, 0x0000000089900000|  0%| F|  |TAMS 0x0000000089800000, 0x0000000089800000| Untracked 
|  77|0x0000000089900000, 0x0000000089900000, 0x0000000089a00000|  0%| F|  |TAMS 0x0000000089900000, 0x0000000089900000| Untracked 
|  78|0x0000000089a00000, 0x0000000089a00000, 0x0000000089b00000|  0%| F|  |TAMS 0x0000000089a00000, 0x0000000089a00000| Untracked 
|  79|0x0000000089b00000, 0x0000000089b00000, 0x0000000089c00000|  0%| F|  |TAMS 0x0000000089b00000, 0x0000000089b00000| Untracked 
|  80|0x0000000089c00000, 0x0000000089c00000, 0x0000000089d00000|  0%| F|  |TAMS 0x0000000089c00000, 0x0000000089c00000| Untracked 
|  81|0x0000000089d00000, 0x0000000089d00000, 0x0000000089e00000|  0%| F|  |TAMS 0x0000000089d00000, 0x0000000089d00000| Untracked 
|  82|0x0000000089e00000, 0x0000000089e00000, 0x0000000089f00000|  0%| F|  |TAMS 0x0000000089e00000, 0x0000000089e00000| Untracked 
|  83|0x0000000089f00000, 0x0000000089f00000, 0x000000008a000000|  0%| F|  |TAMS 0x0000000089f00000, 0x0000000089f00000| Untracked 
|  84|0x000000008a000000, 0x000000008a000000, 0x000000008a100000|  0%| F|  |TAMS 0x000000008a000000, 0x000000008a000000| Untracked 
|  85|0x000000008a100000, 0x000000008a100000, 0x000000008a200000|  0%| F|  |TAMS 0x000000008a100000, 0x000000008a100000| Untracked 
|  86|0x000000008a200000, 0x000000008a200000, 0x000000008a300000|  0%| F|  |TAMS 0x000000008a200000, 0x000000008a200000| Untracked 
|  87|0x000000008a300000, 0x000000008a300000, 0x000000008a400000|  0%| F|  |TAMS 0x000000008a300000, 0x000000008a300000| Untracked 
|  88|0x000000008a400000, 0x000000008a400000, 0x000000008a500000|  0%| F|  |TAMS 0x000000008a400000, 0x000000008a400000| Untracked 
|  89|0x000000008a500000, 0x000000008a500000, 0x000000008a600000|  0%| F|  |TAMS 0x000000008a500000, 0x000000008a500000| Untracked 
|  90|0x000000008a600000, 0x000000008a600000, 0x000000008a700000|  0%| F|  |TAMS 0x000000008a600000, 0x000000008a600000| Untracked 
|  91|0x000000008a700000, 0x000000008a700000, 0x000000008a800000|  0%| F|  |TAMS 0x000000008a700000, 0x000000008a700000| Untracked 
|  92|0x000000008a800000, 0x000000008a800000, 0x000000008a900000|  0%| F|  |TAMS 0x000000008a800000, 0x000000008a800000| Untracked 
|  93|0x000000008a900000, 0x000000008a900000, 0x000000008aa00000|  0%| F|  |TAMS 0x000000008a900000, 0x000000008a900000| Untracked 
|  94|0x000000008aa00000, 0x000000008aa00000, 0x000000008ab00000|  0%| F|  |TAMS 0x000000008aa00000, 0x000000008aa00000| Untracked 
|  95|0x000000008ab00000, 0x000000008ab00000, 0x000000008ac00000|  0%| F|  |TAMS 0x000000008ab00000, 0x000000008ab00000| Untracked 
|  96|0x000000008ac00000, 0x000000008ac00000, 0x000000008ad00000|  0%| F|  |TAMS 0x000000008ac00000, 0x000000008ac00000| Untracked 
|  97|0x000000008ad00000, 0x000000008ad00000, 0x000000008ae00000|  0%| F|  |TAMS 0x000000008ad00000, 0x000000008ad00000| Untracked 
|  98|0x000000008ae00000, 0x000000008af00000, 0x000000008af00000|100%| S|CS|TAMS 0x000000008ae00000, 0x000000008ae00000| Complete 
|  99|0x000000008af00000, 0x000000008b000000, 0x000000008b000000|100%| S|CS|TAMS 0x000000008af00000, 0x000000008af00000| Complete 
| 100|0x000000008b000000, 0x000000008b100000, 0x000000008b100000|100%| S|CS|TAMS 0x000000008b000000, 0x000000008b000000| Complete 
| 101|0x000000008b100000, 0x000000008b100000, 0x000000008b200000|  0%| F|  |TAMS 0x000000008b100000, 0x000000008b100000| Untracked 
| 102|0x000000008b200000, 0x000000008b200000, 0x000000008b300000|  0%| F|  |TAMS 0x000000008b200000, 0x000000008b200000| Untracked 
| 103|0x000000008b300000, 0x000000008b300000, 0x000000008b400000|  0%| F|  |TAMS 0x000000008b300000, 0x000000008b300000| Untracked 
| 104|0x000000008b400000, 0x000000008b400000, 0x000000008b500000|  0%| F|  |TAMS 0x000000008b400000, 0x000000008b400000| Untracked 
| 105|0x000000008b500000, 0x000000008b500000, 0x000000008b600000|  0%| F|  |TAMS 0x000000008b500000, 0x000000008b500000| Untracked 
| 106|0x000000008b600000, 0x000000008b600000, 0x000000008b700000|  0%| F|  |TAMS 0x000000008b600000, 0x000000008b600000| Untracked 
| 107|0x000000008b700000, 0x000000008b743300, 0x000000008b800000| 26%| E|  |TAMS 0x000000008b700000, 0x000000008b700000| Complete 
| 108|0x000000008b800000, 0x000000008b900000, 0x000000008b900000|100%| E|CS|TAMS 0x000000008b800000, 0x000000008b800000| Complete 
| 109|0x000000008b900000, 0x000000008ba00000, 0x000000008ba00000|100%| E|CS|TAMS 0x000000008b900000, 0x000000008b900000| Complete 
| 110|0x000000008ba00000, 0x000000008bb00000, 0x000000008bb00000|100%| E|CS|TAMS 0x000000008ba00000, 0x000000008ba00000| Complete 
| 111|0x000000008bb00000, 0x000000008bc00000, 0x000000008bc00000|100%| E|CS|TAMS 0x000000008bb00000, 0x000000008bb00000| Complete 
| 112|0x000000008bc00000, 0x000000008bd00000, 0x000000008bd00000|100%| E|CS|TAMS 0x000000008bc00000, 0x000000008bc00000| Complete 
| 113|0x000000008bd00000, 0x000000008be00000, 0x000000008be00000|100%| E|CS|TAMS 0x000000008bd00000, 0x000000008bd00000| Complete 
| 114|0x000000008be00000, 0x000000008bf00000, 0x000000008bf00000|100%| E|CS|TAMS 0x000000008be00000, 0x000000008be00000| Complete 
| 115|0x000000008bf00000, 0x000000008c000000, 0x000000008c000000|100%| E|CS|TAMS 0x000000008bf00000, 0x000000008bf00000| Complete 
| 116|0x000000008c000000, 0x000000008c100000, 0x000000008c100000|100%| E|CS|TAMS 0x000000008c000000, 0x000000008c000000| Complete 
| 117|0x000000008c100000, 0x000000008c200000, 0x000000008c200000|100%| E|CS|TAMS 0x000000008c100000, 0x000000008c100000| Complete 
| 118|0x000000008c200000, 0x000000008c300000, 0x000000008c300000|100%| E|CS|TAMS 0x000000008c200000, 0x000000008c200000| Complete 
| 119|0x000000008c300000, 0x000000008c400000, 0x000000008c400000|100%| E|CS|TAMS 0x000000008c300000, 0x000000008c300000| Complete 
| 120|0x000000008c400000, 0x000000008c500000, 0x000000008c500000|100%| E|CS|TAMS 0x000000008c400000, 0x000000008c400000| Complete 
| 121|0x000000008c500000, 0x000000008c600000, 0x000000008c600000|100%| E|CS|TAMS 0x000000008c500000, 0x000000008c500000| Complete 
| 122|0x000000008c600000, 0x000000008c700000, 0x000000008c700000|100%| E|CS|TAMS 0x000000008c600000, 0x000000008c600000| Complete 
| 123|0x000000008c700000, 0x000000008c800000, 0x000000008c800000|100%| E|CS|TAMS 0x000000008c700000, 0x000000008c700000| Complete 

Card table byte_map: [0x0000019afaaa0000,0x0000019afae80000] _byte_map_base: 0x0000019afa67a000

Marking Bits (Prev, Next): (CMBitMap*) 0x0000019ae7f21050, (CMBitMap*) 0x0000019ae7f21090
 Prev Bits: [0x0000019afb260000, 0x0000019afd130000)
 Next Bits: [0x0000019afd130000, 0x0000019aff000000)

Polling page: 0x0000019ae6030000

Metaspace:

Usage:
  Non-class:     13.61 MB used.
      Class:      1.79 MB used.
       Both:     15.40 MB used.

Virtual space:
  Non-class space:       64.00 MB reserved,      13.69 MB ( 21%) committed,  1 nodes.
      Class space:        1.00 GB reserved,       1.88 MB ( <1%) committed,  1 nodes.
             Both:        1.06 GB reserved,      15.56 MB (  1%) committed. 

Chunk freelists:
   Non-Class:  1.86 MB
       Class:  14.16 MB
        Both:  16.02 MB

MaxMetaspaceSize: unlimited
CompressedClassSpaceSize: 1.00 GB
Initial GC threshold: 21.00 MB
Current GC threshold: 21.00 MB
CDS: off
MetaspaceReclaimPolicy: balanced
 - commit_granule_bytes: 65536.
 - commit_granule_words: 8192.
 - virtual_space_node_default_size: 8388608.
 - enlarge_chunks_in_place: 1.
 - new_chunks_are_fully_committed: 0.
 - uncommit_free_chunks: 1.
 - use_allocation_guard: 0.
 - handle_deallocations: 1.


Internal statistics:

num_allocs_failed_limit: 0.
num_arena_births: 72.
num_arena_deaths: 0.
num_vsnodes_births: 2.
num_vsnodes_deaths: 0.
num_space_committed: 249.
num_space_uncommitted: 0.
num_chunks_returned_to_freelist: 0.
num_chunks_taken_from_freelist: 291.
num_chunk_merges: 0.
num_chunk_splits: 197.
num_chunks_enlarged: 166.
num_inconsistent_stats: 0.

CodeHeap 'non-profiled nmethods': size=120000Kb used=445Kb max_used=445Kb free=119554Kb
 bounds [0x0000019af2e60000, 0x0000019af30d0000, 0x0000019afa390000]
CodeHeap 'profiled nmethods': size=120000Kb used=2325Kb max_used=2325Kb free=117674Kb
 bounds [0x0000019aeb390000, 0x0000019aeb600000, 0x0000019af28c0000]
CodeHeap 'non-nmethods': size=5760Kb used=1171Kb max_used=1189Kb free=4588Kb
 bounds [0x0000019af28c0000, 0x0000019af2b30000, 0x0000019af2e60000]
 total_blobs=1652 nmethods=1199 adapters=366
 compilation: enabled
              stopped_count=0, restarted_count=0
 full_count=0

Compilation events (20 events):
Event: 1.353 Thread 0x0000019affc1f9f0 1191       3       java.lang.ProcessEnvironment$CheckedEntrySet$1::next (5 bytes)
Event: 1.353 Thread 0x0000019affc1f9f0 nmethod 1191 0x0000019aeb5cfa90 code [0x0000019aeb5cfc60, 0x0000019aeb5d0108]
Event: 1.353 Thread 0x0000019affc1f9f0 1192       3       java.lang.ProcessEnvironment$CheckedEntrySet$1::next (20 bytes)
Event: 1.353 Thread 0x0000019affc1f9f0 nmethod 1192 0x0000019aeb5d0290 code [0x0000019aeb5d0460, 0x0000019aeb5d08a8]
Event: 1.357 Thread 0x0000019affc1f9f0 1193       3       java.lang.invoke.MethodHandles$Lookup::isClassAccessible (53 bytes)
Event: 1.358 Thread 0x0000019affc1f9f0 nmethod 1193 0x0000019aeb5d0a10 code [0x0000019aeb5d0c20, 0x0000019aeb5d11f8]
Event: 1.358 Thread 0x0000019affc1f9f0 1194       3       java.lang.ProcessEnvironment$NameComparator::compare (90 bytes)
Event: 1.359 Thread 0x0000019affc1f9f0 nmethod 1194 0x0000019aeb5d1410 code [0x0000019aeb5d1720, 0x0000019aeb5d2938]
Event: 1.359 Thread 0x0000019affc1f9f0 1195       3       java.lang.ProcessEnvironment$CheckedEntry::getKey (5 bytes)
Event: 1.359 Thread 0x0000019affc1f9f0 nmethod 1195 0x0000019aeb5d3190 code [0x0000019aeb5d3340, 0x0000019aeb5d3668]
Event: 1.359 Thread 0x0000019affc1f9f0 1196       3       java.lang.ProcessEnvironment$CheckedEntry::getKey (13 bytes)
Event: 1.359 Thread 0x0000019affc1f9f0 nmethod 1196 0x0000019aeb5d3790 code [0x0000019aeb5d3940, 0x0000019aeb5d3be8]
Event: 1.359 Thread 0x0000019affc1f9f0 1197       3       java.lang.ProcessEnvironment$EntryComparator::compare (13 bytes)
Event: 1.359 Thread 0x0000019affc1f9f0 nmethod 1197 0x0000019aeb5d3d10 code [0x0000019aeb5d3f00, 0x0000019aeb5d4608]
Event: 1.359 Thread 0x0000019affc1f9f0 1198       3       java.lang.ProcessEnvironment$EntryComparator::compare (25 bytes)
Event: 1.359 Thread 0x0000019affc1f9f0 nmethod 1198 0x0000019aeb5d4810 code [0x0000019aeb5d49e0, 0x0000019aeb5d4e88]
Event: 1.359 Thread 0x0000019affc1f9f0 1199       3       java.lang.ProcessEnvironment$CheckedEntry::getValue (5 bytes)
Event: 1.359 Thread 0x0000019affc1f9f0 nmethod 1199 0x0000019aeb5d5010 code [0x0000019aeb5d51c0, 0x0000019aeb5d54e8]
Event: 1.359 Thread 0x0000019affc1f9f0 1200       1       java.security.Permission::getName (5 bytes)
Event: 1.359 Thread 0x0000019affc1f9f0 nmethod 1200 0x0000019af2ecf310 code [0x0000019af2ecf4a0, 0x0000019af2ecf578]

GC Heap History (2 events):
Event: 0.786 GC heap before
{Heap before GC invocations=0 (full 0):
 garbage-first heap   total 126976K, used 25600K [0x0000000084c00000, 0x0000000100000000)
  region size 1024K, 23 young (23552K), 0 survivors (0K)
 Metaspace       used 11511K, committed 11648K, reserved 1114112K
  class space    used 1230K, committed 1280K, reserved 1048576K
}
Event: 0.792 GC heap after
{Heap after GC invocations=1 (full 0):
 garbage-first heap   total 126976K, used 9144K [0x0000000084c00000, 0x0000000100000000)
  region size 1024K, 3 young (3072K), 3 survivors (3072K)
 Metaspace       used 11511K, committed 11648K, reserved 1114112K
  class space    used 1230K, committed 1280K, reserved 1048576K
}

Dll operation events (2 events):
Event: 0.006 Loaded shared library C:\Program Files\Android\Android Studio\jbr\bin\java.dll
Event: 0.114 Loaded shared library C:\Program Files\Android\Android Studio\jbr\bin\verify.dll

Deoptimization events (20 events):
Event: 0.940 Thread 0x0000019ae7ec5bc0 Uncommon trap: trap_request=0xffffffc6 fr.pc=0x0000019af2eb5b48 relative=0x0000000000000568
Event: 0.940 Thread 0x0000019ae7ec5bc0 Uncommon trap: reason=bimorphic_or_optimized_type_check action=maybe_recompile pc=0x0000019af2eb5b48 method=java.util.concurrent.ConcurrentHashMap.get(Ljava/lang/Object;)Ljava/lang/Object; @ 149 c2
Event: 0.940 Thread 0x0000019ae7ec5bc0 DEOPT PACKING pc=0x0000019af2eb5b48 sp=0x0000002480cfa030
Event: 0.940 Thread 0x0000019ae7ec5bc0 DEOPT UNPACKING pc=0x0000019af291a1a3 sp=0x0000002480cf9fd0 mode 2
Event: 0.940 Thread 0x0000019ae7ec5bc0 Uncommon trap: trap_request=0xffffffc6 fr.pc=0x0000019af2eb5b48 relative=0x0000000000000568
Event: 0.940 Thread 0x0000019ae7ec5bc0 Uncommon trap: reason=bimorphic_or_optimized_type_check action=maybe_recompile pc=0x0000019af2eb5b48 method=java.util.concurrent.ConcurrentHashMap.get(Ljava/lang/Object;)Ljava/lang/Object; @ 149 c2
Event: 0.940 Thread 0x0000019ae7ec5bc0 DEOPT PACKING pc=0x0000019af2eb5b48 sp=0x0000002480cfa030
Event: 0.940 Thread 0x0000019ae7ec5bc0 DEOPT UNPACKING pc=0x0000019af291a1a3 sp=0x0000002480cf9fd0 mode 2
Event: 0.940 Thread 0x0000019ae7ec5bc0 Uncommon trap: trap_request=0xffffffc6 fr.pc=0x0000019af2eb5b48 relative=0x0000000000000568
Event: 0.940 Thread 0x0000019ae7ec5bc0 Uncommon trap: reason=bimorphic_or_optimized_type_check action=maybe_recompile pc=0x0000019af2eb5b48 method=java.util.concurrent.ConcurrentHashMap.get(Ljava/lang/Object;)Ljava/lang/Object; @ 149 c2
Event: 0.940 Thread 0x0000019ae7ec5bc0 DEOPT PACKING pc=0x0000019af2eb5b48 sp=0x0000002480cfa030
Event: 0.940 Thread 0x0000019ae7ec5bc0 DEOPT UNPACKING pc=0x0000019af291a1a3 sp=0x0000002480cf9fd0 mode 2
Event: 0.940 Thread 0x0000019ae7ec5bc0 Uncommon trap: trap_request=0xffffffc6 fr.pc=0x0000019af2eb5b48 relative=0x0000000000000568
Event: 0.940 Thread 0x0000019ae7ec5bc0 Uncommon trap: reason=bimorphic_or_optimized_type_check action=maybe_recompile pc=0x0000019af2eb5b48 method=java.util.concurrent.ConcurrentHashMap.get(Ljava/lang/Object;)Ljava/lang/Object; @ 149 c2
Event: 0.940 Thread 0x0000019ae7ec5bc0 DEOPT PACKING pc=0x0000019af2eb5b48 sp=0x0000002480cfa460
Event: 0.940 Thread 0x0000019ae7ec5bc0 DEOPT UNPACKING pc=0x0000019af291a1a3 sp=0x0000002480cfa400 mode 2
Event: 0.970 Thread 0x0000019ae7ec5bc0 DEOPT PACKING pc=0x0000019aeb479cb8 sp=0x0000002480cf9d00
Event: 0.970 Thread 0x0000019ae7ec5bc0 DEOPT UNPACKING pc=0x0000019af291ace3 sp=0x0000002480cf9218 mode 0
Event: 1.263 Thread 0x0000019ae7ec5bc0 DEOPT PACKING pc=0x0000019aeb4b66ac sp=0x0000002480cfbd00
Event: 1.263 Thread 0x0000019ae7ec5bc0 DEOPT UNPACKING pc=0x0000019af291ace3 sp=0x0000002480cfb1b0 mode 0

Classes unloaded (0 events):
No events

Classes redefined (0 events):
No events

Internal exceptions (17 events):
Event: 0.255 Thread 0x0000019ae7ec5bc0 Exception <a 'java/lang/NoSuchMethodError'{0x000000008c427e38}: 'int java.lang.invoke.DirectMethodHandle$Holder.invokeStaticInit(java.lang.Object, java.lang.Object)'> (0x000000008c427e38) 
thrown [s\src\hotspot\share\interpreter\linkResolver.cpp, line 771]
Event: 0.696 Thread 0x0000019ae7ec5bc0 Exception <a 'java/lang/NoSuchMethodError'{0x000000008b34b098}: 'void java.lang.invoke.DirectMethodHandle$Holder.invokeStatic(java.lang.Object, java.lang.Object)'> (0x000000008b34b098) 
thrown [s\src\hotspot\share\interpreter\linkResolver.cpp, line 771]
Event: 0.713 Thread 0x0000019ae7ec5bc0 Exception <a 'java/lang/NoClassDefFoundError'{0x000000008b3d3718}: org/slf4j/impl/StaticMarkerBinder> (0x000000008b3d3718) 
thrown [s\src\hotspot\share\classfile\systemDictionary.cpp, line 245]
Event: 0.729 Thread 0x0000019ae7ec5bc0 Exception <a 'java/lang/NoSuchMethodError'{0x000000008b26f998}: 'java.lang.Object java.lang.invoke.DirectMethodHandle$Holder.invokeVirtual(java.lang.Object, java.lang.Object, java.lang.Object, java.lang.Object, java.lang.Object, java.lang.Object, java.lang.Object)'> (0x000000008b26f998) 
thrown [s\src\hotspot\share\interpreter\linkResolver.cpp, line 771]
Event: 0.731 Thread 0x0000019ae7ec5bc0 Exception <a 'java/lang/NoSuchMethodError'{0x000000008b2812e8}: 'java.lang.Object java.lang.invoke.Invokers$Holder.invoker(java.lang.Object, java.lang.Object, java.lang.Object)'> (0x000000008b2812e8) 
thrown [s\src\hotspot\share\interpreter\linkResolver.cpp, line 771]
Event: 0.733 Thread 0x0000019ae7ec5bc0 Exception <a 'java/lang/NoSuchMethodError'{0x000000008b28a390}: 'java.lang.Object java.lang.invoke.DirectMethodHandle$Holder.invokeStatic(java.lang.Object, java.lang.Object, int)'> (0x000000008b28a390) 
thrown [s\src\hotspot\share\interpreter\linkResolver.cpp, line 771]
Event: 0.734 Thread 0x0000019ae7ec5bc0 Exception <a 'java/lang/NoSuchMethodError'{0x000000008b296080}: 'void java.lang.invoke.DelegatingMethodHandle$Holder.delegate(java.lang.Object, java.lang.Object, int, java.lang.Object)'> (0x000000008b296080) 
thrown [s\src\hotspot\share\interpreter\linkResolver.cpp, line 771]
Event: 0.735 Thread 0x0000019ae7ec5bc0 Exception <a 'java/lang/NoSuchMethodError'{0x000000008b29a1c8}: 'int java.lang.invoke.DirectMethodHandle$Holder.invokeSpecial(java.lang.Object, java.lang.Object, java.lang.Object)'> (0x000000008b29a1c8) 
thrown [s\src\hotspot\share\interpreter\linkResolver.cpp, line 771]
Event: 0.738 Thread 0x0000019ae7ec5bc0 Exception <a 'java/lang/NoSuchMethodError'{0x000000008b2ad380}: 'java.lang.Object java.lang.invoke.Invokers$Holder.invokeExact_MT(java.lang.Object, java.lang.Object, java.lang.Object, java.lang.Object)'> (0x000000008b2ad380) 
thrown [s\src\hotspot\share\interpreter\linkResolver.cpp, line 771]
Event: 0.845 Thread 0x0000019ae7ec5bc0 Exception <a 'java/lang/NoSuchMethodError'{0x000000008c49d360}: 'void java.lang.invoke.DirectMethodHandle$Holder.invokeSpecial(java.lang.Object, java.lang.Object, java.lang.Object)'> (0x000000008c49d360) 
thrown [s\src\hotspot\share\interpreter\linkResolver.cpp, line 771]
Event: 0.857 Thread 0x0000019ae7ec5bc0 Implicit null exception at 0x0000019af2eaba93 to 0x0000019af2eabecc
Event: 0.857 Thread 0x0000019ae7ec5bc0 Implicit null exception at 0x0000019af2e9b711 to 0x0000019af2e9bb2c
Event: 0.891 Thread 0x0000019ae7ec5bc0 Exception <a 'java/lang/NoSuchMethodError'{0x000000008c23c730}: 'java.lang.Object java.lang.invoke.DirectMethodHandle$Holder.invokeStaticInit(java.lang.Object)'> (0x000000008c23c730) 
thrown [s\src\hotspot\share\interpreter\linkResolver.cpp, line 771]
Event: 0.998 Thread 0x0000019ae7ec5bc0 Exception <a 'java/lang/NoSuchMethodError'{0x000000008be453a8}: 'java.lang.Object java.lang.invoke.DirectMethodHandle$Holder.invokeStaticInit(java.lang.Object, int, int, int, int)'> (0x000000008be453a8) 
thrown [s\src\hotspot\share\interpreter\linkResolver.cpp, line 771]
Event: 1.098 Thread 0x0000019ae7ec5bc0 Exception <a 'java/lang/NoSuchMethodError'{0x000000008bd390c0}: 'java.lang.Object java.lang.invoke.DirectMethodHandle$Holder.invokeStaticInit(java.lang.Object, java.lang.Object, int, int, int, int)'> (0x000000008bd390c0) 
thrown [s\src\hotspot\share\interpreter\linkResolver.cpp, line 771]
Event: 1.215 Thread 0x0000019ae7ec5bc0 Exception <a 'java/lang/NoSuchMethodError'{0x000000008bd65c00}: 'void java.lang.invoke.DirectMethodHandle$Holder.invokeStatic(java.lang.Object, java.lang.Object, java.lang.Object)'> (0x000000008bd65c00) 
thrown [s\src\hotspot\share\interpreter\linkResolver.cpp, line 771]
Event: 1.359 Thread 0x0000019affbfd5b0 Exception <a 'java/io/IOException'{0x000000008b709368}: CreateProcess error=1455, The paging file is too small for this operation to complete> (0x000000008b709368) 
thrown [s\src\hotspot\share\prims\jni.cpp, line 536]

VM Operations (12 events):
Event: 0.109 Executing VM operation: HandshakeAllThreads
Event: 0.109 Executing VM operation: HandshakeAllThreads done
Event: 0.594 Executing VM operation: HandshakeAllThreads
Event: 0.594 Executing VM operation: HandshakeAllThreads done
Event: 0.732 Executing VM operation: HandshakeAllThreads
Event: 0.732 Executing VM operation: HandshakeAllThreads done
Event: 0.785 Executing VM operation: G1CollectForAllocation
Event: 0.793 Executing VM operation: G1CollectForAllocation done
Event: 0.947 Executing VM operation: HandshakeAllThreads
Event: 0.947 Executing VM operation: HandshakeAllThreads done
Event: 1.039 Executing VM operation: HandshakeAllThreads
Event: 1.039 Executing VM operation: HandshakeAllThreads done

Events (20 events):
Event: 1.357 loading class java/lang/Process
Event: 1.357 loading class java/util/concurrent/ForkJoinPool done
Event: 1.357 loading class java/lang/Process done
Event: 1.357 loading class java/lang/ProcessImpl done
Event: 1.357 loading class java/lang/invoke/VarHandleInts$FieldStaticReadWrite
Event: 1.357 loading class java/lang/invoke/VarHandleInts$FieldStaticReadOnly
Event: 1.357 loading class java/lang/invoke/VarHandleInts$FieldStaticReadOnly done
Event: 1.357 loading class java/lang/invoke/VarHandleInts$FieldStaticReadWrite done
Event: 1.357 loading class java/util/concurrent/ForkJoinPool$DefaultForkJoinWorkerThreadFactory
Event: 1.357 loading class java/util/concurrent/ForkJoinPool$ForkJoinWorkerThreadFactory
Event: 1.357 loading class java/util/concurrent/ForkJoinPool$ForkJoinWorkerThreadFactory done
Event: 1.358 loading class java/util/concurrent/ForkJoinPool$DefaultForkJoinWorkerThreadFactory done
Event: 1.358 loading class java/util/concurrent/ForkJoinPool$1
Event: 1.358 loading class java/util/concurrent/ForkJoinPool$1 done
Event: 1.358 loading class java/util/concurrent/ForkJoinPool$DefaultCommonPoolForkJoinWorkerThreadFactory
Event: 1.358 loading class java/util/concurrent/ForkJoinPool$DefaultCommonPoolForkJoinWorkerThreadFactory done
Event: 1.358 loading class java/util/concurrent/ForkJoinPool$WorkQueue
Event: 1.358 loading class java/util/concurrent/ForkJoinPool$WorkQueue done
Event: 1.358 loading class java/util/concurrent/ForkJoinWorkerThread
Event: 1.358 loading class java/util/concurrent/ForkJoinWorkerThread done


Dynamic libraries:
0x00007ff652940000 - 0x00007ff65294a000 	C:\Program Files\Android\Android Studio\jbr\bin\java.exe
0x00007ffde7570000 - 0x00007ffde7787000 	C:\WINDOWS\SYSTEM32\ntdll.dll
0x00007ffde6d90000 - 0x00007ffde6e54000 	C:\WINDOWS\System32\KERNEL32.DLL
0x00007ffde4880000 - 0x00007ffde4c37000 	C:\WINDOWS\System32\KERNELBASE.dll
0x00007ffde5080000 - 0x00007ffde5191000 	C:\WINDOWS\System32\ucrtbase.dll
0x00007ffdd0640000 - 0x00007ffdd065b000 	C:\Program Files\Android\Android Studio\jbr\bin\VCRUNTIME140.dll
0x00007ffdd0b30000 - 0x00007ffdd0b47000 	C:\Program Files\Android\Android Studio\jbr\bin\jli.dll
0x00007ffde6350000 - 0x00007ffde64ff000 	C:\WINDOWS\System32\USER32.dll
0x00007ffdd9da0000 - 0x00007ffdda033000 	C:\WINDOWS\WinSxS\amd64_microsoft.windows.common-controls_6595b64144ccf1df_6.0.22621.3672_none_2713b9d173822955\COMCTL32.dll
0x00007ffde5240000 - 0x00007ffde5266000 	C:\WINDOWS\System32\win32u.dll
0x00007ffde52f0000 - 0x00007ffde5397000 	C:\WINDOWS\System32\msvcrt.dll
0x00007ffde65c0000 - 0x00007ffde65e9000 	C:\WINDOWS\System32\GDI32.dll
0x00007ffde4cb0000 - 0x00007ffde4dc8000 	C:\WINDOWS\System32\gdi32full.dll
0x00007ffde51a0000 - 0x00007ffde523a000 	C:\WINDOWS\System32\msvcp_win.dll
0x00007ffde52a0000 - 0x00007ffde52d1000 	C:\WINDOWS\System32\IMM32.DLL
0x00007ffddfd50000 - 0x00007ffddfd5c000 	C:\Program Files\Android\Android Studio\jbr\bin\vcruntime140_1.dll
0x00007ffd83c60000 - 0x00007ffd83ced000 	C:\Program Files\Android\Android Studio\jbr\bin\msvcp140.dll
0x00007ffd64160000 - 0x00007ffd64de0000 	C:\Program Files\Android\Android Studio\jbr\bin\server\jvm.dll
0x00007ffde6500000 - 0x00007ffde65b2000 	C:\WINDOWS\System32\ADVAPI32.dll
0x00007ffde6ce0000 - 0x00007ffde6d88000 	C:\WINDOWS\System32\sechost.dll
0x00007ffde5270000 - 0x00007ffde5298000 	C:\WINDOWS\System32\bcrypt.dll
0x00007ffde6750000 - 0x00007ffde6864000 	C:\WINDOWS\System32\RPCRT4.dll
0x00007ffdca0e0000 - 0x00007ffdca0e9000 	C:\WINDOWS\SYSTEM32\WSOCK32.dll
0x00007ffde6c60000 - 0x00007ffde6cd1000 	C:\WINDOWS\System32\WS2_32.dll
0x00007ffddb4c0000 - 0x00007ffddb4ca000 	C:\WINDOWS\SYSTEM32\VERSION.dll
0x00007ffddf040000 - 0x00007ffddf074000 	C:\WINDOWS\SYSTEM32\WINMM.dll
0x00007ffde39c0000 - 0x00007ffde39d8000 	C:\WINDOWS\SYSTEM32\kernel.appcore.dll
0x00007ffddcc10000 - 0x00007ffddcc1a000 	C:\Program Files\Android\Android Studio\jbr\bin\jimage.dll
0x00007ffddc820000 - 0x00007ffddca52000 	C:\WINDOWS\SYSTEM32\DBGHELP.DLL
0x00007ffde5650000 - 0x00007ffde59de000 	C:\WINDOWS\System32\combase.dll
0x00007ffde59e0000 - 0x00007ffde5ab7000 	C:\WINDOWS\System32\OLEAUT32.dll
0x00007ffddc670000 - 0x00007ffddc6a2000 	C:\WINDOWS\SYSTEM32\dbgcore.DLL
0x00007ffde5000000 - 0x00007ffde507b000 	C:\WINDOWS\System32\bcryptPrimitives.dll
0x00007ffdb9100000 - 0x00007ffdb9125000 	C:\Program Files\Android\Android Studio\jbr\bin\java.dll
0x00007ffdccf00000 - 0x00007ffdccf18000 	C:\Program Files\Android\Android Studio\jbr\bin\zip.dll
0x00007ffde5ad0000 - 0x00007ffde6339000 	C:\WINDOWS\System32\SHELL32.dll
0x00007ffde27f0000 - 0x00007ffde30ef000 	C:\WINDOWS\SYSTEM32\windows.storage.dll
0x00007ffde26b0000 - 0x00007ffde27ef000 	C:\WINDOWS\SYSTEM32\wintypes.dll
0x00007ffde5400000 - 0x00007ffde54f9000 	C:\WINDOWS\System32\SHCORE.dll
0x00007ffde53a0000 - 0x00007ffde53fe000 	C:\WINDOWS\System32\shlwapi.dll
0x00007ffde47b0000 - 0x00007ffde47d7000 	C:\WINDOWS\SYSTEM32\profapi.dll
0x00007ffdaf070000 - 0x00007ffdaf089000 	C:\Program Files\Android\Android Studio\jbr\bin\net.dll
0x00007ffde0a70000 - 0x00007ffde0ba6000 	C:\WINDOWS\SYSTEM32\WINHTTP.dll
0x00007ffde3e30000 - 0x00007ffde3e99000 	C:\WINDOWS\system32\mswsock.dll
0x00007ffda2ca0000 - 0x00007ffda2cb6000 	C:\Program Files\Android\Android Studio\jbr\bin\nio.dll
0x00007ffddcaf0000 - 0x00007ffddcb00000 	C:\Program Files\Android\Android Studio\jbr\bin\verify.dll
0x00007ffddfd60000 - 0x00007ffddfd87000 	C:\Users\vivob\.gradle\native\c067742578af261105cb4f569cf0c3c89f3d7b1fecec35dd04571415982c5e48\windows-amd64\native-platform.dll
0x00007ffddf1f0000 - 0x00007ffddf1f9000 	C:\Program Files\Android\Android Studio\jbr\bin\management.dll
0x00007ffddf1b0000 - 0x00007ffddf1bb000 	C:\Program Files\Android\Android Studio\jbr\bin\management_ext.dll
0x00007ffde52e0000 - 0x00007ffde52e8000 	C:\WINDOWS\System32\PSAPI.DLL
0x00007ffde4080000 - 0x00007ffde409b000 	C:\WINDOWS\SYSTEM32\CRYPTSP.dll
0x00007ffde3920000 - 0x00007ffde3955000 	C:\WINDOWS\system32\rsaenh.dll
0x00007ffde3f20000 - 0x00007ffde3f48000 	C:\WINDOWS\SYSTEM32\USERENV.dll
0x00007ffde40a0000 - 0x00007ffde40ac000 	C:\WINDOWS\SYSTEM32\CRYPTBASE.dll
0x00007ffde33c0000 - 0x00007ffde33ed000 	C:\WINDOWS\SYSTEM32\IPHLPAPI.DLL
0x00007ffde6340000 - 0x00007ffde6349000 	C:\WINDOWS\System32\NSI.dll
0x00007ffde05e0000 - 0x00007ffde05f9000 	C:\WINDOWS\SYSTEM32\dhcpcsvc6.DLL
0x00007ffde05c0000 - 0x00007ffde05df000 	C:\WINDOWS\SYSTEM32\dhcpcsvc.DLL
0x00007ffde3430000 - 0x00007ffde3532000 	C:\WINDOWS\SYSTEM32\DNSAPI.dll

dbghelp: loaded successfully - version: 4.0.5 - missing functions: none
symbol engine: initialized successfully - sym options: 0x614 - pdb path: .;C:\Program Files\Android\Android Studio\jbr\bin;C:\WINDOWS\SYSTEM32;C:\WINDOWS\WinSxS\amd64_microsoft.windows.common-controls_6595b64144ccf1df_6.0.22621.3672_none_2713b9d173822955;C:\Program Files\Android\Android Studio\jbr\bin\server;C:\Users\vivob\.gradle\native\c067742578af261105cb4f569cf0c3c89f3d7b1fecec35dd04571415982c5e48\windows-amd64

VM Arguments:
jvm_args: -Dorg.gradle.appname=gradlew 
java_command: org.gradle.wrapper.GradleWrapperMain -q -Ptarget-platform=android-x64 -Ptarget=C:\src\latihan_aplikasi\lib\main.dart -Pbase-application-name=android.app.Application -Pdart-defines=RkxVVFRFUl9XRUJfQVVUT19ERVRFQ1Q9dHJ1ZQ==,RkxVVFRFUl9XRUJfQ0FOVkFTS0lUX1VSTD1odHRwczovL3d3dy5nc3RhdGljLmNvbS9mbHV0dGVyLWNhbnZhc2tpdC8wNDgxN2M5OWM5ZmQ0OTU2ZjI3NTA1MjA0ZjdlMzQ0MzM1ODEwYWVkLw== -Pdart-obfuscation=false -Ptrack-widget-creation=true -Ptree-shake-icons=false -Pfilesystem-scheme=org-dartlang-root assembleDebug
java_class_path (initial): C:\src\latihan_aplikasi\android\\gradle\wrapper\gradle-wrapper.jar
Launcher Type: SUN_STANDARD

[Global flags]
     intx CICompilerCount                          = 4                                         {product} {ergonomic}
     uint ConcGCThreads                            = 2                                         {product} {ergonomic}
     uint G1ConcRefinementThreads                  = 8                                         {product} {ergonomic}
   size_t G1HeapRegionSize                         = 1048576                                   {product} {ergonomic}
    uintx GCDrainStackTargetSize                   = 64                                        {product} {ergonomic}
   size_t InitialHeapSize                          = 130023424                                 {product} {ergonomic}
   size_t MarkStackSize                            = 4194304                                   {product} {ergonomic}
   size_t MaxHeapSize                              = 2067791872                                {product} {ergonomic}
   size_t MaxNewSize                               = 1240465408                                {product} {ergonomic}
   size_t MinHeapDeltaBytes                        = 1048576                                   {product} {ergonomic}
   size_t MinHeapSize                              = 8388608                                   {product} {ergonomic}
    uintx NonNMethodCodeHeapSize                   = 5839372                                {pd product} {ergonomic}
    uintx NonProfiledCodeHeapSize                  = 122909434                              {pd product} {ergonomic}
    uintx ProfiledCodeHeapSize                     = 122909434                              {pd product} {ergonomic}
    uintx ReservedCodeCacheSize                    = 251658240                              {pd product} {ergonomic}
     bool SegmentedCodeCache                       = true                                      {product} {ergonomic}
   size_t SoftMaxHeapSize                          = 2067791872                             {manageable} {ergonomic}
     bool UseCompressedClassPointers               = true                           {product lp64_product} {ergonomic}
     bool UseCompressedOops                        = true                           {product lp64_product} {ergonomic}
     bool UseG1GC                                  = true                                      {product} {ergonomic}
     bool UseLargePagesIndividualAllocation        = false                                  {pd product} {ergonomic}

Logging:
Log output configuration:
 #0: stdout all=warning uptime,level,tags
 #1: stderr all=off uptime,level,tags

Environment Variables:
JAVA_HOME=C:\Program Files\Android\Android Studio\jbr
CLASSPATH=C:\src\latihan_aplikasi\android\\gradle\wrapper\gradle-wrapper.jar
PATH=C:\Program Files\Android\Android Studio\jbr\bin;C:\src\flutter\bin\;C:\Program Files\Common Files\Oracle\Java\javapath;C:\WINDOWS\system32;C:\WINDOWS;C:\WINDOWS\System32\Wbem;C:\WINDOWS\System32\WindowsPowerShell\v1.0\;C:\WINDOWS\System32\OpenSSH\;C:\ProgramData\ComposerSetup\bin;C:\xampp\php-7.4;C:\Program Files\Git\cmd;C:\Program Files (x86)\Windows Kits\10\Windows Performance Toolkit\;C:\src\flutter\bin;C:\Users\vivob\AppData\Local\Programs\Python\Python313\Scripts\;C:\Users\vivob\AppData\Local\Programs\Python\Python313\;C:\Users\vivob\AppData\Local\Programs\Python\Python312\Scripts\;C:\Users\vivob\AppData\Local\Programs\Python\Python312\;C:\Users\vivob\AppData\Local\Programs\Python\Python311\Scripts\;C:\Users\vivob\AppData\Local\Programs\Python\Python311\;C:\Users\vivob\AppData\Local\Microsoft\WindowsApps;C:\Users\vivob\AppData\Roaming\Composer\vendor\bin;C:\xampp\php-7.4;C:\Users\vivob\AppData\Local\Programs\Microsoft VS Code\bin;C:\src\flutter\bin;;C:\src\flutter\bin\mingit\cmd
USERNAME=vivob
LANG=en_US.UTF-8
OS=Windows_NT
PROCESSOR_IDENTIFIER=Intel64 Family 6 Model 140 Stepping 1, GenuineIntel
TMP=C:\Users\vivob\AppData\Local\Temp
TEMP=C:\Users\vivob\AppData\Local\Temp


JNI global refs:
JNI global refs: 19, weak refs: 0

JNI global refs memory usage: 843, weak refs: 841

OOME stack traces (most recent first):
Classloader memory used:
Loader bootstrap                                                                       : 1420K
Loader org.gradle.internal.classloader.VisitableURLClassLoader                         : 506K
Loader java.net.URLClassLoader                                                         : 26123B
Loader jdk.internal.loader.ClassLoaders$AppClassLoader                                 : 18431B

Classes loaded by more than one classloader:
Class org.gradle.internal.installation.GradleInstallation                             : loaded 2 times (x 73B)
Class org.gradle.cli.ParsedCommandLine                                                : loaded 2 times (x 78B)
Class org.gradle.internal.classpath.ClassPath                                         : loaded 2 times (x 68B)
Class org.gradle.api.internal.classpath.DefaultModuleRegistry                         : loaded 2 times (x 84B)
Class org.gradle.api.Action                                                           : loaded 2 times (x 68B)
Class org.gradle.cli.CommandLineParser$OptionString                                   : loaded 2 times (x 71B)
Class org.gradle.internal.installation.GradleInstallation$1                           : loaded 2 times (x 73B)
Class org.gradle.cli.CommandLineParser$AfterOptions                                   : loaded 2 times (x 75B)
Class org.gradle.internal.classpath.DefaultClassPath$ImmutableUniqueList$Builder      : loaded 2 times (x 73B)
Class org.gradle.cli.CommandLineParser$AfterFirstSubCommand                           : loaded 2 times (x 75B)
Class org.gradle.internal.classloader.ClassLoaderVisitor                              : loaded 2 times (x 74B)
Class org.gradle.internal.service.UnknownServiceException                             : loaded 2 times (x 81B)
Class org.gradle.api.GradleException                                                  : loaded 2 times (x 80B)
Class org.gradle.api.internal.classpath.ModuleRegistry                                : loaded 2 times (x 68B)
Class org.gradle.cli.CommandLineParser$KnownOptionParserState                         : loaded 2 times (x 74B)
Class org.gradle.internal.classloader.ClasspathUtil$1                                 : loaded 2 times (x 74B)
Class org.gradle.cli.AbstractPropertiesCommandLineConverter                           : loaded 2 times (x 81B)
Class org.gradle.api.internal.classpath.ManifestUtil                                  : loaded 2 times (x 69B)
Class org.gradle.api.specs.Spec                                                       : loaded 2 times (x 68B)
Class org.gradle.cli.SystemPropertiesCommandLineConverter                             : loaded 2 times (x 81B)
Class org.gradle.internal.IoActions                                                   : loaded 2 times (x 69B)
Class org.gradle.api.internal.classpath.EffectiveClassPath                            : loaded 2 times (x 88B)
Class org.gradle.internal.installation.CurrentGradleInstallation                      : loaded 2 times (x 71B)
Class org.gradle.internal.installation.CurrentGradleInstallationLocator               : loaded 2 times (x 69B)
Class org.gradle.api.internal.classpath.Module                                        : loaded 2 times (x 68B)
Class org.gradle.internal.classpath.DefaultClassPath                                  : loaded 2 times (x 88B)
Class org.gradle.api.Transformer                                                      : loaded 2 times (x 68B)
Class org.gradle.cli.CommandLineParser                                                : loaded 2 times (x 77B)
Class org.gradle.cli.CommandLineParser$BeforeFirstSubCommand                          : loaded 2 times (x 75B)
Class org.gradle.internal.classloader.SystemClassLoaderSpec                           : loaded 2 times (x 69B)
Class org.gradle.cli.CommandLineOption                                                : loaded 2 times (x 84B)
Class org.gradle.cli.CommandLineParser$ParserState                                    : loaded 2 times (x 74B)
Class org.gradle.cli.CommandLineParser$MissingOptionArgState                          : loaded 2 times (x 75B)
Class org.gradle.api.UncheckedIOException                                             : loaded 2 times (x 80B)
Class org.gradle.cli.ParsedCommandLineOption                                          : loaded 2 times (x 74B)
Class org.gradle.internal.classloader.ClasspathUtil                                   : loaded 2 times (x 69B)
Class org.gradle.api.internal.classpath.DefaultModuleRegistry$DefaultModule           : loaded 2 times (x 84B)
Class org.gradle.cli.CommandLineParser$UnknownOptionParserState                       : loaded 2 times (x 74B)
Class org.gradle.api.internal.classpath.UnknownModuleException                        : loaded 2 times (x 80B)
Class org.gradle.internal.service.ServiceLookupException                              : loaded 2 times (x 80B)
Class org.gradle.cache.GlobalCache                                                    : loaded 2 times (x 68B)
Class org.gradle.util.internal.GUtil                                                  : loaded 2 times (x 69B)
Class org.gradle.internal.classloader.ClassLoaderSpec                                 : loaded 2 times (x 69B)
Class org.gradle.cli.CommandLineParser$OptionAwareParserState                         : loaded 2 times (x 75B)
Class org.gradle.cli.CommandLineParser$OptionParserState                              : loaded 2 times (x 73B)
Class org.gradle.internal.Cast                                                        : loaded 2 times (x 69B)
Class org.gradle.internal.classloader.ClassLoaderHierarchy                            : loaded 2 times (x 68B)
Class org.gradle.cli.CommandLineConverter                                             : loaded 2 times (x 68B)
Class org.gradle.internal.classpath.DefaultClassPath$ImmutableUniqueList              : loaded 2 times (x 159B)
Class org.gradle.cli.AbstractCommandLineConverter                                     : loaded 2 times (x 77B)
Class org.gradle.cli.CommandLineArgumentException                                     : loaded 2 times (x 80B)


---------------  S Y S T E M  ---------------

OS:
 Windows 11 , 64 bit Build 22621 (10.0.22621.3958)
OS uptime: 0 days 0:36 hours

CPU: total 8 (initial active 8) (4 cores per cpu, 2 threads per core) family 6 model 140 stepping 1 microcode 0x86, cx8, cmov, fxsr, ht, mmx, 3dnowpref, sse, sse2, sse3, ssse3, sse4.1, sse4.2, popcnt, lzcnt, tsc, tscinvbit, avx, avx2, aes, erms, clmul, bmi1, bmi2, adx, avx512f, avx512dq, avx512cd, avx512bw, avx512vl, sha, fma, vzeroupper, avx512_vpopcntdq, avx512_vpclmulqdq, avx512_vaes, avx512_vnni, clflush, clflushopt, clwb, avx512_vbmi2, avx512_vbmi

Memory: 4k page, system-wide physical 7885M (385M free)
TotalPageFile size 11885M (AvailPageFile size 2M)
current process WorkingSet (physical memory assigned to process): 92M, peak: 92M
current process commit charge ("private bytes"): 223M, peak: 225M

vm_info: OpenJDK 64-Bit Server VM (17.0.7+0-b2043.56-10550314) for windows-amd64 JRE (17.0.7+0-b2043.56-10550314), built on Jul 24 2023 18:27:45 by "androidbuild" with MS VC++ 16.10 / 16.11 (VS2019)

END.
