#
# There is insufficient memory for the Java Runtime Environment to continue.
# Native memory allocation (malloc) failed to allocate 683216 bytes for Chunk::new
# Possible reasons:
#   The system is out of physical RAM or swap space
#   The process is running with CompressedOops enabled, and the Java Heap may be blocking the growth of the native heap
# Possible solutions:
#   Reduce memory load on the system
#   Increase physical memory or swap space
#   Check if swap backing store is full
#   Decrease Java heap size (-Xmx/-Xms)
#   Decrease number of Java threads
#   Decrease Java thread stack sizes (-Xss)
#   Set larger code cache with -XX:ReservedCodeCacheSize=
#   JVM is running with Unscaled Compressed Oops mode in which the Java heap is
#     placed in the first 4GB address space. The Java Heap base address is the
#     maximum limit for the native heap growth. Please use -XX:HeapBaseMinAddress
#     to set the Java Heap base and to place the Java Heap above 4GB virtual address.
# This output file may be truncated or incomplete.
#
#  Out of Memory Error (arena.cpp:189), pid=11892, tid=14308
#
# JRE version: OpenJDK Runtime Environment (17.0.7) (build 17.0.7+0-b2043.56-10550314)
# Java VM: OpenJDK 64-Bit Server VM (17.0.7+0-b2043.56-10550314, mixed mode, tiered, compressed oops, compressed class ptrs, g1 gc, windows-amd64)
# No core dump will be written. Minidumps are not enabled by default on client versions of Windows
#

---------------  S U M M A R Y ------------

Command Line: -Dorg.gradle.appname=gradlew org.gradle.wrapper.GradleWrapperMain -q -Ptarget-platform=android-x64 -Ptarget=C:\src\latihan_aplikasi\lib\main.dart -Pbase-application-name=android.app.Application -Pdart-defines=RkxVVFRFUl9XRUJfQVVUT19ERVRFQ1Q9dHJ1ZQ==,RkxVVFRFUl9XRUJfQ0FOVkFTS0lUX1VSTD1odHRwczovL3d3dy5nc3RhdGljLmNvbS9mbHV0dGVyLWNhbnZhc2tpdC8wNDgxN2M5OWM5ZmQ0OTU2ZjI3NTA1MjA0ZjdlMzQ0MzM1ODEwYWVkLw== -Pdart-obfuscation=false -Ptrack-widget-creation=true -Ptree-shake-icons=false -Pfilesystem-scheme=org-dartlang-root assembleDebug

Host: 11th Gen Intel(R) Core(TM) i5-1135G7 @ 2.40GHz, 8 cores, 7G,  Windows 11 , 64 bit Build 22621 (10.0.22621.3958)
Time: Tue Nov 26 11:22:22 2024 Tokyo Standard Time elapsed time: 1.625599 seconds (0d 0h 0m 1s)

---------------  T H R E A D  ---------------

Current thread (0x000002f01c5b1000):  JavaThread "C2 CompilerThread0" daemon [_thread_in_native, id=14308, stack(0x000000f2dc500000,0x000000f2dc600000)]


Current CompileTask:
C2:   1625 1100       4       java.util.HashSet::add (20 bytes)

Stack: [0x000000f2dc500000,0x000000f2dc600000]
Native frames: (J=compiled Java code, j=interpreted, Vv=VM code, C=native code)
V  [jvm.dll+0x683bfa]
V  [jvm.dll+0x8430a4]
V  [jvm.dll+0x8449be]
V  [jvm.dll+0x845023]
V  [jvm.dll+0x24ad2f]
V  [jvm.dll+0xac25c]
V  [jvm.dll+0xac82c]
V  [jvm.dll+0x36a132]
V  [jvm.dll+0x334821]
V  [jvm.dll+0x333cca]
V  [jvm.dll+0x21d251]
V  [jvm.dll+0x21c671]
V  [jvm.dll+0x1a605d]
V  [jvm.dll+0x22c148]
V  [jvm.dll+0x22a209]
V  [jvm.dll+0x7f858c]
V  [jvm.dll+0x7f2aea]
V  [jvm.dll+0x682a35]
C  [ucrtbase.dll+0x29333]
C  [KERNEL32.DLL+0x1257d]
C  [ntdll.dll+0x5af08]


---------------  P R O C E S S  ---------------

Threads class SMR info:
_java_thread_list=0x000002f021745d10, length=13, elements={
0x000002f002891a50, 0x000002f01c44e250, 0x000002f01c428530, 0x000002f01c4398f0,
0x000002f01c43a2a0, 0x000002f01c43ac50, 0x000002f01c43b600, 0x000002f01c5b1000,
0x000002f01c5b1cb0, 0x000002f01c5d9a50, 0x000002f01c740310, 0x000002f01c752b50,
0x000002f0214c02d0
}

Java Threads: ( => current thread )
  0x000002f002891a50 JavaThread "main" [_thread_in_vm, id=11428, stack(0x000000f2db800000,0x000000f2db900000)]
  0x000002f01c44e250 JavaThread "Reference Handler" daemon [_thread_blocked, id=11252, stack(0x000000f2dbf00000,0x000000f2dc000000)]
  0x000002f01c428530 JavaThread "Finalizer" daemon [_thread_blocked, id=11328, stack(0x000000f2dc000000,0x000000f2dc100000)]
  0x000002f01c4398f0 JavaThread "Signal Dispatcher" daemon [_thread_blocked, id=10112, stack(0x000000f2dc100000,0x000000f2dc200000)]
  0x000002f01c43a2a0 JavaThread "Attach Listener" daemon [_thread_blocked, id=9252, stack(0x000000f2dc200000,0x000000f2dc300000)]
  0x000002f01c43ac50 JavaThread "Service Thread" daemon [_thread_blocked, id=6428, stack(0x000000f2dc300000,0x000000f2dc400000)]
  0x000002f01c43b600 JavaThread "Monitor Deflation Thread" daemon [_thread_blocked, id=17788, stack(0x000000f2dc400000,0x000000f2dc500000)]
=>0x000002f01c5b1000 JavaThread "C2 CompilerThread0" daemon [_thread_in_native, id=14308, stack(0x000000f2dc500000,0x000000f2dc600000)]
  0x000002f01c5b1cb0 JavaThread "C1 CompilerThread0" daemon [_thread_in_native, id=13576, stack(0x000000f2dc600000,0x000000f2dc700000)]
  0x000002f01c5d9a50 JavaThread "Sweeper thread" daemon [_thread_blocked, id=2708, stack(0x000000f2dc700000,0x000000f2dc800000)]
  0x000002f01c740310 JavaThread "Notification Thread" daemon [_thread_blocked, id=9144, stack(0x000000f2dc800000,0x000000f2dc900000)]
  0x000002f01c752b50 JavaThread "Common-Cleaner" daemon [_thread_blocked, id=17868, stack(0x000000f2dca00000,0x000000f2dcb00000)]
  0x000002f0214c02d0 JavaThread "pool-1-thread-1" [_thread_blocked, id=9400, stack(0x000000f2dcb00000,0x000000f2dcc00000)]

Other Threads:
  0x000002f01c583a30 VMThread "VM Thread" [stack: 0x000000f2dbe00000,0x000000f2dbf00000] [id=17848]
  0x000002f002911e10 WatcherThread [stack: 0x000000f2dc900000,0x000000f2dca00000] [id=14672]
  0x000002f0028eb9a0 GCTaskThread "GC Thread#0" [stack: 0x000000f2db900000,0x000000f2dba00000] [id=3344]
  0x000002f021822ce0 GCTaskThread "GC Thread#1" [stack: 0x000000f2dcc00000,0x000000f2dcd00000] [id=2076]
  0x000002f021187a90 GCTaskThread "GC Thread#2" [stack: 0x000000f2dcd00000,0x000000f2dce00000] [id=14276]
  0x000002f021575950 GCTaskThread "GC Thread#3" [stack: 0x000000f2dce00000,0x000000f2dcf00000] [id=18340]
  0x000002f0217741f0 GCTaskThread "GC Thread#4" [stack: 0x000000f2dcf00000,0x000000f2dd000000] [id=9484]
  0x000002f0028fbf60 ConcurrentGCThread "G1 Main Marker" [stack: 0x000000f2dba00000,0x000000f2dbb00000] [id=8836]
  0x000002f0028fc970 ConcurrentGCThread "G1 Conc#0" [stack: 0x000000f2dbb00000,0x000000f2dbc00000] [id=14192]
  0x000002f01c2784e0 ConcurrentGCThread "G1 Refine#0" [stack: 0x000000f2dbc00000,0x000000f2dbd00000] [id=6436]
  0x000002f01c278d10 ConcurrentGCThread "G1 Service" [stack: 0x000000f2dbd00000,0x000000f2dbe00000] [id=2940]

Threads with active compile tasks:
C2 CompilerThread0     1644 1100       4       java.util.HashSet::add (20 bytes)
C1 CompilerThread0     1644 1171       3       sun.security.provider.ByteArrayAccess::b2iBig64 (231 bytes)

VM state: not at safepoint (normal execution)

VM Mutex/Monitor currently owned by a thread: None

Heap address: 0x0000000084c00000, size: 1972 MB, Compressed Oops mode: 32-bit

CDS archive(s) not mapped
Compressed class space mapped at: 0x0000000100000000-0x0000000140000000, reserved size: 1073741824
Narrow klass base: 0x0000000000000000, Narrow klass shift: 3, Narrow klass range: 0x140000000

GC Precious Log:
 CPUs: 8 total, 8 available
 Memory: 7885M
 Large Page Support: Disabled
 NUMA Support: Disabled
 Compressed Oops: Enabled (32-bit)
 Heap Region Size: 1M
 Heap Min Capacity: 8M
 Heap Initial Capacity: 124M
 Heap Max Capacity: 1972M
 Pre-touch: Disabled
 Parallel Workers: 8
 Concurrent Workers: 2
 Concurrent Refinement Workers: 8
 Periodic GC: Disabled

Heap:
 garbage-first heap   total 126976K, used 21724K [0x0000000084c00000, 0x0000000100000000)
  region size 1024K, 16 young (16384K), 3 survivors (3072K)
 Metaspace       used 15809K, committed 15936K, reserved 1114112K
  class space    used 1834K, committed 1920K, reserved 1048576K

Heap Regions: E=young(eden), S=young(survivor), O=old, HS=humongous(starts), HC=humongous(continues), CS=collection set, F=free, OA=open archive, CA=closed archive, TAMS=top-at-mark-start (previous, next)
|   0|0x0000000084c00000, 0x0000000084d00000, 0x0000000084d00000|100%|HS|  |TAMS 0x0000000084c00000, 0x0000000084c00000| Complete 
|   1|0x0000000084d00000, 0x0000000084e00000, 0x0000000084e00000|100%|HC|  |TAMS 0x0000000084d00000, 0x0000000084d00000| Complete 
|   2|0x0000000084e00000, 0x0000000084f00000, 0x0000000084f00000|100%|HC|  |TAMS 0x0000000084e00000, 0x0000000084e00000| Complete 
|   3|0x0000000084f00000, 0x0000000085000000, 0x0000000085000000|100%| O|  |TAMS 0x0000000084f00000, 0x0000000084f00000| Untracked 
|   4|0x0000000085000000, 0x0000000085100000, 0x0000000085100000|100%| O|  |TAMS 0x0000000085000000, 0x0000000085000000| Untracked 
|   5|0x0000000085100000, 0x0000000085200000, 0x0000000085200000|100%| O|  |TAMS 0x0000000085100000, 0x0000000085100000| Untracked 
|   6|0x0000000085200000, 0x0000000085237200, 0x0000000085300000| 21%| O|  |TAMS 0x0000000085200000, 0x0000000085200000| Untracked 
|   7|0x0000000085300000, 0x0000000085300000, 0x0000000085400000|  0%| F|  |TAMS 0x0000000085300000, 0x0000000085300000| Untracked 
|   8|0x0000000085400000, 0x0000000085400000, 0x0000000085500000|  0%| F|  |TAMS 0x0000000085400000, 0x0000000085400000| Untracked 
|   9|0x0000000085500000, 0x0000000085500000, 0x0000000085600000|  0%| F|  |TAMS 0x0000000085500000, 0x0000000085500000| Untracked 
|  10|0x0000000085600000, 0x0000000085600000, 0x0000000085700000|  0%| F|  |TAMS 0x0000000085600000, 0x0000000085600000| Untracked 
|  11|0x0000000085700000, 0x0000000085700000, 0x0000000085800000|  0%| F|  |TAMS 0x0000000085700000, 0x0000000085700000| Untracked 
|  12|0x0000000085800000, 0x0000000085800000, 0x0000000085900000|  0%| F|  |TAMS 0x0000000085800000, 0x0000000085800000| Untracked 
|  13|0x0000000085900000, 0x0000000085900000, 0x0000000085a00000|  0%| F|  |TAMS 0x0000000085900000, 0x0000000085900000| Untracked 
|  14|0x0000000085a00000, 0x0000000085a00000, 0x0000000085b00000|  0%| F|  |TAMS 0x0000000085a00000, 0x0000000085a00000| Untracked 
|  15|0x0000000085b00000, 0x0000000085b00000, 0x0000000085c00000|  0%| F|  |TAMS 0x0000000085b00000, 0x0000000085b00000| Untracked 
|  16|0x0000000085c00000, 0x0000000085c00000, 0x0000000085d00000|  0%| F|  |TAMS 0x0000000085c00000, 0x0000000085c00000| Untracked 
|  17|0x0000000085d00000, 0x0000000085d00000, 0x0000000085e00000|  0%| F|  |TAMS 0x0000000085d00000, 0x0000000085d00000| Untracked 
|  18|0x0000000085e00000, 0x0000000085e00000, 0x0000000085f00000|  0%| F|  |TAMS 0x0000000085e00000, 0x0000000085e00000| Untracked 
|  19|0x0000000085f00000, 0x0000000085f00000, 0x0000000086000000|  0%| F|  |TAMS 0x0000000085f00000, 0x0000000085f00000| Untracked 
|  20|0x0000000086000000, 0x0000000086000000, 0x0000000086100000|  0%| F|  |TAMS 0x0000000086000000, 0x0000000086000000| Untracked 
|  21|0x0000000086100000, 0x0000000086100000, 0x0000000086200000|  0%| F|  |TAMS 0x0000000086100000, 0x0000000086100000| Untracked 
|  22|0x0000000086200000, 0x0000000086200000, 0x0000000086300000|  0%| F|  |TAMS 0x0000000086200000, 0x0000000086200000| Untracked 
|  23|0x0000000086300000, 0x0000000086300000, 0x0000000086400000|  0%| F|  |TAMS 0x0000000086300000, 0x0000000086300000| Untracked 
|  24|0x0000000086400000, 0x0000000086400000, 0x0000000086500000|  0%| F|  |TAMS 0x0000000086400000, 0x0000000086400000| Untracked 
|  25|0x0000000086500000, 0x0000000086500000, 0x0000000086600000|  0%| F|  |TAMS 0x0000000086500000, 0x0000000086500000| Untracked 
|  26|0x0000000086600000, 0x0000000086600000, 0x0000000086700000|  0%| F|  |TAMS 0x0000000086600000, 0x0000000086600000| Untracked 
|  27|0x0000000086700000, 0x0000000086700000, 0x0000000086800000|  0%| F|  |TAMS 0x0000000086700000, 0x0000000086700000| Untracked 
|  28|0x0000000086800000, 0x0000000086800000, 0x0000000086900000|  0%| F|  |TAMS 0x0000000086800000, 0x0000000086800000| Untracked 
|  29|0x0000000086900000, 0x0000000086900000, 0x0000000086a00000|  0%| F|  |TAMS 0x0000000086900000, 0x0000000086900000| Untracked 
|  30|0x0000000086a00000, 0x0000000086a00000, 0x0000000086b00000|  0%| F|  |TAMS 0x0000000086a00000, 0x0000000086a00000| Untracked 
|  31|0x0000000086b00000, 0x0000000086b00000, 0x0000000086c00000|  0%| F|  |TAMS 0x0000000086b00000, 0x0000000086b00000| Untracked 
|  32|0x0000000086c00000, 0x0000000086c00000, 0x0000000086d00000|  0%| F|  |TAMS 0x0000000086c00000, 0x0000000086c00000| Untracked 
|  33|0x0000000086d00000, 0x0000000086d00000, 0x0000000086e00000|  0%| F|  |TAMS 0x0000000086d00000, 0x0000000086d00000| Untracked 
|  34|0x0000000086e00000, 0x0000000086e00000, 0x0000000086f00000|  0%| F|  |TAMS 0x0000000086e00000, 0x0000000086e00000| Untracked 
|  35|0x0000000086f00000, 0x0000000086f00000, 0x0000000087000000|  0%| F|  |TAMS 0x0000000086f00000, 0x0000000086f00000| Untracked 
|  36|0x0000000087000000, 0x0000000087000000, 0x0000000087100000|  0%| F|  |TAMS 0x0000000087000000, 0x0000000087000000| Untracked 
|  37|0x0000000087100000, 0x0000000087100000, 0x0000000087200000|  0%| F|  |TAMS 0x0000000087100000, 0x0000000087100000| Untracked 
|  38|0x0000000087200000, 0x0000000087200000, 0x0000000087300000|  0%| F|  |TAMS 0x0000000087200000, 0x0000000087200000| Untracked 
|  39|0x0000000087300000, 0x0000000087300000, 0x0000000087400000|  0%| F|  |TAMS 0x0000000087300000, 0x0000000087300000| Untracked 
|  40|0x0000000087400000, 0x0000000087400000, 0x0000000087500000|  0%| F|  |TAMS 0x0000000087400000, 0x0000000087400000| Untracked 
|  41|0x0000000087500000, 0x0000000087500000, 0x0000000087600000|  0%| F|  |TAMS 0x0000000087500000, 0x0000000087500000| Untracked 
|  42|0x0000000087600000, 0x0000000087600000, 0x0000000087700000|  0%| F|  |TAMS 0x0000000087600000, 0x0000000087600000| Untracked 
|  43|0x0000000087700000, 0x0000000087700000, 0x0000000087800000|  0%| F|  |TAMS 0x0000000087700000, 0x0000000087700000| Untracked 
|  44|0x0000000087800000, 0x0000000087800000, 0x0000000087900000|  0%| F|  |TAMS 0x0000000087800000, 0x0000000087800000| Untracked 
|  45|0x0000000087900000, 0x0000000087900000, 0x0000000087a00000|  0%| F|  |TAMS 0x0000000087900000, 0x0000000087900000| Untracked 
|  46|0x0000000087a00000, 0x0000000087a00000, 0x0000000087b00000|  0%| F|  |TAMS 0x0000000087a00000, 0x0000000087a00000| Untracked 
|  47|0x0000000087b00000, 0x0000000087b00000, 0x0000000087c00000|  0%| F|  |TAMS 0x0000000087b00000, 0x0000000087b00000| Untracked 
|  48|0x0000000087c00000, 0x0000000087c00000, 0x0000000087d00000|  0%| F|  |TAMS 0x0000000087c00000, 0x0000000087c00000| Untracked 
|  49|0x0000000087d00000, 0x0000000087d00000, 0x0000000087e00000|  0%| F|  |TAMS 0x0000000087d00000, 0x0000000087d00000| Untracked 
|  50|0x0000000087e00000, 0x0000000087e00000, 0x0000000087f00000|  0%| F|  |TAMS 0x0000000087e00000, 0x0000000087e00000| Untracked 
|  51|0x0000000087f00000, 0x0000000087f00000, 0x0000000088000000|  0%| F|  |TAMS 0x0000000087f00000, 0x0000000087f00000| Untracked 
|  52|0x0000000088000000, 0x0000000088000000, 0x0000000088100000|  0%| F|  |TAMS 0x0000000088000000, 0x0000000088000000| Untracked 
|  53|0x0000000088100000, 0x0000000088100000, 0x0000000088200000|  0%| F|  |TAMS 0x0000000088100000, 0x0000000088100000| Untracked 
|  54|0x0000000088200000, 0x0000000088200000, 0x0000000088300000|  0%| F|  |TAMS 0x0000000088200000, 0x0000000088200000| Untracked 
|  55|0x0000000088300000, 0x0000000088300000, 0x0000000088400000|  0%| F|  |TAMS 0x0000000088300000, 0x0000000088300000| Untracked 
|  56|0x0000000088400000, 0x0000000088400000, 0x0000000088500000|  0%| F|  |TAMS 0x0000000088400000, 0x0000000088400000| Untracked 
|  57|0x0000000088500000, 0x0000000088500000, 0x0000000088600000|  0%| F|  |TAMS 0x0000000088500000, 0x0000000088500000| Untracked 
|  58|0x0000000088600000, 0x0000000088600000, 0x0000000088700000|  0%| F|  |TAMS 0x0000000088600000, 0x0000000088600000| Untracked 
|  59|0x0000000088700000, 0x0000000088700000, 0x0000000088800000|  0%| F|  |TAMS 0x0000000088700000, 0x0000000088700000| Untracked 
|  60|0x0000000088800000, 0x0000000088800000, 0x0000000088900000|  0%| F|  |TAMS 0x0000000088800000, 0x0000000088800000| Untracked 
|  61|0x0000000088900000, 0x0000000088900000, 0x0000000088a00000|  0%| F|  |TAMS 0x0000000088900000, 0x0000000088900000| Untracked 
|  62|0x0000000088a00000, 0x0000000088a00000, 0x0000000088b00000|  0%| F|  |TAMS 0x0000000088a00000, 0x0000000088a00000| Untracked 
|  63|0x0000000088b00000, 0x0000000088b00000, 0x0000000088c00000|  0%| F|  |TAMS 0x0000000088b00000, 0x0000000088b00000| Untracked 
|  64|0x0000000088c00000, 0x0000000088c00000, 0x0000000088d00000|  0%| F|  |TAMS 0x0000000088c00000, 0x0000000088c00000| Untracked 
|  65|0x0000000088d00000, 0x0000000088d00000, 0x0000000088e00000|  0%| F|  |TAMS 0x0000000088d00000, 0x0000000088d00000| Untracked 
|  66|0x0000000088e00000, 0x0000000088e00000, 0x0000000088f00000|  0%| F|  |TAMS 0x0000000088e00000, 0x0000000088e00000| Untracked 
|  67|0x0000000088f00000, 0x0000000088f00000, 0x0000000089000000|  0%| F|  |TAMS 0x0000000088f00000, 0x0000000088f00000| Untracked 
|  68|0x0000000089000000, 0x0000000089000000, 0x0000000089100000|  0%| F|  |TAMS 0x0000000089000000, 0x0000000089000000| Untracked 
|  69|0x0000000089100000, 0x0000000089100000, 0x0000000089200000|  0%| F|  |TAMS 0x0000000089100000, 0x0000000089100000| Untracked 
|  70|0x0000000089200000, 0x0000000089200000, 0x0000000089300000|  0%| F|  |TAMS 0x0000000089200000, 0x0000000089200000| Untracked 
|  71|0x0000000089300000, 0x0000000089300000, 0x0000000089400000|  0%| F|  |TAMS 0x0000000089300000, 0x0000000089300000| Untracked 
|  72|0x0000000089400000, 0x0000000089400000, 0x0000000089500000|  0%| F|  |TAMS 0x0000000089400000, 0x0000000089400000| Untracked 
|  73|0x0000000089500000, 0x0000000089500000, 0x0000000089600000|  0%| F|  |TAMS 0x0000000089500000, 0x0000000089500000| Untracked 
|  74|0x0000000089600000, 0x0000000089600000, 0x0000000089700000|  0%| F|  |TAMS 0x0000000089600000, 0x0000000089600000| Untracked 
|  75|0x0000000089700000, 0x0000000089700000, 0x0000000089800000|  0%| F|  |TAMS 0x0000000089700000, 0x0000000089700000| Untracked 
|  76|0x0000000089800000, 0x0000000089800000, 0x0000000089900000|  0%| F|  |TAMS 0x0000000089800000, 0x0000000089800000| Untracked 
|  77|0x0000000089900000, 0x0000000089900000, 0x0000000089a00000|  0%| F|  |TAMS 0x0000000089900000, 0x0000000089900000| Untracked 
|  78|0x0000000089a00000, 0x0000000089a00000, 0x0000000089b00000|  0%| F|  |TAMS 0x0000000089a00000, 0x0000000089a00000| Untracked 
|  79|0x0000000089b00000, 0x0000000089b00000, 0x0000000089c00000|  0%| F|  |TAMS 0x0000000089b00000, 0x0000000089b00000| Untracked 
|  80|0x0000000089c00000, 0x0000000089c00000, 0x0000000089d00000|  0%| F|  |TAMS 0x0000000089c00000, 0x0000000089c00000| Untracked 
|  81|0x0000000089d00000, 0x0000000089d00000, 0x0000000089e00000|  0%| F|  |TAMS 0x0000000089d00000, 0x0000000089d00000| Untracked 
|  82|0x0000000089e00000, 0x0000000089e00000, 0x0000000089f00000|  0%| F|  |TAMS 0x0000000089e00000, 0x0000000089e00000| Untracked 
|  83|0x0000000089f00000, 0x0000000089f00000, 0x000000008a000000|  0%| F|  |TAMS 0x0000000089f00000, 0x0000000089f00000| Untracked 
|  84|0x000000008a000000, 0x000000008a000000, 0x000000008a100000|  0%| F|  |TAMS 0x000000008a000000, 0x000000008a000000| Untracked 
|  85|0x000000008a100000, 0x000000008a100000, 0x000000008a200000|  0%| F|  |TAMS 0x000000008a100000, 0x000000008a100000| Untracked 
|  86|0x000000008a200000, 0x000000008a200000, 0x000000008a300000|  0%| F|  |TAMS 0x000000008a200000, 0x000000008a200000| Untracked 
|  87|0x000000008a300000, 0x000000008a300000, 0x000000008a400000|  0%| F|  |TAMS 0x000000008a300000, 0x000000008a300000| Untracked 
|  88|0x000000008a400000, 0x000000008a400000, 0x000000008a500000|  0%| F|  |TAMS 0x000000008a400000, 0x000000008a400000| Untracked 
|  89|0x000000008a500000, 0x000000008a500000, 0x000000008a600000|  0%| F|  |TAMS 0x000000008a500000, 0x000000008a500000| Untracked 
|  90|0x000000008a600000, 0x000000008a600000, 0x000000008a700000|  0%| F|  |TAMS 0x000000008a600000, 0x000000008a600000| Untracked 
|  91|0x000000008a700000, 0x000000008a700000, 0x000000008a800000|  0%| F|  |TAMS 0x000000008a700000, 0x000000008a700000| Untracked 
|  92|0x000000008a800000, 0x000000008a800000, 0x000000008a900000|  0%| F|  |TAMS 0x000000008a800000, 0x000000008a800000| Untracked 
|  93|0x000000008a900000, 0x000000008a900000, 0x000000008aa00000|  0%| F|  |TAMS 0x000000008a900000, 0x000000008a900000| Untracked 
|  94|0x000000008aa00000, 0x000000008aa00000, 0x000000008ab00000|  0%| F|  |TAMS 0x000000008aa00000, 0x000000008aa00000| Untracked 
|  95|0x000000008ab00000, 0x000000008ab00000, 0x000000008ac00000|  0%| F|  |TAMS 0x000000008ab00000, 0x000000008ab00000| Untracked 
|  96|0x000000008ac00000, 0x000000008ac00000, 0x000000008ad00000|  0%| F|  |TAMS 0x000000008ac00000, 0x000000008ac00000| Untracked 
|  97|0x000000008ad00000, 0x000000008ad00000, 0x000000008ae00000|  0%| F|  |TAMS 0x000000008ad00000, 0x000000008ad00000| Untracked 
|  98|0x000000008ae00000, 0x000000008af00000, 0x000000008af00000|100%| S|CS|TAMS 0x000000008ae00000, 0x000000008ae00000| Complete 
|  99|0x000000008af00000, 0x000000008b000000, 0x000000008b000000|100%| S|CS|TAMS 0x000000008af00000, 0x000000008af00000| Complete 
| 100|0x000000008b000000, 0x000000008b100000, 0x000000008b100000|100%| S|CS|TAMS 0x000000008b000000, 0x000000008b000000| Complete 
| 101|0x000000008b100000, 0x000000008b100000, 0x000000008b200000|  0%| F|  |TAMS 0x000000008b100000, 0x000000008b100000| Untracked 
| 102|0x000000008b200000, 0x000000008b200000, 0x000000008b300000|  0%| F|  |TAMS 0x000000008b200000, 0x000000008b200000| Untracked 
| 103|0x000000008b300000, 0x000000008b300000, 0x000000008b400000|  0%| F|  |TAMS 0x000000008b300000, 0x000000008b300000| Untracked 
| 104|0x000000008b400000, 0x000000008b400000, 0x000000008b500000|  0%| F|  |TAMS 0x000000008b400000, 0x000000008b400000| Untracked 
| 105|0x000000008b500000, 0x000000008b500000, 0x000000008b600000|  0%| F|  |TAMS 0x000000008b500000, 0x000000008b500000| Untracked 
| 106|0x000000008b600000, 0x000000008b600000, 0x000000008b700000|  0%| F|  |TAMS 0x000000008b600000, 0x000000008b600000| Untracked 
| 107|0x000000008b700000, 0x000000008b700000, 0x000000008b800000|  0%| F|  |TAMS 0x000000008b700000, 0x000000008b700000| Untracked 
| 108|0x000000008b800000, 0x000000008b800000, 0x000000008b900000|  0%| F|  |TAMS 0x000000008b800000, 0x000000008b800000| Untracked 
| 109|0x000000008b900000, 0x000000008b900000, 0x000000008ba00000|  0%| F|  |TAMS 0x000000008b900000, 0x000000008b900000| Untracked 
| 110|0x000000008ba00000, 0x000000008ba00000, 0x000000008bb00000|  0%| F|  |TAMS 0x000000008ba00000, 0x000000008ba00000| Untracked 
| 111|0x000000008bb00000, 0x000000008bb84778, 0x000000008bc00000| 51%| E|  |TAMS 0x000000008bb00000, 0x000000008bb00000| Complete 
| 112|0x000000008bc00000, 0x000000008bd00000, 0x000000008bd00000|100%| E|CS|TAMS 0x000000008bc00000, 0x000000008bc00000| Complete 
| 113|0x000000008bd00000, 0x000000008be00000, 0x000000008be00000|100%| E|CS|TAMS 0x000000008bd00000, 0x000000008bd00000| Complete 
| 114|0x000000008be00000, 0x000000008bf00000, 0x000000008bf00000|100%| E|CS|TAMS 0x000000008be00000, 0x000000008be00000| Complete 
| 115|0x000000008bf00000, 0x000000008c000000, 0x000000008c000000|100%| E|CS|TAMS 0x000000008bf00000, 0x000000008bf00000| Complete 
| 116|0x000000008c000000, 0x000000008c100000, 0x000000008c100000|100%| E|CS|TAMS 0x000000008c000000, 0x000000008c000000| Complete 
| 117|0x000000008c100000, 0x000000008c200000, 0x000000008c200000|100%| E|CS|TAMS 0x000000008c100000, 0x000000008c100000| Complete 
| 118|0x000000008c200000, 0x000000008c300000, 0x000000008c300000|100%| E|CS|TAMS 0x000000008c200000, 0x000000008c200000| Complete 
| 119|0x000000008c300000, 0x000000008c400000, 0x000000008c400000|100%| E|CS|TAMS 0x000000008c300000, 0x000000008c300000| Complete 
| 120|0x000000008c400000, 0x000000008c500000, 0x000000008c500000|100%| E|CS|TAMS 0x000000008c400000, 0x000000008c400000| Complete 
| 121|0x000000008c500000, 0x000000008c600000, 0x000000008c600000|100%| E|CS|TAMS 0x000000008c500000, 0x000000008c500000| Complete 
| 122|0x000000008c600000, 0x000000008c700000, 0x000000008c700000|100%| E|CS|TAMS 0x000000008c600000, 0x000000008c600000| Complete 
| 123|0x000000008c700000, 0x000000008c800000, 0x000000008c800000|100%| E|CS|TAMS 0x000000008c700000, 0x000000008c700000| Complete 

Card table byte_map: [0x000002f015470000,0x000002f015850000] _byte_map_base: 0x000002f01504a000

Marking Bits (Prev, Next): (CMBitMap*) 0x000002f0028ebfb0, (CMBitMap*) 0x000002f0028ebff0
 Prev Bits: [0x000002f015c30000, 0x000002f017b00000)
 Next Bits: [0x000002f017b00000, 0x000002f0199d0000)

Polling page: 0x000002f000870000

Metaspace:

Usage:
  Non-class:     13.65 MB used.
      Class:      1.79 MB used.
       Both:     15.45 MB used.

Virtual space:
  Non-class space:       64.00 MB reserved,      13.75 MB ( 21%) committed,  1 nodes.
      Class space:        1.00 GB reserved,       1.88 MB ( <1%) committed,  1 nodes.
             Both:        1.06 GB reserved,      15.62 MB (  1%) committed. 

Chunk freelists:
   Non-Class:  2.23 MB
       Class:  14.08 MB
        Both:  16.31 MB

MaxMetaspaceSize: unlimited
CompressedClassSpaceSize: 1.00 GB
Initial GC threshold: 21.00 MB
Current GC threshold: 21.00 MB
CDS: off
MetaspaceReclaimPolicy: balanced
 - commit_granule_bytes: 65536.
 - commit_granule_words: 8192.
 - virtual_space_node_default_size: 8388608.
 - enlarge_chunks_in_place: 1.
 - new_chunks_are_fully_committed: 0.
 - uncommit_free_chunks: 1.
 - use_allocation_guard: 0.
 - handle_deallocations: 1.


Internal statistics:

num_allocs_failed_limit: 0.
num_arena_births: 74.
num_arena_deaths: 0.
num_vsnodes_births: 2.
num_vsnodes_deaths: 0.
num_space_committed: 250.
num_space_uncommitted: 0.
num_chunks_returned_to_freelist: 0.
num_chunks_taken_from_freelist: 279.
num_chunk_merges: 0.
num_chunk_splits: 183.
num_chunks_enlarged: 152.
num_inconsistent_stats: 0.

CodeHeap 'non-profiled nmethods': size=120000Kb used=416Kb max_used=416Kb free=119583Kb
 bounds [0x000002f00d830000, 0x000002f00daa0000, 0x000002f014d60000]
CodeHeap 'profiled nmethods': size=120000Kb used=2245Kb max_used=2245Kb free=117754Kb
 bounds [0x000002f005d60000, 0x000002f005fd0000, 0x000002f00d290000]
CodeHeap 'non-nmethods': size=5760Kb used=1171Kb max_used=1181Kb free=4588Kb
 bounds [0x000002f00d290000, 0x000002f00d500000, 0x000002f00d830000]
 total_blobs=1621 nmethods=1166 adapters=368
 compilation: enabled
              stopped_count=0, restarted_count=0
 full_count=0

Compilation events (20 events):
Event: 1.622 Thread 0x000002f01c5b1cb0 nmethod 1141 0x000002f005f74490 code [0x000002f005f74640, 0x000002f005f74938]
Event: 1.622 Thread 0x000002f01c5b1cb0 1144       3       sun.util.locale.InternalLocaleBuilder::<init> (29 bytes)
Event: 1.622 Thread 0x000002f01c5b1cb0 nmethod 1144 0x000002f005f74a10 code [0x000002f005f74bc0, 0x000002f005f74ef8]
Event: 1.622 Thread 0x000002f01c5b1cb0 1132       3       sun.util.locale.BaseLocale$Key::getBaseLocale (25 bytes)
Event: 1.622 Thread 0x000002f01c5b1cb0 nmethod 1132 0x000002f005f74f90 code [0x000002f005f75140, 0x000002f005f75468]
Event: 1.622 Thread 0x000002f01c5b1cb0 1153       3       sun.util.locale.StringTokenIterator::<init> (41 bytes)
Event: 1.623 Thread 0x000002f01c5b1cb0 nmethod 1153 0x000002f005f75590 code [0x000002f005f757c0, 0x000002f005f75fa8]
Event: 1.623 Thread 0x000002f01c5b1cb0 1154       3       sun.util.locale.StringTokenIterator::setStart (62 bytes)
Event: 1.623 Thread 0x000002f01c5b1cb0 nmethod 1154 0x000002f005f76290 code [0x000002f005f76480, 0x000002f005f76888]
Event: 1.623 Thread 0x000002f01c5b1cb0 1143       3       java.util.Locale::getInstance (55 bytes)
Event: 1.623 Thread 0x000002f01c5b1cb0 nmethod 1143 0x000002f005f76a90 code [0x000002f005f76ca0, 0x000002f005f77478]
Event: 1.623 Thread 0x000002f01c5b1cb0 1155       3       sun.util.locale.LanguageTag::<init> (50 bytes)
Event: 1.623 Thread 0x000002f01c5b1cb0 nmethod 1155 0x000002f005f77690 code [0x000002f005f77880, 0x000002f005f77e18]
Event: 1.623 Thread 0x000002f01c5b1cb0 1145       3       sun.util.locale.LocaleObjectCache::normalizeKey (2 bytes)
Event: 1.623 Thread 0x000002f01c5b1cb0 nmethod 1145 0x000002f005f77f10 code [0x000002f005f780a0, 0x000002f005f781b8]
Event: 1.623 Thread 0x000002f01c5b1cb0 1156       3       java.util.Locale$Cache::createObject (6 bytes)
Event: 1.623 Thread 0x000002f01c5b1cb0 nmethod 1156 0x000002f005f78290 code [0x000002f005f78440, 0x000002f005f78588]
Event: 1.623 Thread 0x000002f01c5b1cb0 1157       3       java.util.Locale$Cache::createObject (41 bytes)
Event: 1.624 Thread 0x000002f01c5b1cb0 nmethod 1157 0x000002f005f78610 code [0x000002f005f78800, 0x000002f005f79018]
Event: 1.624 Thread 0x000002f01c5b1cb0 1149       3       java.util.Locale::forLanguageTag (74 bytes)

GC Heap History (2 events):
Event: 1.115 GC heap before
{Heap before GC invocations=0 (full 0):
 garbage-first heap   total 126976K, used 25600K [0x0000000084c00000, 0x0000000100000000)
  region size 1024K, 23 young (23552K), 0 survivors (0K)
 Metaspace       used 11506K, committed 11648K, reserved 1114112K
  class space    used 1230K, committed 1280K, reserved 1048576K
}
Event: 1.120 GC heap after
{Heap after GC invocations=1 (full 0):
 garbage-first heap   total 126976K, used 9436K [0x0000000084c00000, 0x0000000100000000)
  region size 1024K, 3 young (3072K), 3 survivors (3072K)
 Metaspace       used 11506K, committed 11648K, reserved 1114112K
  class space    used 1230K, committed 1280K, reserved 1048576K
}

Dll operation events (2 events):
Event: 0.006 Loaded shared library C:\Program Files\Android\Android Studio\jbr\bin\java.dll
Event: 0.120 Loaded shared library C:\Program Files\Android\Android Studio\jbr\bin\verify.dll

Deoptimization events (20 events):
Event: 1.266 Thread 0x000002f002891a50 Uncommon trap: trap_request=0xffffff45 fr.pc=0x000002f00d863044 relative=0x0000000000000fa4
Event: 1.266 Thread 0x000002f002891a50 Uncommon trap: reason=unstable_if action=reinterpret pc=0x000002f00d863044 method=java.util.HashMap.putVal(ILjava/lang/Object;Ljava/lang/Object;ZZ)Ljava/lang/Object; @ 236 c2
Event: 1.266 Thread 0x000002f002891a50 DEOPT PACKING pc=0x000002f00d863044 sp=0x000000f2db8fbe40
Event: 1.266 Thread 0x000002f002891a50 DEOPT UNPACKING pc=0x000002f00d2ea1a3 sp=0x000000f2db8fbe08 mode 2
Event: 1.275 Thread 0x000002f002891a50 DEOPT PACKING pc=0x000002f005df5265 sp=0x000000f2db8fbcf0
Event: 1.275 Thread 0x000002f002891a50 DEOPT UNPACKING pc=0x000002f00d2eace3 sp=0x000000f2db8fb140 mode 0
Event: 1.343 Thread 0x000002f002891a50 DEOPT PACKING pc=0x000002f005e48fb8 sp=0x000000f2db8fa1c0
Event: 1.343 Thread 0x000002f002891a50 DEOPT UNPACKING pc=0x000002f00d2eace3 sp=0x000000f2db8f96d8 mode 0
Event: 1.380 Thread 0x000002f002891a50 Uncommon trap: trap_request=0xffffffc6 fr.pc=0x000002f00d886bc8 relative=0x0000000000000568
Event: 1.380 Thread 0x000002f002891a50 Uncommon trap: reason=bimorphic_or_optimized_type_check action=maybe_recompile pc=0x000002f00d886bc8 method=java.util.concurrent.ConcurrentHashMap.get(Ljava/lang/Object;)Ljava/lang/Object; @ 149 c2
Event: 1.380 Thread 0x000002f002891a50 DEOPT PACKING pc=0x000002f00d886bc8 sp=0x000000f2db8fb910
Event: 1.380 Thread 0x000002f002891a50 DEOPT UNPACKING pc=0x000002f00d2ea1a3 sp=0x000000f2db8fb8b0 mode 2
Event: 1.608 Thread 0x000002f002891a50 Uncommon trap: trap_request=0xffffffc6 fr.pc=0x000002f00d886bc8 relative=0x0000000000000568
Event: 1.608 Thread 0x000002f002891a50 Uncommon trap: reason=bimorphic_or_optimized_type_check action=maybe_recompile pc=0x000002f00d886bc8 method=java.util.concurrent.ConcurrentHashMap.get(Ljava/lang/Object;)Ljava/lang/Object; @ 149 c2
Event: 1.608 Thread 0x000002f002891a50 DEOPT PACKING pc=0x000002f00d886bc8 sp=0x000000f2db8fbfd0
Event: 1.608 Thread 0x000002f002891a50 DEOPT UNPACKING pc=0x000002f00d2ea1a3 sp=0x000000f2db8fbf70 mode 2
Event: 1.609 Thread 0x000002f002891a50 Uncommon trap: trap_request=0xffffffc6 fr.pc=0x000002f00d886bc8 relative=0x0000000000000568
Event: 1.609 Thread 0x000002f002891a50 Uncommon trap: reason=bimorphic_or_optimized_type_check action=maybe_recompile pc=0x000002f00d886bc8 method=java.util.concurrent.ConcurrentHashMap.get(Ljava/lang/Object;)Ljava/lang/Object; @ 149 c2
Event: 1.609 Thread 0x000002f002891a50 DEOPT PACKING pc=0x000002f00d886bc8 sp=0x000000f2db8fbfd0
Event: 1.609 Thread 0x000002f002891a50 DEOPT UNPACKING pc=0x000002f00d2ea1a3 sp=0x000000f2db8fbf70 mode 2

Classes unloaded (0 events):
No events

Classes redefined (0 events):
No events

Internal exceptions (16 events):
Event: 0.370 Thread 0x000002f002891a50 Exception <a 'java/lang/NoSuchMethodError'{0x000000008c42a030}: 'int java.lang.invoke.DirectMethodHandle$Holder.invokeStaticInit(java.lang.Object, java.lang.Object)'> (0x000000008c42a030) 
thrown [s\src\hotspot\share\interpreter\linkResolver.cpp, line 771]
Event: 1.046 Thread 0x000002f002891a50 Exception <a 'java/lang/NoSuchMethodError'{0x000000008b3521e0}: 'void java.lang.invoke.DirectMethodHandle$Holder.invokeStatic(java.lang.Object, java.lang.Object)'> (0x000000008b3521e0) 
thrown [s\src\hotspot\share\interpreter\linkResolver.cpp, line 771]
Event: 1.062 Thread 0x000002f002891a50 Exception <a 'java/lang/NoClassDefFoundError'{0x000000008b3dab08}: org/slf4j/impl/StaticMarkerBinder> (0x000000008b3dab08) 
thrown [s\src\hotspot\share\classfile\systemDictionary.cpp, line 245]
Event: 1.076 Thread 0x000002f002891a50 Exception <a 'java/lang/NoSuchMethodError'{0x000000008b2781a8}: 'java.lang.Object java.lang.invoke.DirectMethodHandle$Holder.invokeVirtual(java.lang.Object, java.lang.Object, java.lang.Object, java.lang.Object, java.lang.Object, java.lang.Object, java.lang.Object)'> (0x000000008b2781a8) 
thrown [s\src\hotspot\share\interpreter\linkResolver.cpp, line 771]
Event: 1.077 Thread 0x000002f002891a50 Exception <a 'java/lang/NoSuchMethodError'{0x000000008b2897a8}: 'java.lang.Object java.lang.invoke.Invokers$Holder.invoker(java.lang.Object, java.lang.Object, java.lang.Object)'> (0x000000008b2897a8) 
thrown [s\src\hotspot\share\interpreter\linkResolver.cpp, line 771]
Event: 1.079 Thread 0x000002f002891a50 Exception <a 'java/lang/NoSuchMethodError'{0x000000008b292850}: 'java.lang.Object java.lang.invoke.DirectMethodHandle$Holder.invokeStatic(java.lang.Object, java.lang.Object, int)'> (0x000000008b292850) 
thrown [s\src\hotspot\share\interpreter\linkResolver.cpp, line 771]
Event: 1.080 Thread 0x000002f002891a50 Exception <a 'java/lang/NoSuchMethodError'{0x000000008b29e540}: 'void java.lang.invoke.DelegatingMethodHandle$Holder.delegate(java.lang.Object, java.lang.Object, int, java.lang.Object)'> (0x000000008b29e540) 
thrown [s\src\hotspot\share\interpreter\linkResolver.cpp, line 771]
Event: 1.080 Thread 0x000002f002891a50 Exception <a 'java/lang/NoSuchMethodError'{0x000000008b2a2688}: 'int java.lang.invoke.DirectMethodHandle$Holder.invokeSpecial(java.lang.Object, java.lang.Object, java.lang.Object)'> (0x000000008b2a2688) 
thrown [s\src\hotspot\share\interpreter\linkResolver.cpp, line 771]
Event: 1.082 Thread 0x000002f002891a50 Exception <a 'java/lang/NoSuchMethodError'{0x000000008b2b5840}: 'java.lang.Object java.lang.invoke.Invokers$Holder.invokeExact_MT(java.lang.Object, java.lang.Object, java.lang.Object, java.lang.Object)'> (0x000000008b2b5840) 
thrown [s\src\hotspot\share\interpreter\linkResolver.cpp, line 771]
Event: 1.203 Thread 0x000002f002891a50 Exception <a 'java/lang/NoSuchMethodError'{0x000000008c490d90}: 'void java.lang.invoke.DirectMethodHandle$Holder.invokeSpecial(java.lang.Object, java.lang.Object, java.lang.Object)'> (0x000000008c490d90) 
thrown [s\src\hotspot\share\interpreter\linkResolver.cpp, line 771]
Event: 1.217 Thread 0x000002f002891a50 Implicit null exception at 0x000002f00d87d413 to 0x000002f00d87d84c
Event: 1.217 Thread 0x000002f002891a50 Implicit null exception at 0x000002f00d86ca8f to 0x000002f00d86cfd4
Event: 1.248 Thread 0x000002f002891a50 Exception <a 'java/lang/NoSuchMethodError'{0x000000008c230050}: 'java.lang.Object java.lang.invoke.DirectMethodHandle$Holder.invokeStaticInit(java.lang.Object)'> (0x000000008c230050) 
thrown [s\src\hotspot\share\interpreter\linkResolver.cpp, line 771]
Event: 1.374 Thread 0x000002f002891a50 Exception <a 'java/lang/NoSuchMethodError'{0x000000008be34a68}: 'java.lang.Object java.lang.invoke.DirectMethodHandle$Holder.invokeStaticInit(java.lang.Object, int, int, int, int)'> (0x000000008be34a68) 
thrown [s\src\hotspot\share\interpreter\linkResolver.cpp, line 771]
Event: 1.458 Thread 0x000002f002891a50 Exception <a 'java/lang/NoSuchMethodError'{0x000000008beaf340}: 'java.lang.Object java.lang.invoke.DirectMethodHandle$Holder.invokeStaticInit(java.lang.Object, java.lang.Object, int, int, int, int)'> (0x000000008beaf340) 
thrown [s\src\hotspot\share\interpreter\linkResolver.cpp, line 771]
Event: 1.555 Thread 0x000002f002891a50 Exception <a 'java/lang/NoSuchMethodError'{0x000000008bedbe80}: 'void java.lang.invoke.DirectMethodHandle$Holder.invokeStatic(java.lang.Object, java.lang.Object, java.lang.Object)'> (0x000000008bedbe80) 
thrown [s\src\hotspot\share\interpreter\linkResolver.cpp, line 771]

VM Operations (14 events):
Event: 0.114 Executing VM operation: HandshakeAllThreads
Event: 0.114 Executing VM operation: HandshakeAllThreads done
Event: 1.079 Executing VM operation: HandshakeAllThreads
Event: 1.079 Executing VM operation: HandshakeAllThreads done
Event: 1.079 Executing VM operation: Cleanup
Event: 1.079 Executing VM operation: Cleanup done
Event: 1.114 Executing VM operation: G1CollectForAllocation
Event: 1.120 Executing VM operation: G1CollectForAllocation done
Event: 1.325 Executing VM operation: HandshakeAllThreads
Event: 1.325 Executing VM operation: HandshakeAllThreads done
Event: 1.421 Executing VM operation: HandshakeAllThreads
Event: 1.421 Executing VM operation: HandshakeAllThreads done
Event: 1.582 Executing VM operation: HandshakeAllThreads
Event: 1.583 Executing VM operation: HandshakeAllThreads done

Events (20 events):
Event: 1.600 loading class java/util/spi/TimeZoneNameProvider
Event: 1.600 loading class java/util/spi/TimeZoneNameProvider done
Event: 1.600 loading class sun/util/locale/provider/CalendarDataUtility$CalendarWeekParameterGetter
Event: 1.600 loading class sun/util/locale/provider/LocaleServiceProviderPool$LocalizedObjectGetter
Event: 1.600 loading class sun/util/locale/provider/LocaleServiceProviderPool$LocalizedObjectGetter done
Event: 1.601 loading class sun/util/locale/provider/CalendarDataUtility$CalendarWeekParameterGetter done
Event: 1.601 loading class java/util/ResourceBundle$Control
Event: 1.601 loading class java/util/ResourceBundle$Control done
Event: 1.601 loading class java/util/ResourceBundle
Event: 1.602 loading class java/util/ResourceBundle done
Event: 1.602 loading class java/util/ResourceBundle$Control$CandidateListCache
Event: 1.604 loading class java/util/ResourceBundle$Control$CandidateListCache done
Event: 1.604 loading class java/util/ResourceBundle$NoFallbackControl
Event: 1.604 loading class java/util/ResourceBundle$SingleFormatControl
Event: 1.604 loading class java/util/ResourceBundle$SingleFormatControl done
Event: 1.604 loading class java/util/ResourceBundle$NoFallbackControl done
Event: 1.605 loading class sun/util/cldr/CLDRCalendarDataProviderImpl
Event: 1.605 loading class sun/util/locale/provider/CalendarDataProviderImpl
Event: 1.605 loading class sun/util/locale/provider/CalendarDataProviderImpl done
Event: 1.605 loading class sun/util/cldr/CLDRCalendarDataProviderImpl done


Dynamic libraries:
0x00007ff69c070000 - 0x00007ff69c07a000 	C:\Program Files\Android\Android Studio\jbr\bin\java.exe
0x00007ff9202b0000 - 0x00007ff9204c7000 	C:\WINDOWS\SYSTEM32\ntdll.dll
0x00007ff91dfe0000 - 0x00007ff91e0a4000 	C:\WINDOWS\System32\KERNEL32.DLL
0x00007ff91d6a0000 - 0x00007ff91da57000 	C:\WINDOWS\System32\KERNELBASE.dll
0x00007ff91dc70000 - 0x00007ff91dd81000 	C:\WINDOWS\System32\ucrtbase.dll
0x00007ff9196f0000 - 0x00007ff919707000 	C:\Program Files\Android\Android Studio\jbr\bin\jli.dll
0x00007ff9181b0000 - 0x00007ff9181cb000 	C:\Program Files\Android\Android Studio\jbr\bin\VCRUNTIME140.dll
0x00007ff91ea90000 - 0x00007ff91ec3f000 	C:\WINDOWS\System32\USER32.dll
0x00007ff91d5f0000 - 0x00007ff91d616000 	C:\WINDOWS\System32\win32u.dll
0x00007ff912960000 - 0x00007ff912bf3000 	C:\WINDOWS\WinSxS\amd64_microsoft.windows.common-controls_6595b64144ccf1df_6.0.22621.3672_none_2713b9d173822955\COMCTL32.dll
0x00007ff91e0b0000 - 0x00007ff91e0d9000 	C:\WINDOWS\System32\GDI32.dll
0x00007ff9200a0000 - 0x00007ff920147000 	C:\WINDOWS\System32\msvcrt.dll
0x00007ff91dec0000 - 0x00007ff91dfd8000 	C:\WINDOWS\System32\gdi32full.dll
0x00007ff91da60000 - 0x00007ff91dafa000 	C:\WINDOWS\System32\msvcp_win.dll
0x00007ff91ee40000 - 0x00007ff91ee71000 	C:\WINDOWS\System32\IMM32.DLL
0x00007ff9196e0000 - 0x00007ff9196ec000 	C:\Program Files\Android\Android Studio\jbr\bin\vcruntime140_1.dll
0x00007ff8f13f0000 - 0x00007ff8f147d000 	C:\Program Files\Android\Android Studio\jbr\bin\msvcp140.dll
0x00007ff8acdd0000 - 0x00007ff8ada50000 	C:\Program Files\Android\Android Studio\jbr\bin\server\jvm.dll
0x00007ff91eca0000 - 0x00007ff91ed52000 	C:\WINDOWS\System32\ADVAPI32.dll
0x00007ff91ef00000 - 0x00007ff91efa8000 	C:\WINDOWS\System32\sechost.dll
0x00007ff91d5c0000 - 0x00007ff91d5e8000 	C:\WINDOWS\System32\bcrypt.dll
0x00007ff920150000 - 0x00007ff920264000 	C:\WINDOWS\System32\RPCRT4.dll
0x00007ff918b90000 - 0x00007ff918bc4000 	C:\WINDOWS\SYSTEM32\WINMM.dll
0x00007ff901a20000 - 0x00007ff901a29000 	C:\WINDOWS\SYSTEM32\WSOCK32.dll
0x00007ff9135a0000 - 0x00007ff9135aa000 	C:\WINDOWS\SYSTEM32\VERSION.dll
0x00007ff91e9f0000 - 0x00007ff91ea61000 	C:\WINDOWS\System32\WS2_32.dll
0x00007ff91c700000 - 0x00007ff91c718000 	C:\WINDOWS\SYSTEM32\kernel.appcore.dll
0x00007ff918320000 - 0x00007ff91832a000 	C:\Program Files\Android\Android Studio\jbr\bin\jimage.dll
0x00007ff9150d0000 - 0x00007ff915302000 	C:\WINDOWS\SYSTEM32\DBGHELP.DLL
0x00007ff91fb10000 - 0x00007ff91fe9e000 	C:\WINDOWS\System32\combase.dll
0x00007ff91ed60000 - 0x00007ff91ee37000 	C:\WINDOWS\System32\OLEAUT32.dll
0x00007ff914630000 - 0x00007ff914662000 	C:\WINDOWS\SYSTEM32\dbgcore.DLL
0x00007ff91d620000 - 0x00007ff91d69b000 	C:\WINDOWS\System32\bcryptPrimitives.dll
0x00007ff909dd0000 - 0x00007ff909df5000 	C:\Program Files\Android\Android Studio\jbr\bin\java.dll
0x00007ff909db0000 - 0x00007ff909dc8000 	C:\Program Files\Android\Android Studio\jbr\bin\zip.dll
0x00007ff91e180000 - 0x00007ff91e9e9000 	C:\WINDOWS\System32\SHELL32.dll
0x00007ff91b530000 - 0x00007ff91be2f000 	C:\WINDOWS\SYSTEM32\windows.storage.dll
0x00007ff91b3f0000 - 0x00007ff91b52f000 	C:\WINDOWS\SYSTEM32\wintypes.dll
0x00007ff91f280000 - 0x00007ff91f379000 	C:\WINDOWS\System32\SHCORE.dll
0x00007ff91f060000 - 0x00007ff91f0be000 	C:\WINDOWS\System32\shlwapi.dll
0x00007ff91d4f0000 - 0x00007ff91d517000 	C:\WINDOWS\SYSTEM32\profapi.dll
0x00007ff909d70000 - 0x00007ff909d89000 	C:\Program Files\Android\Android Studio\jbr\bin\net.dll
0x00007ff919720000 - 0x00007ff919856000 	C:\WINDOWS\SYSTEM32\WINHTTP.dll
0x00007ff91cb70000 - 0x00007ff91cbd9000 	C:\WINDOWS\system32\mswsock.dll
0x00007ff909b10000 - 0x00007ff909b26000 	C:\Program Files\Android\Android Studio\jbr\bin\nio.dll
0x00007ff916980000 - 0x00007ff916990000 	C:\Program Files\Android\Android Studio\jbr\bin\verify.dll
0x00007ff909ae0000 - 0x00007ff909b07000 	C:\Users\vivob\.gradle\native\c067742578af261105cb4f569cf0c3c89f3d7b1fecec35dd04571415982c5e48\windows-amd64\native-platform.dll
0x00007ff909d60000 - 0x00007ff909d69000 	C:\Program Files\Android\Android Studio\jbr\bin\management.dll
0x00007ff909900000 - 0x00007ff90990b000 	C:\Program Files\Android\Android Studio\jbr\bin\management_ext.dll
0x00007ff91f400000 - 0x00007ff91f408000 	C:\WINDOWS\System32\PSAPI.DLL
0x00007ff91cdc0000 - 0x00007ff91cddb000 	C:\WINDOWS\SYSTEM32\CRYPTSP.dll
0x00007ff91c5f0000 - 0x00007ff91c625000 	C:\WINDOWS\system32\rsaenh.dll
0x00007ff91cc60000 - 0x00007ff91cc88000 	C:\WINDOWS\SYSTEM32\USERENV.dll
0x00007ff91cde0000 - 0x00007ff91cdec000 	C:\WINDOWS\SYSTEM32\CRYPTBASE.dll
0x00007ff91c090000 - 0x00007ff91c0bd000 	C:\WINDOWS\SYSTEM32\IPHLPAPI.DLL
0x00007ff91ee90000 - 0x00007ff91ee99000 	C:\WINDOWS\System32\NSI.dll
0x00007ff918690000 - 0x00007ff9186a9000 	C:\WINDOWS\SYSTEM32\dhcpcsvc6.DLL
0x00007ff918480000 - 0x00007ff91849f000 	C:\WINDOWS\SYSTEM32\dhcpcsvc.DLL
0x00007ff91c100000 - 0x00007ff91c202000 	C:\WINDOWS\SYSTEM32\DNSAPI.dll

dbghelp: loaded successfully - version: 4.0.5 - missing functions: none
symbol engine: initialized successfully - sym options: 0x614 - pdb path: .;C:\Program Files\Android\Android Studio\jbr\bin;C:\WINDOWS\SYSTEM32;C:\WINDOWS\WinSxS\amd64_microsoft.windows.common-controls_6595b64144ccf1df_6.0.22621.3672_none_2713b9d173822955;C:\Program Files\Android\Android Studio\jbr\bin\server;C:\Users\vivob\.gradle\native\c067742578af261105cb4f569cf0c3c89f3d7b1fecec35dd04571415982c5e48\windows-amd64

VM Arguments:
jvm_args: -Dorg.gradle.appname=gradlew 
java_command: org.gradle.wrapper.GradleWrapperMain -q -Ptarget-platform=android-x64 -Ptarget=C:\src\latihan_aplikasi\lib\main.dart -Pbase-application-name=android.app.Application -Pdart-defines=RkxVVFRFUl9XRUJfQVVUT19ERVRFQ1Q9dHJ1ZQ==,RkxVVFRFUl9XRUJfQ0FOVkFTS0lUX1VSTD1odHRwczovL3d3dy5nc3RhdGljLmNvbS9mbHV0dGVyLWNhbnZhc2tpdC8wNDgxN2M5OWM5ZmQ0OTU2ZjI3NTA1MjA0ZjdlMzQ0MzM1ODEwYWVkLw== -Pdart-obfuscation=false -Ptrack-widget-creation=true -Ptree-shake-icons=false -Pfilesystem-scheme=org-dartlang-root assembleDebug
java_class_path (initial): C:\src\latihan_aplikasi\android\\gradle\wrapper\gradle-wrapper.jar
Launcher Type: SUN_STANDARD

[Global flags]
     intx CICompilerCount                          = 4                                         {product} {ergonomic}
     uint ConcGCThreads                            = 2                                         {product} {ergonomic}
     uint G1ConcRefinementThreads                  = 8                                         {product} {ergonomic}
   size_t G1HeapRegionSize                         = 1048576                                   {product} {ergonomic}
    uintx GCDrainStackTargetSize                   = 64                                        {product} {ergonomic}
   size_t InitialHeapSize                          = 130023424                                 {product} {ergonomic}
   size_t MarkStackSize                            = 4194304                                   {product} {ergonomic}
   size_t MaxHeapSize                              = 2067791872                                {product} {ergonomic}
   size_t MaxNewSize                               = 1240465408                                {product} {ergonomic}
   size_t MinHeapDeltaBytes                        = 1048576                                   {product} {ergonomic}
   size_t MinHeapSize                              = 8388608                                   {product} {ergonomic}
    uintx NonNMethodCodeHeapSize                   = 5839372                                {pd product} {ergonomic}
    uintx NonProfiledCodeHeapSize                  = 122909434                              {pd product} {ergonomic}
    uintx ProfiledCodeHeapSize                     = 122909434                              {pd product} {ergonomic}
    uintx ReservedCodeCacheSize                    = 251658240                              {pd product} {ergonomic}
     bool SegmentedCodeCache                       = true                                      {product} {ergonomic}
   size_t SoftMaxHeapSize                          = 2067791872                             {manageable} {ergonomic}
     bool UseCompressedClassPointers               = true                           {product lp64_product} {ergonomic}
     bool UseCompressedOops                        = true                           {product lp64_product} {ergonomic}
     bool UseG1GC                                  = true                                      {product} {ergonomic}
     bool UseLargePagesIndividualAllocation        = false                                  {pd product} {ergonomic}

Logging:
Log output configuration:
 #0: stdout all=warning uptime,level,tags
 #1: stderr all=off uptime,level,tags

Environment Variables:
JAVA_HOME=C:\Program Files\Android\Android Studio\jbr
CLASSPATH=C:\src\latihan_aplikasi\android\\gradle\wrapper\gradle-wrapper.jar
PATH=C:\Program Files\Android\Android Studio\jbr\bin;C:\Program Files\Common Files\Oracle\Java\javapath;C:\WINDOWS\system32;C:\WINDOWS;C:\WINDOWS\System32\Wbem;C:\WINDOWS\System32\WindowsPowerShell\v1.0\;C:\WINDOWS\System32\OpenSSH\;C:\ProgramData\ComposerSetup\bin;C:\xampp\php-7.4;C:\Program Files\Git\cmd;C:\Program Files (x86)\Windows Kits\10\Windows Performance Toolkit\;C:\src\flutter\bin;C:\Users\vivob\AppData\Local\Programs\Python\Python313\Scripts\;C:\Users\vivob\AppData\Local\Programs\Python\Python313\;C:\Users\vivob\AppData\Local\Programs\Python\Python312\Scripts\;C:\Users\vivob\AppData\Local\Programs\Python\Python312\;C:\Users\vivob\AppData\Local\Programs\Python\Python311\Scripts\;C:\Users\vivob\AppData\Local\Programs\Python\Python311\;C:\Users\vivob\AppData\Local\Microsoft\WindowsApps;C:\Users\vivob\AppData\Roaming\Composer\vendor\bin;C:\xampp\php-7.4;C:\Users\vivob\AppData\Local\Programs\Microsoft VS Code\bin;C:\src\flutter\bin;;C:\src\flutter\bin\mingit\cmd;C:\src\flutter\bin\mingit\cmd
USERNAME=vivob
OS=Windows_NT
PROCESSOR_IDENTIFIER=Intel64 Family 6 Model 140 Stepping 1, GenuineIntel
TMP=C:\Users\vivob\AppData\Local\Temp
TEMP=C:\Users\vivob\AppData\Local\Temp


JNI global refs:
JNI global refs: 19, weak refs: 1

JNI global refs memory usage: 843, weak refs: 841

OOME stack traces (most recent first):
Classloader memory used:
Loader bootstrap                                                                       : 1482K
Loader org.gradle.internal.classloader.VisitableURLClassLoader                         : 452K
Loader java.net.URLClassLoader                                                         : 26123B
Loader jdk.internal.loader.ClassLoaders$AppClassLoader                                 : 18431B
Loader jdk.internal.loader.ClassLoaders$PlatformClassLoader                            : 335B

Classes loaded by more than one classloader:
Class org.gradle.internal.installation.GradleInstallation                             : loaded 2 times (x 73B)
Class org.gradle.cli.ParsedCommandLine                                                : loaded 2 times (x 78B)
Class org.gradle.internal.classpath.ClassPath                                         : loaded 2 times (x 68B)
Class org.gradle.api.internal.classpath.DefaultModuleRegistry                         : loaded 2 times (x 84B)
Class org.gradle.api.Action                                                           : loaded 2 times (x 68B)
Class org.gradle.cli.CommandLineParser$OptionString                                   : loaded 2 times (x 71B)
Class org.gradle.internal.installation.GradleInstallation$1                           : loaded 2 times (x 73B)
Class org.gradle.cli.CommandLineParser$AfterOptions                                   : loaded 2 times (x 75B)
Class org.gradle.internal.classpath.DefaultClassPath$ImmutableUniqueList$Builder      : loaded 2 times (x 73B)
Class org.gradle.cli.CommandLineParser$AfterFirstSubCommand                           : loaded 2 times (x 75B)
Class org.gradle.internal.classloader.ClassLoaderVisitor                              : loaded 2 times (x 74B)
Class org.gradle.internal.service.UnknownServiceException                             : loaded 2 times (x 81B)
Class org.gradle.api.GradleException                                                  : loaded 2 times (x 80B)
Class org.gradle.api.internal.classpath.ModuleRegistry                                : loaded 2 times (x 68B)
Class org.gradle.cli.CommandLineParser$KnownOptionParserState                         : loaded 2 times (x 74B)
Class org.gradle.internal.classloader.ClasspathUtil$1                                 : loaded 2 times (x 74B)
Class org.gradle.cli.AbstractPropertiesCommandLineConverter                           : loaded 2 times (x 81B)
Class org.gradle.api.internal.classpath.ManifestUtil                                  : loaded 2 times (x 69B)
Class org.gradle.api.specs.Spec                                                       : loaded 2 times (x 68B)
Class org.gradle.cli.SystemPropertiesCommandLineConverter                             : loaded 2 times (x 81B)
Class org.gradle.internal.IoActions                                                   : loaded 2 times (x 69B)
Class org.gradle.api.internal.classpath.EffectiveClassPath                            : loaded 2 times (x 88B)
Class org.gradle.internal.installation.CurrentGradleInstallation                      : loaded 2 times (x 71B)
Class org.gradle.internal.installation.CurrentGradleInstallationLocator               : loaded 2 times (x 69B)
Class org.gradle.api.internal.classpath.Module                                        : loaded 2 times (x 68B)
Class org.gradle.internal.classpath.DefaultClassPath                                  : loaded 2 times (x 88B)
Class org.gradle.api.Transformer                                                      : loaded 2 times (x 68B)
Class org.gradle.cli.CommandLineParser                                                : loaded 2 times (x 77B)
Class org.gradle.cli.CommandLineParser$BeforeFirstSubCommand                          : loaded 2 times (x 75B)
Class org.gradle.internal.classloader.SystemClassLoaderSpec                           : loaded 2 times (x 69B)
Class org.gradle.cli.CommandLineOption                                                : loaded 2 times (x 84B)
Class org.gradle.cli.CommandLineParser$ParserState                                    : loaded 2 times (x 74B)
Class org.gradle.cli.CommandLineParser$MissingOptionArgState                          : loaded 2 times (x 75B)
Class org.gradle.api.UncheckedIOException                                             : loaded 2 times (x 80B)
Class org.gradle.cli.ParsedCommandLineOption                                          : loaded 2 times (x 74B)
Class org.gradle.internal.classloader.ClasspathUtil                                   : loaded 2 times (x 69B)
Class org.gradle.cli.CommandLineParser$UnknownOptionParserState                       : loaded 2 times (x 74B)
Class org.gradle.api.internal.classpath.UnknownModuleException                        : loaded 2 times (x 80B)
Class org.gradle.internal.service.ServiceLookupException                              : loaded 2 times (x 80B)
Class org.gradle.cache.GlobalCache                                                    : loaded 2 times (x 68B)
Class org.gradle.util.internal.GUtil                                                  : loaded 2 times (x 69B)
Class org.gradle.internal.classloader.ClassLoaderSpec                                 : loaded 2 times (x 69B)
Class org.gradle.cli.CommandLineParser$OptionAwareParserState                         : loaded 2 times (x 75B)
Class org.gradle.cli.CommandLineParser$OptionParserState                              : loaded 2 times (x 73B)
Class org.gradle.internal.Cast                                                        : loaded 2 times (x 69B)
Class org.gradle.internal.classloader.ClassLoaderHierarchy                            : loaded 2 times (x 68B)
Class org.gradle.cli.CommandLineConverter                                             : loaded 2 times (x 68B)
Class org.gradle.internal.classpath.DefaultClassPath$ImmutableUniqueList              : loaded 2 times (x 159B)
Class org.gradle.cli.AbstractCommandLineConverter                                     : loaded 2 times (x 77B)
Class org.gradle.cli.CommandLineArgumentException                                     : loaded 2 times (x 80B)


---------------  S Y S T E M  ---------------

OS:
 Windows 11 , 64 bit Build 22621 (10.0.22621.3958)
OS uptime: 0 days 17:08 hours

CPU: total 8 (initial active 8) (4 cores per cpu, 2 threads per core) family 6 model 140 stepping 1 microcode 0x86, cx8, cmov, fxsr, ht, mmx, 3dnowpref, sse, sse2, sse3, ssse3, sse4.1, sse4.2, popcnt, lzcnt, tsc, tscinvbit, avx, avx2, aes, erms, clmul, bmi1, bmi2, adx, avx512f, avx512dq, avx512cd, avx512bw, avx512vl, sha, fma, vzeroupper, avx512_vpopcntdq, avx512_vpclmulqdq, avx512_vaes, avx512_vnni, clflush, clflushopt, clwb, avx512_vbmi2, avx512_vbmi

Memory: 4k page, system-wide physical 7885M (95M free)
TotalPageFile size 11885M (AvailPageFile size 2M)
current process WorkingSet (physical memory assigned to process): 94M, peak: 94M
current process commit charge ("private bytes"): 225M, peak: 226M

vm_info: OpenJDK 64-Bit Server VM (17.0.7+0-b2043.56-10550314) for windows-amd64 JRE (17.0.7+0-b2043.56-10550314), built on Jul 24 2023 18:27:45 by "androidbuild" with MS VC++ 16.10 / 16.11 (VS2019)

END.
