#
# There is insufficient memory for the Java Runtime Environment to continue.
# Native memory allocation (mmap) failed to map 65536 bytes for Failed to commit metaspace.
# Possible reasons:
#   The system is out of physical RAM or swap space
#   The process is running with CompressedOops enabled, and the Java Heap may be blocking the growth of the native heap
# Possible solutions:
#   Reduce memory load on the system
#   Increase physical memory or swap space
#   Check if swap backing store is full
#   Decrease Java heap size (-Xmx/-Xms)
#   Decrease number of Java threads
#   Decrease Java thread stack sizes (-Xss)
#   Set larger code cache with -XX:ReservedCodeCacheSize=
#   JVM is running with Unscaled Compressed Oops mode in which the Java heap is
#     placed in the first 4GB address space. The Java Heap base address is the
#     maximum limit for the native heap growth. Please use -XX:HeapBaseMinAddress
#     to set the Java Heap base and to place the Java Heap above 4GB virtual address.
# This output file may be truncated or incomplete.
#
#  Out of Memory Error (virtualSpaceNode.cpp:110), pid=8188, tid=7328
#
# JRE version: OpenJDK Runtime Environment (17.0.7) (build 17.0.7+0-b2043.56-10550314)
# Java VM: OpenJDK 64-Bit Server VM (17.0.7+0-b2043.56-10550314, mixed mode, tiered, compressed oops, compressed class ptrs, g1 gc, windows-amd64)
# No core dump will be written. Minidumps are not enabled by default on client versions of Windows
#

---------------  S U M M A R Y ------------

Command Line: -Dorg.gradle.appname=gradlew org.gradle.wrapper.GradleWrapperMain -q -Ptarget-platform=android-x64 -Ptarget=C:\src\latihan_aplikasi\lib\main.dart -Pbase-application-name=android.app.Application -Pdart-defines=RkxVVFRFUl9XRUJfQVVUT19ERVRFQ1Q9dHJ1ZQ==,RkxVVFRFUl9XRUJfQ0FOVkFTS0lUX1VSTD1odHRwczovL3d3dy5nc3RhdGljLmNvbS9mbHV0dGVyLWNhbnZhc2tpdC8wNDgxN2M5OWM5ZmQ0OTU2ZjI3NTA1MjA0ZjdlMzQ0MzM1ODEwYWVkLw== -Pdart-obfuscation=false -Ptrack-widget-creation=true -Ptree-shake-icons=false -Pfilesystem-scheme=org-dartlang-root assembleDebug

Host: 11th Gen Intel(R) Core(TM) i5-1135G7 @ 2.40GHz, 8 cores, 7G,  Windows 11 , 64 bit Build 22621 (10.0.22621.3958)
Time: Mon Nov 25 12:31:48 2024 Tokyo Standard Time elapsed time: 0.523634 seconds (0d 0h 0m 0s)

---------------  T H R E A D  ---------------

Current thread (0x000001e831aa5430):  JavaThread "main" [_thread_in_vm, id=7328, stack(0x00000035c1300000,0x00000035c1400000)]

Stack: [0x00000035c1300000,0x00000035c1400000]
Native frames: (J=compiled Java code, j=interpreted, Vv=VM code, C=native code)
V  [jvm.dll+0x683bfa]
V  [jvm.dll+0x8430a4]
V  [jvm.dll+0x8449be]
V  [jvm.dll+0x845023]
V  [jvm.dll+0x24ad2f]
V  [jvm.dll+0x83e45b]
V  [jvm.dll+0x6281e6]
V  [jvm.dll+0x62824a]
V  [jvm.dll+0x62aa6a]
V  [jvm.dll+0x628b86]
V  [jvm.dll+0x240030]
V  [jvm.dll+0x1ef45d]
V  [jvm.dll+0x1e4e1c]
V  [jvm.dll+0x54a1dd]
V  [jvm.dll+0x1f573b]
V  [jvm.dll+0x7bcb6b]
V  [jvm.dll+0x7bdfb2]
V  [jvm.dll+0x7be749]
V  [jvm.dll+0x1efd44]
V  [jvm.dll+0x1e4e35]
V  [jvm.dll+0x54a1dd]
V  [jvm.dll+0x1f573b]
V  [jvm.dll+0x7bcb6b]
V  [jvm.dll+0x7bdfb2]
V  [jvm.dll+0x7be749]
V  [jvm.dll+0x1efd44]
V  [jvm.dll+0x1e4e35]
V  [jvm.dll+0x54a1dd]
V  [jvm.dll+0x1f573b]
V  [jvm.dll+0x7bcb6b]
V  [jvm.dll+0x7bdfb2]
V  [jvm.dll+0x7be2e8]
V  [jvm.dll+0x2429be]
V  [jvm.dll+0x3860ce]
C  0x000001e83dc8b5bb

Java frames: (J=compiled Java code, j=interpreted, Vv=VM code)
j  java.util.concurrent.locks.ReentrantLock.<init>()V+5 java.base@17.0.7
j  java.util.concurrent.LinkedBlockingQueue.<init>(I)V+20 java.base@17.0.7
j  java.util.concurrent.LinkedBlockingQueue.<init>()V+3 java.base@17.0.7
j  org.slf4j.helpers.SubstituteLoggerFactory.<init>()V+25
j  org.slf4j.LoggerFactory.<clinit>()V+8
v  ~StubRoutines::call_stub
j  org.gradle.internal.concurrent.CompositeStoppable.<clinit>()V+2
v  ~StubRoutines::call_stub
j  org.gradle.internal.service.DefaultServiceRegistry$OwnServices.<init>(Lorg/gradle/internal/service/DefaultServiceRegistry;)V+29
j  org.gradle.internal.service.DefaultServiceRegistry.<init>(Ljava/lang/String;[Lorg/gradle/internal/service/ServiceRegistry;)V+29
j  org.gradle.internal.service.DefaultServiceRegistry.<init>()V+5
j  org.gradle.internal.logging.services.LoggingServiceRegistry.<init>()V+1
j  org.gradle.internal.logging.services.LoggingServiceRegistry$CommandLineLogging.<init>()V+1
j  org.gradle.internal.logging.services.LoggingServiceRegistry$CommandLineLogging.<init>(Lorg/gradle/internal/logging/services/LoggingServiceRegistry$1;)V+1
j  org.gradle.internal.logging.services.LoggingServiceRegistry.newCommandLineProcessLogging()Lorg/gradle/internal/logging/services/LoggingServiceRegistry;+5
j  org.gradle.launcher.cli.DefaultCommandLineActionFactory.createLoggingServices()Lorg/gradle/internal/service/ServiceRegistry;+0
j  org.gradle.launcher.cli.DefaultCommandLineActionFactory.convert(Ljava/util/List;)Lorg/gradle/launcher/bootstrap/CommandLineActionFactory$CommandLineExecution;+1
j  org.gradle.launcher.Main.doAction([Ljava/lang/String;Lorg/gradle/launcher/bootstrap/ExecutionListener;)V+8
j  org.gradle.launcher.bootstrap.EntryPoint.run([Ljava/lang/String;)V+12
v  ~StubRoutines::call_stub
j  jdk.internal.reflect.NativeMethodAccessorImpl.invoke0(Ljava/lang/reflect/Method;Ljava/lang/Object;[Ljava/lang/Object;)Ljava/lang/Object;+0 java.base@17.0.7
j  jdk.internal.reflect.NativeMethodAccessorImpl.invoke(Ljava/lang/Object;[Ljava/lang/Object;)Ljava/lang/Object;+133 java.base@17.0.7
j  jdk.internal.reflect.DelegatingMethodAccessorImpl.invoke(Ljava/lang/Object;[Ljava/lang/Object;)Ljava/lang/Object;+6 java.base@17.0.7
j  java.lang.reflect.Method.invoke(Ljava/lang/Object;[Ljava/lang/Object;)Ljava/lang/Object;+59 java.base@17.0.7
j  org.gradle.launcher.bootstrap.ProcessBootstrap.runNoExit(Ljava/lang/String;[Ljava/lang/String;)V+159
j  org.gradle.launcher.bootstrap.ProcessBootstrap.run(Ljava/lang/String;[Ljava/lang/String;)V+2
v  ~StubRoutines::call_stub
j  jdk.internal.reflect.NativeMethodAccessorImpl.invoke0(Ljava/lang/reflect/Method;Ljava/lang/Object;[Ljava/lang/Object;)Ljava/lang/Object;+0 java.base@17.0.7
j  jdk.internal.reflect.NativeMethodAccessorImpl.invoke(Ljava/lang/Object;[Ljava/lang/Object;)Ljava/lang/Object;+133 java.base@17.0.7
j  jdk.internal.reflect.DelegatingMethodAccessorImpl.invoke(Ljava/lang/Object;[Ljava/lang/Object;)Ljava/lang/Object;+6 java.base@17.0.7
j  java.lang.reflect.Method.invoke(Ljava/lang/Object;[Ljava/lang/Object;)Ljava/lang/Object;+59 java.base@17.0.7
j  org.gradle.launcher.GradleMain.main([Ljava/lang/String;)V+100
v  ~StubRoutines::call_stub
j  jdk.internal.reflect.NativeMethodAccessorImpl.invoke0(Ljava/lang/reflect/Method;Ljava/lang/Object;[Ljava/lang/Object;)Ljava/lang/Object;+0 java.base@17.0.7
j  jdk.internal.reflect.NativeMethodAccessorImpl.invoke(Ljava/lang/Object;[Ljava/lang/Object;)Ljava/lang/Object;+133 java.base@17.0.7
j  jdk.internal.reflect.DelegatingMethodAccessorImpl.invoke(Ljava/lang/Object;[Ljava/lang/Object;)Ljava/lang/Object;+6 java.base@17.0.7
j  java.lang.reflect.Method.invoke(Ljava/lang/Object;[Ljava/lang/Object;)Ljava/lang/Object;+59 java.base@17.0.7
j  org.gradle.wrapper.BootstrapMainStarter.start([Ljava/lang/String;Ljava/io/File;)V+82
j  org.gradle.wrapper.WrapperExecutor.execute([Ljava/lang/String;Lorg/gradle/wrapper/Install;Lorg/gradle/wrapper/BootstrapMainStarter;)V+14
j  org.gradle.wrapper.GradleWrapperMain.main([Ljava/lang/String;)V+190
v  ~StubRoutines::call_stub

---------------  P R O C E S S  ---------------

Threads class SMR info:
_java_thread_list=0x000001e84d8f1240, length=12, elements={
0x000001e831aa5430, 0x000001e84d5ffc20, 0x000001e84d6005d0, 0x000001e84d770b40,
0x000001e84d7714f0, 0x000001e84d771ea0, 0x000001e84d7970a0, 0x000001e84d798090,
0x000001e84d78c410, 0x000001e84d791920, 0x000001e84d90c4c0, 0x000001e84d90cd50
}

Java Threads: ( => current thread )
=>0x000001e831aa5430 JavaThread "main" [_thread_in_vm, id=7328, stack(0x00000035c1300000,0x00000035c1400000)]
  0x000001e84d5ffc20 JavaThread "Reference Handler" daemon [_thread_blocked, id=6000, stack(0x00000035c1a00000,0x00000035c1b00000)]
  0x000001e84d6005d0 JavaThread "Finalizer" daemon [_thread_blocked, id=8544, stack(0x00000035c1b00000,0x00000035c1c00000)]
  0x000001e84d770b40 JavaThread "Signal Dispatcher" daemon [_thread_blocked, id=14452, stack(0x00000035c1c00000,0x00000035c1d00000)]
  0x000001e84d7714f0 JavaThread "Attach Listener" daemon [_thread_blocked, id=13080, stack(0x00000035c1d00000,0x00000035c1e00000)]
  0x000001e84d771ea0 JavaThread "Service Thread" daemon [_thread_blocked, id=16456, stack(0x00000035c1e00000,0x00000035c1f00000)]
  0x000001e84d7970a0 JavaThread "Monitor Deflation Thread" daemon [_thread_blocked, id=5664, stack(0x00000035c1f00000,0x00000035c2000000)]
  0x000001e84d798090 JavaThread "C2 CompilerThread0" daemon [_thread_blocked, id=11824, stack(0x00000035c2000000,0x00000035c2100000)]
  0x000001e84d78c410 JavaThread "C1 CompilerThread0" daemon [_thread_blocked, id=8072, stack(0x00000035c2100000,0x00000035c2200000)]
  0x000001e84d791920 JavaThread "Sweeper thread" daemon [_thread_blocked, id=5820, stack(0x00000035c2200000,0x00000035c2300000)]
  0x000001e84d90c4c0 JavaThread "Notification Thread" daemon [_thread_blocked, id=7676, stack(0x00000035c2300000,0x00000035c2400000)]
  0x000001e84d90cd50 JavaThread "Common-Cleaner" daemon [_thread_blocked, id=1504, stack(0x00000035c2500000,0x00000035c2600000)]

Other Threads:
  0x000001e84d61e920 VMThread "VM Thread" [stack: 0x00000035c1900000,0x00000035c1a00000] [id=9120]
  0x000001e831b1ef80 WatcherThread [stack: 0x00000035c2400000,0x00000035c2500000] [id=2568]
  0x000001e831afdf50 GCTaskThread "GC Thread#0" [stack: 0x00000035c1400000,0x00000035c1500000] [id=9408]
  0x000001e831b10520 ConcurrentGCThread "G1 Main Marker" [stack: 0x00000035c1500000,0x00000035c1600000] [id=17384]
  0x000001e831b116d0 ConcurrentGCThread "G1 Conc#0" [stack: 0x00000035c1600000,0x00000035c1700000] [id=5824]
  0x000001e84d4520c0 ConcurrentGCThread "G1 Refine#0" [stack: 0x00000035c1700000,0x00000035c1800000] [id=11360]
  0x000001e84d4529e0 ConcurrentGCThread "G1 Service" [stack: 0x00000035c1800000,0x00000035c1900000] [id=16580]

Threads with active compile tasks:

VM state: not at safepoint (normal execution)

VM Mutex/Monitor currently owned by a thread:  ([mutex/lock_event])
[0x000001e831aa17d0] Metaspace_lock - owner thread: 0x000001e831aa5430

Heap address: 0x0000000084c00000, size: 1972 MB, Compressed Oops mode: 32-bit

CDS archive(s) not mapped
Compressed class space mapped at: 0x0000000100000000-0x0000000140000000, reserved size: 1073741824
Narrow klass base: 0x0000000000000000, Narrow klass shift: 3, Narrow klass range: 0x140000000

GC Precious Log:
 CPUs: 8 total, 8 available
 Memory: 7885M
 Large Page Support: Disabled
 NUMA Support: Disabled
 Compressed Oops: Enabled (32-bit)
 Heap Region Size: 1M
 Heap Min Capacity: 8M
 Heap Initial Capacity: 124M
 Heap Max Capacity: 1972M
 Pre-touch: Disabled
 Parallel Workers: 8
 Concurrent Workers: 2
 Concurrent Refinement Workers: 8
 Periodic GC: Disabled

Heap:
 garbage-first heap   total 126976K, used 12288K [0x0000000084c00000, 0x0000000100000000)
  region size 1024K, 14 young (14336K), 0 survivors (0K)
 Metaspace       used 8613K, committed 8704K, reserved 1114112K
  class space    used 768K, committed 832K, reserved 1048576K

Heap Regions: E=young(eden), S=young(survivor), O=old, HS=humongous(starts), HC=humongous(continues), CS=collection set, F=free, OA=open archive, CA=closed archive, TAMS=top-at-mark-start (previous, next)
|   0|0x0000000084c00000, 0x0000000084c00000, 0x0000000084d00000|  0%| F|  |TAMS 0x0000000084c00000, 0x0000000084c00000| Untracked 
|   1|0x0000000084d00000, 0x0000000084d00000, 0x0000000084e00000|  0%| F|  |TAMS 0x0000000084d00000, 0x0000000084d00000| Untracked 
|   2|0x0000000084e00000, 0x0000000084e00000, 0x0000000084f00000|  0%| F|  |TAMS 0x0000000084e00000, 0x0000000084e00000| Untracked 
|   3|0x0000000084f00000, 0x0000000084f00000, 0x0000000085000000|  0%| F|  |TAMS 0x0000000084f00000, 0x0000000084f00000| Untracked 
|   4|0x0000000085000000, 0x0000000085000000, 0x0000000085100000|  0%| F|  |TAMS 0x0000000085000000, 0x0000000085000000| Untracked 
|   5|0x0000000085100000, 0x0000000085100000, 0x0000000085200000|  0%| F|  |TAMS 0x0000000085100000, 0x0000000085100000| Untracked 
|   6|0x0000000085200000, 0x0000000085200000, 0x0000000085300000|  0%| F|  |TAMS 0x0000000085200000, 0x0000000085200000| Untracked 
|   7|0x0000000085300000, 0x0000000085300000, 0x0000000085400000|  0%| F|  |TAMS 0x0000000085300000, 0x0000000085300000| Untracked 
|   8|0x0000000085400000, 0x0000000085400000, 0x0000000085500000|  0%| F|  |TAMS 0x0000000085400000, 0x0000000085400000| Untracked 
|   9|0x0000000085500000, 0x0000000085500000, 0x0000000085600000|  0%| F|  |TAMS 0x0000000085500000, 0x0000000085500000| Untracked 
|  10|0x0000000085600000, 0x0000000085600000, 0x0000000085700000|  0%| F|  |TAMS 0x0000000085600000, 0x0000000085600000| Untracked 
|  11|0x0000000085700000, 0x0000000085700000, 0x0000000085800000|  0%| F|  |TAMS 0x0000000085700000, 0x0000000085700000| Untracked 
|  12|0x0000000085800000, 0x0000000085800000, 0x0000000085900000|  0%| F|  |TAMS 0x0000000085800000, 0x0000000085800000| Untracked 
|  13|0x0000000085900000, 0x0000000085900000, 0x0000000085a00000|  0%| F|  |TAMS 0x0000000085900000, 0x0000000085900000| Untracked 
|  14|0x0000000085a00000, 0x0000000085a00000, 0x0000000085b00000|  0%| F|  |TAMS 0x0000000085a00000, 0x0000000085a00000| Untracked 
|  15|0x0000000085b00000, 0x0000000085b00000, 0x0000000085c00000|  0%| F|  |TAMS 0x0000000085b00000, 0x0000000085b00000| Untracked 
|  16|0x0000000085c00000, 0x0000000085c00000, 0x0000000085d00000|  0%| F|  |TAMS 0x0000000085c00000, 0x0000000085c00000| Untracked 
|  17|0x0000000085d00000, 0x0000000085d00000, 0x0000000085e00000|  0%| F|  |TAMS 0x0000000085d00000, 0x0000000085d00000| Untracked 
|  18|0x0000000085e00000, 0x0000000085e00000, 0x0000000085f00000|  0%| F|  |TAMS 0x0000000085e00000, 0x0000000085e00000| Untracked 
|  19|0x0000000085f00000, 0x0000000085f00000, 0x0000000086000000|  0%| F|  |TAMS 0x0000000085f00000, 0x0000000085f00000| Untracked 
|  20|0x0000000086000000, 0x0000000086000000, 0x0000000086100000|  0%| F|  |TAMS 0x0000000086000000, 0x0000000086000000| Untracked 
|  21|0x0000000086100000, 0x0000000086100000, 0x0000000086200000|  0%| F|  |TAMS 0x0000000086100000, 0x0000000086100000| Untracked 
|  22|0x0000000086200000, 0x0000000086200000, 0x0000000086300000|  0%| F|  |TAMS 0x0000000086200000, 0x0000000086200000| Untracked 
|  23|0x0000000086300000, 0x0000000086300000, 0x0000000086400000|  0%| F|  |TAMS 0x0000000086300000, 0x0000000086300000| Untracked 
|  24|0x0000000086400000, 0x0000000086400000, 0x0000000086500000|  0%| F|  |TAMS 0x0000000086400000, 0x0000000086400000| Untracked 
|  25|0x0000000086500000, 0x0000000086500000, 0x0000000086600000|  0%| F|  |TAMS 0x0000000086500000, 0x0000000086500000| Untracked 
|  26|0x0000000086600000, 0x0000000086600000, 0x0000000086700000|  0%| F|  |TAMS 0x0000000086600000, 0x0000000086600000| Untracked 
|  27|0x0000000086700000, 0x0000000086700000, 0x0000000086800000|  0%| F|  |TAMS 0x0000000086700000, 0x0000000086700000| Untracked 
|  28|0x0000000086800000, 0x0000000086800000, 0x0000000086900000|  0%| F|  |TAMS 0x0000000086800000, 0x0000000086800000| Untracked 
|  29|0x0000000086900000, 0x0000000086900000, 0x0000000086a00000|  0%| F|  |TAMS 0x0000000086900000, 0x0000000086900000| Untracked 
|  30|0x0000000086a00000, 0x0000000086a00000, 0x0000000086b00000|  0%| F|  |TAMS 0x0000000086a00000, 0x0000000086a00000| Untracked 
|  31|0x0000000086b00000, 0x0000000086b00000, 0x0000000086c00000|  0%| F|  |TAMS 0x0000000086b00000, 0x0000000086b00000| Untracked 
|  32|0x0000000086c00000, 0x0000000086c00000, 0x0000000086d00000|  0%| F|  |TAMS 0x0000000086c00000, 0x0000000086c00000| Untracked 
|  33|0x0000000086d00000, 0x0000000086d00000, 0x0000000086e00000|  0%| F|  |TAMS 0x0000000086d00000, 0x0000000086d00000| Untracked 
|  34|0x0000000086e00000, 0x0000000086e00000, 0x0000000086f00000|  0%| F|  |TAMS 0x0000000086e00000, 0x0000000086e00000| Untracked 
|  35|0x0000000086f00000, 0x0000000086f00000, 0x0000000087000000|  0%| F|  |TAMS 0x0000000086f00000, 0x0000000086f00000| Untracked 
|  36|0x0000000087000000, 0x0000000087000000, 0x0000000087100000|  0%| F|  |TAMS 0x0000000087000000, 0x0000000087000000| Untracked 
|  37|0x0000000087100000, 0x0000000087100000, 0x0000000087200000|  0%| F|  |TAMS 0x0000000087100000, 0x0000000087100000| Untracked 
|  38|0x0000000087200000, 0x0000000087200000, 0x0000000087300000|  0%| F|  |TAMS 0x0000000087200000, 0x0000000087200000| Untracked 
|  39|0x0000000087300000, 0x0000000087300000, 0x0000000087400000|  0%| F|  |TAMS 0x0000000087300000, 0x0000000087300000| Untracked 
|  40|0x0000000087400000, 0x0000000087400000, 0x0000000087500000|  0%| F|  |TAMS 0x0000000087400000, 0x0000000087400000| Untracked 
|  41|0x0000000087500000, 0x0000000087500000, 0x0000000087600000|  0%| F|  |TAMS 0x0000000087500000, 0x0000000087500000| Untracked 
|  42|0x0000000087600000, 0x0000000087600000, 0x0000000087700000|  0%| F|  |TAMS 0x0000000087600000, 0x0000000087600000| Untracked 
|  43|0x0000000087700000, 0x0000000087700000, 0x0000000087800000|  0%| F|  |TAMS 0x0000000087700000, 0x0000000087700000| Untracked 
|  44|0x0000000087800000, 0x0000000087800000, 0x0000000087900000|  0%| F|  |TAMS 0x0000000087800000, 0x0000000087800000| Untracked 
|  45|0x0000000087900000, 0x0000000087900000, 0x0000000087a00000|  0%| F|  |TAMS 0x0000000087900000, 0x0000000087900000| Untracked 
|  46|0x0000000087a00000, 0x0000000087a00000, 0x0000000087b00000|  0%| F|  |TAMS 0x0000000087a00000, 0x0000000087a00000| Untracked 
|  47|0x0000000087b00000, 0x0000000087b00000, 0x0000000087c00000|  0%| F|  |TAMS 0x0000000087b00000, 0x0000000087b00000| Untracked 
|  48|0x0000000087c00000, 0x0000000087c00000, 0x0000000087d00000|  0%| F|  |TAMS 0x0000000087c00000, 0x0000000087c00000| Untracked 
|  49|0x0000000087d00000, 0x0000000087d00000, 0x0000000087e00000|  0%| F|  |TAMS 0x0000000087d00000, 0x0000000087d00000| Untracked 
|  50|0x0000000087e00000, 0x0000000087e00000, 0x0000000087f00000|  0%| F|  |TAMS 0x0000000087e00000, 0x0000000087e00000| Untracked 
|  51|0x0000000087f00000, 0x0000000087f00000, 0x0000000088000000|  0%| F|  |TAMS 0x0000000087f00000, 0x0000000087f00000| Untracked 
|  52|0x0000000088000000, 0x0000000088000000, 0x0000000088100000|  0%| F|  |TAMS 0x0000000088000000, 0x0000000088000000| Untracked 
|  53|0x0000000088100000, 0x0000000088100000, 0x0000000088200000|  0%| F|  |TAMS 0x0000000088100000, 0x0000000088100000| Untracked 
|  54|0x0000000088200000, 0x0000000088200000, 0x0000000088300000|  0%| F|  |TAMS 0x0000000088200000, 0x0000000088200000| Untracked 
|  55|0x0000000088300000, 0x0000000088300000, 0x0000000088400000|  0%| F|  |TAMS 0x0000000088300000, 0x0000000088300000| Untracked 
|  56|0x0000000088400000, 0x0000000088400000, 0x0000000088500000|  0%| F|  |TAMS 0x0000000088400000, 0x0000000088400000| Untracked 
|  57|0x0000000088500000, 0x0000000088500000, 0x0000000088600000|  0%| F|  |TAMS 0x0000000088500000, 0x0000000088500000| Untracked 
|  58|0x0000000088600000, 0x0000000088600000, 0x0000000088700000|  0%| F|  |TAMS 0x0000000088600000, 0x0000000088600000| Untracked 
|  59|0x0000000088700000, 0x0000000088700000, 0x0000000088800000|  0%| F|  |TAMS 0x0000000088700000, 0x0000000088700000| Untracked 
|  60|0x0000000088800000, 0x0000000088800000, 0x0000000088900000|  0%| F|  |TAMS 0x0000000088800000, 0x0000000088800000| Untracked 
|  61|0x0000000088900000, 0x0000000088900000, 0x0000000088a00000|  0%| F|  |TAMS 0x0000000088900000, 0x0000000088900000| Untracked 
|  62|0x0000000088a00000, 0x0000000088a00000, 0x0000000088b00000|  0%| F|  |TAMS 0x0000000088a00000, 0x0000000088a00000| Untracked 
|  63|0x0000000088b00000, 0x0000000088b00000, 0x0000000088c00000|  0%| F|  |TAMS 0x0000000088b00000, 0x0000000088b00000| Untracked 
|  64|0x0000000088c00000, 0x0000000088c00000, 0x0000000088d00000|  0%| F|  |TAMS 0x0000000088c00000, 0x0000000088c00000| Untracked 
|  65|0x0000000088d00000, 0x0000000088d00000, 0x0000000088e00000|  0%| F|  |TAMS 0x0000000088d00000, 0x0000000088d00000| Untracked 
|  66|0x0000000088e00000, 0x0000000088e00000, 0x0000000088f00000|  0%| F|  |TAMS 0x0000000088e00000, 0x0000000088e00000| Untracked 
|  67|0x0000000088f00000, 0x0000000088f00000, 0x0000000089000000|  0%| F|  |TAMS 0x0000000088f00000, 0x0000000088f00000| Untracked 
|  68|0x0000000089000000, 0x0000000089000000, 0x0000000089100000|  0%| F|  |TAMS 0x0000000089000000, 0x0000000089000000| Untracked 
|  69|0x0000000089100000, 0x0000000089100000, 0x0000000089200000|  0%| F|  |TAMS 0x0000000089100000, 0x0000000089100000| Untracked 
|  70|0x0000000089200000, 0x0000000089200000, 0x0000000089300000|  0%| F|  |TAMS 0x0000000089200000, 0x0000000089200000| Untracked 
|  71|0x0000000089300000, 0x0000000089300000, 0x0000000089400000|  0%| F|  |TAMS 0x0000000089300000, 0x0000000089300000| Untracked 
|  72|0x0000000089400000, 0x0000000089400000, 0x0000000089500000|  0%| F|  |TAMS 0x0000000089400000, 0x0000000089400000| Untracked 
|  73|0x0000000089500000, 0x0000000089500000, 0x0000000089600000|  0%| F|  |TAMS 0x0000000089500000, 0x0000000089500000| Untracked 
|  74|0x0000000089600000, 0x0000000089600000, 0x0000000089700000|  0%| F|  |TAMS 0x0000000089600000, 0x0000000089600000| Untracked 
|  75|0x0000000089700000, 0x0000000089700000, 0x0000000089800000|  0%| F|  |TAMS 0x0000000089700000, 0x0000000089700000| Untracked 
|  76|0x0000000089800000, 0x0000000089800000, 0x0000000089900000|  0%| F|  |TAMS 0x0000000089800000, 0x0000000089800000| Untracked 
|  77|0x0000000089900000, 0x0000000089900000, 0x0000000089a00000|  0%| F|  |TAMS 0x0000000089900000, 0x0000000089900000| Untracked 
|  78|0x0000000089a00000, 0x0000000089a00000, 0x0000000089b00000|  0%| F|  |TAMS 0x0000000089a00000, 0x0000000089a00000| Untracked 
|  79|0x0000000089b00000, 0x0000000089b00000, 0x0000000089c00000|  0%| F|  |TAMS 0x0000000089b00000, 0x0000000089b00000| Untracked 
|  80|0x0000000089c00000, 0x0000000089c00000, 0x0000000089d00000|  0%| F|  |TAMS 0x0000000089c00000, 0x0000000089c00000| Untracked 
|  81|0x0000000089d00000, 0x0000000089d00000, 0x0000000089e00000|  0%| F|  |TAMS 0x0000000089d00000, 0x0000000089d00000| Untracked 
|  82|0x0000000089e00000, 0x0000000089e00000, 0x0000000089f00000|  0%| F|  |TAMS 0x0000000089e00000, 0x0000000089e00000| Untracked 
|  83|0x0000000089f00000, 0x0000000089f00000, 0x000000008a000000|  0%| F|  |TAMS 0x0000000089f00000, 0x0000000089f00000| Untracked 
|  84|0x000000008a000000, 0x000000008a000000, 0x000000008a100000|  0%| F|  |TAMS 0x000000008a000000, 0x000000008a000000| Untracked 
|  85|0x000000008a100000, 0x000000008a100000, 0x000000008a200000|  0%| F|  |TAMS 0x000000008a100000, 0x000000008a100000| Untracked 
|  86|0x000000008a200000, 0x000000008a200000, 0x000000008a300000|  0%| F|  |TAMS 0x000000008a200000, 0x000000008a200000| Untracked 
|  87|0x000000008a300000, 0x000000008a300000, 0x000000008a400000|  0%| F|  |TAMS 0x000000008a300000, 0x000000008a300000| Untracked 
|  88|0x000000008a400000, 0x000000008a400000, 0x000000008a500000|  0%| F|  |TAMS 0x000000008a400000, 0x000000008a400000| Untracked 
|  89|0x000000008a500000, 0x000000008a500000, 0x000000008a600000|  0%| F|  |TAMS 0x000000008a500000, 0x000000008a500000| Untracked 
|  90|0x000000008a600000, 0x000000008a600000, 0x000000008a700000|  0%| F|  |TAMS 0x000000008a600000, 0x000000008a600000| Untracked 
|  91|0x000000008a700000, 0x000000008a700000, 0x000000008a800000|  0%| F|  |TAMS 0x000000008a700000, 0x000000008a700000| Untracked 
|  92|0x000000008a800000, 0x000000008a800000, 0x000000008a900000|  0%| F|  |TAMS 0x000000008a800000, 0x000000008a800000| Untracked 
|  93|0x000000008a900000, 0x000000008a900000, 0x000000008aa00000|  0%| F|  |TAMS 0x000000008a900000, 0x000000008a900000| Untracked 
|  94|0x000000008aa00000, 0x000000008aa00000, 0x000000008ab00000|  0%| F|  |TAMS 0x000000008aa00000, 0x000000008aa00000| Untracked 
|  95|0x000000008ab00000, 0x000000008ab00000, 0x000000008ac00000|  0%| F|  |TAMS 0x000000008ab00000, 0x000000008ab00000| Untracked 
|  96|0x000000008ac00000, 0x000000008ac00000, 0x000000008ad00000|  0%| F|  |TAMS 0x000000008ac00000, 0x000000008ac00000| Untracked 
|  97|0x000000008ad00000, 0x000000008ad00000, 0x000000008ae00000|  0%| F|  |TAMS 0x000000008ad00000, 0x000000008ad00000| Untracked 
|  98|0x000000008ae00000, 0x000000008ae00000, 0x000000008af00000|  0%| F|  |TAMS 0x000000008ae00000, 0x000000008ae00000| Untracked 
|  99|0x000000008af00000, 0x000000008af00000, 0x000000008b000000|  0%| F|  |TAMS 0x000000008af00000, 0x000000008af00000| Untracked 
| 100|0x000000008b000000, 0x000000008b000000, 0x000000008b100000|  0%| F|  |TAMS 0x000000008b000000, 0x000000008b000000| Untracked 
| 101|0x000000008b100000, 0x000000008b100000, 0x000000008b200000|  0%| F|  |TAMS 0x000000008b100000, 0x000000008b100000| Untracked 
| 102|0x000000008b200000, 0x000000008b200000, 0x000000008b300000|  0%| F|  |TAMS 0x000000008b200000, 0x000000008b200000| Untracked 
| 103|0x000000008b300000, 0x000000008b300000, 0x000000008b400000|  0%| F|  |TAMS 0x000000008b300000, 0x000000008b300000| Untracked 
| 104|0x000000008b400000, 0x000000008b400000, 0x000000008b500000|  0%| F|  |TAMS 0x000000008b400000, 0x000000008b400000| Untracked 
| 105|0x000000008b500000, 0x000000008b500000, 0x000000008b600000|  0%| F|  |TAMS 0x000000008b500000, 0x000000008b500000| Untracked 
| 106|0x000000008b600000, 0x000000008b600000, 0x000000008b700000|  0%| F|  |TAMS 0x000000008b600000, 0x000000008b600000| Untracked 
| 107|0x000000008b700000, 0x000000008b700000, 0x000000008b800000|  0%| F|  |TAMS 0x000000008b700000, 0x000000008b700000| Untracked 
| 108|0x000000008b800000, 0x000000008b800000, 0x000000008b900000|  0%| F|  |TAMS 0x000000008b800000, 0x000000008b800000| Untracked 
| 109|0x000000008b900000, 0x000000008b900000, 0x000000008ba00000|  0%| F|  |TAMS 0x000000008b900000, 0x000000008b900000| Untracked 
| 110|0x000000008ba00000, 0x000000008ba78720, 0x000000008bb00000| 47%| E|  |TAMS 0x000000008ba00000, 0x000000008ba00000| Complete 
| 111|0x000000008bb00000, 0x000000008bc00000, 0x000000008bc00000|100%| E|CS|TAMS 0x000000008bb00000, 0x000000008bb00000| Complete 
| 112|0x000000008bc00000, 0x000000008bd00000, 0x000000008bd00000|100%| E|  |TAMS 0x000000008bc00000, 0x000000008bc00000| Complete 
| 113|0x000000008bd00000, 0x000000008be00000, 0x000000008be00000|100%| E|CS|TAMS 0x000000008bd00000, 0x000000008bd00000| Complete 
| 114|0x000000008be00000, 0x000000008bf00000, 0x000000008bf00000|100%| E|CS|TAMS 0x000000008be00000, 0x000000008be00000| Complete 
| 115|0x000000008bf00000, 0x000000008c000000, 0x000000008c000000|100%| E|CS|TAMS 0x000000008bf00000, 0x000000008bf00000| Complete 
| 116|0x000000008c000000, 0x000000008c100000, 0x000000008c100000|100%| E|CS|TAMS 0x000000008c000000, 0x000000008c000000| Complete 
| 117|0x000000008c100000, 0x000000008c200000, 0x000000008c200000|100%| E|CS|TAMS 0x000000008c100000, 0x000000008c100000| Complete 
| 118|0x000000008c200000, 0x000000008c300000, 0x000000008c300000|100%| E|CS|TAMS 0x000000008c200000, 0x000000008c200000| Complete 
| 119|0x000000008c300000, 0x000000008c400000, 0x000000008c400000|100%| E|CS|TAMS 0x000000008c300000, 0x000000008c300000| Complete 
| 120|0x000000008c400000, 0x000000008c500000, 0x000000008c500000|100%| E|CS|TAMS 0x000000008c400000, 0x000000008c400000| Complete 
| 121|0x000000008c500000, 0x000000008c600000, 0x000000008c600000|100%| E|CS|TAMS 0x000000008c500000, 0x000000008c500000| Complete 
| 122|0x000000008c600000, 0x000000008c700000, 0x000000008c700000|100%| E|CS|TAMS 0x000000008c600000, 0x000000008c600000| Complete 
| 123|0x000000008c700000, 0x000000008c800000, 0x000000008c800000|100%| E|CS|TAMS 0x000000008c700000, 0x000000008c700000| Complete 

Card table byte_map: [0x000001e8465b0000,0x000001e846990000] _byte_map_base: 0x000001e84618a000

Marking Bits (Prev, Next): (CMBitMap*) 0x000001e831afe560, (CMBitMap*) 0x000001e831afe5a0
 Prev Bits: [0x000001e846d70000, 0x000001e848c40000)
 Next Bits: [0x000001e848c40000, 0x000001e84ab10000)

Polling page: 0x000001e831b60000

Metaspace:

Usage:
  Non-class:      7.66 MB used.
      Class:    768.63 KB used.
       Both:      8.41 MB used.

Virtual space:
  Non-class space:       64.00 MB reserved,       7.69 MB ( 12%) committed,  1 nodes.
      Class space:        1.00 GB reserved,     832.00 KB ( <1%) committed,  1 nodes.
             Both:        1.06 GB reserved,       8.50 MB ( <1%) committed. 

Chunk freelists:
   Non-Class:  8.19 MB
       Class:  15.16 MB
        Both:  23.34 MB

MaxMetaspaceSize: unlimited
CompressedClassSpaceSize: 1.00 GB
Initial GC threshold: 21.00 MB
Current GC threshold: 21.00 MB
CDS: off
MetaspaceReclaimPolicy: balanced
 - commit_granule_bytes: 65536.
 - commit_granule_words: 8192.
 - virtual_space_node_default_size: 8388608.
 - enlarge_chunks_in_place: 1.
 - new_chunks_are_fully_committed: 0.
 - uncommit_free_chunks: 1.
 - use_allocation_guard: 0.
 - handle_deallocations: 1.


Internal statistics:

num_allocs_failed_limit: 0.
num_arena_births: 14.
num_arena_deaths: 0.
num_vsnodes_births: 2.
num_vsnodes_deaths: 0.
num_space_committed: 136.
num_space_uncommitted: 0.
num_chunks_returned_to_freelist: 0.
num_chunks_taken_from_freelist: 63.
num_chunk_merges: 0.
num_chunk_splits: 32.
num_chunks_enlarged: 28.
num_inconsistent_stats: 0.

CodeHeap 'non-profiled nmethods': size=120000Kb used=185Kb max_used=185Kb free=119814Kb
 bounds [0x000001e83e210000, 0x000001e83e480000, 0x000001e845740000]
CodeHeap 'profiled nmethods': size=120000Kb used=958Kb max_used=958Kb free=119041Kb
 bounds [0x000001e836740000, 0x000001e8369b0000, 0x000001e83dc70000]
CodeHeap 'non-nmethods': size=5760Kb used=1134Kb max_used=1151Kb free=4625Kb
 bounds [0x000001e83dc70000, 0x000001e83dee0000, 0x000001e83e210000]
 total_blobs=989 nmethods=582 adapters=320
 compilation: enabled
              stopped_count=0, restarted_count=0
 full_count=0

Compilation events (20 events):
Event: 0.517 Thread 0x000001e84d798090 nmethod 556 0x000001e83e23d410 code [0x000001e83e23d5c0, 0x000001e83e23dae8]
Event: 0.518 Thread 0x000001e84d78c410 nmethod 573 0x000001e836827110 code [0x000001e836827580, 0x000001e836829c38]
Event: 0.518 Thread 0x000001e84d78c410  575       3       java.util.WeakHashMap::put (160 bytes)
Event: 0.519 Thread 0x000001e84d78c410 nmethod 575 0x000001e83682aa90 code [0x000001e83682ad20, 0x000001e83682bca8]
Event: 0.519 Thread 0x000001e84d78c410  576       3       java.util.jar.JarFile::maybeInstantiateVerifier (42 bytes)
Event: 0.519 Thread 0x000001e84d78c410 nmethod 576 0x000001e83682c190 code [0x000001e83682c360, 0x000001e83682c6f8]
Event: 0.519 Thread 0x000001e84d78c410  574       3       java.util.Collections$SetFromMap::add (22 bytes)
Event: 0.519 Thread 0x000001e84d78c410 nmethod 574 0x000001e83682c810 code [0x000001e83682c9c0, 0x000001e83682cbe8]
Event: 0.519 Thread 0x000001e84d78c410  577       1       jdk.internal.loader.URLClassPath$Loader::getBaseURL (5 bytes)
Event: 0.519 Thread 0x000001e84d78c410 nmethod 577 0x000001e83e23de10 code [0x000001e83e23dfa0, 0x000001e83e23e078]
Event: 0.519 Thread 0x000001e84d78c410  578       3       sun.net.www.ParseUtil::firstEncodeIndex (86 bytes)
Event: 0.519 Thread 0x000001e84d78c410 nmethod 578 0x000001e83682cc90 code [0x000001e83682cee0, 0x000001e83682d8a8]
Event: 0.520 Thread 0x000001e84d78c410  579   !   3       java.lang.ClassLoader::loadClass (121 bytes)
Event: 0.520 Thread 0x000001e84d78c410 nmethod 579 0x000001e83682dc10 code [0x000001e83682dec0, 0x000001e83682eb68]
Event: 0.520 Thread 0x000001e84d78c410  581  s    3       jdk.internal.loader.Resource::cachedInputStream (20 bytes)
Event: 0.520 Thread 0x000001e84d78c410 nmethod 581 0x000001e83682f210 code [0x000001e83682f3c0, 0x000001e83682f768]
Event: 0.520 Thread 0x000001e84d78c410  580       1       java.util.jar.Manifest::getEntries (5 bytes)
Event: 0.520 Thread 0x000001e84d78c410 nmethod 580 0x000001e83e23e110 code [0x000001e83e23e2a0, 0x000001e83e23e378]
Event: 0.520 Thread 0x000001e84d78c410  582       1       java.util.zip.ZipEntry::getCrc (5 bytes)
Event: 0.520 Thread 0x000001e84d78c410 nmethod 582 0x000001e83e23e410 code [0x000001e83e23e5a0, 0x000001e83e23e678]

GC Heap History (0 events):
No events

Dll operation events (2 events):
Event: 0.005 Loaded shared library C:\Program Files\Android\Android Studio\jbr\bin\java.dll
Event: 0.126 Loaded shared library C:\Program Files\Android\Android Studio\jbr\bin\verify.dll

Deoptimization events (20 events):
Event: 0.465 Thread 0x000001e831aa5430 DEOPT PACKING pc=0x000001e83e22dd74 sp=0x00000035c13fce00
Event: 0.465 Thread 0x000001e831aa5430 DEOPT UNPACKING pc=0x000001e83dcca1a3 sp=0x00000035c13fcd78 mode 2
Event: 0.476 Thread 0x000001e831aa5430 Uncommon trap: trap_request=0xffffff45 fr.pc=0x000001e83e22e794 relative=0x0000000000000174
Event: 0.476 Thread 0x000001e831aa5430 Uncommon trap: reason=unstable_if action=reinterpret pc=0x000001e83e22e794 method=java.util.zip.ZipFile$Source.isMetaName([BII)Z @ 43 c2
Event: 0.476 Thread 0x000001e831aa5430 DEOPT PACKING pc=0x000001e83e22e794 sp=0x00000035c13f8d40
Event: 0.476 Thread 0x000001e831aa5430 DEOPT UNPACKING pc=0x000001e83dcca1a3 sp=0x00000035c13f8ce8 mode 2
Event: 0.485 Thread 0x000001e831aa5430 Uncommon trap: trap_request=0xffffffde fr.pc=0x000001e83e2356f4 relative=0x0000000000000ef4
Event: 0.485 Thread 0x000001e831aa5430 Uncommon trap: reason=class_check action=maybe_recompile pc=0x000001e83e2356f4 method=java.util.HashMap.putVal(ILjava/lang/Object;Ljava/lang/Object;ZZ)Ljava/lang/Object; @ 203 c2
Event: 0.485 Thread 0x000001e831aa5430 DEOPT PACKING pc=0x000001e83e2356f4 sp=0x00000035c13f9650
Event: 0.485 Thread 0x000001e831aa5430 DEOPT UNPACKING pc=0x000001e83dcca1a3 sp=0x00000035c13f95e0 mode 2
Event: 0.499 Thread 0x000001e831aa5430 Uncommon trap: trap_request=0xffffffde fr.pc=0x000001e83e2356f4 relative=0x0000000000000ef4
Event: 0.499 Thread 0x000001e831aa5430 Uncommon trap: reason=class_check action=maybe_recompile pc=0x000001e83e2356f4 method=java.util.HashMap.putVal(ILjava/lang/Object;Ljava/lang/Object;ZZ)Ljava/lang/Object; @ 203 c2
Event: 0.499 Thread 0x000001e831aa5430 DEOPT PACKING pc=0x000001e83e2356f4 sp=0x00000035c13f9650
Event: 0.499 Thread 0x000001e831aa5430 DEOPT UNPACKING pc=0x000001e83dcca1a3 sp=0x00000035c13f95e0 mode 2
Event: 0.500 Thread 0x000001e831aa5430 Uncommon trap: trap_request=0xffffffde fr.pc=0x000001e83e2356f4 relative=0x0000000000000ef4
Event: 0.500 Thread 0x000001e831aa5430 Uncommon trap: reason=class_check action=maybe_recompile pc=0x000001e83e2356f4 method=java.util.HashMap.putVal(ILjava/lang/Object;Ljava/lang/Object;ZZ)Ljava/lang/Object; @ 203 c2
Event: 0.500 Thread 0x000001e831aa5430 DEOPT PACKING pc=0x000001e83e2356f4 sp=0x00000035c13f9650
Event: 0.500 Thread 0x000001e831aa5430 DEOPT UNPACKING pc=0x000001e83dcca1a3 sp=0x00000035c13f95e0 mode 2
Event: 0.507 Thread 0x000001e831aa5430 DEOPT PACKING pc=0x000001e83677b718 sp=0x00000035c13f8970
Event: 0.507 Thread 0x000001e831aa5430 DEOPT UNPACKING pc=0x000001e83dccace3 sp=0x00000035c13f7e30 mode 0

Classes unloaded (0 events):
No events

Classes redefined (0 events):
No events

Internal exceptions (1 events):
Event: 0.291 Thread 0x000001e831aa5430 Exception <a 'java/lang/NoSuchMethodError'{0x000000008c42a030}: 'int java.lang.invoke.DirectMethodHandle$Holder.invokeStaticInit(java.lang.Object, java.lang.Object)'> (0x000000008c42a030) 
thrown [s\src\hotspot\share\interpreter\linkResolver.cpp, line 771]

VM Operations (2 events):
Event: 0.120 Executing VM operation: HandshakeAllThreads
Event: 0.120 Executing VM operation: HandshakeAllThreads done

Events (20 events):
Event: 0.468 loading class java/util/LinkedList done
Event: 0.468 loading class java/util/LinkedList$Node
Event: 0.468 loading class java/util/LinkedList$Node done
Event: 0.515 loading class java/util/concurrent/atomic/AtomicReference
Event: 0.515 loading class java/util/concurrent/atomic/AtomicReference done
Event: 0.515 loading class java/lang/invoke/VarHandleReferences$FieldInstanceReadWrite
Event: 0.515 loading class java/lang/invoke/VarHandleReferences$FieldInstanceReadOnly
Event: 0.515 loading class java/lang/invoke/VarHandleReferences$FieldInstanceReadOnly done
Event: 0.515 loading class java/lang/invoke/VarHandleReferences$FieldInstanceReadWrite done
Event: 0.519 loading class java/lang/NoSuchFieldError
Event: 0.519 loading class java/lang/NoSuchFieldError done
Event: 0.520 loading class java/util/concurrent/LinkedBlockingQueue
Event: 0.521 loading class java/util/concurrent/BlockingQueue
Event: 0.521 loading class java/util/concurrent/BlockingQueue done
Event: 0.521 loading class java/util/AbstractQueue
Event: 0.521 loading class java/util/AbstractQueue done
Event: 0.521 loading class java/util/concurrent/LinkedBlockingQueue done
Event: 0.521 loading class java/util/concurrent/locks/ReentrantLock$NonfairSync
Event: 0.521 loading class java/util/concurrent/locks/ReentrantLock$Sync
Event: 0.521 loading class java/util/concurrent/locks/AbstractQueuedSynchronizer


Dynamic libraries:
0x00007ff652940000 - 0x00007ff65294a000 	C:\Program Files\Android\Android Studio\jbr\bin\java.exe
0x00007ffde7570000 - 0x00007ffde7787000 	C:\WINDOWS\SYSTEM32\ntdll.dll
0x00007ffde6d90000 - 0x00007ffde6e54000 	C:\WINDOWS\System32\KERNEL32.DLL
0x00007ffde4880000 - 0x00007ffde4c37000 	C:\WINDOWS\System32\KERNELBASE.dll
0x00007ffde5080000 - 0x00007ffde5191000 	C:\WINDOWS\System32\ucrtbase.dll
0x00007ffdd0b30000 - 0x00007ffdd0b47000 	C:\Program Files\Android\Android Studio\jbr\bin\jli.dll
0x00007ffdd0640000 - 0x00007ffdd065b000 	C:\Program Files\Android\Android Studio\jbr\bin\VCRUNTIME140.dll
0x00007ffde6350000 - 0x00007ffde64ff000 	C:\WINDOWS\System32\USER32.dll
0x00007ffde5240000 - 0x00007ffde5266000 	C:\WINDOWS\System32\win32u.dll
0x00007ffde65c0000 - 0x00007ffde65e9000 	C:\WINDOWS\System32\GDI32.dll
0x00007ffde4cb0000 - 0x00007ffde4dc8000 	C:\WINDOWS\System32\gdi32full.dll
0x00007ffde51a0000 - 0x00007ffde523a000 	C:\WINDOWS\System32\msvcp_win.dll
0x00007ffdd9da0000 - 0x00007ffdda033000 	C:\WINDOWS\WinSxS\amd64_microsoft.windows.common-controls_6595b64144ccf1df_6.0.22621.3672_none_2713b9d173822955\COMCTL32.dll
0x00007ffde52f0000 - 0x00007ffde5397000 	C:\WINDOWS\System32\msvcrt.dll
0x00007ffde52a0000 - 0x00007ffde52d1000 	C:\WINDOWS\System32\IMM32.DLL
0x00007ffddfd50000 - 0x00007ffddfd5c000 	C:\Program Files\Android\Android Studio\jbr\bin\vcruntime140_1.dll
0x00007ffd83c60000 - 0x00007ffd83ced000 	C:\Program Files\Android\Android Studio\jbr\bin\msvcp140.dll
0x00007ffd64160000 - 0x00007ffd64de0000 	C:\Program Files\Android\Android Studio\jbr\bin\server\jvm.dll
0x00007ffde6500000 - 0x00007ffde65b2000 	C:\WINDOWS\System32\ADVAPI32.dll
0x00007ffde6ce0000 - 0x00007ffde6d88000 	C:\WINDOWS\System32\sechost.dll
0x00007ffde5270000 - 0x00007ffde5298000 	C:\WINDOWS\System32\bcrypt.dll
0x00007ffde6750000 - 0x00007ffde6864000 	C:\WINDOWS\System32\RPCRT4.dll
0x00007ffddf040000 - 0x00007ffddf074000 	C:\WINDOWS\SYSTEM32\WINMM.dll
0x00007ffdca0e0000 - 0x00007ffdca0e9000 	C:\WINDOWS\SYSTEM32\WSOCK32.dll
0x00007ffddb4c0000 - 0x00007ffddb4ca000 	C:\WINDOWS\SYSTEM32\VERSION.dll
0x00007ffde6c60000 - 0x00007ffde6cd1000 	C:\WINDOWS\System32\WS2_32.dll
0x00007ffde39c0000 - 0x00007ffde39d8000 	C:\WINDOWS\SYSTEM32\kernel.appcore.dll
0x00007ffddcc10000 - 0x00007ffddcc1a000 	C:\Program Files\Android\Android Studio\jbr\bin\jimage.dll
0x00007ffddc820000 - 0x00007ffddca52000 	C:\WINDOWS\SYSTEM32\DBGHELP.DLL
0x00007ffde5650000 - 0x00007ffde59de000 	C:\WINDOWS\System32\combase.dll
0x00007ffde59e0000 - 0x00007ffde5ab7000 	C:\WINDOWS\System32\OLEAUT32.dll
0x00007ffddc670000 - 0x00007ffddc6a2000 	C:\WINDOWS\SYSTEM32\dbgcore.DLL
0x00007ffde5000000 - 0x00007ffde507b000 	C:\WINDOWS\System32\bcryptPrimitives.dll
0x00007ffdb9100000 - 0x00007ffdb9125000 	C:\Program Files\Android\Android Studio\jbr\bin\java.dll
0x00007ffdccf00000 - 0x00007ffdccf18000 	C:\Program Files\Android\Android Studio\jbr\bin\zip.dll
0x00007ffde5ad0000 - 0x00007ffde6339000 	C:\WINDOWS\System32\SHELL32.dll
0x00007ffde27f0000 - 0x00007ffde30ef000 	C:\WINDOWS\SYSTEM32\windows.storage.dll
0x00007ffde26b0000 - 0x00007ffde27ef000 	C:\WINDOWS\SYSTEM32\wintypes.dll
0x00007ffde5400000 - 0x00007ffde54f9000 	C:\WINDOWS\System32\SHCORE.dll
0x00007ffde53a0000 - 0x00007ffde53fe000 	C:\WINDOWS\System32\shlwapi.dll
0x00007ffde47b0000 - 0x00007ffde47d7000 	C:\WINDOWS\SYSTEM32\profapi.dll
0x00007ffdaf070000 - 0x00007ffdaf089000 	C:\Program Files\Android\Android Studio\jbr\bin\net.dll
0x00007ffde0a70000 - 0x00007ffde0ba6000 	C:\WINDOWS\SYSTEM32\WINHTTP.dll
0x00007ffde3e30000 - 0x00007ffde3e99000 	C:\WINDOWS\system32\mswsock.dll
0x00007ffda2ca0000 - 0x00007ffda2cb6000 	C:\Program Files\Android\Android Studio\jbr\bin\nio.dll
0x00007ffddcaf0000 - 0x00007ffddcb00000 	C:\Program Files\Android\Android Studio\jbr\bin\verify.dll

dbghelp: loaded successfully - version: 4.0.5 - missing functions: none
symbol engine: initialized successfully - sym options: 0x614 - pdb path: .;C:\Program Files\Android\Android Studio\jbr\bin;C:\WINDOWS\SYSTEM32;C:\WINDOWS\WinSxS\amd64_microsoft.windows.common-controls_6595b64144ccf1df_6.0.22621.3672_none_2713b9d173822955;C:\Program Files\Android\Android Studio\jbr\bin\server

VM Arguments:
jvm_args: -Dorg.gradle.appname=gradlew 
java_command: org.gradle.wrapper.GradleWrapperMain -q -Ptarget-platform=android-x64 -Ptarget=C:\src\latihan_aplikasi\lib\main.dart -Pbase-application-name=android.app.Application -Pdart-defines=RkxVVFRFUl9XRUJfQVVUT19ERVRFQ1Q9dHJ1ZQ==,RkxVVFRFUl9XRUJfQ0FOVkFTS0lUX1VSTD1odHRwczovL3d3dy5nc3RhdGljLmNvbS9mbHV0dGVyLWNhbnZhc2tpdC8wNDgxN2M5OWM5ZmQ0OTU2ZjI3NTA1MjA0ZjdlMzQ0MzM1ODEwYWVkLw== -Pdart-obfuscation=false -Ptrack-widget-creation=true -Ptree-shake-icons=false -Pfilesystem-scheme=org-dartlang-root assembleDebug
java_class_path (initial): C:\src\latihan_aplikasi\android\\gradle\wrapper\gradle-wrapper.jar
Launcher Type: SUN_STANDARD

[Global flags]
     intx CICompilerCount                          = 4                                         {product} {ergonomic}
     uint ConcGCThreads                            = 2                                         {product} {ergonomic}
     uint G1ConcRefinementThreads                  = 8                                         {product} {ergonomic}
   size_t G1HeapRegionSize                         = 1048576                                   {product} {ergonomic}
    uintx GCDrainStackTargetSize                   = 64                                        {product} {ergonomic}
   size_t InitialHeapSize                          = 130023424                                 {product} {ergonomic}
   size_t MarkStackSize                            = 4194304                                   {product} {ergonomic}
   size_t MaxHeapSize                              = 2067791872                                {product} {ergonomic}
   size_t MaxNewSize                               = 1240465408                                {product} {ergonomic}
   size_t MinHeapDeltaBytes                        = 1048576                                   {product} {ergonomic}
   size_t MinHeapSize                              = 8388608                                   {product} {ergonomic}
    uintx NonNMethodCodeHeapSize                   = 5839372                                {pd product} {ergonomic}
    uintx NonProfiledCodeHeapSize                  = 122909434                              {pd product} {ergonomic}
    uintx ProfiledCodeHeapSize                     = 122909434                              {pd product} {ergonomic}
    uintx ReservedCodeCacheSize                    = 251658240                              {pd product} {ergonomic}
     bool SegmentedCodeCache                       = true                                      {product} {ergonomic}
   size_t SoftMaxHeapSize                          = 2067791872                             {manageable} {ergonomic}
     bool UseCompressedClassPointers               = true                           {product lp64_product} {ergonomic}
     bool UseCompressedOops                        = true                           {product lp64_product} {ergonomic}
     bool UseG1GC                                  = true                                      {product} {ergonomic}
     bool UseLargePagesIndividualAllocation        = false                                  {pd product} {ergonomic}

Logging:
Log output configuration:
 #0: stdout all=warning uptime,level,tags
 #1: stderr all=off uptime,level,tags

Environment Variables:
JAVA_HOME=C:\Program Files\Android\Android Studio\jbr
CLASSPATH=C:\src\latihan_aplikasi\android\\gradle\wrapper\gradle-wrapper.jar
PATH=C:\Program Files\Android\Android Studio\jbr\bin;C:\Program Files\Common Files\Oracle\Java\javapath;C:\WINDOWS\system32;C:\WINDOWS;C:\WINDOWS\System32\Wbem;C:\WINDOWS\System32\WindowsPowerShell\v1.0\;C:\WINDOWS\System32\OpenSSH\;C:\ProgramData\ComposerSetup\bin;C:\xampp\php-7.4;C:\Program Files\Git\cmd;C:\Program Files (x86)\Windows Kits\10\Windows Performance Toolkit\;C:\src\flutter\bin;C:\Users\vivob\AppData\Local\Programs\Python\Python313\Scripts\;C:\Users\vivob\AppData\Local\Programs\Python\Python313\;C:\Users\vivob\AppData\Local\Programs\Python\Python312\Scripts\;C:\Users\vivob\AppData\Local\Programs\Python\Python312\;C:\Users\vivob\AppData\Local\Programs\Python\Python311\Scripts\;C:\Users\vivob\AppData\Local\Programs\Python\Python311\;C:\Users\vivob\AppData\Local\Microsoft\WindowsApps;C:\Users\vivob\AppData\Roaming\Composer\vendor\bin;C:\xampp\php-7.4;C:\Users\vivob\AppData\Local\Programs\Microsoft VS Code\bin;C:\src\flutter\bin;;C:\src\flutter\bin\mingit\cmd;C:\src\flutter\bin\mingit\cmd
USERNAME=vivob
OS=Windows_NT
PROCESSOR_IDENTIFIER=Intel64 Family 6 Model 140 Stepping 1, GenuineIntel
TMP=C:\Users\vivob\AppData\Local\Temp
TEMP=C:\Users\vivob\AppData\Local\Temp


JNI global refs:
JNI global refs: 8, weak refs: 0

JNI global refs memory usage: 843, weak refs: 841

OOME stack traces (most recent first):
Classloader memory used:
Loader bootstrap                                                                       : 1013K
Loader java.net.URLClassLoader                                                         : 26123B
Loader org.gradle.internal.classloader.VisitableURLClassLoader                         : 19865B
Loader jdk.internal.loader.ClassLoaders$AppClassLoader                                 : 18431B

Classes loaded by more than one classloader:
Class org.gradle.internal.service.UnknownServiceException                             : loaded 2 times (x 81B)
Class org.gradle.internal.service.ServiceLookupException                              : loaded 2 times (x 80B)
Class org.gradle.api.Action                                                           : loaded 2 times (x 68B)


---------------  S Y S T E M  ---------------

OS:
 Windows 11 , 64 bit Build 22621 (10.0.22621.3958)
OS uptime: 0 days 0:36 hours

CPU: total 8 (initial active 8) (4 cores per cpu, 2 threads per core) family 6 model 140 stepping 1 microcode 0x86, cx8, cmov, fxsr, ht, mmx, 3dnowpref, sse, sse2, sse3, ssse3, sse4.1, sse4.2, popcnt, lzcnt, tsc, tscinvbit, avx, avx2, aes, erms, clmul, bmi1, bmi2, adx, avx512f, avx512dq, avx512cd, avx512bw, avx512vl, sha, fma, vzeroupper, avx512_vpopcntdq, avx512_vpclmulqdq, avx512_vaes, avx512_vnni, clflush, clflushopt, clwb, avx512_vbmi2, avx512_vbmi

Memory: 4k page, system-wide physical 7885M (114M free)
TotalPageFile size 11885M (AvailPageFile size 1M)
current process WorkingSet (physical memory assigned to process): 54M, peak: 54M
current process commit charge ("private bytes"): 208M, peak: 209M

vm_info: OpenJDK 64-Bit Server VM (17.0.7+0-b2043.56-10550314) for windows-amd64 JRE (17.0.7+0-b2043.56-10550314), built on Jul 24 2023 18:27:45 by "androidbuild" with MS VC++ 16.10 / 16.11 (VS2019)

END.
