#
# There is insufficient memory for the Java Runtime Environment to continue.
# Native memory allocation (malloc) failed to allocate 420176 bytes for Chunk::new
# Possible reasons:
#   The system is out of physical RAM or swap space
#   The process is running with CompressedOops enabled, and the Java Heap may be blocking the growth of the native heap
# Possible solutions:
#   Reduce memory load on the system
#   Increase physical memory or swap space
#   Check if swap backing store is full
#   Decrease Java heap size (-Xmx/-Xms)
#   Decrease number of Java threads
#   Decrease Java thread stack sizes (-Xss)
#   Set larger code cache with -XX:ReservedCodeCacheSize=
#   JVM is running with Unscaled Compressed Oops mode in which the Java heap is
#     placed in the first 4GB address space. The Java Heap base address is the
#     maximum limit for the native heap growth. Please use -XX:HeapBaseMinAddress
#     to set the Java Heap base and to place the Java Heap above 4GB virtual address.
# This output file may be truncated or incomplete.
#
#  Out of Memory Error (arena.cpp:189), pid=13708, tid=3276
#
# JRE version: OpenJDK Runtime Environment (17.0.7) (build 17.0.7+0-b2043.56-10550314)
# Java VM: OpenJDK 64-Bit Server VM (17.0.7+0-b2043.56-10550314, mixed mode, tiered, compressed oops, compressed class ptrs, g1 gc, windows-amd64)
# No core dump will be written. Minidumps are not enabled by default on client versions of Windows
#

---------------  S U M M A R Y ------------

Command Line: -Dorg.gradle.appname=gradlew org.gradle.wrapper.GradleWrapperMain -q -Ptarget-platform=android-x64 -Ptarget=C:\src\latihan_aplikasi\lib\main.dart -Pbase-application-name=android.app.Application -Pdart-defines=RkxVVFRFUl9XRUJfQVVUT19ERVRFQ1Q9dHJ1ZQ==,RkxVVFRFUl9XRUJfQ0FOVkFTS0lUX1VSTD1odHRwczovL3d3dy5nc3RhdGljLmNvbS9mbHV0dGVyLWNhbnZhc2tpdC8wNDgxN2M5OWM5ZmQ0OTU2ZjI3NTA1MjA0ZjdlMzQ0MzM1ODEwYWVkLw== -Pdart-obfuscation=false -Ptrack-widget-creation=true -Ptree-shake-icons=false -Pfilesystem-scheme=org-dartlang-root assembleDebug

Host: 11th Gen Intel(R) Core(TM) i5-1135G7 @ 2.40GHz, 8 cores, 7G,  Windows 11 , 64 bit Build 22621 (10.0.22621.3958)
Time: Tue Nov 26 11:32:49 2024 Tokyo Standard Time elapsed time: 1.376314 seconds (0d 0h 0m 1s)

---------------  T H R E A D  ---------------

Current thread (0x0000015a32be4300):  JavaThread "C2 CompilerThread1" daemon [_thread_in_native, id=3276, stack(0x0000001c5dd00000,0x0000001c5de00000)]


Current CompileTask:
C2:   1376 1168 %     4       java.io.WinNTFileSystem::normalize @ 22 (143 bytes)

Stack: [0x0000001c5dd00000,0x0000001c5de00000]
Native frames: (J=compiled Java code, j=interpreted, Vv=VM code, C=native code)
V  [jvm.dll+0x683bfa]
V  [jvm.dll+0x8430a4]
V  [jvm.dll+0x8449be]
V  [jvm.dll+0x845023]
V  [jvm.dll+0x24ad2f]
V  [jvm.dll+0xac25c]
V  [jvm.dll+0xac82c]
V  [jvm.dll+0x36a132]
V  [jvm.dll+0x334821]
V  [jvm.dll+0x333cca]
V  [jvm.dll+0x21d251]
V  [jvm.dll+0x21c671]
V  [jvm.dll+0x1a605d]
V  [jvm.dll+0x22c148]
V  [jvm.dll+0x22a209]
V  [jvm.dll+0x7f858c]
V  [jvm.dll+0x7f2aea]
V  [jvm.dll+0x682a35]
C  [ucrtbase.dll+0x29333]
C  [KERNEL32.DLL+0x1257d]
C  [ntdll.dll+0x5af08]


---------------  P R O C E S S  ---------------

Threads class SMR info:
_java_thread_list=0x0000015a32bc25a0, length=14, elements={
0x0000015a138a2b30, 0x0000015a2d46e020, 0x0000015a2d46e8e0, 0x0000015a2d5dbf10,
0x0000015a2d5dc7d0, 0x0000015a2d5dd090, 0x0000015a2d5dda40, 0x0000015a2d5d1e90,
0x0000015a2d5d2880, 0x0000015a2d5d3270, 0x0000015a2d74b140, 0x0000015a2d75f010,
0x0000015a3293d580, 0x0000015a32be4300
}

Java Threads: ( => current thread )
  0x0000015a138a2b30 JavaThread "main" [_thread_in_Java, id=3636, stack(0x0000001c5ca00000,0x0000001c5cb00000)]
  0x0000015a2d46e020 JavaThread "Reference Handler" daemon [_thread_blocked, id=14184, stack(0x0000001c5d100000,0x0000001c5d200000)]
  0x0000015a2d46e8e0 JavaThread "Finalizer" daemon [_thread_blocked, id=11664, stack(0x0000001c5d200000,0x0000001c5d300000)]
  0x0000015a2d5dbf10 JavaThread "Signal Dispatcher" daemon [_thread_blocked, id=6832, stack(0x0000001c5d300000,0x0000001c5d400000)]
  0x0000015a2d5dc7d0 JavaThread "Attach Listener" daemon [_thread_blocked, id=15376, stack(0x0000001c5d400000,0x0000001c5d500000)]
  0x0000015a2d5dd090 JavaThread "Service Thread" daemon [_thread_blocked, id=15416, stack(0x0000001c5d500000,0x0000001c5d600000)]
  0x0000015a2d5dda40 JavaThread "Monitor Deflation Thread" daemon [_thread_blocked, id=15200, stack(0x0000001c5d600000,0x0000001c5d700000)]
  0x0000015a2d5d1e90 JavaThread "C2 CompilerThread0" daemon [_thread_in_native, id=4132, stack(0x0000001c5d700000,0x0000001c5d800000)]
  0x0000015a2d5d2880 JavaThread "C1 CompilerThread0" daemon [_thread_blocked, id=5076, stack(0x0000001c5d800000,0x0000001c5d900000)]
  0x0000015a2d5d3270 JavaThread "Sweeper thread" daemon [_thread_blocked, id=312, stack(0x0000001c5d900000,0x0000001c5da00000)]
  0x0000015a2d74b140 JavaThread "Notification Thread" daemon [_thread_blocked, id=2960, stack(0x0000001c5da00000,0x0000001c5db00000)]
  0x0000015a2d75f010 JavaThread "Common-Cleaner" daemon [_thread_blocked, id=4620, stack(0x0000001c5dc00000,0x0000001c5dd00000)]
  0x0000015a3293d580 JavaThread "pool-1-thread-1" [_thread_blocked, id=10528, stack(0x0000001c5de00000,0x0000001c5df00000)]
=>0x0000015a32be4300 JavaThread "C2 CompilerThread1" daemon [_thread_in_native, id=3276, stack(0x0000001c5dd00000,0x0000001c5de00000)]

Other Threads:
  0x0000015a2d5a3a30 VMThread "VM Thread" [stack: 0x0000001c5d000000,0x0000001c5d100000] [id=1492]
  0x0000015a139236a0 WatcherThread [stack: 0x0000001c5db00000,0x0000001c5dc00000] [id=11804]
  0x0000015a138fc0e0 GCTaskThread "GC Thread#0" [stack: 0x0000001c5cb00000,0x0000001c5cc00000] [id=14408]
  0x0000015a3286ea60 GCTaskThread "GC Thread#1" [stack: 0x0000001c5df00000,0x0000001c5e000000] [id=13172]
  0x0000015a322257a0 GCTaskThread "GC Thread#2" [stack: 0x0000001c5e000000,0x0000001c5e100000] [id=756]
  0x0000015a3210f6e0 GCTaskThread "GC Thread#3" [stack: 0x0000001c5e100000,0x0000001c5e200000] [id=13548]
  0x0000015a32761d00 GCTaskThread "GC Thread#4" [stack: 0x0000001c5e200000,0x0000001c5e300000] [id=8384]
  0x0000015a1390c8b0 ConcurrentGCThread "G1 Main Marker" [stack: 0x0000001c5cc00000,0x0000001c5cd00000] [id=14536]
  0x0000015a1390ee70 ConcurrentGCThread "G1 Conc#0" [stack: 0x0000001c5cd00000,0x0000001c5ce00000] [id=12032]
  0x0000015a13958ed0 ConcurrentGCThread "G1 Refine#0" [stack: 0x0000001c5ce00000,0x0000001c5cf00000] [id=18376]
  0x0000015a139597f0 ConcurrentGCThread "G1 Service" [stack: 0x0000001c5cf00000,0x0000001c5d000000] [id=12144]

Threads with active compile tasks:
C2 CompilerThread0     1397 1189       4       java.lang.String::replace (42 bytes)
C2 CompilerThread1     1397 1168 %     4       java.io.WinNTFileSystem::normalize @ 22 (143 bytes)

VM state: not at safepoint (normal execution)

VM Mutex/Monitor currently owned by a thread: None

Heap address: 0x0000000084c00000, size: 1972 MB, Compressed Oops mode: 32-bit

CDS archive(s) not mapped
Compressed class space mapped at: 0x0000000100000000-0x0000000140000000, reserved size: 1073741824
Narrow klass base: 0x0000000000000000, Narrow klass shift: 3, Narrow klass range: 0x140000000

GC Precious Log:
 CPUs: 8 total, 8 available
 Memory: 7885M
 Large Page Support: Disabled
 NUMA Support: Disabled
 Compressed Oops: Enabled (32-bit)
 Heap Region Size: 1M
 Heap Min Capacity: 8M
 Heap Initial Capacity: 124M
 Heap Max Capacity: 1972M
 Pre-touch: Disabled
 Parallel Workers: 8
 Concurrent Workers: 2
 Concurrent Refinement Workers: 8
 Periodic GC: Disabled

Heap:
 garbage-first heap   total 126976K, used 24497K [0x0000000084c00000, 0x0000000100000000)
  region size 1024K, 19 young (19456K), 3 survivors (3072K)
 Metaspace       used 15529K, committed 15744K, reserved 1114112K
  class space    used 1809K, committed 1920K, reserved 1048576K

Heap Regions: E=young(eden), S=young(survivor), O=old, HS=humongous(starts), HC=humongous(continues), CS=collection set, F=free, OA=open archive, CA=closed archive, TAMS=top-at-mark-start (previous, next)
|   0|0x0000000084c00000, 0x0000000084d00000, 0x0000000084d00000|100%|HS|  |TAMS 0x0000000084c00000, 0x0000000084c00000| Complete 
|   1|0x0000000084d00000, 0x0000000084e00000, 0x0000000084e00000|100%|HC|  |TAMS 0x0000000084d00000, 0x0000000084d00000| Complete 
|   2|0x0000000084e00000, 0x0000000084f00000, 0x0000000084f00000|100%|HC|  |TAMS 0x0000000084e00000, 0x0000000084e00000| Complete 
|   3|0x0000000084f00000, 0x0000000085000000, 0x0000000085000000|100%| O|  |TAMS 0x0000000084f00000, 0x0000000084f00000| Untracked 
|   4|0x0000000085000000, 0x0000000085100000, 0x0000000085100000|100%| O|  |TAMS 0x0000000085000000, 0x0000000085000000| Untracked 
|   5|0x0000000085100000, 0x00000000851ec400, 0x0000000085200000| 92%| O|  |TAMS 0x0000000085100000, 0x0000000085100000| Untracked 
|   6|0x0000000085200000, 0x0000000085200000, 0x0000000085300000|  0%| F|  |TAMS 0x0000000085200000, 0x0000000085200000| Untracked 
|   7|0x0000000085300000, 0x0000000085300000, 0x0000000085400000|  0%| F|  |TAMS 0x0000000085300000, 0x0000000085300000| Untracked 
|   8|0x0000000085400000, 0x0000000085400000, 0x0000000085500000|  0%| F|  |TAMS 0x0000000085400000, 0x0000000085400000| Untracked 
|   9|0x0000000085500000, 0x0000000085500000, 0x0000000085600000|  0%| F|  |TAMS 0x0000000085500000, 0x0000000085500000| Untracked 
|  10|0x0000000085600000, 0x0000000085600000, 0x0000000085700000|  0%| F|  |TAMS 0x0000000085600000, 0x0000000085600000| Untracked 
|  11|0x0000000085700000, 0x0000000085700000, 0x0000000085800000|  0%| F|  |TAMS 0x0000000085700000, 0x0000000085700000| Untracked 
|  12|0x0000000085800000, 0x0000000085800000, 0x0000000085900000|  0%| F|  |TAMS 0x0000000085800000, 0x0000000085800000| Untracked 
|  13|0x0000000085900000, 0x0000000085900000, 0x0000000085a00000|  0%| F|  |TAMS 0x0000000085900000, 0x0000000085900000| Untracked 
|  14|0x0000000085a00000, 0x0000000085a00000, 0x0000000085b00000|  0%| F|  |TAMS 0x0000000085a00000, 0x0000000085a00000| Untracked 
|  15|0x0000000085b00000, 0x0000000085b00000, 0x0000000085c00000|  0%| F|  |TAMS 0x0000000085b00000, 0x0000000085b00000| Untracked 
|  16|0x0000000085c00000, 0x0000000085c00000, 0x0000000085d00000|  0%| F|  |TAMS 0x0000000085c00000, 0x0000000085c00000| Untracked 
|  17|0x0000000085d00000, 0x0000000085d00000, 0x0000000085e00000|  0%| F|  |TAMS 0x0000000085d00000, 0x0000000085d00000| Untracked 
|  18|0x0000000085e00000, 0x0000000085e00000, 0x0000000085f00000|  0%| F|  |TAMS 0x0000000085e00000, 0x0000000085e00000| Untracked 
|  19|0x0000000085f00000, 0x0000000085f00000, 0x0000000086000000|  0%| F|  |TAMS 0x0000000085f00000, 0x0000000085f00000| Untracked 
|  20|0x0000000086000000, 0x0000000086000000, 0x0000000086100000|  0%| F|  |TAMS 0x0000000086000000, 0x0000000086000000| Untracked 
|  21|0x0000000086100000, 0x0000000086100000, 0x0000000086200000|  0%| F|  |TAMS 0x0000000086100000, 0x0000000086100000| Untracked 
|  22|0x0000000086200000, 0x0000000086200000, 0x0000000086300000|  0%| F|  |TAMS 0x0000000086200000, 0x0000000086200000| Untracked 
|  23|0x0000000086300000, 0x0000000086300000, 0x0000000086400000|  0%| F|  |TAMS 0x0000000086300000, 0x0000000086300000| Untracked 
|  24|0x0000000086400000, 0x0000000086400000, 0x0000000086500000|  0%| F|  |TAMS 0x0000000086400000, 0x0000000086400000| Untracked 
|  25|0x0000000086500000, 0x0000000086500000, 0x0000000086600000|  0%| F|  |TAMS 0x0000000086500000, 0x0000000086500000| Untracked 
|  26|0x0000000086600000, 0x0000000086600000, 0x0000000086700000|  0%| F|  |TAMS 0x0000000086600000, 0x0000000086600000| Untracked 
|  27|0x0000000086700000, 0x0000000086700000, 0x0000000086800000|  0%| F|  |TAMS 0x0000000086700000, 0x0000000086700000| Untracked 
|  28|0x0000000086800000, 0x0000000086800000, 0x0000000086900000|  0%| F|  |TAMS 0x0000000086800000, 0x0000000086800000| Untracked 
|  29|0x0000000086900000, 0x0000000086900000, 0x0000000086a00000|  0%| F|  |TAMS 0x0000000086900000, 0x0000000086900000| Untracked 
|  30|0x0000000086a00000, 0x0000000086a00000, 0x0000000086b00000|  0%| F|  |TAMS 0x0000000086a00000, 0x0000000086a00000| Untracked 
|  31|0x0000000086b00000, 0x0000000086b00000, 0x0000000086c00000|  0%| F|  |TAMS 0x0000000086b00000, 0x0000000086b00000| Untracked 
|  32|0x0000000086c00000, 0x0000000086c00000, 0x0000000086d00000|  0%| F|  |TAMS 0x0000000086c00000, 0x0000000086c00000| Untracked 
|  33|0x0000000086d00000, 0x0000000086d00000, 0x0000000086e00000|  0%| F|  |TAMS 0x0000000086d00000, 0x0000000086d00000| Untracked 
|  34|0x0000000086e00000, 0x0000000086e00000, 0x0000000086f00000|  0%| F|  |TAMS 0x0000000086e00000, 0x0000000086e00000| Untracked 
|  35|0x0000000086f00000, 0x0000000086f00000, 0x0000000087000000|  0%| F|  |TAMS 0x0000000086f00000, 0x0000000086f00000| Untracked 
|  36|0x0000000087000000, 0x0000000087000000, 0x0000000087100000|  0%| F|  |TAMS 0x0000000087000000, 0x0000000087000000| Untracked 
|  37|0x0000000087100000, 0x0000000087100000, 0x0000000087200000|  0%| F|  |TAMS 0x0000000087100000, 0x0000000087100000| Untracked 
|  38|0x0000000087200000, 0x0000000087200000, 0x0000000087300000|  0%| F|  |TAMS 0x0000000087200000, 0x0000000087200000| Untracked 
|  39|0x0000000087300000, 0x0000000087300000, 0x0000000087400000|  0%| F|  |TAMS 0x0000000087300000, 0x0000000087300000| Untracked 
|  40|0x0000000087400000, 0x0000000087400000, 0x0000000087500000|  0%| F|  |TAMS 0x0000000087400000, 0x0000000087400000| Untracked 
|  41|0x0000000087500000, 0x0000000087500000, 0x0000000087600000|  0%| F|  |TAMS 0x0000000087500000, 0x0000000087500000| Untracked 
|  42|0x0000000087600000, 0x0000000087600000, 0x0000000087700000|  0%| F|  |TAMS 0x0000000087600000, 0x0000000087600000| Untracked 
|  43|0x0000000087700000, 0x0000000087700000, 0x0000000087800000|  0%| F|  |TAMS 0x0000000087700000, 0x0000000087700000| Untracked 
|  44|0x0000000087800000, 0x0000000087800000, 0x0000000087900000|  0%| F|  |TAMS 0x0000000087800000, 0x0000000087800000| Untracked 
|  45|0x0000000087900000, 0x0000000087900000, 0x0000000087a00000|  0%| F|  |TAMS 0x0000000087900000, 0x0000000087900000| Untracked 
|  46|0x0000000087a00000, 0x0000000087a00000, 0x0000000087b00000|  0%| F|  |TAMS 0x0000000087a00000, 0x0000000087a00000| Untracked 
|  47|0x0000000087b00000, 0x0000000087b00000, 0x0000000087c00000|  0%| F|  |TAMS 0x0000000087b00000, 0x0000000087b00000| Untracked 
|  48|0x0000000087c00000, 0x0000000087c00000, 0x0000000087d00000|  0%| F|  |TAMS 0x0000000087c00000, 0x0000000087c00000| Untracked 
|  49|0x0000000087d00000, 0x0000000087d00000, 0x0000000087e00000|  0%| F|  |TAMS 0x0000000087d00000, 0x0000000087d00000| Untracked 
|  50|0x0000000087e00000, 0x0000000087e00000, 0x0000000087f00000|  0%| F|  |TAMS 0x0000000087e00000, 0x0000000087e00000| Untracked 
|  51|0x0000000087f00000, 0x0000000087f00000, 0x0000000088000000|  0%| F|  |TAMS 0x0000000087f00000, 0x0000000087f00000| Untracked 
|  52|0x0000000088000000, 0x0000000088000000, 0x0000000088100000|  0%| F|  |TAMS 0x0000000088000000, 0x0000000088000000| Untracked 
|  53|0x0000000088100000, 0x0000000088100000, 0x0000000088200000|  0%| F|  |TAMS 0x0000000088100000, 0x0000000088100000| Untracked 
|  54|0x0000000088200000, 0x0000000088200000, 0x0000000088300000|  0%| F|  |TAMS 0x0000000088200000, 0x0000000088200000| Untracked 
|  55|0x0000000088300000, 0x0000000088300000, 0x0000000088400000|  0%| F|  |TAMS 0x0000000088300000, 0x0000000088300000| Untracked 
|  56|0x0000000088400000, 0x0000000088400000, 0x0000000088500000|  0%| F|  |TAMS 0x0000000088400000, 0x0000000088400000| Untracked 
|  57|0x0000000088500000, 0x0000000088500000, 0x0000000088600000|  0%| F|  |TAMS 0x0000000088500000, 0x0000000088500000| Untracked 
|  58|0x0000000088600000, 0x0000000088600000, 0x0000000088700000|  0%| F|  |TAMS 0x0000000088600000, 0x0000000088600000| Untracked 
|  59|0x0000000088700000, 0x0000000088700000, 0x0000000088800000|  0%| F|  |TAMS 0x0000000088700000, 0x0000000088700000| Untracked 
|  60|0x0000000088800000, 0x0000000088800000, 0x0000000088900000|  0%| F|  |TAMS 0x0000000088800000, 0x0000000088800000| Untracked 
|  61|0x0000000088900000, 0x0000000088900000, 0x0000000088a00000|  0%| F|  |TAMS 0x0000000088900000, 0x0000000088900000| Untracked 
|  62|0x0000000088a00000, 0x0000000088a00000, 0x0000000088b00000|  0%| F|  |TAMS 0x0000000088a00000, 0x0000000088a00000| Untracked 
|  63|0x0000000088b00000, 0x0000000088b00000, 0x0000000088c00000|  0%| F|  |TAMS 0x0000000088b00000, 0x0000000088b00000| Untracked 
|  64|0x0000000088c00000, 0x0000000088c00000, 0x0000000088d00000|  0%| F|  |TAMS 0x0000000088c00000, 0x0000000088c00000| Untracked 
|  65|0x0000000088d00000, 0x0000000088d00000, 0x0000000088e00000|  0%| F|  |TAMS 0x0000000088d00000, 0x0000000088d00000| Untracked 
|  66|0x0000000088e00000, 0x0000000088e00000, 0x0000000088f00000|  0%| F|  |TAMS 0x0000000088e00000, 0x0000000088e00000| Untracked 
|  67|0x0000000088f00000, 0x0000000088f00000, 0x0000000089000000|  0%| F|  |TAMS 0x0000000088f00000, 0x0000000088f00000| Untracked 
|  68|0x0000000089000000, 0x0000000089000000, 0x0000000089100000|  0%| F|  |TAMS 0x0000000089000000, 0x0000000089000000| Untracked 
|  69|0x0000000089100000, 0x0000000089100000, 0x0000000089200000|  0%| F|  |TAMS 0x0000000089100000, 0x0000000089100000| Untracked 
|  70|0x0000000089200000, 0x0000000089200000, 0x0000000089300000|  0%| F|  |TAMS 0x0000000089200000, 0x0000000089200000| Untracked 
|  71|0x0000000089300000, 0x0000000089300000, 0x0000000089400000|  0%| F|  |TAMS 0x0000000089300000, 0x0000000089300000| Untracked 
|  72|0x0000000089400000, 0x0000000089400000, 0x0000000089500000|  0%| F|  |TAMS 0x0000000089400000, 0x0000000089400000| Untracked 
|  73|0x0000000089500000, 0x0000000089500000, 0x0000000089600000|  0%| F|  |TAMS 0x0000000089500000, 0x0000000089500000| Untracked 
|  74|0x0000000089600000, 0x0000000089600000, 0x0000000089700000|  0%| F|  |TAMS 0x0000000089600000, 0x0000000089600000| Untracked 
|  75|0x0000000089700000, 0x0000000089700000, 0x0000000089800000|  0%| F|  |TAMS 0x0000000089700000, 0x0000000089700000| Untracked 
|  76|0x0000000089800000, 0x0000000089800000, 0x0000000089900000|  0%| F|  |TAMS 0x0000000089800000, 0x0000000089800000| Untracked 
|  77|0x0000000089900000, 0x0000000089900000, 0x0000000089a00000|  0%| F|  |TAMS 0x0000000089900000, 0x0000000089900000| Untracked 
|  78|0x0000000089a00000, 0x0000000089a00000, 0x0000000089b00000|  0%| F|  |TAMS 0x0000000089a00000, 0x0000000089a00000| Untracked 
|  79|0x0000000089b00000, 0x0000000089b00000, 0x0000000089c00000|  0%| F|  |TAMS 0x0000000089b00000, 0x0000000089b00000| Untracked 
|  80|0x0000000089c00000, 0x0000000089c00000, 0x0000000089d00000|  0%| F|  |TAMS 0x0000000089c00000, 0x0000000089c00000| Untracked 
|  81|0x0000000089d00000, 0x0000000089d00000, 0x0000000089e00000|  0%| F|  |TAMS 0x0000000089d00000, 0x0000000089d00000| Untracked 
|  82|0x0000000089e00000, 0x0000000089e00000, 0x0000000089f00000|  0%| F|  |TAMS 0x0000000089e00000, 0x0000000089e00000| Untracked 
|  83|0x0000000089f00000, 0x0000000089f00000, 0x000000008a000000|  0%| F|  |TAMS 0x0000000089f00000, 0x0000000089f00000| Untracked 
|  84|0x000000008a000000, 0x000000008a000000, 0x000000008a100000|  0%| F|  |TAMS 0x000000008a000000, 0x000000008a000000| Untracked 
|  85|0x000000008a100000, 0x000000008a100000, 0x000000008a200000|  0%| F|  |TAMS 0x000000008a100000, 0x000000008a100000| Untracked 
|  86|0x000000008a200000, 0x000000008a200000, 0x000000008a300000|  0%| F|  |TAMS 0x000000008a200000, 0x000000008a200000| Untracked 
|  87|0x000000008a300000, 0x000000008a300000, 0x000000008a400000|  0%| F|  |TAMS 0x000000008a300000, 0x000000008a300000| Untracked 
|  88|0x000000008a400000, 0x000000008a400000, 0x000000008a500000|  0%| F|  |TAMS 0x000000008a400000, 0x000000008a400000| Untracked 
|  89|0x000000008a500000, 0x000000008a500000, 0x000000008a600000|  0%| F|  |TAMS 0x000000008a500000, 0x000000008a500000| Untracked 
|  90|0x000000008a600000, 0x000000008a600000, 0x000000008a700000|  0%| F|  |TAMS 0x000000008a600000, 0x000000008a600000| Untracked 
|  91|0x000000008a700000, 0x000000008a700000, 0x000000008a800000|  0%| F|  |TAMS 0x000000008a700000, 0x000000008a700000| Untracked 
|  92|0x000000008a800000, 0x000000008a800000, 0x000000008a900000|  0%| F|  |TAMS 0x000000008a800000, 0x000000008a800000| Untracked 
|  93|0x000000008a900000, 0x000000008a900000, 0x000000008aa00000|  0%| F|  |TAMS 0x000000008a900000, 0x000000008a900000| Untracked 
|  94|0x000000008aa00000, 0x000000008aa00000, 0x000000008ab00000|  0%| F|  |TAMS 0x000000008aa00000, 0x000000008aa00000| Untracked 
|  95|0x000000008ab00000, 0x000000008ab00000, 0x000000008ac00000|  0%| F|  |TAMS 0x000000008ab00000, 0x000000008ab00000| Untracked 
|  96|0x000000008ac00000, 0x000000008ac00000, 0x000000008ad00000|  0%| F|  |TAMS 0x000000008ac00000, 0x000000008ac00000| Untracked 
|  97|0x000000008ad00000, 0x000000008ad00000, 0x000000008ae00000|  0%| F|  |TAMS 0x000000008ad00000, 0x000000008ad00000| Untracked 
|  98|0x000000008ae00000, 0x000000008af00000, 0x000000008af00000|100%| S|CS|TAMS 0x000000008ae00000, 0x000000008ae00000| Complete 
|  99|0x000000008af00000, 0x000000008b000000, 0x000000008b000000|100%| S|CS|TAMS 0x000000008af00000, 0x000000008af00000| Complete 
| 100|0x000000008b000000, 0x000000008b100000, 0x000000008b100000|100%| S|CS|TAMS 0x000000008b000000, 0x000000008b000000| Complete 
| 101|0x000000008b100000, 0x000000008b100000, 0x000000008b200000|  0%| F|  |TAMS 0x000000008b100000, 0x000000008b100000| Untracked 
| 102|0x000000008b200000, 0x000000008b200000, 0x000000008b300000|  0%| F|  |TAMS 0x000000008b200000, 0x000000008b200000| Untracked 
| 103|0x000000008b300000, 0x000000008b300000, 0x000000008b400000|  0%| F|  |TAMS 0x000000008b300000, 0x000000008b300000| Untracked 
| 104|0x000000008b400000, 0x000000008b400000, 0x000000008b500000|  0%| F|  |TAMS 0x000000008b400000, 0x000000008b400000| Untracked 
| 105|0x000000008b500000, 0x000000008b500000, 0x000000008b600000|  0%| F|  |TAMS 0x000000008b500000, 0x000000008b500000| Untracked 
| 106|0x000000008b600000, 0x000000008b600000, 0x000000008b700000|  0%| F|  |TAMS 0x000000008b600000, 0x000000008b600000| Untracked 
| 107|0x000000008b700000, 0x000000008b700000, 0x000000008b800000|  0%| F|  |TAMS 0x000000008b700000, 0x000000008b700000| Untracked 
| 108|0x000000008b800000, 0x000000008b887c10, 0x000000008b900000| 53%| E|  |TAMS 0x000000008b800000, 0x000000008b800000| Complete 
| 109|0x000000008b900000, 0x000000008ba00000, 0x000000008ba00000|100%| E|CS|TAMS 0x000000008b900000, 0x000000008b900000| Complete 
| 110|0x000000008ba00000, 0x000000008bb00000, 0x000000008bb00000|100%| E|CS|TAMS 0x000000008ba00000, 0x000000008ba00000| Complete 
| 111|0x000000008bb00000, 0x000000008bc00000, 0x000000008bc00000|100%| E|CS|TAMS 0x000000008bb00000, 0x000000008bb00000| Complete 
| 112|0x000000008bc00000, 0x000000008bd00000, 0x000000008bd00000|100%| E|CS|TAMS 0x000000008bc00000, 0x000000008bc00000| Complete 
| 113|0x000000008bd00000, 0x000000008be00000, 0x000000008be00000|100%| E|CS|TAMS 0x000000008bd00000, 0x000000008bd00000| Complete 
| 114|0x000000008be00000, 0x000000008bf00000, 0x000000008bf00000|100%| E|CS|TAMS 0x000000008be00000, 0x000000008be00000| Complete 
| 115|0x000000008bf00000, 0x000000008c000000, 0x000000008c000000|100%| E|CS|TAMS 0x000000008bf00000, 0x000000008bf00000| Complete 
| 116|0x000000008c000000, 0x000000008c100000, 0x000000008c100000|100%| E|CS|TAMS 0x000000008c000000, 0x000000008c000000| Complete 
| 117|0x000000008c100000, 0x000000008c200000, 0x000000008c200000|100%| E|CS|TAMS 0x000000008c100000, 0x000000008c100000| Complete 
| 118|0x000000008c200000, 0x000000008c300000, 0x000000008c300000|100%| E|CS|TAMS 0x000000008c200000, 0x000000008c200000| Complete 
| 119|0x000000008c300000, 0x000000008c400000, 0x000000008c400000|100%| E|CS|TAMS 0x000000008c300000, 0x000000008c300000| Complete 
| 120|0x000000008c400000, 0x000000008c500000, 0x000000008c500000|100%| E|CS|TAMS 0x000000008c400000, 0x000000008c400000| Complete 
| 121|0x000000008c500000, 0x000000008c600000, 0x000000008c600000|100%| E|CS|TAMS 0x000000008c500000, 0x000000008c500000| Complete 
| 122|0x000000008c600000, 0x000000008c700000, 0x000000008c700000|100%| E|CS|TAMS 0x000000008c600000, 0x000000008c600000| Complete 
| 123|0x000000008c700000, 0x000000008c800000, 0x000000008c800000|100%| E|CS|TAMS 0x000000008c700000, 0x000000008c700000| Complete 

Card table byte_map: [0x0000015a26480000,0x0000015a26860000] _byte_map_base: 0x0000015a2605a000

Marking Bits (Prev, Next): (CMBitMap*) 0x0000015a138fc6f0, (CMBitMap*) 0x0000015a138fc730
 Prev Bits: [0x0000015a26c40000, 0x0000015a28b10000)
 Next Bits: [0x0000015a28b10000, 0x0000015a2a9e0000)

Polling page: 0x0000015a11890000

Metaspace:

Usage:
  Non-class:     13.41 MB used.
      Class:      1.77 MB used.
       Both:     15.18 MB used.

Virtual space:
  Non-class space:       64.00 MB reserved,      13.50 MB ( 21%) committed,  1 nodes.
      Class space:        1.00 GB reserved,       1.88 MB ( <1%) committed,  1 nodes.
             Both:        1.06 GB reserved,      15.38 MB (  1%) committed. 

Chunk freelists:
   Non-Class:  1.92 MB
       Class:  14.17 MB
        Both:  16.09 MB

MaxMetaspaceSize: unlimited
CompressedClassSpaceSize: 1.00 GB
Initial GC threshold: 21.00 MB
Current GC threshold: 21.00 MB
CDS: off
MetaspaceReclaimPolicy: balanced
 - commit_granule_bytes: 65536.
 - commit_granule_words: 8192.
 - virtual_space_node_default_size: 8388608.
 - enlarge_chunks_in_place: 1.
 - new_chunks_are_fully_committed: 0.
 - uncommit_free_chunks: 1.
 - use_allocation_guard: 0.
 - handle_deallocations: 1.


Internal statistics:

num_allocs_failed_limit: 0.
num_arena_births: 72.
num_arena_deaths: 0.
num_vsnodes_births: 2.
num_vsnodes_deaths: 0.
num_space_committed: 246.
num_space_uncommitted: 0.
num_chunks_returned_to_freelist: 0.
num_chunks_taken_from_freelist: 284.
num_chunk_merges: 0.
num_chunk_splits: 194.
num_chunks_enlarged: 164.
num_inconsistent_stats: 0.

CodeHeap 'non-profiled nmethods': size=120000Kb used=467Kb max_used=467Kb free=119532Kb
 bounds [0x0000015a1e840000, 0x0000015a1eab0000, 0x0000015a25d70000]
CodeHeap 'profiled nmethods': size=120000Kb used=2268Kb max_used=2268Kb free=117732Kb
 bounds [0x0000015a16d70000, 0x0000015a16fe0000, 0x0000015a1e2a0000]
CodeHeap 'non-nmethods': size=5760Kb used=1167Kb max_used=1182Kb free=4592Kb
 bounds [0x0000015a1e2a0000, 0x0000015a1e510000, 0x0000015a1e840000]
 total_blobs=1638 nmethods=1187 adapters=364
 compilation: enabled
              stopped_count=0, restarted_count=0
 full_count=0

Compilation events (20 events):
Event: 1.363 Thread 0x0000015a2d5d2880 nmethod 1178 0x0000015a16f9c390 code [0x0000015a16f9c540, 0x0000015a16f9c7d8]
Event: 1.363 Thread 0x0000015a2d5d1e90 nmethod 1162 0x0000015a1e8b2f10 code [0x0000015a1e8b30c0, 0x0000015a1e8b3738]
Event: 1.363 Thread 0x0000015a2d5d1e90 1169       4       java.lang.String$CaseInsensitiveComparator::compare (68 bytes)
Event: 1.369 Thread 0x0000015a2d5d2880 1179       1       org.gradle.internal.io.StreamByteBuffer::access$000 (5 bytes)
Event: 1.370 Thread 0x0000015a2d5d2880 nmethod 1179 0x0000015a1e8b3c90 code [0x0000015a1e8b3e20, 0x0000015a1e8b3ed8]
Event: 1.370 Thread 0x0000015a2d5d2880 1182       3       org.gradle.internal.io.StreamByteBuffer::allocateSpace (73 bytes)
Event: 1.370 Thread 0x0000015a2d5d2880 nmethod 1182 0x0000015a16f9c890 code [0x0000015a16f9caa0, 0x0000015a16f9d208]
Event: 1.370 Thread 0x0000015a2d5d2880 1180       3       org.gradle.internal.stream.EncodedStream::access$000 (4 bytes)
Event: 1.370 Thread 0x0000015a2d5d2880 nmethod 1180 0x0000015a16f9d510 code [0x0000015a16f9d6a0, 0x0000015a16f9d798]
Event: 1.370 Thread 0x0000015a2d5d2880 1181       3       org.gradle.internal.io.StreamByteBuffer$StreamByteBufferOutputStream::write (22 bytes)
Event: 1.371 Thread 0x0000015a2d5d2880 nmethod 1181 0x0000015a16f9d810 code [0x0000015a16f9d9c0, 0x0000015a16f9db98]
Event: 1.371 Thread 0x0000015a2d5d2880 1183       3       org.gradle.internal.io.StreamByteBuffer$StreamByteBufferChunk::spaceLeft (10 bytes)
Event: 1.371 Thread 0x0000015a2d5d2880 nmethod 1183 0x0000015a16f9dd10 code [0x0000015a16f9dea0, 0x0000015a16f9dfb8]
Event: 1.371 Thread 0x0000015a2d5d2880 1184       3       org.gradle.internal.io.StreamByteBuffer$StreamByteBufferChunk::write (32 bytes)
Event: 1.371 Thread 0x0000015a2d5d2880 nmethod 1184 0x0000015a16f9e090 code [0x0000015a16f9e240, 0x0000015a16f9e3f8]
Event: 1.371 Thread 0x0000015a2d5d2880 1185       3       org.gradle.internal.stream.EncodedStream$EncodedOutput::write (33 bytes)
Event: 1.371 Thread 0x0000015a2d5d2880 nmethod 1185 0x0000015a16f9e510 code [0x0000015a16f9e6e0, 0x0000015a16f9ea78]
Event: 1.371 Thread 0x0000015a2d5d1e90 nmethod 1169 0x0000015a1e8b3f90 code [0x0000015a1e8b4120, 0x0000015a1e8b4738]
Event: 1.372 Thread 0x0000015a2d5d1e90 1171       4       java.util.Objects::requireNonNull (15 bytes)
Event: 1.372 Thread 0x0000015a2d5d1e90 nmethod 1171 0x0000015a1e8b4b90 code [0x0000015a1e8b4d00, 0x0000015a1e8b4d78]

GC Heap History (2 events):
Event: 0.861 GC heap before
{Heap before GC invocations=0 (full 0):
 garbage-first heap   total 126976K, used 25600K [0x0000000084c00000, 0x0000000100000000)
  region size 1024K, 23 young (23552K), 0 survivors (0K)
 Metaspace       used 11513K, committed 11648K, reserved 1114112K
  class space    used 1230K, committed 1280K, reserved 1048576K
}
Event: 0.866 GC heap after
{Heap after GC invocations=1 (full 0):
 garbage-first heap   total 126976K, used 9137K [0x0000000084c00000, 0x0000000100000000)
  region size 1024K, 3 young (3072K), 3 survivors (3072K)
 Metaspace       used 11513K, committed 11648K, reserved 1114112K
  class space    used 1230K, committed 1280K, reserved 1048576K
}

Dll operation events (2 events):
Event: 0.010 Loaded shared library C:\Program Files\Android\Android Studio\jbr\bin\java.dll
Event: 0.148 Loaded shared library C:\Program Files\Android\Android Studio\jbr\bin\verify.dll

Deoptimization events (20 events):
Event: 1.352 Thread 0x0000015a138a2b30 DEOPT PACKING pc=0x0000015a16e1cd37 sp=0x0000001c5cafc730
Event: 1.352 Thread 0x0000015a138a2b30 DEOPT UNPACKING pc=0x0000015a1e2face3 sp=0x0000001c5cafbbf8 mode 0
Event: 1.352 Thread 0x0000015a138a2b30 DEOPT PACKING pc=0x0000015a16e1cd37 sp=0x0000001c5cafc730
Event: 1.352 Thread 0x0000015a138a2b30 DEOPT UNPACKING pc=0x0000015a1e2face3 sp=0x0000001c5cafbbf8 mode 0
Event: 1.352 Thread 0x0000015a138a2b30 DEOPT PACKING pc=0x0000015a16e1cd37 sp=0x0000001c5cafc730
Event: 1.352 Thread 0x0000015a138a2b30 DEOPT UNPACKING pc=0x0000015a1e2face3 sp=0x0000001c5cafbbf8 mode 0
Event: 1.352 Thread 0x0000015a138a2b30 DEOPT PACKING pc=0x0000015a16e1cd37 sp=0x0000001c5cafc730
Event: 1.352 Thread 0x0000015a138a2b30 DEOPT UNPACKING pc=0x0000015a1e2face3 sp=0x0000001c5cafbbf8 mode 0
Event: 1.352 Thread 0x0000015a138a2b30 DEOPT PACKING pc=0x0000015a16e1cd37 sp=0x0000001c5cafc730
Event: 1.352 Thread 0x0000015a138a2b30 DEOPT UNPACKING pc=0x0000015a1e2face3 sp=0x0000001c5cafbbf8 mode 0
Event: 1.353 Thread 0x0000015a138a2b30 DEOPT PACKING pc=0x0000015a16e1cd37 sp=0x0000001c5cafc730
Event: 1.353 Thread 0x0000015a138a2b30 DEOPT UNPACKING pc=0x0000015a1e2face3 sp=0x0000001c5cafbbf8 mode 0
Event: 1.353 Thread 0x0000015a138a2b30 DEOPT PACKING pc=0x0000015a16e1cd37 sp=0x0000001c5cafc730
Event: 1.353 Thread 0x0000015a138a2b30 DEOPT UNPACKING pc=0x0000015a1e2face3 sp=0x0000001c5cafbbf8 mode 0
Event: 1.353 Thread 0x0000015a138a2b30 DEOPT PACKING pc=0x0000015a16e1cd37 sp=0x0000001c5cafc730
Event: 1.353 Thread 0x0000015a138a2b30 DEOPT UNPACKING pc=0x0000015a1e2face3 sp=0x0000001c5cafbbf8 mode 0
Event: 1.353 Thread 0x0000015a138a2b30 DEOPT PACKING pc=0x0000015a16e1cd37 sp=0x0000001c5cafc730
Event: 1.353 Thread 0x0000015a138a2b30 DEOPT UNPACKING pc=0x0000015a1e2face3 sp=0x0000001c5cafbbf8 mode 0
Event: 1.354 Thread 0x0000015a138a2b30 DEOPT PACKING pc=0x0000015a16e1cd37 sp=0x0000001c5cafc730
Event: 1.354 Thread 0x0000015a138a2b30 DEOPT UNPACKING pc=0x0000015a1e2face3 sp=0x0000001c5cafbbf8 mode 0

Classes unloaded (0 events):
No events

Classes redefined (0 events):
No events

Internal exceptions (16 events):
Event: 0.305 Thread 0x0000015a138a2b30 Exception <a 'java/lang/NoSuchMethodError'{0x000000008c42a030}: 'int java.lang.invoke.DirectMethodHandle$Holder.invokeStaticInit(java.lang.Object, java.lang.Object)'> (0x000000008c42a030) 
thrown [s\src\hotspot\share\interpreter\linkResolver.cpp, line 771]
Event: 0.784 Thread 0x0000015a138a2b30 Exception <a 'java/lang/NoSuchMethodError'{0x000000008b3521e0}: 'void java.lang.invoke.DirectMethodHandle$Holder.invokeStatic(java.lang.Object, java.lang.Object)'> (0x000000008b3521e0) 
thrown [s\src\hotspot\share\interpreter\linkResolver.cpp, line 771]
Event: 0.803 Thread 0x0000015a138a2b30 Exception <a 'java/lang/NoClassDefFoundError'{0x000000008b3da968}: org/slf4j/impl/StaticMarkerBinder> (0x000000008b3da968) 
thrown [s\src\hotspot\share\classfile\systemDictionary.cpp, line 245]
Event: 0.816 Thread 0x0000015a138a2b30 Exception <a 'java/lang/NoSuchMethodError'{0x000000008b277a88}: 'java.lang.Object java.lang.invoke.DirectMethodHandle$Holder.invokeVirtual(java.lang.Object, java.lang.Object, java.lang.Object, java.lang.Object, java.lang.Object, java.lang.Object, java.lang.Object)'> (0x000000008b277a88) 
thrown [s\src\hotspot\share\interpreter\linkResolver.cpp, line 771]
Event: 0.818 Thread 0x0000015a138a2b30 Exception <a 'java/lang/NoSuchMethodError'{0x000000008b289628}: 'java.lang.Object java.lang.invoke.Invokers$Holder.invoker(java.lang.Object, java.lang.Object, java.lang.Object)'> (0x000000008b289628) 
thrown [s\src\hotspot\share\interpreter\linkResolver.cpp, line 771]
Event: 0.822 Thread 0x0000015a138a2b30 Exception <a 'java/lang/NoSuchMethodError'{0x000000008b2926d0}: 'java.lang.Object java.lang.invoke.DirectMethodHandle$Holder.invokeStatic(java.lang.Object, java.lang.Object, int)'> (0x000000008b2926d0) 
thrown [s\src\hotspot\share\interpreter\linkResolver.cpp, line 771]
Event: 0.823 Thread 0x0000015a138a2b30 Exception <a 'java/lang/NoSuchMethodError'{0x000000008b29e3c0}: 'void java.lang.invoke.DelegatingMethodHandle$Holder.delegate(java.lang.Object, java.lang.Object, int, java.lang.Object)'> (0x000000008b29e3c0) 
thrown [s\src\hotspot\share\interpreter\linkResolver.cpp, line 771]
Event: 0.824 Thread 0x0000015a138a2b30 Exception <a 'java/lang/NoSuchMethodError'{0x000000008b2a2508}: 'int java.lang.invoke.DirectMethodHandle$Holder.invokeSpecial(java.lang.Object, java.lang.Object, java.lang.Object)'> (0x000000008b2a2508) 
thrown [s\src\hotspot\share\interpreter\linkResolver.cpp, line 771]
Event: 0.826 Thread 0x0000015a138a2b30 Exception <a 'java/lang/NoSuchMethodError'{0x000000008b2b56c0}: 'java.lang.Object java.lang.invoke.Invokers$Holder.invokeExact_MT(java.lang.Object, java.lang.Object, java.lang.Object, java.lang.Object)'> (0x000000008b2b56c0) 
thrown [s\src\hotspot\share\interpreter\linkResolver.cpp, line 771]
Event: 0.948 Thread 0x0000015a138a2b30 Exception <a 'java/lang/NoSuchMethodError'{0x000000008c496c40}: 'void java.lang.invoke.DirectMethodHandle$Holder.invokeSpecial(java.lang.Object, java.lang.Object, java.lang.Object)'> (0x000000008c496c40) 
thrown [s\src\hotspot\share\interpreter\linkResolver.cpp, line 771]
Event: 0.961 Thread 0x0000015a138a2b30 Implicit null exception at 0x0000015a1e88ba13 to 0x0000015a1e88be4c
Event: 0.961 Thread 0x0000015a138a2b30 Implicit null exception at 0x0000015a1e87f111 to 0x0000015a1e87f52c
Event: 0.986 Thread 0x0000015a138a2b30 Exception <a 'java/lang/NoSuchMethodError'{0x000000008c235640}: 'java.lang.Object java.lang.invoke.DirectMethodHandle$Holder.invokeStaticInit(java.lang.Object)'> (0x000000008c235640) 
thrown [s\src\hotspot\share\interpreter\linkResolver.cpp, line 771]
Event: 1.087 Thread 0x0000015a138a2b30 Exception <a 'java/lang/NoSuchMethodError'{0x000000008be3c488}: 'java.lang.Object java.lang.invoke.DirectMethodHandle$Holder.invokeStaticInit(java.lang.Object, int, int, int, int)'> (0x000000008be3c488) 
thrown [s\src\hotspot\share\interpreter\linkResolver.cpp, line 771]
Event: 1.171 Thread 0x0000015a138a2b30 Exception <a 'java/lang/NoSuchMethodError'{0x000000008bebc088}: 'java.lang.Object java.lang.invoke.DirectMethodHandle$Holder.invokeStaticInit(java.lang.Object, java.lang.Object, int, int, int, int)'> (0x000000008bebc088) 
thrown [s\src\hotspot\share\interpreter\linkResolver.cpp, line 771]
Event: 1.290 Thread 0x0000015a138a2b30 Exception <a 'java/lang/NoSuchMethodError'{0x000000008bee8bc8}: 'void java.lang.invoke.DirectMethodHandle$Holder.invokeStatic(java.lang.Object, java.lang.Object, java.lang.Object)'> (0x000000008bee8bc8) 
thrown [s\src\hotspot\share\interpreter\linkResolver.cpp, line 771]

VM Operations (14 events):
Event: 0.142 Executing VM operation: HandshakeAllThreads
Event: 0.142 Executing VM operation: HandshakeAllThreads done
Event: 0.690 Executing VM operation: HandshakeAllThreads
Event: 0.690 Executing VM operation: HandshakeAllThreads done
Event: 0.821 Executing VM operation: HandshakeAllThreads
Event: 0.821 Executing VM operation: HandshakeAllThreads done
Event: 0.832 Executing VM operation: ICBufferFull
Event: 0.832 Executing VM operation: ICBufferFull done
Event: 0.860 Executing VM operation: G1CollectForAllocation
Event: 0.867 Executing VM operation: G1CollectForAllocation done
Event: 1.050 Executing VM operation: HandshakeAllThreads
Event: 1.050 Executing VM operation: HandshakeAllThreads done
Event: 1.133 Executing VM operation: HandshakeAllThreads
Event: 1.133 Executing VM operation: HandshakeAllThreads done

Events (20 events):
Event: 1.292 loading class sun/nio/ch/ExtendedSocketOption done
Event: 1.292 loading class sun/nio/ch/ExtendedSocketOption$1
Event: 1.292 loading class sun/nio/ch/ExtendedSocketOption$1 done
Event: 1.296 loading class java/nio/channels/OverlappingFileLockException
Event: 1.296 loading class java/nio/channels/OverlappingFileLockException done
Event: 1.296 loading class java/io/EOFException
Event: 1.296 loading class java/io/EOFException done
Event: 1.298 loading class java/io/DataInputStream
Event: 1.298 loading class java/io/DataInputStream done
Event: 1.308 loading class java/io/DataOutputStream
Event: 1.308 loading class java/io/DataOutputStream done
Event: 1.311 loading class java/io/FileOutputStream$1
Event: 1.311 loading class java/io/FileOutputStream$1 done
Event: 1.312 loading class java/util/Arrays$LegacyMergeSort
Event: 1.312 loading class java/util/Arrays$LegacyMergeSort done
Event: 1.312 loading class java/util/TimSort
Event: 1.312 loading class java/util/TimSort done
Event: 1.354 Thread 0x0000015a32be4300 Thread added: 0x0000015a32be4300
Event: 1.366 loading class java/nio/charset/CharacterCodingException
Event: 1.366 loading class java/nio/charset/CharacterCodingException done


Dynamic libraries:
0x00007ff7be6c0000 - 0x00007ff7be6ca000 	C:\Program Files\Android\Android Studio\jbr\bin\java.exe
0x00007ff9202b0000 - 0x00007ff9204c7000 	C:\WINDOWS\SYSTEM32\ntdll.dll
0x00007ff91dfe0000 - 0x00007ff91e0a4000 	C:\WINDOWS\System32\KERNEL32.DLL
0x00007ff91d6a0000 - 0x00007ff91da57000 	C:\WINDOWS\System32\KERNELBASE.dll
0x00007ff91dc70000 - 0x00007ff91dd81000 	C:\WINDOWS\System32\ucrtbase.dll
0x00007ff8f13f0000 - 0x00007ff8f140b000 	C:\Program Files\Android\Android Studio\jbr\bin\VCRUNTIME140.dll
0x00007ff8efc10000 - 0x00007ff8efc27000 	C:\Program Files\Android\Android Studio\jbr\bin\jli.dll
0x00007ff91ea90000 - 0x00007ff91ec3f000 	C:\WINDOWS\System32\USER32.dll
0x00007ff912960000 - 0x00007ff912bf3000 	C:\WINDOWS\WinSxS\amd64_microsoft.windows.common-controls_6595b64144ccf1df_6.0.22621.3672_none_2713b9d173822955\COMCTL32.dll
0x00007ff91d5f0000 - 0x00007ff91d616000 	C:\WINDOWS\System32\win32u.dll
0x00007ff9200a0000 - 0x00007ff920147000 	C:\WINDOWS\System32\msvcrt.dll
0x00007ff91e0b0000 - 0x00007ff91e0d9000 	C:\WINDOWS\System32\GDI32.dll
0x00007ff91dec0000 - 0x00007ff91dfd8000 	C:\WINDOWS\System32\gdi32full.dll
0x00007ff91da60000 - 0x00007ff91dafa000 	C:\WINDOWS\System32\msvcp_win.dll
0x00007ff91ee40000 - 0x00007ff91ee71000 	C:\WINDOWS\System32\IMM32.DLL
0x00007ff909b00000 - 0x00007ff909b0c000 	C:\Program Files\Android\Android Studio\jbr\bin\vcruntime140_1.dll
0x00007ff8b99f0000 - 0x00007ff8b9a7d000 	C:\Program Files\Android\Android Studio\jbr\bin\msvcp140.dll
0x00007ff8abb80000 - 0x00007ff8ac800000 	C:\Program Files\Android\Android Studio\jbr\bin\server\jvm.dll
0x00007ff91eca0000 - 0x00007ff91ed52000 	C:\WINDOWS\System32\ADVAPI32.dll
0x00007ff91ef00000 - 0x00007ff91efa8000 	C:\WINDOWS\System32\sechost.dll
0x00007ff91d5c0000 - 0x00007ff91d5e8000 	C:\WINDOWS\System32\bcrypt.dll
0x00007ff920150000 - 0x00007ff920264000 	C:\WINDOWS\System32\RPCRT4.dll
0x00007ff901a20000 - 0x00007ff901a29000 	C:\WINDOWS\SYSTEM32\WSOCK32.dll
0x00007ff918b90000 - 0x00007ff918bc4000 	C:\WINDOWS\SYSTEM32\WINMM.dll
0x00007ff91e9f0000 - 0x00007ff91ea61000 	C:\WINDOWS\System32\WS2_32.dll
0x00007ff9135a0000 - 0x00007ff9135aa000 	C:\WINDOWS\SYSTEM32\VERSION.dll
0x00007ff91c700000 - 0x00007ff91c718000 	C:\WINDOWS\SYSTEM32\kernel.appcore.dll
0x00007ff909320000 - 0x00007ff90932a000 	C:\Program Files\Android\Android Studio\jbr\bin\jimage.dll
0x00007ff9150d0000 - 0x00007ff915302000 	C:\WINDOWS\SYSTEM32\DBGHELP.DLL
0x00007ff91fb10000 - 0x00007ff91fe9e000 	C:\WINDOWS\System32\combase.dll
0x00007ff91ed60000 - 0x00007ff91ee37000 	C:\WINDOWS\System32\OLEAUT32.dll
0x00007ff914630000 - 0x00007ff914662000 	C:\WINDOWS\SYSTEM32\dbgcore.DLL
0x00007ff91d620000 - 0x00007ff91d69b000 	C:\WINDOWS\System32\bcryptPrimitives.dll
0x00007ff8ea7b0000 - 0x00007ff8ea7d5000 	C:\Program Files\Android\Android Studio\jbr\bin\java.dll
0x00007ff8efbf0000 - 0x00007ff8efc08000 	C:\Program Files\Android\Android Studio\jbr\bin\zip.dll
0x00007ff91e180000 - 0x00007ff91e9e9000 	C:\WINDOWS\System32\SHELL32.dll
0x00007ff91b530000 - 0x00007ff91be2f000 	C:\WINDOWS\SYSTEM32\windows.storage.dll
0x00007ff91b3f0000 - 0x00007ff91b52f000 	C:\WINDOWS\SYSTEM32\wintypes.dll
0x00007ff91f280000 - 0x00007ff91f379000 	C:\WINDOWS\System32\SHCORE.dll
0x00007ff91f060000 - 0x00007ff91f0be000 	C:\WINDOWS\System32\shlwapi.dll
0x00007ff91d4f0000 - 0x00007ff91d517000 	C:\WINDOWS\SYSTEM32\profapi.dll
0x00007ff8eed30000 - 0x00007ff8eed49000 	C:\Program Files\Android\Android Studio\jbr\bin\net.dll
0x00007ff919720000 - 0x00007ff919856000 	C:\WINDOWS\SYSTEM32\WINHTTP.dll
0x00007ff91cb70000 - 0x00007ff91cbd9000 	C:\WINDOWS\system32\mswsock.dll
0x00007ff8ec480000 - 0x00007ff8ec496000 	C:\Program Files\Android\Android Studio\jbr\bin\nio.dll
0x00007ff9076f0000 - 0x00007ff907700000 	C:\Program Files\Android\Android Studio\jbr\bin\verify.dll
0x00007ff8e7ff0000 - 0x00007ff8e8017000 	C:\Users\vivob\.gradle\native\c067742578af261105cb4f569cf0c3c89f3d7b1fecec35dd04571415982c5e48\windows-amd64\native-platform.dll
0x00007ff907550000 - 0x00007ff907559000 	C:\Program Files\Android\Android Studio\jbr\bin\management.dll
0x00007ff9058a0000 - 0x00007ff9058ab000 	C:\Program Files\Android\Android Studio\jbr\bin\management_ext.dll
0x00007ff91f400000 - 0x00007ff91f408000 	C:\WINDOWS\System32\PSAPI.DLL
0x00007ff91cdc0000 - 0x00007ff91cddb000 	C:\WINDOWS\SYSTEM32\CRYPTSP.dll
0x00007ff91c5f0000 - 0x00007ff91c625000 	C:\WINDOWS\system32\rsaenh.dll
0x00007ff91cc60000 - 0x00007ff91cc88000 	C:\WINDOWS\SYSTEM32\USERENV.dll
0x00007ff91cde0000 - 0x00007ff91cdec000 	C:\WINDOWS\SYSTEM32\CRYPTBASE.dll
0x00007ff91c090000 - 0x00007ff91c0bd000 	C:\WINDOWS\SYSTEM32\IPHLPAPI.DLL
0x00007ff91ee90000 - 0x00007ff91ee99000 	C:\WINDOWS\System32\NSI.dll
0x00007ff918690000 - 0x00007ff9186a9000 	C:\WINDOWS\SYSTEM32\dhcpcsvc6.DLL
0x00007ff918480000 - 0x00007ff91849f000 	C:\WINDOWS\SYSTEM32\dhcpcsvc.DLL
0x00007ff91c100000 - 0x00007ff91c202000 	C:\WINDOWS\SYSTEM32\DNSAPI.dll

dbghelp: loaded successfully - version: 4.0.5 - missing functions: none
symbol engine: initialized successfully - sym options: 0x614 - pdb path: .;C:\Program Files\Android\Android Studio\jbr\bin;C:\WINDOWS\SYSTEM32;C:\WINDOWS\WinSxS\amd64_microsoft.windows.common-controls_6595b64144ccf1df_6.0.22621.3672_none_2713b9d173822955;C:\Program Files\Android\Android Studio\jbr\bin\server;C:\Users\vivob\.gradle\native\c067742578af261105cb4f569cf0c3c89f3d7b1fecec35dd04571415982c5e48\windows-amd64

VM Arguments:
jvm_args: -Dorg.gradle.appname=gradlew 
java_command: org.gradle.wrapper.GradleWrapperMain -q -Ptarget-platform=android-x64 -Ptarget=C:\src\latihan_aplikasi\lib\main.dart -Pbase-application-name=android.app.Application -Pdart-defines=RkxVVFRFUl9XRUJfQVVUT19ERVRFQ1Q9dHJ1ZQ==,RkxVVFRFUl9XRUJfQ0FOVkFTS0lUX1VSTD1odHRwczovL3d3dy5nc3RhdGljLmNvbS9mbHV0dGVyLWNhbnZhc2tpdC8wNDgxN2M5OWM5ZmQ0OTU2ZjI3NTA1MjA0ZjdlMzQ0MzM1ODEwYWVkLw== -Pdart-obfuscation=false -Ptrack-widget-creation=true -Ptree-shake-icons=false -Pfilesystem-scheme=org-dartlang-root assembleDebug
java_class_path (initial): C:\src\latihan_aplikasi\android\\gradle\wrapper\gradle-wrapper.jar
Launcher Type: SUN_STANDARD

[Global flags]
     intx CICompilerCount                          = 4                                         {product} {ergonomic}
     uint ConcGCThreads                            = 2                                         {product} {ergonomic}
     uint G1ConcRefinementThreads                  = 8                                         {product} {ergonomic}
   size_t G1HeapRegionSize                         = 1048576                                   {product} {ergonomic}
    uintx GCDrainStackTargetSize                   = 64                                        {product} {ergonomic}
   size_t InitialHeapSize                          = 130023424                                 {product} {ergonomic}
   size_t MarkStackSize                            = 4194304                                   {product} {ergonomic}
   size_t MaxHeapSize                              = 2067791872                                {product} {ergonomic}
   size_t MaxNewSize                               = 1240465408                                {product} {ergonomic}
   size_t MinHeapDeltaBytes                        = 1048576                                   {product} {ergonomic}
   size_t MinHeapSize                              = 8388608                                   {product} {ergonomic}
    uintx NonNMethodCodeHeapSize                   = 5839372                                {pd product} {ergonomic}
    uintx NonProfiledCodeHeapSize                  = 122909434                              {pd product} {ergonomic}
    uintx ProfiledCodeHeapSize                     = 122909434                              {pd product} {ergonomic}
    uintx ReservedCodeCacheSize                    = 251658240                              {pd product} {ergonomic}
     bool SegmentedCodeCache                       = true                                      {product} {ergonomic}
   size_t SoftMaxHeapSize                          = 2067791872                             {manageable} {ergonomic}
     bool UseCompressedClassPointers               = true                           {product lp64_product} {ergonomic}
     bool UseCompressedOops                        = true                           {product lp64_product} {ergonomic}
     bool UseG1GC                                  = true                                      {product} {ergonomic}
     bool UseLargePagesIndividualAllocation        = false                                  {pd product} {ergonomic}

Logging:
Log output configuration:
 #0: stdout all=warning uptime,level,tags
 #1: stderr all=off uptime,level,tags

Environment Variables:
JAVA_HOME=C:\Program Files\Android\Android Studio\jbr
CLASSPATH=C:\src\latihan_aplikasi\android\\gradle\wrapper\gradle-wrapper.jar
PATH=C:\Program Files\Android\Android Studio\jbr\bin;C:\Program Files\Common Files\Oracle\Java\javapath;C:\WINDOWS\system32;C:\WINDOWS;C:\WINDOWS\System32\Wbem;C:\WINDOWS\System32\WindowsPowerShell\v1.0\;C:\WINDOWS\System32\OpenSSH\;C:\ProgramData\ComposerSetup\bin;C:\xampp\php-7.4;C:\Program Files\Git\cmd;C:\Program Files (x86)\Windows Kits\10\Windows Performance Toolkit\;C:\src\flutter\bin;C:\Users\vivob\AppData\Local\Programs\Python\Python313\Scripts\;C:\Users\vivob\AppData\Local\Programs\Python\Python313\;C:\Users\vivob\AppData\Local\Programs\Python\Python312\Scripts\;C:\Users\vivob\AppData\Local\Programs\Python\Python312\;C:\Users\vivob\AppData\Local\Programs\Python\Python311\Scripts\;C:\Users\vivob\AppData\Local\Programs\Python\Python311\;C:\Users\vivob\AppData\Local\Microsoft\WindowsApps;C:\Users\vivob\AppData\Roaming\Composer\vendor\bin;C:\xampp\php-7.4;C:\Users\vivob\AppData\Local\Programs\Microsoft VS Code\bin;C:\src\flutter\bin;;C:\src\flutter\bin\mingit\cmd;C:\src\flutter\bin\mingit\cmd
USERNAME=vivob
OS=Windows_NT
PROCESSOR_IDENTIFIER=Intel64 Family 6 Model 140 Stepping 1, GenuineIntel
TMP=C:\Users\vivob\AppData\Local\Temp
TEMP=C:\Users\vivob\AppData\Local\Temp


JNI global refs:
JNI global refs: 19, weak refs: 0

JNI global refs memory usage: 843, weak refs: 841

OOME stack traces (most recent first):
Classloader memory used:
