#
# There is insufficient memory for the Java Runtime Environment to continue.
# Native memory allocation (malloc) failed to allocate 221600 bytes. Error detail: Chunk::new
# Possible reasons:
#   The system is out of physical RAM or swap space
#   This process is running with CompressedOops enabled, and the Java Heap may be blocking the growth of the native heap
# Possible solutions:
#   Reduce memory load on the system
#   Increase physical memory or swap space
#   Check if swap backing store is full
#   Decrease Java heap size (-Xmx/-Xms)
#   Decrease number of Java threads
#   Decrease Java thread stack sizes (-Xss)
#   Set larger code cache with -XX:ReservedCodeCacheSize=
#   JVM is running with Unscaled Compressed Oops mode in which the Java heap is
#     placed in the first 4GB address space. The Java Heap base address is the
#     maximum limit for the native heap growth. Please use -XX:HeapBaseMinAddress
#     to set the Java Heap base and to place the Java Heap above 4GB virtual address.
# This output file may be truncated or incomplete.
#
#  Out of Memory Error (arena.cpp:191), pid=7660, tid=1444
#
# JRE version: OpenJDK Runtime Environment (17.0.11) (build 17.0.11+0--11852314)
# Java VM: OpenJDK 64-Bit Server VM (17.0.11+0--11852314, mixed mode, tiered, compressed oops, compressed class ptrs, g1 gc, windows-amd64)
# No core dump will be written. Minidumps are not enabled by default on client versions of Windows
#

---------------  S U M M A R Y ------------

Command Line: -Dorg.gradle.appname=gradlew org.gradle.wrapper.GradleWrapperMain -q -Ptarget-platform=android-x64 -Ptarget=C:\src\latihan_aplikasi\lib\main.dart -Pbase-application-name=android.app.Application -Pdart-defines=RkxVVFRFUl9XRUJfQVVUT19ERVRFQ1Q9dHJ1ZQ==,RkxVVFRFUl9XRUJfQ0FOVkFTS0lUX1VSTD1odHRwczovL3d3dy5nc3RhdGljLmNvbS9mbHV0dGVyLWNhbnZhc2tpdC8wNDgxN2M5OWM5ZmQ0OTU2ZjI3NTA1MjA0ZjdlMzQ0MzM1ODEwYWVkLw== -Pdart-obfuscation=false -Ptrack-widget-creation=true -Ptree-shake-icons=false -Pfilesystem-scheme=org-dartlang-root assembleDebug

Host: 11th Gen Intel(R) Core(TM) i5-1135G7 @ 2.40GHz, 8 cores, 7G,  Windows 11 , 64 bit Build 22621 (10.0.22621.3958)
Time: Thu Nov 14 15:10:38 2024 Tokyo Standard Time elapsed time: 0.437147 seconds (0d 0h 0m 0s)

---------------  T H R E A D  ---------------

Current thread (0x0000022f2c05f240):  JavaThread "C2 CompilerThread0" daemon [_thread_in_native, id=1444, stack(0x00000095a7800000,0x00000095a7900000)]


Current CompileTask:
C2:    437  430       4       java.io.File::<init> (78 bytes)

Stack: [0x00000095a7800000,0x00000095a7900000]
Native frames: (J=compiled Java code, j=interpreted, Vv=VM code, C=native code)
V  [jvm.dll+0x687bb9]
V  [jvm.dll+0x84142a]
V  [jvm.dll+0x8430ae]
V  [jvm.dll+0x843713]
V  [jvm.dll+0x24a35f]
V  [jvm.dll+0xac544]
V  [jvm.dll+0xacb8c]
V  [jvm.dll+0x369c37]
V  [jvm.dll+0x33416a]
V  [jvm.dll+0x33360a]
V  [jvm.dll+0x21bed1]
V  [jvm.dll+0x21b311]
V  [jvm.dll+0x1a63ed]
V  [jvm.dll+0x22b1ee]
V  [jvm.dll+0x229375]
V  [jvm.dll+0x7f5647]
V  [jvm.dll+0x7efa4a]
V  [jvm.dll+0x686a35]
C  [ucrtbase.dll+0x29333]
C  [KERNEL32.DLL+0x1257d]
C  [ntdll.dll+0x5af08]


---------------  P R O C E S S  ---------------

Threads class SMR info:
_java_thread_list=0x0000022f2c1ab6b0, length=12, elements={
0x0000022f0c14e6f0, 0x0000022f27cad260, 0x0000022f27cadc20, 0x0000022f2c037b30,
0x0000022f2c0384f0, 0x0000022f2c038eb0, 0x0000022f2c05e4a0, 0x0000022f2c05f240,
0x0000022f2c056480, 0x0000022f2c058e90, 0x0000022f2c1dcdd0, 0x0000022f2c1d9fe0
}

Java Threads: ( => current thread )
  0x0000022f0c14e6f0 JavaThread "main" [_thread_in_Java, id=10112, stack(0x00000095a6b00000,0x00000095a6c00000)]
  0x0000022f27cad260 JavaThread "Reference Handler" daemon [_thread_blocked, id=16812, stack(0x00000095a7200000,0x00000095a7300000)]
  0x0000022f27cadc20 JavaThread "Finalizer" daemon [_thread_blocked, id=18312, stack(0x00000095a7300000,0x00000095a7400000)]
  0x0000022f2c037b30 JavaThread "Signal Dispatcher" daemon [_thread_blocked, id=14156, stack(0x00000095a7400000,0x00000095a7500000)]
  0x0000022f2c0384f0 JavaThread "Attach Listener" daemon [_thread_blocked, id=14724, stack(0x00000095a7500000,0x00000095a7600000)]
  0x0000022f2c038eb0 JavaThread "Service Thread" daemon [_thread_blocked, id=2116, stack(0x00000095a7600000,0x00000095a7700000)]
  0x0000022f2c05e4a0 JavaThread "Monitor Deflation Thread" daemon [_thread_blocked, id=9564, stack(0x00000095a7700000,0x00000095a7800000)]
=>0x0000022f2c05f240 JavaThread "C2 CompilerThread0" daemon [_thread_in_native, id=1444, stack(0x00000095a7800000,0x00000095a7900000)]
  0x0000022f2c056480 JavaThread "C1 CompilerThread0" daemon [_thread_in_native, id=15292, stack(0x00000095a7900000,0x00000095a7a00000)]
  0x0000022f2c058e90 JavaThread "Sweeper thread" daemon [_thread_blocked, id=7460, stack(0x00000095a7a00000,0x00000095a7b00000)]
  0x0000022f2c1dcdd0 JavaThread "Notification Thread" daemon [_thread_blocked, id=5744, stack(0x00000095a7b00000,0x00000095a7c00000)]
  0x0000022f2c1d9fe0 JavaThread "Common-Cleaner" daemon [_thread_blocked, id=10724, stack(0x00000095a7d00000,0x00000095a7e00000)]

Other Threads:
  0x0000022f2c01f940 VMThread "VM Thread" [stack: 0x00000095a7100000,0x00000095a7200000] [id=6724]
  0x0000022f2c146350 WatcherThread [stack: 0x00000095a7c00000,0x00000095a7d00000] [id=4436]
  0x0000022f0c1a9d40 GCTaskThread "GC Thread#0" [stack: 0x00000095a6c00000,0x00000095a6d00000] [id=2820]
  0x0000022f0c1ba310 ConcurrentGCThread "G1 Main Marker" [stack: 0x00000095a6d00000,0x00000095a6e00000] [id=10764]
  0x0000022f0c1bad30 ConcurrentGCThread "G1 Conc#0" [stack: 0x00000095a6e00000,0x00000095a6f00000] [id=17992]
  0x0000022f27aec110 ConcurrentGCThread "G1 Refine#0" [stack: 0x00000095a6f00000,0x00000095a7000000] [id=14532]
  0x0000022f27aeca40 ConcurrentGCThread "G1 Service" [stack: 0x00000095a7000000,0x00000095a7100000] [id=17528]

Threads with active compile tasks:
C2 CompilerThread0      451  430       4       java.io.File::<init> (78 bytes)
C1 CompilerThread0      451  462       3       jdk.internal.jimage.ImageStringsReader::unmaskedHashCode (166 bytes)

VM state: not at safepoint (normal execution)

VM Mutex/Monitor currently owned by a thread: None

Heap address: 0x0000000084c00000, size: 1972 MB, Compressed Oops mode: 32-bit

CDS archive(s) not mapped
Compressed class space mapped at: 0x0000000100000000-0x0000000140000000, reserved size: 1073741824
Narrow klass base: 0x0000000000000000, Narrow klass shift: 3, Narrow klass range: 0x140000000

GC Precious Log:
 CPUs: 8 total, 8 available
 Memory: 7885M
 Large Page Support: Disabled
 NUMA Support: Disabled
 Compressed Oops: Enabled (32-bit)
 Heap Region Size: 1M
 Heap Min Capacity: 8M
 Heap Initial Capacity: 124M
 Heap Max Capacity: 1972M
 Pre-touch: Disabled
 Parallel Workers: 8
 Concurrent Workers: 2
 Concurrent Refinement Workers: 8
 Periodic GC: Disabled

Heap:
 garbage-first heap   total 126976K, used 10240K [0x0000000084c00000, 0x0000000100000000)
  region size 1024K, 11 young (11264K), 0 survivors (0K)
 Metaspace       used 8207K, committed 8320K, reserved 1114112K
  class space    used 724K, committed 768K, reserved 1048576K

Heap Regions: E=young(eden), S=young(survivor), O=old, HS=humongous(starts), HC=humongous(continues), CS=collection set, F=free, OA=open archive, CA=closed archive, TAMS=top-at-mark-start (previous, next)
|   0|0x0000000084c00000, 0x0000000084c00000, 0x0000000084d00000|  0%| F|  |TAMS 0x0000000084c00000, 0x0000000084c00000| Untracked 
|   1|0x0000000084d00000, 0x0000000084d00000, 0x0000000084e00000|  0%| F|  |TAMS 0x0000000084d00000, 0x0000000084d00000| Untracked 
|   2|0x0000000084e00000, 0x0000000084e00000, 0x0000000084f00000|  0%| F|  |TAMS 0x0000000084e00000, 0x0000000084e00000| Untracked 
|   3|0x0000000084f00000, 0x0000000084f00000, 0x0000000085000000|  0%| F|  |TAMS 0x0000000084f00000, 0x0000000084f00000| Untracked 
|   4|0x0000000085000000, 0x0000000085000000, 0x0000000085100000|  0%| F|  |TAMS 0x0000000085000000, 0x0000000085000000| Untracked 
|   5|0x0000000085100000, 0x0000000085100000, 0x0000000085200000|  0%| F|  |TAMS 0x0000000085100000, 0x0000000085100000| Untracked 
|   6|0x0000000085200000, 0x0000000085200000, 0x0000000085300000|  0%| F|  |TAMS 0x0000000085200000, 0x0000000085200000| Untracked 
|   7|0x0000000085300000, 0x0000000085300000, 0x0000000085400000|  0%| F|  |TAMS 0x0000000085300000, 0x0000000085300000| Untracked 
|   8|0x0000000085400000, 0x0000000085400000, 0x0000000085500000|  0%| F|  |TAMS 0x0000000085400000, 0x0000000085400000| Untracked 
|   9|0x0000000085500000, 0x0000000085500000, 0x0000000085600000|  0%| F|  |TAMS 0x0000000085500000, 0x0000000085500000| Untracked 
|  10|0x0000000085600000, 0x0000000085600000, 0x0000000085700000|  0%| F|  |TAMS 0x0000000085600000, 0x0000000085600000| Untracked 
|  11|0x0000000085700000, 0x0000000085700000, 0x0000000085800000|  0%| F|  |TAMS 0x0000000085700000, 0x0000000085700000| Untracked 
|  12|0x0000000085800000, 0x0000000085800000, 0x0000000085900000|  0%| F|  |TAMS 0x0000000085800000, 0x0000000085800000| Untracked 
|  13|0x0000000085900000, 0x0000000085900000, 0x0000000085a00000|  0%| F|  |TAMS 0x0000000085900000, 0x0000000085900000| Untracked 
|  14|0x0000000085a00000, 0x0000000085a00000, 0x0000000085b00000|  0%| F|  |TAMS 0x0000000085a00000, 0x0000000085a00000| Untracked 
|  15|0x0000000085b00000, 0x0000000085b00000, 0x0000000085c00000|  0%| F|  |TAMS 0x0000000085b00000, 0x0000000085b00000| Untracked 
|  16|0x0000000085c00000, 0x0000000085c00000, 0x0000000085d00000|  0%| F|  |TAMS 0x0000000085c00000, 0x0000000085c00000| Untracked 
|  17|0x0000000085d00000, 0x0000000085d00000, 0x0000000085e00000|  0%| F|  |TAMS 0x0000000085d00000, 0x0000000085d00000| Untracked 
|  18|0x0000000085e00000, 0x0000000085e00000, 0x0000000085f00000|  0%| F|  |TAMS 0x0000000085e00000, 0x0000000085e00000| Untracked 
|  19|0x0000000085f00000, 0x0000000085f00000, 0x0000000086000000|  0%| F|  |TAMS 0x0000000085f00000, 0x0000000085f00000| Untracked 
|  20|0x0000000086000000, 0x0000000086000000, 0x0000000086100000|  0%| F|  |TAMS 0x0000000086000000, 0x0000000086000000| Untracked 
|  21|0x0000000086100000, 0x0000000086100000, 0x0000000086200000|  0%| F|  |TAMS 0x0000000086100000, 0x0000000086100000| Untracked 
|  22|0x0000000086200000, 0x0000000086200000, 0x0000000086300000|  0%| F|  |TAMS 0x0000000086200000, 0x0000000086200000| Untracked 
|  23|0x0000000086300000, 0x0000000086300000, 0x0000000086400000|  0%| F|  |TAMS 0x0000000086300000, 0x0000000086300000| Untracked 
|  24|0x0000000086400000, 0x0000000086400000, 0x0000000086500000|  0%| F|  |TAMS 0x0000000086400000, 0x0000000086400000| Untracked 
|  25|0x0000000086500000, 0x0000000086500000, 0x0000000086600000|  0%| F|  |TAMS 0x0000000086500000, 0x0000000086500000| Untracked 
|  26|0x0000000086600000, 0x0000000086600000, 0x0000000086700000|  0%| F|  |TAMS 0x0000000086600000, 0x0000000086600000| Untracked 
|  27|0x0000000086700000, 0x0000000086700000, 0x0000000086800000|  0%| F|  |TAMS 0x0000000086700000, 0x0000000086700000| Untracked 
|  28|0x0000000086800000, 0x0000000086800000, 0x0000000086900000|  0%| F|  |TAMS 0x0000000086800000, 0x0000000086800000| Untracked 
|  29|0x0000000086900000, 0x0000000086900000, 0x0000000086a00000|  0%| F|  |TAMS 0x0000000086900000, 0x0000000086900000| Untracked 
|  30|0x0000000086a00000, 0x0000000086a00000, 0x0000000086b00000|  0%| F|  |TAMS 0x0000000086a00000, 0x0000000086a00000| Untracked 
|  31|0x0000000086b00000, 0x0000000086b00000, 0x0000000086c00000|  0%| F|  |TAMS 0x0000000086b00000, 0x0000000086b00000| Untracked 
|  32|0x0000000086c00000, 0x0000000086c00000, 0x0000000086d00000|  0%| F|  |TAMS 0x0000000086c00000, 0x0000000086c00000| Untracked 
|  33|0x0000000086d00000, 0x0000000086d00000, 0x0000000086e00000|  0%| F|  |TAMS 0x0000000086d00000, 0x0000000086d00000| Untracked 
|  34|0x0000000086e00000, 0x0000000086e00000, 0x0000000086f00000|  0%| F|  |TAMS 0x0000000086e00000, 0x0000000086e00000| Untracked 
|  35|0x0000000086f00000, 0x0000000086f00000, 0x0000000087000000|  0%| F|  |TAMS 0x0000000086f00000, 0x0000000086f00000| Untracked 
|  36|0x0000000087000000, 0x0000000087000000, 0x0000000087100000|  0%| F|  |TAMS 0x0000000087000000, 0x0000000087000000| Untracked 
|  37|0x0000000087100000, 0x0000000087100000, 0x0000000087200000|  0%| F|  |TAMS 0x0000000087100000, 0x0000000087100000| Untracked 
|  38|0x0000000087200000, 0x0000000087200000, 0x0000000087300000|  0%| F|  |TAMS 0x0000000087200000, 0x0000000087200000| Untracked 
|  39|0x0000000087300000, 0x0000000087300000, 0x0000000087400000|  0%| F|  |TAMS 0x0000000087300000, 0x0000000087300000| Untracked 
|  40|0x0000000087400000, 0x0000000087400000, 0x0000000087500000|  0%| F|  |TAMS 0x0000000087400000, 0x0000000087400000| Untracked 
|  41|0x0000000087500000, 0x0000000087500000, 0x0000000087600000|  0%| F|  |TAMS 0x0000000087500000, 0x0000000087500000| Untracked 
|  42|0x0000000087600000, 0x0000000087600000, 0x0000000087700000|  0%| F|  |TAMS 0x0000000087600000, 0x0000000087600000| Untracked 
|  43|0x0000000087700000, 0x0000000087700000, 0x0000000087800000|  0%| F|  |TAMS 0x0000000087700000, 0x0000000087700000| Untracked 
|  44|0x0000000087800000, 0x0000000087800000, 0x0000000087900000|  0%| F|  |TAMS 0x0000000087800000, 0x0000000087800000| Untracked 
|  45|0x0000000087900000, 0x0000000087900000, 0x0000000087a00000|  0%| F|  |TAMS 0x0000000087900000, 0x0000000087900000| Untracked 
|  46|0x0000000087a00000, 0x0000000087a00000, 0x0000000087b00000|  0%| F|  |TAMS 0x0000000087a00000, 0x0000000087a00000| Untracked 
|  47|0x0000000087b00000, 0x0000000087b00000, 0x0000000087c00000|  0%| F|  |TAMS 0x0000000087b00000, 0x0000000087b00000| Untracked 
|  48|0x0000000087c00000, 0x0000000087c00000, 0x0000000087d00000|  0%| F|  |TAMS 0x0000000087c00000, 0x0000000087c00000| Untracked 
|  49|0x0000000087d00000, 0x0000000087d00000, 0x0000000087e00000|  0%| F|  |TAMS 0x0000000087d00000, 0x0000000087d00000| Untracked 
|  50|0x0000000087e00000, 0x0000000087e00000, 0x0000000087f00000|  0%| F|  |TAMS 0x0000000087e00000, 0x0000000087e00000| Untracked 
|  51|0x0000000087f00000, 0x0000000087f00000, 0x0000000088000000|  0%| F|  |TAMS 0x0000000087f00000, 0x0000000087f00000| Untracked 
|  52|0x0000000088000000, 0x0000000088000000, 0x0000000088100000|  0%| F|  |TAMS 0x0000000088000000, 0x0000000088000000| Untracked 
|  53|0x0000000088100000, 0x0000000088100000, 0x0000000088200000|  0%| F|  |TAMS 0x0000000088100000, 0x0000000088100000| Untracked 
|  54|0x0000000088200000, 0x0000000088200000, 0x0000000088300000|  0%| F|  |TAMS 0x0000000088200000, 0x0000000088200000| Untracked 
|  55|0x0000000088300000, 0x0000000088300000, 0x0000000088400000|  0%| F|  |TAMS 0x0000000088300000, 0x0000000088300000| Untracked 
|  56|0x0000000088400000, 0x0000000088400000, 0x0000000088500000|  0%| F|  |TAMS 0x0000000088400000, 0x0000000088400000| Untracked 
|  57|0x0000000088500000, 0x0000000088500000, 0x0000000088600000|  0%| F|  |TAMS 0x0000000088500000, 0x0000000088500000| Untracked 
|  58|0x0000000088600000, 0x0000000088600000, 0x0000000088700000|  0%| F|  |TAMS 0x0000000088600000, 0x0000000088600000| Untracked 
|  59|0x0000000088700000, 0x0000000088700000, 0x0000000088800000|  0%| F|  |TAMS 0x0000000088700000, 0x0000000088700000| Untracked 
|  60|0x0000000088800000, 0x0000000088800000, 0x0000000088900000|  0%| F|  |TAMS 0x0000000088800000, 0x0000000088800000| Untracked 
|  61|0x0000000088900000, 0x0000000088900000, 0x0000000088a00000|  0%| F|  |TAMS 0x0000000088900000, 0x0000000088900000| Untracked 
|  62|0x0000000088a00000, 0x0000000088a00000, 0x0000000088b00000|  0%| F|  |TAMS 0x0000000088a00000, 0x0000000088a00000| Untracked 
|  63|0x0000000088b00000, 0x0000000088b00000, 0x0000000088c00000|  0%| F|  |TAMS 0x0000000088b00000, 0x0000000088b00000| Untracked 
|  64|0x0000000088c00000, 0x0000000088c00000, 0x0000000088d00000|  0%| F|  |TAMS 0x0000000088c00000, 0x0000000088c00000| Untracked 
|  65|0x0000000088d00000, 0x0000000088d00000, 0x0000000088e00000|  0%| F|  |TAMS 0x0000000088d00000, 0x0000000088d00000| Untracked 
|  66|0x0000000088e00000, 0x0000000088e00000, 0x0000000088f00000|  0%| F|  |TAMS 0x0000000088e00000, 0x0000000088e00000| Untracked 
|  67|0x0000000088f00000, 0x0000000088f00000, 0x0000000089000000|  0%| F|  |TAMS 0x0000000088f00000, 0x0000000088f00000| Untracked 
|  68|0x0000000089000000, 0x0000000089000000, 0x0000000089100000|  0%| F|  |TAMS 0x0000000089000000, 0x0000000089000000| Untracked 
|  69|0x0000000089100000, 0x0000000089100000, 0x0000000089200000|  0%| F|  |TAMS 0x0000000089100000, 0x0000000089100000| Untracked 
|  70|0x0000000089200000, 0x0000000089200000, 0x0000000089300000|  0%| F|  |TAMS 0x0000000089200000, 0x0000000089200000| Untracked 
|  71|0x0000000089300000, 0x0000000089300000, 0x0000000089400000|  0%| F|  |TAMS 0x0000000089300000, 0x0000000089300000| Untracked 
|  72|0x0000000089400000, 0x0000000089400000, 0x0000000089500000|  0%| F|  |TAMS 0x0000000089400000, 0x0000000089400000| Untracked 
|  73|0x0000000089500000, 0x0000000089500000, 0x0000000089600000|  0%| F|  |TAMS 0x0000000089500000, 0x0000000089500000| Untracked 
|  74|0x0000000089600000, 0x0000000089600000, 0x0000000089700000|  0%| F|  |TAMS 0x0000000089600000, 0x0000000089600000| Untracked 
|  75|0x0000000089700000, 0x0000000089700000, 0x0000000089800000|  0%| F|  |TAMS 0x0000000089700000, 0x0000000089700000| Untracked 
|  76|0x0000000089800000, 0x0000000089800000, 0x0000000089900000|  0%| F|  |TAMS 0x0000000089800000, 0x0000000089800000| Untracked 
|  77|0x0000000089900000, 0x0000000089900000, 0x0000000089a00000|  0%| F|  |TAMS 0x0000000089900000, 0x0000000089900000| Untracked 
|  78|0x0000000089a00000, 0x0000000089a00000, 0x0000000089b00000|  0%| F|  |TAMS 0x0000000089a00000, 0x0000000089a00000| Untracked 
|  79|0x0000000089b00000, 0x0000000089b00000, 0x0000000089c00000|  0%| F|  |TAMS 0x0000000089b00000, 0x0000000089b00000| Untracked 
|  80|0x0000000089c00000, 0x0000000089c00000, 0x0000000089d00000|  0%| F|  |TAMS 0x0000000089c00000, 0x0000000089c00000| Untracked 
|  81|0x0000000089d00000, 0x0000000089d00000, 0x0000000089e00000|  0%| F|  |TAMS 0x0000000089d00000, 0x0000000089d00000| Untracked 
|  82|0x0000000089e00000, 0x0000000089e00000, 0x0000000089f00000|  0%| F|  |TAMS 0x0000000089e00000, 0x0000000089e00000| Untracked 
|  83|0x0000000089f00000, 0x0000000089f00000, 0x000000008a000000|  0%| F|  |TAMS 0x0000000089f00000, 0x0000000089f00000| Untracked 
|  84|0x000000008a000000, 0x000000008a000000, 0x000000008a100000|  0%| F|  |TAMS 0x000000008a000000, 0x000000008a000000| Untracked 
|  85|0x000000008a100000, 0x000000008a100000, 0x000000008a200000|  0%| F|  |TAMS 0x000000008a100000, 0x000000008a100000| Untracked 
|  86|0x000000008a200000, 0x000000008a200000, 0x000000008a300000|  0%| F|  |TAMS 0x000000008a200000, 0x000000008a200000| Untracked 
|  87|0x000000008a300000, 0x000000008a300000, 0x000000008a400000|  0%| F|  |TAMS 0x000000008a300000, 0x000000008a300000| Untracked 
|  88|0x000000008a400000, 0x000000008a400000, 0x000000008a500000|  0%| F|  |TAMS 0x000000008a400000, 0x000000008a400000| Untracked 
|  89|0x000000008a500000, 0x000000008a500000, 0x000000008a600000|  0%| F|  |TAMS 0x000000008a500000, 0x000000008a500000| Untracked 
|  90|0x000000008a600000, 0x000000008a600000, 0x000000008a700000|  0%| F|  |TAMS 0x000000008a600000, 0x000000008a600000| Untracked 
|  91|0x000000008a700000, 0x000000008a700000, 0x000000008a800000|  0%| F|  |TAMS 0x000000008a700000, 0x000000008a700000| Untracked 
|  92|0x000000008a800000, 0x000000008a800000, 0x000000008a900000|  0%| F|  |TAMS 0x000000008a800000, 0x000000008a800000| Untracked 
|  93|0x000000008a900000, 0x000000008a900000, 0x000000008aa00000|  0%| F|  |TAMS 0x000000008a900000, 0x000000008a900000| Untracked 
|  94|0x000000008aa00000, 0x000000008aa00000, 0x000000008ab00000|  0%| F|  |TAMS 0x000000008aa00000, 0x000000008aa00000| Untracked 
|  95|0x000000008ab00000, 0x000000008ab00000, 0x000000008ac00000|  0%| F|  |TAMS 0x000000008ab00000, 0x000000008ab00000| Untracked 
|  96|0x000000008ac00000, 0x000000008ac00000, 0x000000008ad00000|  0%| F|  |TAMS 0x000000008ac00000, 0x000000008ac00000| Untracked 
|  97|0x000000008ad00000, 0x000000008ad00000, 0x000000008ae00000|  0%| F|  |TAMS 0x000000008ad00000, 0x000000008ad00000| Untracked 
|  98|0x000000008ae00000, 0x000000008ae00000, 0x000000008af00000|  0%| F|  |TAMS 0x000000008ae00000, 0x000000008ae00000| Untracked 
|  99|0x000000008af00000, 0x000000008af00000, 0x000000008b000000|  0%| F|  |TAMS 0x000000008af00000, 0x000000008af00000| Untracked 
| 100|0x000000008b000000, 0x000000008b000000, 0x000000008b100000|  0%| F|  |TAMS 0x000000008b000000, 0x000000008b000000| Untracked 
| 101|0x000000008b100000, 0x000000008b100000, 0x000000008b200000|  0%| F|  |TAMS 0x000000008b100000, 0x000000008b100000| Untracked 
| 102|0x000000008b200000, 0x000000008b200000, 0x000000008b300000|  0%| F|  |TAMS 0x000000008b200000, 0x000000008b200000| Untracked 
| 103|0x000000008b300000, 0x000000008b300000, 0x000000008b400000|  0%| F|  |TAMS 0x000000008b300000, 0x000000008b300000| Untracked 
| 104|0x000000008b400000, 0x000000008b400000, 0x000000008b500000|  0%| F|  |TAMS 0x000000008b400000, 0x000000008b400000| Untracked 
| 105|0x000000008b500000, 0x000000008b500000, 0x000000008b600000|  0%| F|  |TAMS 0x000000008b500000, 0x000000008b500000| Untracked 
| 106|0x000000008b600000, 0x000000008b600000, 0x000000008b700000|  0%| F|  |TAMS 0x000000008b600000, 0x000000008b600000| Untracked 
| 107|0x000000008b700000, 0x000000008b700000, 0x000000008b800000|  0%| F|  |TAMS 0x000000008b700000, 0x000000008b700000| Untracked 
| 108|0x000000008b800000, 0x000000008b800000, 0x000000008b900000|  0%| F|  |TAMS 0x000000008b800000, 0x000000008b800000| Untracked 
| 109|0x000000008b900000, 0x000000008b900000, 0x000000008ba00000|  0%| F|  |TAMS 0x000000008b900000, 0x000000008b900000| Untracked 
| 110|0x000000008ba00000, 0x000000008ba00000, 0x000000008bb00000|  0%| F|  |TAMS 0x000000008ba00000, 0x000000008ba00000| Untracked 
| 111|0x000000008bb00000, 0x000000008bb00000, 0x000000008bc00000|  0%| F|  |TAMS 0x000000008bb00000, 0x000000008bb00000| Untracked 
| 112|0x000000008bc00000, 0x000000008bc00000, 0x000000008bd00000|  0%| F|  |TAMS 0x000000008bc00000, 0x000000008bc00000| Untracked 
| 113|0x000000008bd00000, 0x000000008bd76440, 0x000000008be00000| 46%| E|  |TAMS 0x000000008bd00000, 0x000000008bd00000| Complete 
| 114|0x000000008be00000, 0x000000008bf00000, 0x000000008bf00000|100%| E|CS|TAMS 0x000000008be00000, 0x000000008be00000| Complete 
| 115|0x000000008bf00000, 0x000000008c000000, 0x000000008c000000|100%| E|CS|TAMS 0x000000008bf00000, 0x000000008bf00000| Complete 
| 116|0x000000008c000000, 0x000000008c100000, 0x000000008c100000|100%| E|CS|TAMS 0x000000008c000000, 0x000000008c000000| Complete 
| 117|0x000000008c100000, 0x000000008c200000, 0x000000008c200000|100%| E|CS|TAMS 0x000000008c100000, 0x000000008c100000| Complete 
| 118|0x000000008c200000, 0x000000008c300000, 0x000000008c300000|100%| E|CS|TAMS 0x000000008c200000, 0x000000008c200000| Complete 
| 119|0x000000008c300000, 0x000000008c400000, 0x000000008c400000|100%| E|CS|TAMS 0x000000008c300000, 0x000000008c300000| Complete 
| 120|0x000000008c400000, 0x000000008c500000, 0x000000008c500000|100%| E|CS|TAMS 0x000000008c400000, 0x000000008c400000| Complete 
| 121|0x000000008c500000, 0x000000008c600000, 0x000000008c600000|100%| E|CS|TAMS 0x000000008c500000, 0x000000008c500000| Complete 
| 122|0x000000008c600000, 0x000000008c700000, 0x000000008c700000|100%| E|CS|TAMS 0x000000008c600000, 0x000000008c600000| Complete 
| 123|0x000000008c700000, 0x000000008c800000, 0x000000008c800000|100%| E|CS|TAMS 0x000000008c700000, 0x000000008c700000| Complete 

Card table byte_map: [0x0000022f20c40000,0x0000022f21020000] _byte_map_base: 0x0000022f2081a000

Marking Bits (Prev, Next): (CMBitMap*) 0x0000022f0c1aa360, (CMBitMap*) 0x0000022f0c1aa3a0
 Prev Bits: [0x0000022f21400000, 0x0000022f232d0000)
 Next Bits: [0x0000022f232d0000, 0x0000022f251a0000)

Polling page: 0x0000022f10dd0000

Metaspace:

Usage:
  Non-class:      7.31 MB used.
      Class:    725.48 KB used.
       Both:      8.02 MB used.

Virtual space:
  Non-class space:       64.00 MB reserved,       7.38 MB ( 12%) committed,  1 nodes.
      Class space:        1.00 GB reserved,     768.00 KB ( <1%) committed,  1 nodes.
             Both:        1.06 GB reserved,       8.12 MB ( <1%) committed. 

Chunk freelists:
   Non-Class:  8.31 MB
       Class:  15.20 MB
        Both:  23.52 MB

MaxMetaspaceSize: unlimited
CompressedClassSpaceSize: 1.00 GB
Initial GC threshold: 21.00 MB
Current GC threshold: 21.00 MB
CDS: off
MetaspaceReclaimPolicy: balanced
 - commit_granule_bytes: 65536.
 - commit_granule_words: 8192.
 - virtual_space_node_default_size: 8388608.
 - enlarge_chunks_in_place: 1.
 - new_chunks_are_fully_committed: 0.
 - uncommit_free_chunks: 1.
 - use_allocation_guard: 0.
 - handle_deallocations: 1.


Internal statistics:

num_allocs_failed_limit: 0.
num_arena_births: 12.
num_arena_deaths: 0.
num_vsnodes_births: 2.
num_vsnodes_deaths: 0.
num_space_committed: 130.
num_space_uncommitted: 0.
num_chunks_returned_to_freelist: 0.
num_chunks_taken_from_freelist: 52.
num_chunk_merges: 0.
num_chunk_splits: 23.
num_chunks_enlarged: 18.
num_inconsistent_stats: 0.

CodeHeap 'non-profiled nmethods': size=120000Kb used=135Kb max_used=135Kb free=119864Kb
 bounds [0x0000022f188c0000, 0x0000022f18b30000, 0x0000022f1fdf0000]
CodeHeap 'profiled nmethods': size=120000Kb used=689Kb max_used=689Kb free=119310Kb
 bounds [0x0000022f10df0000, 0x0000022f11060000, 0x0000022f18320000]
CodeHeap 'non-nmethods': size=5760Kb used=1135Kb max_used=1151Kb free=4624Kb
 bounds [0x0000022f18320000, 0x0000022f18590000, 0x0000022f188c0000]
 total_blobs=872 nmethods=466 adapters=319
 compilation: enabled
              stopped_count=0, restarted_count=0
 full_count=0

Compilation events (20 events):
Event: 0.425 Thread 0x0000022f2c056480 nmethod 426 0x0000022f10e84b90 code [0x0000022f10e84d20, 0x0000022f10e84e68]
Event: 0.426 Thread 0x0000022f2c056480  428       3       java.io.File::isFile (34 bytes)
Event: 0.426 Thread 0x0000022f2c056480 nmethod 428 0x0000022f10e84f10 code [0x0000022f10e85100, 0x0000022f10e85628]
Event: 0.426 Thread 0x0000022f2c056480  429       3       java.io.File::<init> (111 bytes)
Event: 0.426 Thread 0x0000022f2c05f240 nmethod 425 0x0000022f188e0090 code [0x0000022f188e0200, 0x0000022f188e0378]
Event: 0.426 Thread 0x0000022f2c056480 nmethod 429 0x0000022f10e85810 code [0x0000022f10e85ac0, 0x0000022f10e864e8]
Event: 0.427 Thread 0x0000022f2c05f240  430       4       java.io.File::<init> (78 bytes)
Event: 0.427 Thread 0x0000022f2c056480  431       3       java.lang.ref.Cleaner::register (25 bytes)
Event: 0.427 Thread 0x0000022f2c056480 nmethod 431 0x0000022f10e86890 code [0x0000022f10e86a80, 0x0000022f10e86fc8]
Event: 0.427 Thread 0x0000022f2c056480  432       3       jdk.internal.ref.CleanerImpl$PhantomCleanableRef::<init> (12 bytes)
Event: 0.427 Thread 0x0000022f2c056480 nmethod 432 0x0000022f10e87210 code [0x0000022f10e873c0, 0x0000022f10e87568]
Event: 0.428 Thread 0x0000022f2c056480  433  s    3       java.util.Properties::put (10 bytes)
Event: 0.428 Thread 0x0000022f2c056480 nmethod 433 0x0000022f10e87610 code [0x0000022f10e877c0, 0x0000022f10e87a28]
Event: 0.428 Thread 0x0000022f2c056480  434   !   3       jdk.internal.ref.PhantomCleanable::remove (60 bytes)
Event: 0.428 Thread 0x0000022f2c056480 nmethod 434 0x0000022f10e87b10 code [0x0000022f10e87cc0, 0x0000022f10e880d8]
Event: 0.430 Thread 0x0000022f2c056480  435       3       org.gradle.api.internal.classpath.DefaultModuleRegistry::findDependencyJar (156 bytes)
Event: 0.431 Thread 0x0000022f2c056480 nmethod 435 0x0000022f10e88290 code [0x0000022f10e88680, 0x0000022f10e8a378]
Event: 0.431 Thread 0x0000022f2c056480  436       3       java.util.regex.Pattern::compile (500 bytes)
Event: 0.434 Thread 0x0000022f2c056480 nmethod 436 0x0000022f10e8ac10 code [0x0000022f10e8b0c0, 0x0000022f10e8de68]
Event: 0.434 Thread 0x0000022f2c056480  438       3       java.util.HashMap::<init> (98 bytes)

GC Heap History (0 events):
No events

Dll operation events (2 events):
Event: 0.007 Loaded shared library C:\Program Files\Android\Android Studio\jbr\bin\java.dll
Event: 0.143 Loaded shared library C:\Program Files\Android\Android Studio\jbr\bin\verify.dll

Deoptimization events (20 events):
Event: 0.329 Thread 0x0000022f0c14e6f0 DEOPT PACKING pc=0x0000022f10e1e7fe sp=0x00000095a6bfd4d0
Event: 0.329 Thread 0x0000022f0c14e6f0 DEOPT UNPACKING pc=0x0000022f1837ace3 sp=0x00000095a6bfc940 mode 0
Event: 0.330 Thread 0x0000022f0c14e6f0 DEOPT PACKING pc=0x0000022f10e1e7fe sp=0x00000095a6bfd4d0
Event: 0.330 Thread 0x0000022f0c14e6f0 DEOPT UNPACKING pc=0x0000022f1837ace3 sp=0x00000095a6bfc940 mode 0
Event: 0.332 Thread 0x0000022f0c14e6f0 DEOPT PACKING pc=0x0000022f10e1e7fe sp=0x00000095a6bfd430
Event: 0.332 Thread 0x0000022f0c14e6f0 DEOPT UNPACKING pc=0x0000022f1837ace3 sp=0x00000095a6bfc8a0 mode 0
Event: 0.332 Thread 0x0000022f0c14e6f0 DEOPT PACKING pc=0x0000022f10e1e7fe sp=0x00000095a6bfd430
Event: 0.332 Thread 0x0000022f0c14e6f0 DEOPT UNPACKING pc=0x0000022f1837ace3 sp=0x00000095a6bfc8a0 mode 0
Event: 0.339 Thread 0x0000022f0c14e6f0 DEOPT PACKING pc=0x0000022f10e335be sp=0x00000095a6bfd190
Event: 0.339 Thread 0x0000022f0c14e6f0 DEOPT UNPACKING pc=0x0000022f1837ace3 sp=0x00000095a6bfc608 mode 0
Event: 0.339 Thread 0x0000022f0c14e6f0 DEOPT PACKING pc=0x0000022f10e335be sp=0x00000095a6bfd190
Event: 0.339 Thread 0x0000022f0c14e6f0 DEOPT UNPACKING pc=0x0000022f1837ace3 sp=0x00000095a6bfc608 mode 0
Event: 0.341 Thread 0x0000022f0c14e6f0 DEOPT PACKING pc=0x0000022f10e335be sp=0x00000095a6bfd190
Event: 0.341 Thread 0x0000022f0c14e6f0 DEOPT UNPACKING pc=0x0000022f1837ace3 sp=0x00000095a6bfc608 mode 0
Event: 0.341 Thread 0x0000022f0c14e6f0 DEOPT PACKING pc=0x0000022f10e335be sp=0x00000095a6bfd190
Event: 0.341 Thread 0x0000022f0c14e6f0 DEOPT UNPACKING pc=0x0000022f1837ace3 sp=0x00000095a6bfc608 mode 0
Event: 0.371 Thread 0x0000022f0c14e6f0 DEOPT PACKING pc=0x0000022f10e415da sp=0x00000095a6bfd150
Event: 0.371 Thread 0x0000022f0c14e6f0 DEOPT UNPACKING pc=0x0000022f1837ace3 sp=0x00000095a6bfc610 mode 0
Event: 0.378 Thread 0x0000022f0c14e6f0 DEOPT PACKING pc=0x0000022f10e415da sp=0x00000095a6bfd220
Event: 0.378 Thread 0x0000022f0c14e6f0 DEOPT UNPACKING pc=0x0000022f1837ace3 sp=0x00000095a6bfc6e0 mode 0

Classes unloaded (0 events):
No events

Classes redefined (0 events):
No events

Internal exceptions (1 events):
Event: 0.297 Thread 0x0000022f0c14e6f0 Exception <a 'java/lang/NoSuchMethodError'{0x000000008c42a018}: 'int java.lang.invoke.DirectMethodHandle$Holder.invokeStaticInit(java.lang.Object, java.lang.Object)'> (0x000000008c42a018) 
thrown [s\src\hotspot\share\interpreter\linkResolver.cpp, line 771]

VM Operations (2 events):
Event: 0.136 Executing VM operation: HandshakeAllThreads
Event: 0.136 Executing VM operation: HandshakeAllThreads done

Events (20 events):
Event: 0.303 loading class java/io/FileFilter
Event: 0.303 loading class java/io/FileFilter done
Event: 0.313 loading class java/util/Collections$UnmodifiableList
Event: 0.313 loading class java/util/Collections$UnmodifiableList done
Event: 0.313 loading class java/util/Collections$UnmodifiableRandomAccessList
Event: 0.313 loading class java/util/Collections$UnmodifiableRandomAccessList done
Event: 0.319 loading class java/util/AbstractList$Itr
Event: 0.319 loading class java/util/AbstractList$Itr done
Event: 0.320 loading class java/util/zip/ZipException
Event: 0.320 loading class java/util/zip/ZipException done
Event: 0.320 loading class java/util/ArrayList$SubList
Event: 0.320 loading class java/util/ArrayList$SubList done
Event: 0.326 loading class java/util/Collections$UnmodifiableCollection$1
Event: 0.326 loading class java/util/Collections$UnmodifiableCollection$1 done
Event: 0.328 loading class java/util/Collections$SingletonSet
Event: 0.328 loading class java/util/Collections$SingletonSet done
Event: 0.328 loading class java/util/Collections$1
Event: 0.328 loading class java/util/Collections$1 done
Event: 0.330 loading class java/lang/invoke/DirectMethodHandle$Special
Event: 0.330 loading class java/lang/invoke/DirectMethodHandle$Special done


Dynamic libraries:
0x00007ff755190000 - 0x00007ff75519a000 	C:\Program Files\Android\Android Studio\jbr\bin\java.exe
0x00007ff900530000 - 0x00007ff900747000 	C:\WINDOWS\SYSTEM32\ntdll.dll
0x00007ff8ff6b0000 - 0x00007ff8ff774000 	C:\WINDOWS\System32\KERNEL32.DLL
0x00007ff8fdc90000 - 0x00007ff8fe047000 	C:\WINDOWS\System32\KERNELBASE.dll
0x00007ff8fe050000 - 0x00007ff8fe161000 	C:\WINDOWS\System32\ucrtbase.dll
0x00007ff8e95a0000 - 0x00007ff8e95b7000 	C:\Program Files\Android\Android Studio\jbr\bin\jli.dll
0x00007ff8e9580000 - 0x00007ff8e959b000 	C:\Program Files\Android\Android Studio\jbr\bin\VCRUNTIME140.dll
0x00007ff8fe5f0000 - 0x00007ff8fe79f000 	C:\WINDOWS\System32\USER32.dll
0x00007ff8fd840000 - 0x00007ff8fd866000 	C:\WINDOWS\System32\win32u.dll
0x00007ff8eade0000 - 0x00007ff8eb073000 	C:\WINDOWS\WinSxS\amd64_microsoft.windows.common-controls_6595b64144ccf1df_6.0.22621.3672_none_2713b9d173822955\COMCTL32.dll
0x00007ff9000c0000 - 0x00007ff9000e9000 	C:\WINDOWS\System32\GDI32.dll
0x00007ff8fe260000 - 0x00007ff8fe307000 	C:\WINDOWS\System32\msvcrt.dll
0x00007ff8fd910000 - 0x00007ff8fda28000 	C:\WINDOWS\System32\gdi32full.dll
0x00007ff8fd870000 - 0x00007ff8fd90a000 	C:\WINDOWS\System32\msvcp_win.dll
0x00007ff8fe310000 - 0x00007ff8fe341000 	C:\WINDOWS\System32\IMM32.DLL
0x00007ff8fa670000 - 0x00007ff8fa67c000 	C:\Program Files\Android\Android Studio\jbr\bin\vcruntime140_1.dll
0x00007ff8b4b00000 - 0x00007ff8b4b8d000 	C:\Program Files\Android\Android Studio\jbr\bin\msvcp140.dll
0x00007ff876430000 - 0x00007ff8770b3000 	C:\Program Files\Android\Android Studio\jbr\bin\server\jvm.dll
0x00007ff8fe7a0000 - 0x00007ff8fe852000 	C:\WINDOWS\System32\ADVAPI32.dll
0x00007ff900000000 - 0x00007ff9000a8000 	C:\WINDOWS\System32\sechost.dll
0x00007ff8fdba0000 - 0x00007ff8fdbc8000 	C:\WINDOWS\System32\bcrypt.dll
0x00007ff8ff880000 - 0x00007ff8ff994000 	C:\WINDOWS\System32\RPCRT4.dll
0x00007ff8e1cb0000 - 0x00007ff8e1cb9000 	C:\WINDOWS\SYSTEM32\WSOCK32.dll
0x00007ff8fc930000 - 0x00007ff8fc97d000 	C:\WINDOWS\SYSTEM32\POWRPROF.dll
0x00007ff8f7870000 - 0x00007ff8f78a4000 	C:\WINDOWS\SYSTEM32\WINMM.dll
0x00007ff8fe570000 - 0x00007ff8fe5e1000 	C:\WINDOWS\System32\WS2_32.dll
0x00007ff8f16c0000 - 0x00007ff8f16ca000 	C:\WINDOWS\SYSTEM32\VERSION.dll
0x00007ff8fc8b0000 - 0x00007ff8fc8c3000 	C:\WINDOWS\SYSTEM32\UMPDC.dll
0x00007ff8fc980000 - 0x00007ff8fc998000 	C:\WINDOWS\SYSTEM32\kernel.appcore.dll
0x00007ff8e9980000 - 0x00007ff8e998a000 	C:\Program Files\Android\Android Studio\jbr\bin\jimage.dll
0x00007ff8fa770000 - 0x00007ff8fa9a2000 	C:\WINDOWS\SYSTEM32\DBGHELP.DLL
0x00007ff8ffc70000 - 0x00007ff8ffffe000 	C:\WINDOWS\System32\combase.dll
0x00007ff900400000 - 0x00007ff9004d7000 	C:\WINDOWS\System32\OLEAUT32.dll
0x00007ff8e9c30000 - 0x00007ff8e9c62000 	C:\WINDOWS\SYSTEM32\dbgcore.DLL
0x00007ff8fe170000 - 0x00007ff8fe1eb000 	C:\WINDOWS\System32\bcryptPrimitives.dll
0x00007ff8e5da0000 - 0x00007ff8e5dc5000 	C:\Program Files\Android\Android Studio\jbr\bin\java.dll
0x00007ff8e5cd0000 - 0x00007ff8e5ce8000 	C:\Program Files\Android\Android Studio\jbr\bin\zip.dll
0x00007ff8fee40000 - 0x00007ff8ff6a9000 	C:\WINDOWS\System32\SHELL32.dll
0x00007ff8fb7b0000 - 0x00007ff8fc0af000 	C:\WINDOWS\SYSTEM32\windows.storage.dll
0x00007ff8fb670000 - 0x00007ff8fb7af000 	C:\WINDOWS\SYSTEM32\wintypes.dll
0x00007ff8ff780000 - 0x00007ff8ff879000 	C:\WINDOWS\System32\SHCORE.dll
0x00007ff8ff9a0000 - 0x00007ff8ff9fe000 	C:\WINDOWS\System32\shlwapi.dll
0x00007ff8fd770000 - 0x00007ff8fd797000 	C:\WINDOWS\SYSTEM32\profapi.dll
0x00007ff8e5550000 - 0x00007ff8e5569000 	C:\Program Files\Android\Android Studio\jbr\bin\net.dll
0x00007ff8f90a0000 - 0x00007ff8f91d6000 	C:\WINDOWS\SYSTEM32\WINHTTP.dll
0x00007ff8fcdf0000 - 0x00007ff8fce59000 	C:\WINDOWS\system32\mswsock.dll
0x00007ff8e5530000 - 0x00007ff8e5546000 	C:\Program Files\Android\Android Studio\jbr\bin\nio.dll
0x00007ff8e8fa0000 - 0x00007ff8e8fb0000 	C:\Program Files\Android\Android Studio\jbr\bin\verify.dll

dbghelp: loaded successfully - version: 4.0.5 - missing functions: none
symbol engine: initialized successfully - sym options: 0x614 - pdb path: .;C:\Program Files\Android\Android Studio\jbr\bin;C:\WINDOWS\SYSTEM32;C:\WINDOWS\WinSxS\amd64_microsoft.windows.common-controls_6595b64144ccf1df_6.0.22621.3672_none_2713b9d173822955;C:\Program Files\Android\Android Studio\jbr\bin\server

VM Arguments:
jvm_args: -Dorg.gradle.appname=gradlew 
java_command: org.gradle.wrapper.GradleWrapperMain -q -Ptarget-platform=android-x64 -Ptarget=C:\src\latihan_aplikasi\lib\main.dart -Pbase-application-name=android.app.Application -Pdart-defines=RkxVVFRFUl9XRUJfQVVUT19ERVRFQ1Q9dHJ1ZQ==,RkxVVFRFUl9XRUJfQ0FOVkFTS0lUX1VSTD1odHRwczovL3d3dy5nc3RhdGljLmNvbS9mbHV0dGVyLWNhbnZhc2tpdC8wNDgxN2M5OWM5ZmQ0OTU2ZjI3NTA1MjA0ZjdlMzQ0MzM1ODEwYWVkLw== -Pdart-obfuscation=false -Ptrack-widget-creation=true -Ptree-shake-icons=false -Pfilesystem-scheme=org-dartlang-root assembleDebug
java_class_path (initial): C:\src\latihan_aplikasi\android\\gradle\wrapper\gradle-wrapper.jar
Launcher Type: SUN_STANDARD

[Global flags]
     intx CICompilerCount                          = 4                                         {product} {ergonomic}
     uint ConcGCThreads                            = 2                                         {product} {ergonomic}
     uint G1ConcRefinementThreads                  = 8                                         {product} {ergonomic}
   size_t G1HeapRegionSize                         = 1048576                                   {product} {ergonomic}
    uintx GCDrainStackTargetSize                   = 64                                        {product} {ergonomic}
   size_t InitialHeapSize                          = 130023424                                 {product} {ergonomic}
   size_t MarkStackSize                            = 4194304                                   {product} {ergonomic}
   size_t MaxHeapSize                              = 2067791872                                {product} {ergonomic}
   size_t MaxNewSize                               = 1240465408                                {product} {ergonomic}
   size_t MinHeapDeltaBytes                        = 1048576                                   {product} {ergonomic}
   size_t MinHeapSize                              = 8388608                                   {product} {ergonomic}
    uintx NonNMethodCodeHeapSize                   = 5839372                                {pd product} {ergonomic}
    uintx NonProfiledCodeHeapSize                  = 122909434                              {pd product} {ergonomic}
    uintx ProfiledCodeHeapSize                     = 122909434                              {pd product} {ergonomic}
    uintx ReservedCodeCacheSize                    = 251658240                              {pd product} {ergonomic}
     bool SegmentedCodeCache                       = true                                      {product} {ergonomic}
   size_t SoftMaxHeapSize                          = 2067791872                             {manageable} {ergonomic}
     bool UseCompressedClassPointers               = true                           {product lp64_product} {ergonomic}
     bool UseCompressedOops                        = true                           {product lp64_product} {ergonomic}
     bool UseG1GC                                  = true                                      {product} {ergonomic}
     bool UseLargePagesIndividualAllocation        = false                                  {pd product} {ergonomic}

Logging:
Log output configuration:
 #0: stdout all=warning uptime,level,tags
 #1: stderr all=off uptime,level,tags

Environment Variables:
JAVA_HOME=C:\Program Files\Android\Android Studio\jbr
CLASSPATH=C:\src\latihan_aplikasi\android\\gradle\wrapper\gradle-wrapper.jar
PATH=C:\Program Files\Android\Android Studio\jbr\bin;C:\Program Files\Common Files\Oracle\Java\javapath;C:\WINDOWS\system32;C:\WINDOWS;C:\WINDOWS\System32\Wbem;C:\WINDOWS\System32\WindowsPowerShell\v1.0\;C:\WINDOWS\System32\OpenSSH\;C:\ProgramData\ComposerSetup\bin;C:\xampp\php-7.4;C:\Program Files\Git\cmd;C:\Program Files (x86)\Windows Kits\10\Windows Performance Toolkit\;C:\src\flutter\bin;C:\Users\vivob\AppData\Local\Programs\Python\Python313\Scripts\;C:\Users\vivob\AppData\Local\Programs\Python\Python313\;C:\Users\vivob\AppData\Local\Programs\Python\Python312\Scripts\;C:\Users\vivob\AppData\Local\Programs\Python\Python312\;C:\Users\vivob\AppData\Local\Programs\Python\Python311\Scripts\;C:\Users\vivob\AppData\Local\Programs\Python\Python311\;C:\Users\vivob\AppData\Local\Microsoft\WindowsApps;C:\Users\vivob\AppData\Roaming\Composer\vendor\bin;C:\xampp\php-7.4;C:\Users\vivob\AppData\Local\Programs\Microsoft VS Code\bin;C:\src\flutter\bin;;C:\src\flutter\bin\mingit\cmd;C:\src\flutter\bin\mingit\cmd
USERNAME=vivob
OS=Windows_NT
PROCESSOR_IDENTIFIER=Intel64 Family 6 Model 140 Stepping 1, GenuineIntel
TMP=C:\Users\vivob\AppData\Local\Temp
TEMP=C:\Users\vivob\AppData\Local\Temp



Periodic native trim disabled

JNI global refs:
JNI global refs: 8, weak refs: 0

JNI global refs memory usage: 843, weak refs: 841

Process memory usage:
Resident Set Size: 50996K (0% of 8074356K total physical memory with 327948K free physical memory)

OOME stack traces (most recent first):
Classloader memory used:
Loader bootstrap                                                                       : 983K
Loader java.net.URLClassLoader                                                         : 26124B
Loader jdk.internal.loader.ClassLoaders$AppClassLoader                                 : 18431B


---------------  S Y S T E M  ---------------

OS:
 Windows 11 , 64 bit Build 22621 (10.0.22621.3958)
OS uptime: 0 days 1:01 hours

CPU: total 8 (initial active 8) (4 cores per cpu, 2 threads per core) family 6 model 140 stepping 1 microcode 0x86, cx8, cmov, fxsr, ht, mmx, 3dnowpref, sse, sse2, sse3, ssse3, sse4.1, sse4.2, popcnt, lzcnt, tsc, tscinvbit, avx, avx2, aes, erms, clmul, bmi1, bmi2, adx, avx512f, avx512dq, avx512cd, avx512bw, avx512vl, sha, fma, vzeroupper, avx512_vpopcntdq, avx512_vpclmulqdq, avx512_vaes, avx512_vnni, clflush, clflushopt, clwb, avx512_vbmi2, avx512_vbmi
Processor Information for processor 0
  Max Mhz: 2419, Current Mhz: 2419, Mhz Limit: 2419
Processor Information for processor 1
  Max Mhz: 2419, Current Mhz: 2419, Mhz Limit: 2419
Processor Information for processor 2
  Max Mhz: 2419, Current Mhz: 2419, Mhz Limit: 2419
Processor Information for processor 3
  Max Mhz: 2419, Current Mhz: 2419, Mhz Limit: 2419
Processor Information for processor 4
  Max Mhz: 2419, Current Mhz: 2419, Mhz Limit: 2419
Processor Information for processor 5
  Max Mhz: 2419, Current Mhz: 2419, Mhz Limit: 2419
Processor Information for processor 6
  Max Mhz: 2419, Current Mhz: 1007, Mhz Limit: 2419
Processor Information for processor 7
  Max Mhz: 2419, Current Mhz: 2419, Mhz Limit: 2419

Memory: 4k page, system-wide physical 7885M (320M free)
TotalPageFile size 11885M (AvailPageFile size 4M)
current process WorkingSet (physical memory assigned to process): 49M, peak: 49M
current process commit charge ("private bytes"): 206M, peak: 207M

vm_info: OpenJDK 64-Bit Server VM (17.0.11+0--11852314) for windows-amd64 JRE (17.0.11+0--11852314), built on May 16 2024 21:29:20 by "androidbuild" with MS VC++ 16.10 / 16.11 (VS2019)

END.
