#
# There is insufficient memory for the Java Runtime Environment to continue.
# Native memory allocation (malloc) failed to allocate 71296 bytes for Chunk::new
# Possible reasons:
#   The system is out of physical RAM or swap space
#   The process is running with CompressedOops enabled, and the Java Heap may be blocking the growth of the native heap
# Possible solutions:
#   Reduce memory load on the system
#   Increase physical memory or swap space
#   Check if swap backing store is full
#   Decrease Java heap size (-Xmx/-Xms)
#   Decrease number of Java threads
#   Decrease Java thread stack sizes (-Xss)
#   Set larger code cache with -XX:ReservedCodeCacheSize=
#   JVM is running with Unscaled Compressed Oops mode in which the Java heap is
#     placed in the first 4GB address space. The Java Heap base address is the
#     maximum limit for the native heap growth. Please use -XX:HeapBaseMinAddress
#     to set the Java Heap base and to place the Java Heap above 4GB virtual address.
# This output file may be truncated or incomplete.
#
#  Out of Memory Error (arena.cpp:189), pid=10808, tid=4540
#
# JRE version: OpenJDK Runtime Environment (17.0.7) (build 17.0.7+0-b2043.56-10550314)
# Java VM: OpenJDK 64-Bit Server VM (17.0.7+0-b2043.56-10550314, mixed mode, tiered, compressed oops, compressed class ptrs, g1 gc, windows-amd64)
# No core dump will be written. Minidumps are not enabled by default on client versions of Windows
#

---------------  S U M M A R Y ------------

Command Line: -Dorg.gradle.appname=gradlew org.gradle.wrapper.GradleWrapperMain -q -Ptarget-platform=android-x64 -Ptarget=C:\src\latihan_aplikasi\lib\main.dart -Pbase-application-name=android.app.Application -Pdart-defines=RkxVVFRFUl9XRUJfQVVUT19ERVRFQ1Q9dHJ1ZQ==,RkxVVFRFUl9XRUJfQ0FOVkFTS0lUX1VSTD1odHRwczovL3d3dy5nc3RhdGljLmNvbS9mbHV0dGVyLWNhbnZhc2tpdC8wNDgxN2M5OWM5ZmQ0OTU2ZjI3NTA1MjA0ZjdlMzQ0MzM1ODEwYWVkLw== -Pdart-obfuscation=false -Ptrack-widget-creation=true -Ptree-shake-icons=false -Pfilesystem-scheme=org-dartlang-root assembleDebug

Host: 11th Gen Intel(R) Core(TM) i5-1135G7 @ 2.40GHz, 8 cores, 7G,  Windows 11 , 64 bit Build 22621 (10.0.22621.3958)
Time: Tue Nov 26 11:23:15 2024 Tokyo Standard Time elapsed time: 0.647452 seconds (0d 0h 0m 0s)

---------------  T H R E A D  ---------------

Current thread (0x00000182329c7600):  JavaThread "C2 CompilerThread0" daemon [_thread_in_native, id=4540, stack(0x0000001d4de00000,0x0000001d4df00000)]


Current CompileTask:
C2:    647  518   !   4       java.util.zip.ZipFile$Source::checkAndAddEntry (209 bytes)

Stack: [0x0000001d4de00000,0x0000001d4df00000]
Native frames: (J=compiled Java code, j=interpreted, Vv=VM code, C=native code)
V  [jvm.dll+0x683bfa]
V  [jvm.dll+0x8430a4]
V  [jvm.dll+0x8449be]
V  [jvm.dll+0x845023]
V  [jvm.dll+0x24ad2f]
V  [jvm.dll+0xac25c]
V  [jvm.dll+0xac82c]
V  [jvm.dll+0x36a187]
V  [jvm.dll+0x1bddd2]
V  [jvm.dll+0x21d3a9]
V  [jvm.dll+0x21c671]
V  [jvm.dll+0x1a605d]
V  [jvm.dll+0x22c148]
V  [jvm.dll+0x22a209]
V  [jvm.dll+0x7f858c]
V  [jvm.dll+0x7f2aea]
V  [jvm.dll+0x682a35]
C  [ucrtbase.dll+0x29333]
C  [KERNEL32.DLL+0x1257d]
C  [ntdll.dll+0x5af08]


---------------  P R O C E S S  ---------------

Threads class SMR info:
_java_thread_list=0x0000018232cae180, length=12, elements={
0x0000018218e024e0, 0x0000018232b03260, 0x0000018232b043b0, 0x00000182329c2460,
0x00000182329c2e10, 0x00000182329c57d0, 0x00000182329c6920, 0x00000182329c7600,
0x0000018232b36ea0, 0x0000018232b38030, 0x0000018232ca78f0, 0x0000018232cbf6f0
}

Java Threads: ( => current thread )
  0x0000018218e024e0 JavaThread "main" [_thread_blocked, id=10840, stack(0x0000001d4d100000,0x0000001d4d200000)]
  0x0000018232b03260 JavaThread "Reference Handler" daemon [_thread_blocked, id=5288, stack(0x0000001d4d800000,0x0000001d4d900000)]
  0x0000018232b043b0 JavaThread "Finalizer" daemon [_thread_blocked, id=8920, stack(0x0000001d4d900000,0x0000001d4da00000)]
  0x00000182329c2460 JavaThread "Signal Dispatcher" daemon [_thread_blocked, id=7040, stack(0x0000001d4da00000,0x0000001d4db00000)]
  0x00000182329c2e10 JavaThread "Attach Listener" daemon [_thread_blocked, id=5220, stack(0x0000001d4db00000,0x0000001d4dc00000)]
  0x00000182329c57d0 JavaThread "Service Thread" daemon [_thread_blocked, id=17292, stack(0x0000001d4dc00000,0x0000001d4dd00000)]
  0x00000182329c6920 JavaThread "Monitor Deflation Thread" daemon [_thread_blocked, id=7736, stack(0x0000001d4dd00000,0x0000001d4de00000)]
=>0x00000182329c7600 JavaThread "C2 CompilerThread0" daemon [_thread_in_native, id=4540, stack(0x0000001d4de00000,0x0000001d4df00000)]
  0x0000018232b36ea0 JavaThread "C1 CompilerThread0" daemon [_thread_blocked, id=14572, stack(0x0000001d4df00000,0x0000001d4e000000)]
  0x0000018232b38030 JavaThread "Sweeper thread" daemon [_thread_blocked, id=296, stack(0x0000001d4e000000,0x0000001d4e100000)]
  0x0000018232ca78f0 JavaThread "Notification Thread" daemon [_thread_blocked, id=10960, stack(0x0000001d4e100000,0x0000001d4e200000)]
  0x0000018232cbf6f0 JavaThread "Common-Cleaner" daemon [_thread_blocked, id=5076, stack(0x0000001d4e300000,0x0000001d4e400000)]

Other Threads:
  0x00000182329b3960 VMThread "VM Thread" [stack: 0x0000001d4d700000,0x0000001d4d800000] [id=2368]
  0x0000018232ca7dc0 WatcherThread [stack: 0x0000001d4e200000,0x0000001d4e300000] [id=17244]
  0x0000018218e5b410 GCTaskThread "GC Thread#0" [stack: 0x0000001d4d200000,0x0000001d4d300000] [id=5716]
  0x0000018218e6b9d0 ConcurrentGCThread "G1 Main Marker" [stack: 0x0000001d4d300000,0x0000001d4d400000] [id=12464]
  0x0000018218e6cb80 ConcurrentGCThread "G1 Conc#0" [stack: 0x0000001d4d400000,0x0000001d4d500000] [id=17436]
  0x0000018218ebead0 ConcurrentGCThread "G1 Refine#0" [stack: 0x0000001d4d500000,0x0000001d4d600000] [id=10452]
  0x00000182327fa640 ConcurrentGCThread "G1 Service" [stack: 0x0000001d4d600000,0x0000001d4d700000] [id=8688]

Threads with active compile tasks:
C2 CompilerThread0      664  518   !   4       java.util.zip.ZipFile$Source::checkAndAddEntry (209 bytes)

VM state: not at safepoint (normal execution)

VM Mutex/Monitor currently owned by a thread: None

OutOfMemory and StackOverflow Exception counts:
OutOfMemoryError java_heap_errors=1
LinkageErrors=3

Heap address: 0x0000000084c00000, size: 1972 MB, Compressed Oops mode: 32-bit

CDS archive(s) not mapped
Compressed class space mapped at: 0x0000000100000000-0x0000000140000000, reserved size: 1073741824
Narrow klass base: 0x0000000000000000, Narrow klass shift: 3, Narrow klass range: 0x140000000

GC Precious Log:
 CPUs: 8 total, 8 available
 Memory: 7885M
 Large Page Support: Disabled
 NUMA Support: Disabled
 Compressed Oops: Enabled (32-bit)
 Heap Region Size: 1M
 Heap Min Capacity: 8M
 Heap Initial Capacity: 124M
 Heap Max Capacity: 1972M
 Pre-touch: Disabled
 Parallel Workers: 8
 Concurrent Workers: 2
 Concurrent Refinement Workers: 8
 Periodic GC: Disabled

Heap:
 garbage-first heap   total 126976K, used 11264K [0x0000000084c00000, 0x0000000100000000)
  region size 1024K, 13 young (13312K), 0 survivors (0K)
 Metaspace       used 8436K, committed 8512K, reserved 1114112K
  class space    used 746K, committed 768K, reserved 1048576K

Heap Regions: E=young(eden), S=young(survivor), O=old, HS=humongous(starts), HC=humongous(continues), CS=collection set, F=free, OA=open archive, CA=closed archive, TAMS=top-at-mark-start (previous, next)
|   0|0x0000000084c00000, 0x0000000084c00000, 0x0000000084d00000|  0%| F|  |TAMS 0x0000000084c00000, 0x0000000084c00000| Untracked 
|   1|0x0000000084d00000, 0x0000000084d00000, 0x0000000084e00000|  0%| F|  |TAMS 0x0000000084d00000, 0x0000000084d00000| Untracked 
|   2|0x0000000084e00000, 0x0000000084e00000, 0x0000000084f00000|  0%| F|  |TAMS 0x0000000084e00000, 0x0000000084e00000| Untracked 
|   3|0x0000000084f00000, 0x0000000084f00000, 0x0000000085000000|  0%| F|  |TAMS 0x0000000084f00000, 0x0000000084f00000| Untracked 
|   4|0x0000000085000000, 0x0000000085000000, 0x0000000085100000|  0%| F|  |TAMS 0x0000000085000000, 0x0000000085000000| Untracked 
|   5|0x0000000085100000, 0x0000000085100000, 0x0000000085200000|  0%| F|  |TAMS 0x0000000085100000, 0x0000000085100000| Untracked 
|   6|0x0000000085200000, 0x0000000085200000, 0x0000000085300000|  0%| F|  |TAMS 0x0000000085200000, 0x0000000085200000| Untracked 
|   7|0x0000000085300000, 0x0000000085300000, 0x0000000085400000|  0%| F|  |TAMS 0x0000000085300000, 0x0000000085300000| Untracked 
|   8|0x0000000085400000, 0x0000000085400000, 0x0000000085500000|  0%| F|  |TAMS 0x0000000085400000, 0x0000000085400000| Untracked 
|   9|0x0000000085500000, 0x0000000085500000, 0x0000000085600000|  0%| F|  |TAMS 0x0000000085500000, 0x0000000085500000| Untracked 
|  10|0x0000000085600000, 0x0000000085600000, 0x0000000085700000|  0%| F|  |TAMS 0x0000000085600000, 0x0000000085600000| Untracked 
|  11|0x0000000085700000, 0x0000000085700000, 0x0000000085800000|  0%| F|  |TAMS 0x0000000085700000, 0x0000000085700000| Untracked 
|  12|0x0000000085800000, 0x0000000085800000, 0x0000000085900000|  0%| F|  |TAMS 0x0000000085800000, 0x0000000085800000| Untracked 
|  13|0x0000000085900000, 0x0000000085900000, 0x0000000085a00000|  0%| F|  |TAMS 0x0000000085900000, 0x0000000085900000| Untracked 
|  14|0x0000000085a00000, 0x0000000085a00000, 0x0000000085b00000|  0%| F|  |TAMS 0x0000000085a00000, 0x0000000085a00000| Untracked 
|  15|0x0000000085b00000, 0x0000000085b00000, 0x0000000085c00000|  0%| F|  |TAMS 0x0000000085b00000, 0x0000000085b00000| Untracked 
|  16|0x0000000085c00000, 0x0000000085c00000, 0x0000000085d00000|  0%| F|  |TAMS 0x0000000085c00000, 0x0000000085c00000| Untracked 
|  17|0x0000000085d00000, 0x0000000085d00000, 0x0000000085e00000|  0%| F|  |TAMS 0x0000000085d00000, 0x0000000085d00000| Untracked 
|  18|0x0000000085e00000, 0x0000000085e00000, 0x0000000085f00000|  0%| F|  |TAMS 0x0000000085e00000, 0x0000000085e00000| Untracked 
|  19|0x0000000085f00000, 0x0000000085f00000, 0x0000000086000000|  0%| F|  |TAMS 0x0000000085f00000, 0x0000000085f00000| Untracked 
|  20|0x0000000086000000, 0x0000000086000000, 0x0000000086100000|  0%| F|  |TAMS 0x0000000086000000, 0x0000000086000000| Untracked 
|  21|0x0000000086100000, 0x0000000086100000, 0x0000000086200000|  0%| F|  |TAMS 0x0000000086100000, 0x0000000086100000| Untracked 
|  22|0x0000000086200000, 0x0000000086200000, 0x0000000086300000|  0%| F|  |TAMS 0x0000000086200000, 0x0000000086200000| Untracked 
|  23|0x0000000086300000, 0x0000000086300000, 0x0000000086400000|  0%| F|  |TAMS 0x0000000086300000, 0x0000000086300000| Untracked 
|  24|0x0000000086400000, 0x0000000086400000, 0x0000000086500000|  0%| F|  |TAMS 0x0000000086400000, 0x0000000086400000| Untracked 
|  25|0x0000000086500000, 0x0000000086500000, 0x0000000086600000|  0%| F|  |TAMS 0x0000000086500000, 0x0000000086500000| Untracked 
|  26|0x0000000086600000, 0x0000000086600000, 0x0000000086700000|  0%| F|  |TAMS 0x0000000086600000, 0x0000000086600000| Untracked 
|  27|0x0000000086700000, 0x0000000086700000, 0x0000000086800000|  0%| F|  |TAMS 0x0000000086700000, 0x0000000086700000| Untracked 
|  28|0x0000000086800000, 0x0000000086800000, 0x0000000086900000|  0%| F|  |TAMS 0x0000000086800000, 0x0000000086800000| Untracked 
|  29|0x0000000086900000, 0x0000000086900000, 0x0000000086a00000|  0%| F|  |TAMS 0x0000000086900000, 0x0000000086900000| Untracked 
|  30|0x0000000086a00000, 0x0000000086a00000, 0x0000000086b00000|  0%| F|  |TAMS 0x0000000086a00000, 0x0000000086a00000| Untracked 
|  31|0x0000000086b00000, 0x0000000086b00000, 0x0000000086c00000|  0%| F|  |TAMS 0x0000000086b00000, 0x0000000086b00000| Untracked 
|  32|0x0000000086c00000, 0x0000000086c00000, 0x0000000086d00000|  0%| F|  |TAMS 0x0000000086c00000, 0x0000000086c00000| Untracked 
|  33|0x0000000086d00000, 0x0000000086d00000, 0x0000000086e00000|  0%| F|  |TAMS 0x0000000086d00000, 0x0000000086d00000| Untracked 
|  34|0x0000000086e00000, 0x0000000086e00000, 0x0000000086f00000|  0%| F|  |TAMS 0x0000000086e00000, 0x0000000086e00000| Untracked 
|  35|0x0000000086f00000, 0x0000000086f00000, 0x0000000087000000|  0%| F|  |TAMS 0x0000000086f00000, 0x0000000086f00000| Untracked 
|  36|0x0000000087000000, 0x0000000087000000, 0x0000000087100000|  0%| F|  |TAMS 0x0000000087000000, 0x0000000087000000| Untracked 
|  37|0x0000000087100000, 0x0000000087100000, 0x0000000087200000|  0%| F|  |TAMS 0x0000000087100000, 0x0000000087100000| Untracked 
|  38|0x0000000087200000, 0x0000000087200000, 0x0000000087300000|  0%| F|  |TAMS 0x0000000087200000, 0x0000000087200000| Untracked 
|  39|0x0000000087300000, 0x0000000087300000, 0x0000000087400000|  0%| F|  |TAMS 0x0000000087300000, 0x0000000087300000| Untracked 
|  40|0x0000000087400000, 0x0000000087400000, 0x0000000087500000|  0%| F|  |TAMS 0x0000000087400000, 0x0000000087400000| Untracked 
|  41|0x0000000087500000, 0x0000000087500000, 0x0000000087600000|  0%| F|  |TAMS 0x0000000087500000, 0x0000000087500000| Untracked 
|  42|0x0000000087600000, 0x0000000087600000, 0x0000000087700000|  0%| F|  |TAMS 0x0000000087600000, 0x0000000087600000| Untracked 
|  43|0x0000000087700000, 0x0000000087700000, 0x0000000087800000|  0%| F|  |TAMS 0x0000000087700000, 0x0000000087700000| Untracked 
|  44|0x0000000087800000, 0x0000000087800000, 0x0000000087900000|  0%| F|  |TAMS 0x0000000087800000, 0x0000000087800000| Untracked 
|  45|0x0000000087900000, 0x0000000087900000, 0x0000000087a00000|  0%| F|  |TAMS 0x0000000087900000, 0x0000000087900000| Untracked 
|  46|0x0000000087a00000, 0x0000000087a00000, 0x0000000087b00000|  0%| F|  |TAMS 0x0000000087a00000, 0x0000000087a00000| Untracked 
|  47|0x0000000087b00000, 0x0000000087b00000, 0x0000000087c00000|  0%| F|  |TAMS 0x0000000087b00000, 0x0000000087b00000| Untracked 
|  48|0x0000000087c00000, 0x0000000087c00000, 0x0000000087d00000|  0%| F|  |TAMS 0x0000000087c00000, 0x0000000087c00000| Untracked 
|  49|0x0000000087d00000, 0x0000000087d00000, 0x0000000087e00000|  0%| F|  |TAMS 0x0000000087d00000, 0x0000000087d00000| Untracked 
|  50|0x0000000087e00000, 0x0000000087e00000, 0x0000000087f00000|  0%| F|  |TAMS 0x0000000087e00000, 0x0000000087e00000| Untracked 
|  51|0x0000000087f00000, 0x0000000087f00000, 0x0000000088000000|  0%| F|  |TAMS 0x0000000087f00000, 0x0000000087f00000| Untracked 
|  52|0x0000000088000000, 0x0000000088000000, 0x0000000088100000|  0%| F|  |TAMS 0x0000000088000000, 0x0000000088000000| Untracked 
|  53|0x0000000088100000, 0x0000000088100000, 0x0000000088200000|  0%| F|  |TAMS 0x0000000088100000, 0x0000000088100000| Untracked 
|  54|0x0000000088200000, 0x0000000088200000, 0x0000000088300000|  0%| F|  |TAMS 0x0000000088200000, 0x0000000088200000| Untracked 
|  55|0x0000000088300000, 0x0000000088300000, 0x0000000088400000|  0%| F|  |TAMS 0x0000000088300000, 0x0000000088300000| Untracked 
|  56|0x0000000088400000, 0x0000000088400000, 0x0000000088500000|  0%| F|  |TAMS 0x0000000088400000, 0x0000000088400000| Untracked 
|  57|0x0000000088500000, 0x0000000088500000, 0x0000000088600000|  0%| F|  |TAMS 0x0000000088500000, 0x0000000088500000| Untracked 
|  58|0x0000000088600000, 0x0000000088600000, 0x0000000088700000|  0%| F|  |TAMS 0x0000000088600000, 0x0000000088600000| Untracked 
|  59|0x0000000088700000, 0x0000000088700000, 0x0000000088800000|  0%| F|  |TAMS 0x0000000088700000, 0x0000000088700000| Untracked 
|  60|0x0000000088800000, 0x0000000088800000, 0x0000000088900000|  0%| F|  |TAMS 0x0000000088800000, 0x0000000088800000| Untracked 
|  61|0x0000000088900000, 0x0000000088900000, 0x0000000088a00000|  0%| F|  |TAMS 0x0000000088900000, 0x0000000088900000| Untracked 
|  62|0x0000000088a00000, 0x0000000088a00000, 0x0000000088b00000|  0%| F|  |TAMS 0x0000000088a00000, 0x0000000088a00000| Untracked 
|  63|0x0000000088b00000, 0x0000000088b00000, 0x0000000088c00000|  0%| F|  |TAMS 0x0000000088b00000, 0x0000000088b00000| Untracked 
|  64|0x0000000088c00000, 0x0000000088c00000, 0x0000000088d00000|  0%| F|  |TAMS 0x0000000088c00000, 0x0000000088c00000| Untracked 
|  65|0x0000000088d00000, 0x0000000088d00000, 0x0000000088e00000|  0%| F|  |TAMS 0x0000000088d00000, 0x0000000088d00000| Untracked 
|  66|0x0000000088e00000, 0x0000000088e00000, 0x0000000088f00000|  0%| F|  |TAMS 0x0000000088e00000, 0x0000000088e00000| Untracked 
|  67|0x0000000088f00000, 0x0000000088f00000, 0x0000000089000000|  0%| F|  |TAMS 0x0000000088f00000, 0x0000000088f00000| Untracked 
|  68|0x0000000089000000, 0x0000000089000000, 0x0000000089100000|  0%| F|  |TAMS 0x0000000089000000, 0x0000000089000000| Untracked 
|  69|0x0000000089100000, 0x0000000089100000, 0x0000000089200000|  0%| F|  |TAMS 0x0000000089100000, 0x0000000089100000| Untracked 
|  70|0x0000000089200000, 0x0000000089200000, 0x0000000089300000|  0%| F|  |TAMS 0x0000000089200000, 0x0000000089200000| Untracked 
|  71|0x0000000089300000, 0x0000000089300000, 0x0000000089400000|  0%| F|  |TAMS 0x0000000089300000, 0x0000000089300000| Untracked 
|  72|0x0000000089400000, 0x0000000089400000, 0x0000000089500000|  0%| F|  |TAMS 0x0000000089400000, 0x0000000089400000| Untracked 
|  73|0x0000000089500000, 0x0000000089500000, 0x0000000089600000|  0%| F|  |TAMS 0x0000000089500000, 0x0000000089500000| Untracked 
|  74|0x0000000089600000, 0x0000000089600000, 0x0000000089700000|  0%| F|  |TAMS 0x0000000089600000, 0x0000000089600000| Untracked 
|  75|0x0000000089700000, 0x0000000089700000, 0x0000000089800000|  0%| F|  |TAMS 0x0000000089700000, 0x0000000089700000| Untracked 
|  76|0x0000000089800000, 0x0000000089800000, 0x0000000089900000|  0%| F|  |TAMS 0x0000000089800000, 0x0000000089800000| Untracked 
|  77|0x0000000089900000, 0x0000000089900000, 0x0000000089a00000|  0%| F|  |TAMS 0x0000000089900000, 0x0000000089900000| Untracked 
|  78|0x0000000089a00000, 0x0000000089a00000, 0x0000000089b00000|  0%| F|  |TAMS 0x0000000089a00000, 0x0000000089a00000| Untracked 
|  79|0x0000000089b00000, 0x0000000089b00000, 0x0000000089c00000|  0%| F|  |TAMS 0x0000000089b00000, 0x0000000089b00000| Untracked 
|  80|0x0000000089c00000, 0x0000000089c00000, 0x0000000089d00000|  0%| F|  |TAMS 0x0000000089c00000, 0x0000000089c00000| Untracked 
|  81|0x0000000089d00000, 0x0000000089d00000, 0x0000000089e00000|  0%| F|  |TAMS 0x0000000089d00000, 0x0000000089d00000| Untracked 
|  82|0x0000000089e00000, 0x0000000089e00000, 0x0000000089f00000|  0%| F|  |TAMS 0x0000000089e00000, 0x0000000089e00000| Untracked 
|  83|0x0000000089f00000, 0x0000000089f00000, 0x000000008a000000|  0%| F|  |TAMS 0x0000000089f00000, 0x0000000089f00000| Untracked 
|  84|0x000000008a000000, 0x000000008a000000, 0x000000008a100000|  0%| F|  |TAMS 0x000000008a000000, 0x000000008a000000| Untracked 
|  85|0x000000008a100000, 0x000000008a100000, 0x000000008a200000|  0%| F|  |TAMS 0x000000008a100000, 0x000000008a100000| Untracked 
|  86|0x000000008a200000, 0x000000008a200000, 0x000000008a300000|  0%| F|  |TAMS 0x000000008a200000, 0x000000008a200000| Untracked 
|  87|0x000000008a300000, 0x000000008a300000, 0x000000008a400000|  0%| F|  |TAMS 0x000000008a300000, 0x000000008a300000| Untracked 
|  88|0x000000008a400000, 0x000000008a400000, 0x000000008a500000|  0%| F|  |TAMS 0x000000008a400000, 0x000000008a400000| Untracked 
|  89|0x000000008a500000, 0x000000008a500000, 0x000000008a600000|  0%| F|  |TAMS 0x000000008a500000, 0x000000008a500000| Untracked 
|  90|0x000000008a600000, 0x000000008a600000, 0x000000008a700000|  0%| F|  |TAMS 0x000000008a600000, 0x000000008a600000| Untracked 
|  91|0x000000008a700000, 0x000000008a700000, 0x000000008a800000|  0%| F|  |TAMS 0x000000008a700000, 0x000000008a700000| Untracked 
|  92|0x000000008a800000, 0x000000008a800000, 0x000000008a900000|  0%| F|  |TAMS 0x000000008a800000, 0x000000008a800000| Untracked 
|  93|0x000000008a900000, 0x000000008a900000, 0x000000008aa00000|  0%| F|  |TAMS 0x000000008a900000, 0x000000008a900000| Untracked 
|  94|0x000000008aa00000, 0x000000008aa00000, 0x000000008ab00000|  0%| F|  |TAMS 0x000000008aa00000, 0x000000008aa00000| Untracked 
|  95|0x000000008ab00000, 0x000000008ab00000, 0x000000008ac00000|  0%| F|  |TAMS 0x000000008ab00000, 0x000000008ab00000| Untracked 
|  96|0x000000008ac00000, 0x000000008ac00000, 0x000000008ad00000|  0%| F|  |TAMS 0x000000008ac00000, 0x000000008ac00000| Untracked 
|  97|0x000000008ad00000, 0x000000008ad00000, 0x000000008ae00000|  0%| F|  |TAMS 0x000000008ad00000, 0x000000008ad00000| Untracked 
|  98|0x000000008ae00000, 0x000000008ae00000, 0x000000008af00000|  0%| F|  |TAMS 0x000000008ae00000, 0x000000008ae00000| Untracked 
|  99|0x000000008af00000, 0x000000008af00000, 0x000000008b000000|  0%| F|  |TAMS 0x000000008af00000, 0x000000008af00000| Untracked 
| 100|0x000000008b000000, 0x000000008b000000, 0x000000008b100000|  0%| F|  |TAMS 0x000000008b000000, 0x000000008b000000| Untracked 
| 101|0x000000008b100000, 0x000000008b100000, 0x000000008b200000|  0%| F|  |TAMS 0x000000008b100000, 0x000000008b100000| Untracked 
| 102|0x000000008b200000, 0x000000008b200000, 0x000000008b300000|  0%| F|  |TAMS 0x000000008b200000, 0x000000008b200000| Untracked 
| 103|0x000000008b300000, 0x000000008b300000, 0x000000008b400000|  0%| F|  |TAMS 0x000000008b300000, 0x000000008b300000| Untracked 
| 104|0x000000008b400000, 0x000000008b400000, 0x000000008b500000|  0%| F|  |TAMS 0x000000008b400000, 0x000000008b400000| Untracked 
| 105|0x000000008b500000, 0x000000008b500000, 0x000000008b600000|  0%| F|  |TAMS 0x000000008b500000, 0x000000008b500000| Untracked 
| 106|0x000000008b600000, 0x000000008b600000, 0x000000008b700000|  0%| F|  |TAMS 0x000000008b600000, 0x000000008b600000| Untracked 
| 107|0x000000008b700000, 0x000000008b700000, 0x000000008b800000|  0%| F|  |TAMS 0x000000008b700000, 0x000000008b700000| Untracked 
| 108|0x000000008b800000, 0x000000008b800000, 0x000000008b900000|  0%| F|  |TAMS 0x000000008b800000, 0x000000008b800000| Untracked 
| 109|0x000000008b900000, 0x000000008b900000, 0x000000008ba00000|  0%| F|  |TAMS 0x000000008b900000, 0x000000008b900000| Untracked 
| 110|0x000000008ba00000, 0x000000008ba00000, 0x000000008bb00000|  0%| F|  |TAMS 0x000000008ba00000, 0x000000008ba00000| Untracked 
| 111|0x000000008bb00000, 0x000000008bba9e78, 0x000000008bc00000| 66%| E|  |TAMS 0x000000008bb00000, 0x000000008bb00000| Complete 
| 112|0x000000008bc00000, 0x000000008bd00000, 0x000000008bd00000|100%| E|  |TAMS 0x000000008bc00000, 0x000000008bc00000| Complete 
| 113|0x000000008bd00000, 0x000000008be00000, 0x000000008be00000|100%| E|CS|TAMS 0x000000008bd00000, 0x000000008bd00000| Complete 
| 114|0x000000008be00000, 0x000000008bf00000, 0x000000008bf00000|100%| E|CS|TAMS 0x000000008be00000, 0x000000008be00000| Complete 
| 115|0x000000008bf00000, 0x000000008c000000, 0x000000008c000000|100%| E|CS|TAMS 0x000000008bf00000, 0x000000008bf00000| Complete 
| 116|0x000000008c000000, 0x000000008c100000, 0x000000008c100000|100%| E|CS|TAMS 0x000000008c000000, 0x000000008c000000| Complete 
| 117|0x000000008c100000, 0x000000008c200000, 0x000000008c200000|100%| E|CS|TAMS 0x000000008c100000, 0x000000008c100000| Complete 
| 118|0x000000008c200000, 0x000000008c300000, 0x000000008c300000|100%| E|CS|TAMS 0x000000008c200000, 0x000000008c200000| Complete 
| 119|0x000000008c300000, 0x000000008c400000, 0x000000008c400000|100%| E|CS|TAMS 0x000000008c300000, 0x000000008c300000| Complete 
| 120|0x000000008c400000, 0x000000008c500000, 0x000000008c500000|100%| E|CS|TAMS 0x000000008c400000, 0x000000008c400000| Complete 
| 121|0x000000008c500000, 0x000000008c600000, 0x000000008c600000|100%| E|CS|TAMS 0x000000008c500000, 0x000000008c500000| Complete 
| 122|0x000000008c600000, 0x000000008c700000, 0x000000008c700000|100%| E|CS|TAMS 0x000000008c600000, 0x000000008c600000| Complete 
| 123|0x000000008c700000, 0x000000008c800000, 0x000000008c800000|100%| E|CS|TAMS 0x000000008c700000, 0x000000008c700000| Complete 

Card table byte_map: [0x000001822b9f0000,0x000001822bdd0000] _byte_map_base: 0x000001822b5ca000

Marking Bits (Prev, Next): (CMBitMap*) 0x0000018218e5ba20, (CMBitMap*) 0x0000018218e5ba60
 Prev Bits: [0x000001822c1b0000, 0x000001822e080000)
 Next Bits: [0x000001822e080000, 0x000001822ff50000)

Polling page: 0x0000018216d30000

Metaspace:

Usage:
  Non-class:      7.51 MB used.
      Class:    746.27 KB used.
       Both:      8.24 MB used.

Virtual space:
  Non-class space:       64.00 MB reserved,       7.56 MB ( 12%) committed,  1 nodes.
      Class space:        1.00 GB reserved,     768.00 KB ( <1%) committed,  1 nodes.
             Both:        1.06 GB reserved,       8.31 MB ( <1%) committed. 

Chunk freelists:
   Non-Class:  8.29 MB
       Class:  15.19 MB
        Both:  23.47 MB

MaxMetaspaceSize: unlimited
CompressedClassSpaceSize: 1.00 GB
Initial GC threshold: 21.00 MB
Current GC threshold: 21.00 MB
CDS: off
MetaspaceReclaimPolicy: balanced
 - commit_granule_bytes: 65536.
 - commit_granule_words: 8192.
 - virtual_space_node_default_size: 8388608.
 - enlarge_chunks_in_place: 1.
 - new_chunks_are_fully_committed: 0.
 - uncommit_free_chunks: 1.
 - use_allocation_guard: 0.
 - handle_deallocations: 1.


Internal statistics:

num_allocs_failed_limit: 0.
num_arena_births: 14.
num_arena_deaths: 0.
num_vsnodes_births: 2.
num_vsnodes_deaths: 0.
num_space_committed: 133.
num_space_uncommitted: 0.
num_chunks_returned_to_freelist: 0.
num_chunks_taken_from_freelist: 59.
num_chunk_merges: 0.
num_chunk_splits: 25.
num_chunks_enlarged: 18.
num_inconsistent_stats: 0.

CodeHeap 'non-profiled nmethods': size=120000Kb used=173Kb max_used=173Kb free=119826Kb
 bounds [0x0000018223da0000, 0x0000018224010000, 0x000001822b2d0000]
CodeHeap 'profiled nmethods': size=120000Kb used=847Kb max_used=847Kb free=119152Kb
 bounds [0x000001821c2d0000, 0x000001821c540000, 0x0000018223800000]
CodeHeap 'non-nmethods': size=5760Kb used=1134Kb max_used=1151Kb free=4625Kb
 bounds [0x0000018223800000, 0x0000018223a70000, 0x0000018223da0000]
 total_blobs=949 nmethods=542 adapters=320
 compilation: enabled
              stopped_count=0, restarted_count=0
 full_count=0

Compilation events (20 events):
Event: 0.618 Thread 0x0000018232b36ea0  517       3       java.nio.file.attribute.FileTime::<init> (21 bytes)
Event: 0.618 Thread 0x0000018232b36ea0 nmethod 517 0x000001821c394c10 code [0x000001821c394dc0, 0x000001821c394ff8]
Event: 0.618 Thread 0x00000182329c7600 nmethod 507% 0x0000018223dc8d90 code [0x0000018223dc8f20, 0x0000018223dc92b8]
Event: 0.618 Thread 0x00000182329c7600  509       4       java.lang.AbstractStringBuilder::append (77 bytes)
Event: 0.623 Thread 0x00000182329c7600 nmethod 509 0x0000018223dc9490 code [0x0000018223dc9620, 0x0000018223dc9bc8]
Event: 0.623 Thread 0x00000182329c7600  505       4       java.io.WinNTFileSystem::isSlash (18 bytes)
Event: 0.623 Thread 0x00000182329c7600 nmethod 505 0x0000018223dc9e90 code [0x0000018223dca000, 0x0000018223dca098]
Event: 0.623 Thread 0x00000182329c7600  514       4       java.util.Arrays::copyOfRange (64 bytes)
Event: 0.625 Thread 0x00000182329c7600 nmethod 514 0x0000018223dca190 code [0x0000018223dca320, 0x0000018223dca658]
Event: 0.638 Thread 0x00000182329c7600  518   !   4       java.util.zip.ZipFile$Source::checkAndAddEntry (209 bytes)
Event: 0.638 Thread 0x0000018232b36ea0  520       3       java.nio.Buffer::position (52 bytes)
Event: 0.639 Thread 0x0000018232b36ea0 nmethod 520 0x000001821c395090 code [0x000001821c395240, 0x000001821c3954c8]
Event: 0.639 Thread 0x0000018232b36ea0  522       3       java.util.LinkedList::linkLast (59 bytes)
Event: 0.639 Thread 0x0000018232b36ea0 nmethod 522 0x000001821c395590 code [0x000001821c395760, 0x000001821c395bb8]
Event: 0.639 Thread 0x0000018232b36ea0  521       3       java.util.LinkedList$Node::<init> (20 bytes)
Event: 0.639 Thread 0x0000018232b36ea0 nmethod 521 0x000001821c395d10 code [0x000001821c395ec0, 0x000001821c396138]
Event: 0.639 Thread 0x0000018232b36ea0  523       3       jdk.internal.util.jar.JarIndex::addMapping (21 bytes)
Event: 0.639 Thread 0x0000018232b36ea0 nmethod 523 0x000001821c396210 code [0x000001821c3963c0, 0x000001821c396558]
Event: 0.641 Thread 0x0000018232b36ea0  524   !   3       java.util.jar.JarFile::checkForSpecialAttributes (163 bytes)
Event: 0.642 Thread 0x0000018232b36ea0 nmethod 524 0x000001821c396610 code [0x000001821c396940, 0x000001821c397bb8]

GC Heap History (0 events):
No events

Dll operation events (2 events):
Event: 0.007 Loaded shared library C:\Program Files\Android\Android Studio\jbr\bin\java.dll
Event: 0.143 Loaded shared library C:\Program Files\Android\Android Studio\jbr\bin\verify.dll

Deoptimization events (20 events):
Event: 0.351 Thread 0x0000018218e024e0 DEOPT PACKING pc=0x000001821c2fc3fe sp=0x0000001d4d1fda00
Event: 0.351 Thread 0x0000018218e024e0 DEOPT UNPACKING pc=0x000001822385ace3 sp=0x0000001d4d1fce70 mode 0
Event: 0.395 Thread 0x0000018218e024e0 DEOPT PACKING pc=0x000001821c3127be sp=0x0000001d4d1fd6c0
Event: 0.395 Thread 0x0000018218e024e0 DEOPT UNPACKING pc=0x000001822385ace3 sp=0x0000001d4d1fcb38 mode 0
Event: 0.395 Thread 0x0000018218e024e0 DEOPT PACKING pc=0x000001821c3127be sp=0x0000001d4d1fd6c0
Event: 0.395 Thread 0x0000018218e024e0 DEOPT UNPACKING pc=0x000001822385ace3 sp=0x0000001d4d1fcb38 mode 0
Event: 0.399 Thread 0x0000018218e024e0 DEOPT PACKING pc=0x000001821c3127be sp=0x0000001d4d1fd6c0
Event: 0.399 Thread 0x0000018218e024e0 DEOPT UNPACKING pc=0x000001822385ace3 sp=0x0000001d4d1fcb38 mode 0
Event: 0.400 Thread 0x0000018218e024e0 DEOPT PACKING pc=0x000001821c3127be sp=0x0000001d4d1fd6c0
Event: 0.400 Thread 0x0000018218e024e0 DEOPT UNPACKING pc=0x000001822385ace3 sp=0x0000001d4d1fcb38 mode 0
Event: 0.453 Thread 0x0000018218e024e0 DEOPT PACKING pc=0x000001821c31bf5a sp=0x0000001d4d1fd910
Event: 0.453 Thread 0x0000018218e024e0 DEOPT UNPACKING pc=0x000001822385ace3 sp=0x0000001d4d1fcdd0 mode 0
Event: 0.595 Thread 0x0000018218e024e0 Uncommon trap: trap_request=0xffffff45 fr.pc=0x0000018223dbdf74 relative=0x00000000000005b4
Event: 0.595 Thread 0x0000018218e024e0 Uncommon trap: reason=unstable_if action=reinterpret pc=0x0000018223dbdf74 method=java.util.zip.ZipFile$Source.checkAndAddEntry(II)I @ 50 c2
Event: 0.595 Thread 0x0000018218e024e0 DEOPT PACKING pc=0x0000018223dbdf74 sp=0x0000001d4d1fd0f0
Event: 0.595 Thread 0x0000018218e024e0 DEOPT UNPACKING pc=0x000001822385a1a3 sp=0x0000001d4d1fd068 mode 2
Event: 0.639 Thread 0x0000018218e024e0 Uncommon trap: trap_request=0xffffffde fr.pc=0x0000018223dc5a80 relative=0x0000000000000f00
Event: 0.639 Thread 0x0000018218e024e0 Uncommon trap: reason=class_check action=maybe_recompile pc=0x0000018223dc5a80 method=java.util.HashMap.putVal(ILjava/lang/Object;Ljava/lang/Object;ZZ)Ljava/lang/Object; @ 203 c2
Event: 0.639 Thread 0x0000018218e024e0 DEOPT PACKING pc=0x0000018223dc5a80 sp=0x0000001d4d1f98f0
Event: 0.639 Thread 0x0000018218e024e0 DEOPT UNPACKING pc=0x000001822385a1a3 sp=0x0000001d4d1f9880 mode 2

Classes unloaded (0 events):
No events

Classes redefined (0 events):
No events

Internal exceptions (1 events):
Event: 0.307 Thread 0x0000018218e024e0 Exception <a 'java/lang/NoSuchMethodError'{0x000000008c42a0b8}: 'int java.lang.invoke.DirectMethodHandle$Holder.invokeStaticInit(java.lang.Object, java.lang.Object)'> (0x000000008c42a0b8) 
thrown [s\src\hotspot\share\interpreter\linkResolver.cpp, line 771]

VM Operations (2 events):
Event: 0.128 Executing VM operation: HandshakeAllThreads
Event: 0.128 Executing VM operation: HandshakeAllThreads done

Events (20 events):
Event: 0.351 loading class java/lang/invoke/DirectMethodHandle$Special
Event: 0.351 loading class java/lang/invoke/DirectMethodHandle$Special done
Event: 0.597 loading class java/io/BufferedReader
Event: 0.597 loading class java/io/BufferedReader done
Event: 0.598 loading class sun/nio/cs/StreamDecoder
Event: 0.598 loading class sun/nio/cs/StreamDecoder done
Event: 0.598 loading class sun/nio/cs/UTF_8$Decoder
Event: 0.599 loading class sun/nio/cs/UTF_8$Decoder done
Event: 0.599 loading class java/nio/CharBuffer
Event: 0.599 loading class java/nio/CharBuffer done
Event: 0.599 loading class java/nio/HeapCharBuffer
Event: 0.600 loading class java/nio/HeapCharBuffer done
Event: 0.600 loading class java/nio/charset/CoderResult
Event: 0.600 loading class java/nio/charset/CoderResult done
Event: 0.601 loading class java/util/LinkedList
Event: 0.601 loading class java/util/AbstractSequentialList
Event: 0.601 loading class java/util/AbstractSequentialList done
Event: 0.601 loading class java/util/LinkedList done
Event: 0.602 loading class java/util/LinkedList$Node
Event: 0.602 loading class java/util/LinkedList$Node done


Dynamic libraries:
0x00007ff7aa9c0000 - 0x00007ff7aa9ca000 	C:\Program Files\Android\Android Studio\jbr\bin\java.exe
0x00007ff9202b0000 - 0x00007ff9204c7000 	C:\WINDOWS\SYSTEM32\ntdll.dll
0x00007ff91dfe0000 - 0x00007ff91e0a4000 	C:\WINDOWS\System32\KERNEL32.DLL
0x00007ff91d6a0000 - 0x00007ff91da57000 	C:\WINDOWS\System32\KERNELBASE.dll
0x00007ff91dc70000 - 0x00007ff91dd81000 	C:\WINDOWS\System32\ucrtbase.dll
0x00007ff918d50000 - 0x00007ff918d67000 	C:\Program Files\Android\Android Studio\jbr\bin\jli.dll
0x00007ff914330000 - 0x00007ff91434b000 	C:\Program Files\Android\Android Studio\jbr\bin\VCRUNTIME140.dll
0x00007ff91ea90000 - 0x00007ff91ec3f000 	C:\WINDOWS\System32\USER32.dll
0x00007ff91d5f0000 - 0x00007ff91d616000 	C:\WINDOWS\System32\win32u.dll
0x00007ff912960000 - 0x00007ff912bf3000 	C:\WINDOWS\WinSxS\amd64_microsoft.windows.common-controls_6595b64144ccf1df_6.0.22621.3672_none_2713b9d173822955\COMCTL32.dll
0x00007ff91e0b0000 - 0x00007ff91e0d9000 	C:\WINDOWS\System32\GDI32.dll
0x00007ff9200a0000 - 0x00007ff920147000 	C:\WINDOWS\System32\msvcrt.dll
0x00007ff91dec0000 - 0x00007ff91dfd8000 	C:\WINDOWS\System32\gdi32full.dll
0x00007ff91da60000 - 0x00007ff91dafa000 	C:\WINDOWS\System32\msvcp_win.dll
0x00007ff91ee40000 - 0x00007ff91ee71000 	C:\WINDOWS\System32\IMM32.DLL
0x00007ff918d40000 - 0x00007ff918d4c000 	C:\Program Files\Android\Android Studio\jbr\bin\vcruntime140_1.dll
0x00007ff8eacf0000 - 0x00007ff8ead7d000 	C:\Program Files\Android\Android Studio\jbr\bin\msvcp140.dll
0x00007ff8a64b0000 - 0x00007ff8a7130000 	C:\Program Files\Android\Android Studio\jbr\bin\server\jvm.dll
0x00007ff91eca0000 - 0x00007ff91ed52000 	C:\WINDOWS\System32\ADVAPI32.dll
0x00007ff91ef00000 - 0x00007ff91efa8000 	C:\WINDOWS\System32\sechost.dll
0x00007ff91d5c0000 - 0x00007ff91d5e8000 	C:\WINDOWS\System32\bcrypt.dll
0x00007ff920150000 - 0x00007ff920264000 	C:\WINDOWS\System32\RPCRT4.dll
0x00007ff901a20000 - 0x00007ff901a29000 	C:\WINDOWS\SYSTEM32\WSOCK32.dll
0x00007ff918b90000 - 0x00007ff918bc4000 	C:\WINDOWS\SYSTEM32\WINMM.dll
0x00007ff91e9f0000 - 0x00007ff91ea61000 	C:\WINDOWS\System32\WS2_32.dll
0x00007ff9135a0000 - 0x00007ff9135aa000 	C:\WINDOWS\SYSTEM32\VERSION.dll
0x00007ff91c700000 - 0x00007ff91c718000 	C:\WINDOWS\SYSTEM32\kernel.appcore.dll
0x00007ff914320000 - 0x00007ff91432a000 	C:\Program Files\Android\Android Studio\jbr\bin\jimage.dll
0x00007ff9150d0000 - 0x00007ff915302000 	C:\WINDOWS\SYSTEM32\DBGHELP.DLL
0x00007ff91fb10000 - 0x00007ff91fe9e000 	C:\WINDOWS\System32\combase.dll
0x00007ff91ed60000 - 0x00007ff91ee37000 	C:\WINDOWS\System32\OLEAUT32.dll
0x00007ff914630000 - 0x00007ff914662000 	C:\WINDOWS\SYSTEM32\dbgcore.DLL
0x00007ff91d620000 - 0x00007ff91d69b000 	C:\WINDOWS\System32\bcryptPrimitives.dll
0x00007ff8f8fd0000 - 0x00007ff8f8ff5000 	C:\Program Files\Android\Android Studio\jbr\bin\java.dll
0x00007ff8f8fb0000 - 0x00007ff8f8fc8000 	C:\Program Files\Android\Android Studio\jbr\bin\zip.dll
0x00007ff91e180000 - 0x00007ff91e9e9000 	C:\WINDOWS\System32\SHELL32.dll
0x00007ff91b530000 - 0x00007ff91be2f000 	C:\WINDOWS\SYSTEM32\windows.storage.dll
0x00007ff91b3f0000 - 0x00007ff91b52f000 	C:\WINDOWS\SYSTEM32\wintypes.dll
0x00007ff91f280000 - 0x00007ff91f379000 	C:\WINDOWS\System32\SHCORE.dll
0x00007ff91f060000 - 0x00007ff91f0be000 	C:\WINDOWS\System32\shlwapi.dll
0x00007ff91d4f0000 - 0x00007ff91d517000 	C:\WINDOWS\SYSTEM32\profapi.dll
0x00007ff8f18d0000 - 0x00007ff8f18e9000 	C:\Program Files\Android\Android Studio\jbr\bin\net.dll
0x00007ff919720000 - 0x00007ff919856000 	C:\WINDOWS\SYSTEM32\WINHTTP.dll
0x00007ff91cb70000 - 0x00007ff91cbd9000 	C:\WINDOWS\system32\mswsock.dll
0x00007ff8f18b0000 - 0x00007ff8f18c6000 	C:\Program Files\Android\Android Studio\jbr\bin\nio.dll
0x00007ff914310000 - 0x00007ff914320000 	C:\Program Files\Android\Android Studio\jbr\bin\verify.dll

dbghelp: loaded successfully - version: 4.0.5 - missing functions: none
symbol engine: initialized successfully - sym options: 0x614 - pdb path: .;C:\Program Files\Android\Android Studio\jbr\bin;C:\WINDOWS\SYSTEM32;C:\WINDOWS\WinSxS\amd64_microsoft.windows.common-controls_6595b64144ccf1df_6.0.22621.3672_none_2713b9d173822955;C:\Program Files\Android\Android Studio\jbr\bin\server

VM Arguments:
jvm_args: -Dorg.gradle.appname=gradlew 
java_command: org.gradle.wrapper.GradleWrapperMain -q -Ptarget-platform=android-x64 -Ptarget=C:\src\latihan_aplikasi\lib\main.dart -Pbase-application-name=android.app.Application -Pdart-defines=RkxVVFRFUl9XRUJfQVVUT19ERVRFQ1Q9dHJ1ZQ==,RkxVVFRFUl9XRUJfQ0FOVkFTS0lUX1VSTD1odHRwczovL3d3dy5nc3RhdGljLmNvbS9mbHV0dGVyLWNhbnZhc2tpdC8wNDgxN2M5OWM5ZmQ0OTU2ZjI3NTA1MjA0ZjdlMzQ0MzM1ODEwYWVkLw== -Pdart-obfuscation=false -Ptrack-widget-creation=true -Ptree-shake-icons=false -Pfilesystem-scheme=org-dartlang-root assembleDebug
java_class_path (initial): C:\src\latihan_aplikasi\android\\gradle\wrapper\gradle-wrapper.jar
Launcher Type: SUN_STANDARD

[Global flags]
     intx CICompilerCount                          = 4                                         {product} {ergonomic}
     uint ConcGCThreads                            = 2                                         {product} {ergonomic}
     uint G1ConcRefinementThreads                  = 8                                         {product} {ergonomic}
   size_t G1HeapRegionSize                         = 1048576                                   {product} {ergonomic}
    uintx GCDrainStackTargetSize                   = 64                                        {product} {ergonomic}
   size_t InitialHeapSize                          = 130023424                                 {product} {ergonomic}
   size_t MarkStackSize                            = 4194304                                   {product} {ergonomic}
   size_t MaxHeapSize                              = 2067791872                                {product} {ergonomic}
   size_t MaxNewSize                               = 1240465408                                {product} {ergonomic}
   size_t MinHeapDeltaBytes                        = 1048576                                   {product} {ergonomic}
   size_t MinHeapSize                              = 8388608                                   {product} {ergonomic}
    uintx NonNMethodCodeHeapSize                   = 5839372                                {pd product} {ergonomic}
    uintx NonProfiledCodeHeapSize                  = 122909434                              {pd product} {ergonomic}
    uintx ProfiledCodeHeapSize                     = 122909434                              {pd product} {ergonomic}
    uintx ReservedCodeCacheSize                    = 251658240                              {pd product} {ergonomic}
     bool SegmentedCodeCache                       = true                                      {product} {ergonomic}
   size_t SoftMaxHeapSize                          = 2067791872                             {manageable} {ergonomic}
     bool UseCompressedClassPointers               = true                           {product lp64_product} {ergonomic}
     bool UseCompressedOops                        = true                           {product lp64_product} {ergonomic}
     bool UseG1GC                                  = true                                      {product} {ergonomic}
     bool UseLargePagesIndividualAllocation        = false                                  {pd product} {ergonomic}

Logging:
Log output configuration:
 #0: stdout all=warning uptime,level,tags
 #1: stderr all=off uptime,level,tags

Environment Variables:
JAVA_HOME=C:\Program Files\Android\Android Studio\jbr
CLASSPATH=C:\src\latihan_aplikasi\android\\gradle\wrapper\gradle-wrapper.jar
PATH=C:\Program Files\Android\Android Studio\jbr\bin;C:\Program Files\Common Files\Oracle\Java\javapath;C:\WINDOWS\system32;C:\WINDOWS;C:\WINDOWS\System32\Wbem;C:\WINDOWS\System32\WindowsPowerShell\v1.0\;C:\WINDOWS\System32\OpenSSH\;C:\ProgramData\ComposerSetup\bin;C:\xampp\php-7.4;C:\Program Files\Git\cmd;C:\Program Files (x86)\Windows Kits\10\Windows Performance Toolkit\;C:\src\flutter\bin;C:\Users\vivob\AppData\Local\Programs\Python\Python313\Scripts\;C:\Users\vivob\AppData\Local\Programs\Python\Python313\;C:\Users\vivob\AppData\Local\Programs\Python\Python312\Scripts\;C:\Users\vivob\AppData\Local\Programs\Python\Python312\;C:\Users\vivob\AppData\Local\Programs\Python\Python311\Scripts\;C:\Users\vivob\AppData\Local\Programs\Python\Python311\;C:\Users\vivob\AppData\Local\Microsoft\WindowsApps;C:\Users\vivob\AppData\Roaming\Composer\vendor\bin;C:\xampp\php-7.4;C:\Users\vivob\AppData\Local\Programs\Microsoft VS Code\bin;C:\src\flutter\bin;;C:\src\flutter\bin\mingit\cmd;C:\src\flutter\bin\mingit\cmd
USERNAME=vivob
OS=Windows_NT
PROCESSOR_IDENTIFIER=Intel64 Family 6 Model 140 Stepping 1, GenuineIntel
TMP=C:\Users\vivob\AppData\Local\Temp
TEMP=C:\Users\vivob\AppData\Local\Temp


JNI global refs:
JNI global refs: 8, weak refs: 0

JNI global refs memory usage: 843, weak refs: 841

OOME stack traces (most recent first):
Classloader memory used:
Loader bootstrap                                                                       : 1005K
Loader java.net.URLClassLoader                                                         : 31233B
Loader jdk.internal.loader.ClassLoaders$AppClassLoader                                 : 18431B
Loader org.gradle.internal.classloader.VisitableURLClassLoader                         : 1103B


---------------  S Y S T E M  ---------------

OS:
 Windows 11 , 64 bit Build 22621 (10.0.22621.3958)
OS uptime: 0 days 17:09 hours

CPU: total 8 (initial active 8) (4 cores per cpu, 2 threads per core) family 6 model 140 stepping 1 microcode 0x86, cx8, cmov, fxsr, ht, mmx, 3dnowpref, sse, sse2, sse3, ssse3, sse4.1, sse4.2, popcnt, lzcnt, tsc, tscinvbit, avx, avx2, aes, erms, clmul, bmi1, bmi2, adx, avx512f, avx512dq, avx512cd, avx512bw, avx512vl, sha, fma, vzeroupper, avx512_vpopcntdq, avx512_vpclmulqdq, avx512_vaes, avx512_vnni, clflush, clflushopt, clwb, avx512_vbmi2, avx512_vbmi

Memory: 4k page, system-wide physical 7885M (63M free)
TotalPageFile size 11885M (AvailPageFile size 1M)
current process WorkingSet (physical memory assigned to process): 52M, peak: 52M
current process commit charge ("private bytes"): 207M, peak: 208M

vm_info: OpenJDK 64-Bit Server VM (17.0.7+0-b2043.56-10550314) for windows-amd64 JRE (17.0.7+0-b2043.56-10550314), built on Jul 24 2023 18:27:45 by "androidbuild" with MS VC++ 16.10 / 16.11 (VS2019)

END.
