#
# There is insufficient memory for the Java Runtime Environment to continue.
# Native memory allocation (malloc) failed to allocate 361520 bytes for Chunk::new
# Possible reasons:
#   The system is out of physical RAM or swap space
#   The process is running with CompressedOops enabled, and the Java Heap may be blocking the growth of the native heap
# Possible solutions:
#   Reduce memory load on the system
#   Increase physical memory or swap space
#   Check if swap backing store is full
#   Decrease Java heap size (-Xmx/-Xms)
#   Decrease number of Java threads
#   Decrease Java thread stack sizes (-Xss)
#   Set larger code cache with -XX:ReservedCodeCacheSize=
#   JVM is running with Unscaled Compressed Oops mode in which the Java heap is
#     placed in the first 4GB address space. The Java Heap base address is the
#     maximum limit for the native heap growth. Please use -XX:HeapBaseMinAddress
#     to set the Java Heap base and to place the Java Heap above 4GB virtual address.
# This output file may be truncated or incomplete.
#
#  Out of Memory Error (arena.cpp:189), pid=7220, tid=12028
#
# JRE version: OpenJDK Runtime Environment (17.0.7) (build 17.0.7+0-b2043.56-10550314)
# Java VM: OpenJDK 64-Bit Server VM (17.0.7+0-b2043.56-10550314, mixed mode, tiered, compressed oops, compressed class ptrs, g1 gc, windows-amd64)
# No core dump will be written. Minidumps are not enabled by default on client versions of Windows
#

---------------  S U M M A R Y ------------

Command Line: -Dorg.gradle.appname=gradlew org.gradle.wrapper.GradleWrapperMain -q -Ptarget-platform=android-x64 -Ptarget=C:\src\Tugas_Flutter\lib\main.dart -Pbase-application-name=android.app.Application -Pdart-defines=RkxVVFRFUl9XRUJfQVVUT19ERVRFQ1Q9dHJ1ZQ==,RkxVVFRFUl9XRUJfQ0FOVkFTS0lUX1VSTD1odHRwczovL3d3dy5nc3RhdGljLmNvbS9mbHV0dGVyLWNhbnZhc2tpdC8wNDgxN2M5OWM5ZmQ0OTU2ZjI3NTA1MjA0ZjdlMzQ0MzM1ODEwYWVkLw== -Pdart-obfuscation=false -Ptrack-widget-creation=true -Ptree-shake-icons=false -Pfilesystem-scheme=org-dartlang-root assembleDebug

Host: 11th Gen Intel(R) Core(TM) i5-1135G7 @ 2.40GHz, 8 cores, 7G,  Windows 11 , 64 bit Build 22621 (10.0.22621.4391)
Time: Fri Nov 29 13:49:13 2024 Tokyo Standard Time elapsed time: 1.158411 seconds (0d 0h 0m 1s)

---------------  T H R E A D  ---------------

Current thread (0x0000019c0803d320):  JavaThread "C2 CompilerThread0" daemon [_thread_in_native, id=12028, stack(0x0000006d67500000,0x0000006d67600000)]


Current CompileTask:
C2:   1158 1145 % !   4       java.util.concurrent.ConcurrentHashMap::transfer @ 96 (849 bytes)

Stack: [0x0000006d67500000,0x0000006d67600000]
Native frames: (J=compiled Java code, j=interpreted, Vv=VM code, C=native code)
V  [jvm.dll+0x683bfa]
V  [jvm.dll+0x8430a4]
V  [jvm.dll+0x8449be]
V  [jvm.dll+0x845023]
V  [jvm.dll+0x24ad2f]
V  [jvm.dll+0xac25c]
V  [jvm.dll+0xac82c]
V  [jvm.dll+0x36a187]
V  [jvm.dll+0x334821]
V  [jvm.dll+0x333cca]
V  [jvm.dll+0x21d251]
V  [jvm.dll+0x21c671]
V  [jvm.dll+0x1a605d]
V  [jvm.dll+0x22c148]
V  [jvm.dll+0x22a209]
V  [jvm.dll+0x7f858c]
V  [jvm.dll+0x7f2aea]
V  [jvm.dll+0x682a35]
C  [ucrtbase.dll+0x29333]
C  [KERNEL32.DLL+0x1259d]
C  [ntdll.dll+0x5af38]


---------------  P R O C E S S  ---------------

Threads class SMR info:
_java_thread_list=0x0000019c08b98660, length=13, elements={
0x0000019c67e43500, 0x0000019c08013260, 0x0000019c080142c0, 0x0000019c7faeb590,
0x0000019c7faebe50, 0x0000019c7faee720, 0x0000019c0803bb90, 0x0000019c0803d320,
0x0000019c080418c0, 0x0000019c08075020, 0x0000019c081cd400, 0x0000019c081e3010,
0x0000019c08b80640
}

Java Threads: ( => current thread )
  0x0000019c67e43500 JavaThread "main" [_thread_in_native, id=4836, stack(0x0000006d66800000,0x0000006d66900000)]
  0x0000019c08013260 JavaThread "Reference Handler" daemon [_thread_blocked, id=11204, stack(0x0000006d66f00000,0x0000006d67000000)]
  0x0000019c080142c0 JavaThread "Finalizer" daemon [_thread_blocked, id=7808, stack(0x0000006d67000000,0x0000006d67100000)]
  0x0000019c7faeb590 JavaThread "Signal Dispatcher" daemon [_thread_blocked, id=6308, stack(0x0000006d67100000,0x0000006d67200000)]
  0x0000019c7faebe50 JavaThread "Attach Listener" daemon [_thread_blocked, id=8828, stack(0x0000006d67200000,0x0000006d67300000)]
  0x0000019c7faee720 JavaThread "Service Thread" daemon [_thread_blocked, id=2780, stack(0x0000006d67300000,0x0000006d67400000)]
  0x0000019c0803bb90 JavaThread "Monitor Deflation Thread" daemon [_thread_blocked, id=7432, stack(0x0000006d67400000,0x0000006d67500000)]
=>0x0000019c0803d320 JavaThread "C2 CompilerThread0" daemon [_thread_in_native, id=12028, stack(0x0000006d67500000,0x0000006d67600000)]
  0x0000019c080418c0 JavaThread "C1 CompilerThread0" daemon [_thread_blocked, id=14424, stack(0x0000006d67600000,0x0000006d67700000)]
  0x0000019c08075020 JavaThread "Sweeper thread" daemon [_thread_blocked, id=3912, stack(0x0000006d67700000,0x0000006d67800000)]
  0x0000019c081cd400 JavaThread "Notification Thread" daemon [_thread_blocked, id=1016, stack(0x0000006d67800000,0x0000006d67900000)]
  0x0000019c081e3010 JavaThread "Common-Cleaner" daemon [_thread_blocked, id=2608, stack(0x0000006d67a00000,0x0000006d67b00000)]
  0x0000019c08b80640 JavaThread "pool-1-thread-1" [_thread_blocked, id=7588, stack(0x0000006d67b00000,0x0000006d67c00000)]

Other Threads:
  0x0000019c7fad4000 VMThread "VM Thread" [stack: 0x0000006d66e00000,0x0000006d66f00000] [id=2012]
  0x0000019c67eb3800 WatcherThread [stack: 0x0000006d67900000,0x0000006d67a00000] [id=8652]
  0x0000019c67e9cab0 GCTaskThread "GC Thread#0" [stack: 0x0000006d66900000,0x0000006d66a00000] [id=8868]
  0x0000019c08b80d20 GCTaskThread "GC Thread#1" [stack: 0x0000006d67c00000,0x0000006d67d00000] [id=16160]
  0x0000019c08461de0 GCTaskThread "GC Thread#2" [stack: 0x0000006d67d00000,0x0000006d67e00000] [id=13828]
  0x0000019c08bf6350 GCTaskThread "GC Thread#3" [stack: 0x0000006d67e00000,0x0000006d67f00000] [id=15960]
  0x0000019c08ea6720 GCTaskThread "GC Thread#4" [stack: 0x0000006d67f00000,0x0000006d68000000] [id=12740]
  0x0000019c67eacf90 ConcurrentGCThread "G1 Main Marker" [stack: 0x0000006d66a00000,0x0000006d66b00000] [id=6136]
  0x0000019c67ead8b0 ConcurrentGCThread "G1 Conc#0" [stack: 0x0000006d66b00000,0x0000006d66c00000] [id=1484]
  0x0000019c7f91b500 ConcurrentGCThread "G1 Refine#0" [stack: 0x0000006d66c00000,0x0000006d66d00000] [id=928]
  0x0000019c7f91dd40 ConcurrentGCThread "G1 Service" [stack: 0x0000006d66d00000,0x0000006d66e00000] [id=12108]

Threads with active compile tasks:
C2 CompilerThread0     1179 1145 % !   4       java.util.concurrent.ConcurrentHashMap::transfer @ 96 (849 bytes)

VM state: not at safepoint (normal execution)

VM Mutex/Monitor currently owned by a thread: None

Heap address: 0x0000000084c00000, size: 1972 MB, Compressed Oops mode: 32-bit

CDS archive(s) not mapped
Compressed class space mapped at: 0x0000000100000000-0x0000000140000000, reserved size: 1073741824
Narrow klass base: 0x0000000000000000, Narrow klass shift: 3, Narrow klass range: 0x140000000

GC Precious Log:
 CPUs: 8 total, 8 available
 Memory: 7885M
 Large Page Support: Disabled
 NUMA Support: Disabled
 Compressed Oops: Enabled (32-bit)
 Heap Region Size: 1M
 Heap Min Capacity: 8M
 Heap Initial Capacity: 124M
 Heap Max Capacity: 1972M
 Pre-touch: Disabled
 Parallel Workers: 8
 Concurrent Workers: 2
 Concurrent Refinement Workers: 8
 Periodic GC: Disabled

Heap:
 garbage-first heap   total 126976K, used 21504K [0x0000000084c00000, 0x0000000100000000)
  region size 1024K, 16 young (16384K), 3 survivors (3072K)
 Metaspace       used 15898K, committed 16128K, reserved 1114112K
  class space    used 1864K, committed 1984K, reserved 1048576K

Heap Regions: E=young(eden), S=young(survivor), O=old, HS=humongous(starts), HC=humongous(continues), CS=collection set, F=free, OA=open archive, CA=closed archive, TAMS=top-at-mark-start (previous, next)
|   0|0x0000000084c00000, 0x0000000084d00000, 0x0000000084d00000|100%|HS|  |TAMS 0x0000000084c00000, 0x0000000084c00000| Complete 
|   1|0x0000000084d00000, 0x0000000084e00000, 0x0000000084e00000|100%|HC|  |TAMS 0x0000000084d00000, 0x0000000084d00000| Complete 
|   2|0x0000000084e00000, 0x0000000084f00000, 0x0000000084f00000|100%|HC|  |TAMS 0x0000000084e00000, 0x0000000084e00000| Complete 
|   3|0x0000000084f00000, 0x0000000085000000, 0x0000000085000000|100%| O|  |TAMS 0x0000000084f00000, 0x0000000084f00000| Untracked 
|   4|0x0000000085000000, 0x0000000085100000, 0x0000000085100000|100%| O|  |TAMS 0x0000000085000000, 0x0000000085000000| Untracked 
|   5|0x0000000085100000, 0x0000000085200000, 0x0000000085200000|100%| O|  |TAMS 0x0000000085100000, 0x0000000085100000| Untracked 
|   6|0x0000000085200000, 0x0000000085200000, 0x0000000085300000|  0%| F|  |TAMS 0x0000000085200000, 0x0000000085200000| Untracked 
|   7|0x0000000085300000, 0x0000000085300000, 0x0000000085400000|  0%| F|  |TAMS 0x0000000085300000, 0x0000000085300000| Untracked 
|   8|0x0000000085400000, 0x0000000085400000, 0x0000000085500000|  0%| F|  |TAMS 0x0000000085400000, 0x0000000085400000| Untracked 
|   9|0x0000000085500000, 0x0000000085500000, 0x0000000085600000|  0%| F|  |TAMS 0x0000000085500000, 0x0000000085500000| Untracked 
|  10|0x0000000085600000, 0x0000000085600000, 0x0000000085700000|  0%| F|  |TAMS 0x0000000085600000, 0x0000000085600000| Untracked 
|  11|0x0000000085700000, 0x0000000085700000, 0x0000000085800000|  0%| F|  |TAMS 0x0000000085700000, 0x0000000085700000| Untracked 
|  12|0x0000000085800000, 0x0000000085800000, 0x0000000085900000|  0%| F|  |TAMS 0x0000000085800000, 0x0000000085800000| Untracked 
|  13|0x0000000085900000, 0x0000000085900000, 0x0000000085a00000|  0%| F|  |TAMS 0x0000000085900000, 0x0000000085900000| Untracked 
|  14|0x0000000085a00000, 0x0000000085a00000, 0x0000000085b00000|  0%| F|  |TAMS 0x0000000085a00000, 0x0000000085a00000| Untracked 
|  15|0x0000000085b00000, 0x0000000085b00000, 0x0000000085c00000|  0%| F|  |TAMS 0x0000000085b00000, 0x0000000085b00000| Untracked 
|  16|0x0000000085c00000, 0x0000000085c00000, 0x0000000085d00000|  0%| F|  |TAMS 0x0000000085c00000, 0x0000000085c00000| Untracked 
|  17|0x0000000085d00000, 0x0000000085d00000, 0x0000000085e00000|  0%| F|  |TAMS 0x0000000085d00000, 0x0000000085d00000| Untracked 
|  18|0x0000000085e00000, 0x0000000085e00000, 0x0000000085f00000|  0%| F|  |TAMS 0x0000000085e00000, 0x0000000085e00000| Untracked 
|  19|0x0000000085f00000, 0x0000000085f00000, 0x0000000086000000|  0%| F|  |TAMS 0x0000000085f00000, 0x0000000085f00000| Untracked 
|  20|0x0000000086000000, 0x0000000086000000, 0x0000000086100000|  0%| F|  |TAMS 0x0000000086000000, 0x0000000086000000| Untracked 
|  21|0x0000000086100000, 0x0000000086100000, 0x0000000086200000|  0%| F|  |TAMS 0x0000000086100000, 0x0000000086100000| Untracked 
|  22|0x0000000086200000, 0x0000000086200000, 0x0000000086300000|  0%| F|  |TAMS 0x0000000086200000, 0x0000000086200000| Untracked 
|  23|0x0000000086300000, 0x0000000086300000, 0x0000000086400000|  0%| F|  |TAMS 0x0000000086300000, 0x0000000086300000| Untracked 
|  24|0x0000000086400000, 0x0000000086400000, 0x0000000086500000|  0%| F|  |TAMS 0x0000000086400000, 0x0000000086400000| Untracked 
|  25|0x0000000086500000, 0x0000000086500000, 0x0000000086600000|  0%| F|  |TAMS 0x0000000086500000, 0x0000000086500000| Untracked 
|  26|0x0000000086600000, 0x0000000086600000, 0x0000000086700000|  0%| F|  |TAMS 0x0000000086600000, 0x0000000086600000| Untracked 
|  27|0x0000000086700000, 0x0000000086700000, 0x0000000086800000|  0%| F|  |TAMS 0x0000000086700000, 0x0000000086700000| Untracked 
|  28|0x0000000086800000, 0x0000000086800000, 0x0000000086900000|  0%| F|  |TAMS 0x0000000086800000, 0x0000000086800000| Untracked 
|  29|0x0000000086900000, 0x0000000086900000, 0x0000000086a00000|  0%| F|  |TAMS 0x0000000086900000, 0x0000000086900000| Untracked 
|  30|0x0000000086a00000, 0x0000000086a00000, 0x0000000086b00000|  0%| F|  |TAMS 0x0000000086a00000, 0x0000000086a00000| Untracked 
|  31|0x0000000086b00000, 0x0000000086b00000, 0x0000000086c00000|  0%| F|  |TAMS 0x0000000086b00000, 0x0000000086b00000| Untracked 
|  32|0x0000000086c00000, 0x0000000086c00000, 0x0000000086d00000|  0%| F|  |TAMS 0x0000000086c00000, 0x0000000086c00000| Untracked 
|  33|0x0000000086d00000, 0x0000000086d00000, 0x0000000086e00000|  0%| F|  |TAMS 0x0000000086d00000, 0x0000000086d00000| Untracked 
|  34|0x0000000086e00000, 0x0000000086e00000, 0x0000000086f00000|  0%| F|  |TAMS 0x0000000086e00000, 0x0000000086e00000| Untracked 
|  35|0x0000000086f00000, 0x0000000086f00000, 0x0000000087000000|  0%| F|  |TAMS 0x0000000086f00000, 0x0000000086f00000| Untracked 
|  36|0x0000000087000000, 0x0000000087000000, 0x0000000087100000|  0%| F|  |TAMS 0x0000000087000000, 0x0000000087000000| Untracked 
|  37|0x0000000087100000, 0x0000000087100000, 0x0000000087200000|  0%| F|  |TAMS 0x0000000087100000, 0x0000000087100000| Untracked 
|  38|0x0000000087200000, 0x0000000087200000, 0x0000000087300000|  0%| F|  |TAMS 0x0000000087200000, 0x0000000087200000| Untracked 
|  39|0x0000000087300000, 0x0000000087300000, 0x0000000087400000|  0%| F|  |TAMS 0x0000000087300000, 0x0000000087300000| Untracked 
|  40|0x0000000087400000, 0x0000000087400000, 0x0000000087500000|  0%| F|  |TAMS 0x0000000087400000, 0x0000000087400000| Untracked 
|  41|0x0000000087500000, 0x0000000087500000, 0x0000000087600000|  0%| F|  |TAMS 0x0000000087500000, 0x0000000087500000| Untracked 
|  42|0x0000000087600000, 0x0000000087600000, 0x0000000087700000|  0%| F|  |TAMS 0x0000000087600000, 0x0000000087600000| Untracked 
|  43|0x0000000087700000, 0x0000000087700000, 0x0000000087800000|  0%| F|  |TAMS 0x0000000087700000, 0x0000000087700000| Untracked 
|  44|0x0000000087800000, 0x0000000087800000, 0x0000000087900000|  0%| F|  |TAMS 0x0000000087800000, 0x0000000087800000| Untracked 
|  45|0x0000000087900000, 0x0000000087900000, 0x0000000087a00000|  0%| F|  |TAMS 0x0000000087900000, 0x0000000087900000| Untracked 
|  46|0x0000000087a00000, 0x0000000087a00000, 0x0000000087b00000|  0%| F|  |TAMS 0x0000000087a00000, 0x0000000087a00000| Untracked 
|  47|0x0000000087b00000, 0x0000000087b00000, 0x0000000087c00000|  0%| F|  |TAMS 0x0000000087b00000, 0x0000000087b00000| Untracked 
|  48|0x0000000087c00000, 0x0000000087c00000, 0x0000000087d00000|  0%| F|  |TAMS 0x0000000087c00000, 0x0000000087c00000| Untracked 
|  49|0x0000000087d00000, 0x0000000087d00000, 0x0000000087e00000|  0%| F|  |TAMS 0x0000000087d00000, 0x0000000087d00000| Untracked 
|  50|0x0000000087e00000, 0x0000000087e00000, 0x0000000087f00000|  0%| F|  |TAMS 0x0000000087e00000, 0x0000000087e00000| Untracked 
|  51|0x0000000087f00000, 0x0000000087f00000, 0x0000000088000000|  0%| F|  |TAMS 0x0000000087f00000, 0x0000000087f00000| Untracked 
|  52|0x0000000088000000, 0x0000000088000000, 0x0000000088100000|  0%| F|  |TAMS 0x0000000088000000, 0x0000000088000000| Untracked 
|  53|0x0000000088100000, 0x0000000088100000, 0x0000000088200000|  0%| F|  |TAMS 0x0000000088100000, 0x0000000088100000| Untracked 
|  54|0x0000000088200000, 0x0000000088200000, 0x0000000088300000|  0%| F|  |TAMS 0x0000000088200000, 0x0000000088200000| Untracked 
|  55|0x0000000088300000, 0x0000000088300000, 0x0000000088400000|  0%| F|  |TAMS 0x0000000088300000, 0x0000000088300000| Untracked 
|  56|0x0000000088400000, 0x0000000088400000, 0x0000000088500000|  0%| F|  |TAMS 0x0000000088400000, 0x0000000088400000| Untracked 
|  57|0x0000000088500000, 0x0000000088500000, 0x0000000088600000|  0%| F|  |TAMS 0x0000000088500000, 0x0000000088500000| Untracked 
|  58|0x0000000088600000, 0x0000000088600000, 0x0000000088700000|  0%| F|  |TAMS 0x0000000088600000, 0x0000000088600000| Untracked 
|  59|0x0000000088700000, 0x0000000088700000, 0x0000000088800000|  0%| F|  |TAMS 0x0000000088700000, 0x0000000088700000| Untracked 
|  60|0x0000000088800000, 0x0000000088800000, 0x0000000088900000|  0%| F|  |TAMS 0x0000000088800000, 0x0000000088800000| Untracked 
|  61|0x0000000088900000, 0x0000000088900000, 0x0000000088a00000|  0%| F|  |TAMS 0x0000000088900000, 0x0000000088900000| Untracked 
|  62|0x0000000088a00000, 0x0000000088a00000, 0x0000000088b00000|  0%| F|  |TAMS 0x0000000088a00000, 0x0000000088a00000| Untracked 
|  63|0x0000000088b00000, 0x0000000088b00000, 0x0000000088c00000|  0%| F|  |TAMS 0x0000000088b00000, 0x0000000088b00000| Untracked 
|  64|0x0000000088c00000, 0x0000000088c00000, 0x0000000088d00000|  0%| F|  |TAMS 0x0000000088c00000, 0x0000000088c00000| Untracked 
|  65|0x0000000088d00000, 0x0000000088d00000, 0x0000000088e00000|  0%| F|  |TAMS 0x0000000088d00000, 0x0000000088d00000| Untracked 
|  66|0x0000000088e00000, 0x0000000088e00000, 0x0000000088f00000|  0%| F|  |TAMS 0x0000000088e00000, 0x0000000088e00000| Untracked 
|  67|0x0000000088f00000, 0x0000000088f00000, 0x0000000089000000|  0%| F|  |TAMS 0x0000000088f00000, 0x0000000088f00000| Untracked 
|  68|0x0000000089000000, 0x0000000089000000, 0x0000000089100000|  0%| F|  |TAMS 0x0000000089000000, 0x0000000089000000| Untracked 
|  69|0x0000000089100000, 0x0000000089100000, 0x0000000089200000|  0%| F|  |TAMS 0x0000000089100000, 0x0000000089100000| Untracked 
|  70|0x0000000089200000, 0x0000000089200000, 0x0000000089300000|  0%| F|  |TAMS 0x0000000089200000, 0x0000000089200000| Untracked 
|  71|0x0000000089300000, 0x0000000089300000, 0x0000000089400000|  0%| F|  |TAMS 0x0000000089300000, 0x0000000089300000| Untracked 
|  72|0x0000000089400000, 0x0000000089400000, 0x0000000089500000|  0%| F|  |TAMS 0x0000000089400000, 0x0000000089400000| Untracked 
|  73|0x0000000089500000, 0x0000000089500000, 0x0000000089600000|  0%| F|  |TAMS 0x0000000089500000, 0x0000000089500000| Untracked 
|  74|0x0000000089600000, 0x0000000089600000, 0x0000000089700000|  0%| F|  |TAMS 0x0000000089600000, 0x0000000089600000| Untracked 
|  75|0x0000000089700000, 0x0000000089700000, 0x0000000089800000|  0%| F|  |TAMS 0x0000000089700000, 0x0000000089700000| Untracked 
|  76|0x0000000089800000, 0x0000000089800000, 0x0000000089900000|  0%| F|  |TAMS 0x0000000089800000, 0x0000000089800000| Untracked 
|  77|0x0000000089900000, 0x0000000089900000, 0x0000000089a00000|  0%| F|  |TAMS 0x0000000089900000, 0x0000000089900000| Untracked 
|  78|0x0000000089a00000, 0x0000000089a00000, 0x0000000089b00000|  0%| F|  |TAMS 0x0000000089a00000, 0x0000000089a00000| Untracked 
|  79|0x0000000089b00000, 0x0000000089b00000, 0x0000000089c00000|  0%| F|  |TAMS 0x0000000089b00000, 0x0000000089b00000| Untracked 
|  80|0x0000000089c00000, 0x0000000089c00000, 0x0000000089d00000|  0%| F|  |TAMS 0x0000000089c00000, 0x0000000089c00000| Untracked 
|  81|0x0000000089d00000, 0x0000000089d00000, 0x0000000089e00000|  0%| F|  |TAMS 0x0000000089d00000, 0x0000000089d00000| Untracked 
|  82|0x0000000089e00000, 0x0000000089e00000, 0x0000000089f00000|  0%| F|  |TAMS 0x0000000089e00000, 0x0000000089e00000| Untracked 
|  83|0x0000000089f00000, 0x0000000089f00000, 0x000000008a000000|  0%| F|  |TAMS 0x0000000089f00000, 0x0000000089f00000| Untracked 
|  84|0x000000008a000000, 0x000000008a000000, 0x000000008a100000|  0%| F|  |TAMS 0x000000008a000000, 0x000000008a000000| Untracked 
|  85|0x000000008a100000, 0x000000008a100000, 0x000000008a200000|  0%| F|  |TAMS 0x000000008a100000, 0x000000008a100000| Untracked 
|  86|0x000000008a200000, 0x000000008a200000, 0x000000008a300000|  0%| F|  |TAMS 0x000000008a200000, 0x000000008a200000| Untracked 
|  87|0x000000008a300000, 0x000000008a300000, 0x000000008a400000|  0%| F|  |TAMS 0x000000008a300000, 0x000000008a300000| Untracked 
|  88|0x000000008a400000, 0x000000008a400000, 0x000000008a500000|  0%| F|  |TAMS 0x000000008a400000, 0x000000008a400000| Untracked 
|  89|0x000000008a500000, 0x000000008a500000, 0x000000008a600000|  0%| F|  |TAMS 0x000000008a500000, 0x000000008a500000| Untracked 
|  90|0x000000008a600000, 0x000000008a600000, 0x000000008a700000|  0%| F|  |TAMS 0x000000008a600000, 0x000000008a600000| Untracked 
|  91|0x000000008a700000, 0x000000008a700000, 0x000000008a800000|  0%| F|  |TAMS 0x000000008a700000, 0x000000008a700000| Untracked 
|  92|0x000000008a800000, 0x000000008a800000, 0x000000008a900000|  0%| F|  |TAMS 0x000000008a800000, 0x000000008a800000| Untracked 
|  93|0x000000008a900000, 0x000000008a900000, 0x000000008aa00000|  0%| F|  |TAMS 0x000000008a900000, 0x000000008a900000| Untracked 
|  94|0x000000008aa00000, 0x000000008aa00000, 0x000000008ab00000|  0%| F|  |TAMS 0x000000008aa00000, 0x000000008aa00000| Untracked 
|  95|0x000000008ab00000, 0x000000008ab00000, 0x000000008ac00000|  0%| F|  |TAMS 0x000000008ab00000, 0x000000008ab00000| Untracked 
|  96|0x000000008ac00000, 0x000000008ac00000, 0x000000008ad00000|  0%| F|  |TAMS 0x000000008ac00000, 0x000000008ac00000| Untracked 
|  97|0x000000008ad00000, 0x000000008ad00000, 0x000000008ae00000|  0%| F|  |TAMS 0x000000008ad00000, 0x000000008ad00000| Untracked 
|  98|0x000000008ae00000, 0x000000008af00000, 0x000000008af00000|100%| S|CS|TAMS 0x000000008ae00000, 0x000000008ae00000| Complete 
|  99|0x000000008af00000, 0x000000008b000000, 0x000000008b000000|100%| S|CS|TAMS 0x000000008af00000, 0x000000008af00000| Complete 
| 100|0x000000008b000000, 0x000000008b100000, 0x000000008b100000|100%| S|CS|TAMS 0x000000008b000000, 0x000000008b000000| Complete 
| 101|0x000000008b100000, 0x000000008b100000, 0x000000008b200000|  0%| F|  |TAMS 0x000000008b100000, 0x000000008b100000| Untracked 
| 102|0x000000008b200000, 0x000000008b200000, 0x000000008b300000|  0%| F|  |TAMS 0x000000008b200000, 0x000000008b200000| Untracked 
| 103|0x000000008b300000, 0x000000008b300000, 0x000000008b400000|  0%| F|  |TAMS 0x000000008b300000, 0x000000008b300000| Untracked 
| 104|0x000000008b400000, 0x000000008b400000, 0x000000008b500000|  0%| F|  |TAMS 0x000000008b400000, 0x000000008b400000| Untracked 
| 105|0x000000008b500000, 0x000000008b500000, 0x000000008b600000|  0%| F|  |TAMS 0x000000008b500000, 0x000000008b500000| Untracked 
| 106|0x000000008b600000, 0x000000008b600000, 0x000000008b700000|  0%| F|  |TAMS 0x000000008b600000, 0x000000008b600000| Untracked 
| 107|0x000000008b700000, 0x000000008b700000, 0x000000008b800000|  0%| F|  |TAMS 0x000000008b700000, 0x000000008b700000| Untracked 
| 108|0x000000008b800000, 0x000000008b800000, 0x000000008b900000|  0%| F|  |TAMS 0x000000008b800000, 0x000000008b800000| Untracked 
| 109|0x000000008b900000, 0x000000008b900000, 0x000000008ba00000|  0%| F|  |TAMS 0x000000008b900000, 0x000000008b900000| Untracked 
| 110|0x000000008ba00000, 0x000000008ba00000, 0x000000008bb00000|  0%| F|  |TAMS 0x000000008ba00000, 0x000000008ba00000| Untracked 
| 111|0x000000008bb00000, 0x000000008bb90d90, 0x000000008bc00000| 56%| E|  |TAMS 0x000000008bb00000, 0x000000008bb00000| Complete 
| 112|0x000000008bc00000, 0x000000008bd00000, 0x000000008bd00000|100%| E|CS|TAMS 0x000000008bc00000, 0x000000008bc00000| Complete 
| 113|0x000000008bd00000, 0x000000008be00000, 0x000000008be00000|100%| E|CS|TAMS 0x000000008bd00000, 0x000000008bd00000| Complete 
| 114|0x000000008be00000, 0x000000008bf00000, 0x000000008bf00000|100%| E|CS|TAMS 0x000000008be00000, 0x000000008be00000| Complete 
| 115|0x000000008bf00000, 0x000000008c000000, 0x000000008c000000|100%| E|CS|TAMS 0x000000008bf00000, 0x000000008bf00000| Complete 
| 116|0x000000008c000000, 0x000000008c100000, 0x000000008c100000|100%| E|CS|TAMS 0x000000008c000000, 0x000000008c000000| Complete 
| 117|0x000000008c100000, 0x000000008c200000, 0x000000008c200000|100%| E|CS|TAMS 0x000000008c100000, 0x000000008c100000| Complete 
| 118|0x000000008c200000, 0x000000008c300000, 0x000000008c300000|100%| E|CS|TAMS 0x000000008c200000, 0x000000008c200000| Complete 
| 119|0x000000008c300000, 0x000000008c400000, 0x000000008c400000|100%| E|CS|TAMS 0x000000008c300000, 0x000000008c300000| Complete 
| 120|0x000000008c400000, 0x000000008c500000, 0x000000008c500000|100%| E|CS|TAMS 0x000000008c400000, 0x000000008c400000| Complete 
| 121|0x000000008c500000, 0x000000008c600000, 0x000000008c600000|100%| E|CS|TAMS 0x000000008c500000, 0x000000008c500000| Complete 
| 122|0x000000008c600000, 0x000000008c700000, 0x000000008c700000|100%| E|CS|TAMS 0x000000008c600000, 0x000000008c600000| Complete 
| 123|0x000000008c700000, 0x000000008c800000, 0x000000008c800000|100%| E|CS|TAMS 0x000000008c700000, 0x000000008c700000| Complete 

Card table byte_map: [0x0000019c7c960000,0x0000019c7cd40000] _byte_map_base: 0x0000019c7c53a000

Marking Bits (Prev, Next): (CMBitMap*) 0x0000019c67e9cfe0, (CMBitMap*) 0x0000019c67e9d020
 Prev Bits: [0x0000019c7d120000, 0x0000019c7eff0000)
 Next Bits: [0x0000019c00000000, 0x0000019c01ed0000)

Polling page: 0x0000019c67f00000

Metaspace:

Usage:
  Non-class:     13.71 MB used.
      Class:      1.82 MB used.
       Both:     15.53 MB used.

Virtual space:
  Non-class space:       64.00 MB reserved,      13.81 MB ( 22%) committed,  1 nodes.
      Class space:        1.00 GB reserved,       1.94 MB ( <1%) committed,  1 nodes.
             Both:        1.06 GB reserved,      15.75 MB (  1%) committed. 

Chunk freelists:
   Non-Class:  2.11 MB
       Class:  14.05 MB
        Both:  16.16 MB

MaxMetaspaceSize: unlimited
CompressedClassSpaceSize: 1.00 GB
Initial GC threshold: 21.00 MB
Current GC threshold: 21.00 MB
CDS: off
MetaspaceReclaimPolicy: balanced
 - commit_granule_bytes: 65536.
 - commit_granule_words: 8192.
 - virtual_space_node_default_size: 8388608.
 - enlarge_chunks_in_place: 1.
 - new_chunks_are_fully_committed: 0.
 - uncommit_free_chunks: 1.
 - use_allocation_guard: 0.
 - handle_deallocations: 1.


Internal statistics:

num_allocs_failed_limit: 0.
num_arena_births: 74.
num_arena_deaths: 0.
num_vsnodes_births: 2.
num_vsnodes_deaths: 0.
num_space_committed: 252.
num_space_uncommitted: 0.
num_chunks_returned_to_freelist: 0.
num_chunks_taken_from_freelist: 293.
num_chunk_merges: 0.
num_chunk_splits: 195.
num_chunks_enlarged: 161.
num_inconsistent_stats: 0.

CodeHeap 'non-profiled nmethods': size=120000Kb used=427Kb max_used=427Kb free=119573Kb
 bounds [0x0000019c745f0000, 0x0000019c74860000, 0x0000019c7bb20000]
CodeHeap 'profiled nmethods': size=120000Kb used=2133Kb max_used=2133Kb free=117866Kb
 bounds [0x0000019c6cb20000, 0x0000019c6cd90000, 0x0000019c74050000]
CodeHeap 'non-nmethods': size=5760Kb used=1173Kb max_used=1184Kb free=4586Kb
 bounds [0x0000019c74050000, 0x0000019c742c0000, 0x0000019c745f0000]
 total_blobs=1616 nmethods=1160 adapters=369
 compilation: enabled
              stopped_count=0, restarted_count=0
 full_count=0

Compilation events (20 events):
Event: 1.142 Thread 0x0000019c080418c0 1143       1       sun.security.util.KnownOIDs::aliases (5 bytes)
Event: 1.142 Thread 0x0000019c080418c0 nmethod 1143 0x0000019c74659710 code [0x0000019c746598a0, 0x0000019c74659978]
Event: 1.142 Thread 0x0000019c080418c0 1146       3       java.security.Provider::checkInitialized (16 bytes)
Event: 1.143 Thread 0x0000019c080418c0 nmethod 1146 0x0000019c6cd2a790 code [0x0000019c6cd2a940, 0x0000019c6cd2ab68]
Event: 1.143 Thread 0x0000019c080418c0 1148       3       java.security.Provider$Service::<init> (200 bytes)
Event: 1.144 Thread 0x0000019c080418c0 nmethod 1148 0x0000019c6cd2ac90 code [0x0000019c6cd2afe0, 0x0000019c6cd2c988]
Event: 1.144 Thread 0x0000019c080418c0 1147       3       java.util.Collections$EmptyList::iterator (4 bytes)
Event: 1.144 Thread 0x0000019c080418c0 nmethod 1147 0x0000019c6cd2d090 code [0x0000019c6cd2d220, 0x0000019c6cd2d398]
Event: 1.144 Thread 0x0000019c080418c0 1149   !   3       java.util.zip.Inflater::finished (19 bytes)
Event: 1.144 Thread 0x0000019c080418c0 nmethod 1149 0x0000019c6cd2d490 code [0x0000019c6cd2d620, 0x0000019c6cd2d818]
Event: 1.145 Thread 0x0000019c0803d320 nmethod 1134 0x0000019c74659a10 code [0x0000019c74659bc0, 0x0000019c74659fd8]
Event: 1.145 Thread 0x0000019c0803d320 1145 % !   4       java.util.concurrent.ConcurrentHashMap::transfer @ 96 (849 bytes)
Event: 1.147 Thread 0x0000019c080418c0 1150       3       java.nio.Buffer::limit (65 bytes)
Event: 1.147 Thread 0x0000019c080418c0 nmethod 1150 0x0000019c6cd2d910 code [0x0000019c6cd2dac0, 0x0000019c6cd2dd88]
Event: 1.148 Thread 0x0000019c080418c0 1151       3       java.lang.Integer::hashCode (8 bytes)
Event: 1.148 Thread 0x0000019c080418c0 nmethod 1151 0x0000019c6cd2de90 code [0x0000019c6cd2e020, 0x0000019c6cd2e178]
Event: 1.148 Thread 0x0000019c080418c0 1152       3       java.lang.Integer::hashCode (2 bytes)
Event: 1.148 Thread 0x0000019c080418c0 nmethod 1152 0x0000019c6cd2e210 code [0x0000019c6cd2e3a0, 0x0000019c6cd2e498]
Event: 1.151 Thread 0x0000019c080418c0 1153       3       java.lang.invoke.MemberName::<init> (50 bytes)
Event: 1.151 Thread 0x0000019c080418c0 nmethod 1153 0x0000019c6cd2e510 code [0x0000019c6cd2e6e0, 0x0000019c6cd2e9f8]

GC Heap History (2 events):
Event: 0.763 GC heap before
{Heap before GC invocations=0 (full 0):
 garbage-first heap   total 126976K, used 26624K [0x0000000084c00000, 0x0000000100000000)
  region size 1024K, 23 young (23552K), 0 survivors (0K)
 Metaspace       used 11508K, committed 11648K, reserved 1114112K
  class space    used 1230K, committed 1280K, reserved 1048576K
}
Event: 0.768 GC heap after
{Heap after GC invocations=1 (full 0):
 garbage-first heap   total 126976K, used 9216K [0x0000000084c00000, 0x0000000100000000)
  region size 1024K, 3 young (3072K), 3 survivors (3072K)
 Metaspace       used 11508K, committed 11648K, reserved 1114112K
  class space    used 1230K, committed 1280K, reserved 1048576K
}

Dll operation events (2 events):
Event: 0.005 Loaded shared library C:\Program Files\Android\Android Studio\jbr\bin\java.dll
Event: 0.118 Loaded shared library C:\Program Files\Android\Android Studio\jbr\bin\verify.dll

Deoptimization events (20 events):
Event: 0.871 Thread 0x0000019c67e43500 Uncommon trap: trap_request=0xffffff45 fr.pc=0x0000019c74621cd4 relative=0x0000000000000dd4
Event: 0.871 Thread 0x0000019c67e43500 Uncommon trap: reason=unstable_if action=reinterpret pc=0x0000019c74621cd4 method=java.util.HashMap.putVal(ILjava/lang/Object;Ljava/lang/Object;ZZ)Ljava/lang/Object; @ 236 c2
Event: 0.871 Thread 0x0000019c67e43500 DEOPT PACKING pc=0x0000019c74621cd4 sp=0x0000006d668fb980
Event: 0.871 Thread 0x0000019c67e43500 DEOPT UNPACKING pc=0x0000019c740aa1a3 sp=0x0000006d668fb948 mode 2
Event: 0.928 Thread 0x0000019c67e43500 DEOPT PACKING pc=0x0000019c6cc04138 sp=0x0000006d668f9c80
Event: 0.928 Thread 0x0000019c67e43500 DEOPT UNPACKING pc=0x0000019c740aace3 sp=0x0000006d668f9198 mode 0
Event: 0.929 Thread 0x0000019c67e43500 DEOPT PACKING pc=0x0000019c6cbb47e5 sp=0x0000006d668f9840
Event: 0.929 Thread 0x0000019c67e43500 DEOPT UNPACKING pc=0x0000019c740aace3 sp=0x0000006d668f8c90 mode 0
Event: 0.960 Thread 0x0000019c67e43500 Uncommon trap: trap_request=0xffffffc6 fr.pc=0x0000019c746461c8 relative=0x0000000000000568
Event: 0.960 Thread 0x0000019c67e43500 Uncommon trap: reason=bimorphic_or_optimized_type_check action=maybe_recompile pc=0x0000019c746461c8 method=java.util.concurrent.ConcurrentHashMap.get(Ljava/lang/Object;)Ljava/lang/Object; @ 149 c2
Event: 0.960 Thread 0x0000019c67e43500 DEOPT PACKING pc=0x0000019c746461c8 sp=0x0000006d668fb450
Event: 0.960 Thread 0x0000019c67e43500 DEOPT UNPACKING pc=0x0000019c740aa1a3 sp=0x0000006d668fb3f0 mode 2
Event: 1.109 Thread 0x0000019c67e43500 Uncommon trap: trap_request=0xffffff45 fr.pc=0x0000019c746230cc relative=0x000000000000068c
Event: 1.109 Thread 0x0000019c67e43500 Uncommon trap: reason=unstable_if action=reinterpret pc=0x0000019c746230cc method=java.lang.AbstractStringBuilder.append(Ljava/lang/String;)Ljava/lang/AbstractStringBuilder; @ 1 c2
Event: 1.109 Thread 0x0000019c67e43500 DEOPT PACKING pc=0x0000019c746230cc sp=0x0000006d668fc1f0
Event: 1.109 Thread 0x0000019c67e43500 DEOPT UNPACKING pc=0x0000019c740aa1a3 sp=0x0000006d668fc170 mode 2
Event: 1.109 Thread 0x0000019c67e43500 Uncommon trap: trap_request=0xffffff45 fr.pc=0x0000019c746305e4 relative=0x00000000000006a4
Event: 1.109 Thread 0x0000019c67e43500 Uncommon trap: reason=unstable_if action=reinterpret pc=0x0000019c746305e4 method=java.lang.AbstractStringBuilder.append(Ljava/lang/String;)Ljava/lang/AbstractStringBuilder; @ 1 c2
Event: 1.109 Thread 0x0000019c67e43500 DEOPT PACKING pc=0x0000019c746305e4 sp=0x0000006d668fc190
Event: 1.109 Thread 0x0000019c67e43500 DEOPT UNPACKING pc=0x0000019c740aa1a3 sp=0x0000006d668fc178 mode 2

Classes unloaded (0 events):
No events

Classes redefined (0 events):
No events

Internal exceptions (18 events):
Event: 0.272 Thread 0x0000019c67e43500 Exception <a 'java/lang/NoSuchMethodError'{0x000000008c4288c8}: 'int java.lang.invoke.DirectMethodHandle$Holder.invokeStaticInit(java.lang.Object, java.lang.Object)'> (0x000000008c4288c8) 
thrown [s\src\hotspot\share\interpreter\linkResolver.cpp, line 771]
Event: 0.689 Thread 0x0000019c67e43500 Exception <a 'java/lang/NoSuchMethodError'{0x000000008b3521e0}: 'void java.lang.invoke.DirectMethodHandle$Holder.invokeStatic(java.lang.Object, java.lang.Object)'> (0x000000008b3521e0) 
thrown [s\src\hotspot\share\interpreter\linkResolver.cpp, line 771]
Event: 0.706 Thread 0x0000019c67e43500 Exception <a 'java/lang/NoClassDefFoundError'{0x000000008b3da968}: org/slf4j/impl/StaticMarkerBinder> (0x000000008b3da968) 
thrown [s\src\hotspot\share\classfile\systemDictionary.cpp, line 245]
Event: 0.722 Thread 0x0000019c67e43500 Exception <a 'java/lang/NoSuchMethodError'{0x000000008b277a20}: 'java.lang.Object java.lang.invoke.DirectMethodHandle$Holder.invokeVirtual(java.lang.Object, java.lang.Object, java.lang.Object, java.lang.Object, java.lang.Object, java.lang.Object, java.lang.Object)'> (0x000000008b277a20) 
thrown [s\src\hotspot\share\interpreter\linkResolver.cpp, line 771]
Event: 0.724 Thread 0x0000019c67e43500 Exception <a 'java/lang/NoSuchMethodError'{0x000000008b2895c0}: 'java.lang.Object java.lang.invoke.Invokers$Holder.invoker(java.lang.Object, java.lang.Object, java.lang.Object)'> (0x000000008b2895c0) 
thrown [s\src\hotspot\share\interpreter\linkResolver.cpp, line 771]
Event: 0.726 Thread 0x0000019c67e43500 Exception <a 'java/lang/NoSuchMethodError'{0x000000008b292668}: 'java.lang.Object java.lang.invoke.DirectMethodHandle$Holder.invokeStatic(java.lang.Object, java.lang.Object, int)'> (0x000000008b292668) 
thrown [s\src\hotspot\share\interpreter\linkResolver.cpp, line 771]
Event: 0.727 Thread 0x0000019c67e43500 Exception <a 'java/lang/NoSuchMethodError'{0x000000008b29e358}: 'void java.lang.invoke.DelegatingMethodHandle$Holder.delegate(java.lang.Object, java.lang.Object, int, java.lang.Object)'> (0x000000008b29e358) 
thrown [s\src\hotspot\share\interpreter\linkResolver.cpp, line 771]
Event: 0.728 Thread 0x0000019c67e43500 Exception <a 'java/lang/NoSuchMethodError'{0x000000008b2a24a0}: 'int java.lang.invoke.DirectMethodHandle$Holder.invokeSpecial(java.lang.Object, java.lang.Object, java.lang.Object)'> (0x000000008b2a24a0) 
thrown [s\src\hotspot\share\interpreter\linkResolver.cpp, line 771]
Event: 0.731 Thread 0x0000019c67e43500 Exception <a 'java/lang/NoSuchMethodError'{0x000000008b2b5658}: 'java.lang.Object java.lang.invoke.Invokers$Holder.invokeExact_MT(java.lang.Object, java.lang.Object, java.lang.Object, java.lang.Object)'> (0x000000008b2b5658) 
thrown [s\src\hotspot\share\interpreter\linkResolver.cpp, line 771]
Event: 0.825 Thread 0x0000019c67e43500 Exception <a 'java/lang/NoSuchMethodError'{0x000000008c450d68}: 'void java.lang.invoke.DirectMethodHandle$Holder.invokeSpecial(java.lang.Object, java.lang.Object, java.lang.Object)'> (0x000000008c450d68) 
thrown [s\src\hotspot\share\interpreter\linkResolver.cpp, line 771]
Event: 0.835 Thread 0x0000019c67e43500 Implicit null exception at 0x0000019c7463d20c to 0x0000019c7463d764
Event: 0.835 Thread 0x0000019c67e43500 Implicit null exception at 0x0000019c7462ca8f to 0x0000019c7462cff4
Event: 0.857 Thread 0x0000019c67e43500 Exception <a 'java/lang/NoSuchMethodError'{0x000000008c3f0628}: 'java.lang.Object java.lang.invoke.DirectMethodHandle$Holder.invokeStaticInit(java.lang.Object)'> (0x000000008c3f0628) 
thrown [s\src\hotspot\share\interpreter\linkResolver.cpp, line 771]
Event: 0.954 Thread 0x0000019c67e43500 Exception <a 'java/lang/NoSuchMethodError'{0x000000008bff76f8}: 'java.lang.Object java.lang.invoke.DirectMethodHandle$Holder.invokeStaticInit(java.lang.Object, int, int, int, int)'> (0x000000008bff76f8) 
thrown [s\src\hotspot\share\interpreter\linkResolver.cpp, line 771]
Event: 1.031 Thread 0x0000019c67e43500 Exception <a 'java/lang/NoSuchMethodError'{0x000000008bec6ec0}: 'java.lang.Object java.lang.invoke.DirectMethodHandle$Holder.invokeStaticInit(java.lang.Object, java.lang.Object, int, int, int, int)'> (0x000000008bec6ec0) 
thrown [s\src\hotspot\share\interpreter\linkResolver.cpp, line 771]
Event: 1.093 Thread 0x0000019c67e43500 Exception <a 'java/lang/NoSuchMethodError'{0x000000008bef3318}: 'void java.lang.invoke.DirectMethodHandle$Holder.invokeStatic(java.lang.Object, java.lang.Object, java.lang.Object)'> (0x000000008bef3318) 
thrown [s\src\hotspot\share\interpreter\linkResolver.cpp, line 771]
Event: 1.109 Thread 0x0000019c67e43500 Implicit null exception at 0x0000019c74622a72 to 0x0000019c746230b4
Event: 1.109 Thread 0x0000019c67e43500 Implicit null exception at 0x0000019c7462ff72 to 0x0000019c746305cc

VM Operations (10 events):
Event: 0.112 Executing VM operation: HandshakeAllThreads
Event: 0.112 Executing VM operation: HandshakeAllThreads done
Event: 0.726 Executing VM operation: HandshakeAllThreads
Event: 0.726 Executing VM operation: HandshakeAllThreads done
Event: 0.762 Executing VM operation: G1CollectForAllocation
Event: 0.768 Executing VM operation: G1CollectForAllocation done
Event: 0.919 Executing VM operation: HandshakeAllThreads
Event: 0.919 Executing VM operation: HandshakeAllThreads done
Event: 0.988 Executing VM operation: HandshakeAllThreads
Event: 0.988 Executing VM operation: HandshakeAllThreads done

Events (20 events):
Event: 1.146 loading class javax/security/auth/callback/CallbackHandler
Event: 1.146 loading class javax/security/auth/callback/CallbackHandler done
Event: 1.146 loading class javax/security/auth/Subject
Event: 1.147 loading class javax/security/auth/Subject done
Event: 1.149 loading class com/sun/security/sasl/Provider
Event: 1.149 loading class com/sun/security/sasl/Provider done
Event: 1.149 loading class com/sun/security/sasl/Provider$1
Event: 1.150 loading class com/sun/security/sasl/Provider$1 done
Event: 1.150 loading class com/sun/security/sasl/Provider$ProviderService
Event: 1.150 loading class com/sun/security/sasl/Provider$ProviderService done
Event: 1.150 loading class sun/security/provider/certpath/ldap/JdkLDAP
Event: 1.150 loading class sun/security/provider/certpath/ldap/JdkLDAP done
Event: 1.151 loading class sun/security/provider/certpath/ldap/JdkLDAP$ProviderService
Event: 1.151 loading class sun/security/provider/certpath/ldap/JdkLDAP$ProviderService done
Event: 1.155 loading class java/nio/channels/ServerSocketChannel
Event: 1.155 loading class java/nio/channels/ServerSocketChannel done
Event: 1.155 loading class sun/nio/ch/ServerSocketChannelImpl
Event: 1.155 loading class sun/nio/ch/ServerSocketChannelImpl done
Event: 1.156 loading class java/net/UnixDomainSocketAddress
Event: 1.156 loading class java/net/UnixDomainSocketAddress done


Dynamic libraries:
0x00007ff621b40000 - 0x00007ff621b4a000 	C:\Program Files\Android\Android Studio\jbr\bin\java.exe
0x00007ff91eb10000 - 0x00007ff91ed27000 	C:\WINDOWS\SYSTEM32\ntdll.dll
0x00007ff91c830000 - 0x00007ff91c8f4000 	C:\WINDOWS\System32\KERNEL32.DLL
0x00007ff91be10000 - 0x00007ff91c1c9000 	C:\WINDOWS\System32\KERNELBASE.dll
0x00007ff91c1d0000 - 0x00007ff91c2e1000 	C:\WINDOWS\System32\ucrtbase.dll
0x00007ff909290000 - 0x00007ff9092a7000 	C:\Program Files\Android\Android Studio\jbr\bin\jli.dll
0x00007ff909200000 - 0x00007ff90921b000 	C:\Program Files\Android\Android Studio\jbr\bin\VCRUNTIME140.dll
0x00007ff91e6e0000 - 0x00007ff91e88e000 	C:\WINDOWS\System32\USER32.dll
0x00007ff91c320000 - 0x00007ff91c346000 	C:\WINDOWS\System32\win32u.dll
0x00007ff90dc10000 - 0x00007ff90dea2000 	C:\WINDOWS\WinSxS\amd64_microsoft.windows.common-controls_6595b64144ccf1df_6.0.22621.4391_none_2715d37f73803e96\COMCTL32.dll
0x00007ff91d2f0000 - 0x00007ff91d319000 	C:\WINDOWS\System32\GDI32.dll
0x00007ff91d340000 - 0x00007ff91d3e7000 	C:\WINDOWS\System32\msvcrt.dll
0x00007ff91c710000 - 0x00007ff91c82b000 	C:\WINDOWS\System32\gdi32full.dll
0x00007ff91c350000 - 0x00007ff91c3ea000 	C:\WINDOWS\System32\msvcp_win.dll
0x00007ff91d090000 - 0x00007ff91d0c1000 	C:\WINDOWS\System32\IMM32.DLL
0x00007ff908ed0000 - 0x00007ff908edc000 	C:\Program Files\Android\Android Studio\jbr\bin\vcruntime140_1.dll
0x00007ff8dd130000 - 0x00007ff8dd1bd000 	C:\Program Files\Android\Android Studio\jbr\bin\msvcp140.dll
0x00007ff89bf20000 - 0x00007ff89cba0000 	C:\Program Files\Android\Android Studio\jbr\bin\server\jvm.dll
0x00007ff91d100000 - 0x00007ff91d1b2000 	C:\WINDOWS\System32\ADVAPI32.dll
0x00007ff91dd70000 - 0x00007ff91de17000 	C:\WINDOWS\System32\sechost.dll
0x00007ff91c2f0000 - 0x00007ff91c318000 	C:\WINDOWS\System32\bcrypt.dll
0x00007ff91d1c0000 - 0x00007ff91d2d4000 	C:\WINDOWS\System32\RPCRT4.dll
0x00007ff914df0000 - 0x00007ff914e24000 	C:\WINDOWS\SYSTEM32\WINMM.dll
0x00007ff901e70000 - 0x00007ff901e79000 	C:\WINDOWS\SYSTEM32\WSOCK32.dll
0x00007ff915020000 - 0x00007ff91502a000 	C:\WINDOWS\SYSTEM32\VERSION.dll
0x00007ff91cfc0000 - 0x00007ff91d031000 	C:\WINDOWS\System32\WS2_32.dll
0x00007ff91af40000 - 0x00007ff91af58000 	C:\WINDOWS\SYSTEM32\kernel.appcore.dll
0x00007ff908ec0000 - 0x00007ff908eca000 	C:\Program Files\Android\Android Studio\jbr\bin\jimage.dll
0x00007ff919710000 - 0x00007ff919942000 	C:\WINDOWS\SYSTEM32\DBGHELP.DLL
0x00007ff91cbd0000 - 0x00007ff91cf5f000 	C:\WINDOWS\System32\combase.dll
0x00007ff91ded0000 - 0x00007ff91dfa7000 	C:\WINDOWS\System32\OLEAUT32.dll
0x00007ff90f980000 - 0x00007ff90f9b2000 	C:\WINDOWS\SYSTEM32\dbgcore.DLL
0x00007ff91c690000 - 0x00007ff91c70b000 	C:\WINDOWS\System32\bcryptPrimitives.dll
0x00007ff905cf0000 - 0x00007ff905d15000 	C:\Program Files\Android\Android Studio\jbr\bin\java.dll
0x00007ff908ea0000 - 0x00007ff908eb8000 	C:\Program Files\Android\Android Studio\jbr\bin\zip.dll
0x00007ff91d4f0000 - 0x00007ff91dd66000 	C:\WINDOWS\System32\SHELL32.dll
0x00007ff919d50000 - 0x00007ff91a653000 	C:\WINDOWS\SYSTEM32\windows.storage.dll
0x00007ff919c10000 - 0x00007ff919d4f000 	C:\WINDOWS\SYSTEM32\wintypes.dll
0x00007ff91cac0000 - 0x00007ff91cbb9000 	C:\WINDOWS\System32\SHCORE.dll
0x00007ff91e680000 - 0x00007ff91e6de000 	C:\WINDOWS\System32\shlwapi.dll
0x00007ff91bd40000 - 0x00007ff91bd6b000 	C:\WINDOWS\SYSTEM32\profapi.dll
0x00007ff908d90000 - 0x00007ff908da9000 	C:\Program Files\Android\Android Studio\jbr\bin\net.dll
0x00007ff9161f0000 - 0x00007ff916326000 	C:\WINDOWS\SYSTEM32\WINHTTP.dll
0x00007ff91b3c0000 - 0x00007ff91b429000 	C:\WINDOWS\system32\mswsock.dll
0x00007ff905570000 - 0x00007ff905586000 	C:\Program Files\Android\Android Studio\jbr\bin\nio.dll
0x00007ff907180000 - 0x00007ff907190000 	C:\Program Files\Android\Android Studio\jbr\bin\verify.dll
0x00007ff9036f0000 - 0x00007ff903717000 	C:\Users\vivob\.gradle\native\c067742578af261105cb4f569cf0c3c89f3d7b1fecec35dd04571415982c5e48\windows-amd64\native-platform.dll
0x00007ff905c60000 - 0x00007ff905c69000 	C:\Program Files\Android\Android Studio\jbr\bin\management.dll
0x00007ff905560000 - 0x00007ff90556b000 	C:\Program Files\Android\Android Studio\jbr\bin\management_ext.dll
0x00007ff91d2e0000 - 0x00007ff91d2e8000 	C:\WINDOWS\System32\PSAPI.DLL
0x00007ff91b610000 - 0x00007ff91b62b000 	C:\WINDOWS\SYSTEM32\CRYPTSP.dll
0x00007ff91aea0000 - 0x00007ff91aed5000 	C:\WINDOWS\system32\rsaenh.dll
0x00007ff91b4b0000 - 0x00007ff91b4d8000 	C:\WINDOWS\SYSTEM32\USERENV.dll
0x00007ff91b630000 - 0x00007ff91b63c000 	C:\WINDOWS\SYSTEM32\CRYPTBASE.dll
0x00007ff91a970000 - 0x00007ff91a99d000 	C:\WINDOWS\SYSTEM32\IPHLPAPI.DLL
0x00007ff91d0f0000 - 0x00007ff91d0f9000 	C:\WINDOWS\System32\NSI.dll
0x00007ff915180000 - 0x00007ff915199000 	C:\WINDOWS\SYSTEM32\dhcpcsvc6.DLL
0x00007ff915120000 - 0x00007ff91513f000 	C:\WINDOWS\SYSTEM32\dhcpcsvc.DLL
0x00007ff91a9a0000 - 0x00007ff91aaa2000 	C:\WINDOWS\SYSTEM32\DNSAPI.dll
0x00007ff89f860000 - 0x00007ff89f868000 	C:\WINDOWS\system32\wshunix.dll

dbghelp: loaded successfully - version: 4.0.5 - missing functions: none
symbol engine: initialized successfully - sym options: 0x614 - pdb path: .;C:\Program Files\Android\Android Studio\jbr\bin;C:\WINDOWS\SYSTEM32;C:\WINDOWS\WinSxS\amd64_microsoft.windows.common-controls_6595b64144ccf1df_6.0.22621.4391_none_2715d37f73803e96;C:\Program Files\Android\Android Studio\jbr\bin\server;C:\Users\vivob\.gradle\native\c067742578af261105cb4f569cf0c3c89f3d7b1fecec35dd04571415982c5e48\windows-amd64

VM Arguments:
jvm_args: -Dorg.gradle.appname=gradlew 
java_command: org.gradle.wrapper.GradleWrapperMain -q -Ptarget-platform=android-x64 -Ptarget=C:\src\Tugas_Flutter\lib\main.dart -Pbase-application-name=android.app.Application -Pdart-defines=RkxVVFRFUl9XRUJfQVVUT19ERVRFQ1Q9dHJ1ZQ==,RkxVVFRFUl9XRUJfQ0FOVkFTS0lUX1VSTD1odHRwczovL3d3dy5nc3RhdGljLmNvbS9mbHV0dGVyLWNhbnZhc2tpdC8wNDgxN2M5OWM5ZmQ0OTU2ZjI3NTA1MjA0ZjdlMzQ0MzM1ODEwYWVkLw== -Pdart-obfuscation=false -Ptrack-widget-creation=true -Ptree-shake-icons=false -Pfilesystem-scheme=org-dartlang-root assembleDebug
java_class_path (initial): C:\src\Tugas_Flutter\android\\gradle\wrapper\gradle-wrapper.jar
Launcher Type: SUN_STANDARD

[Global flags]
     intx CICompilerCount                          = 4                                         {product} {ergonomic}
     uint ConcGCThreads                            = 2                                         {product} {ergonomic}
     uint G1ConcRefinementThreads                  = 8                                         {product} {ergonomic}
   size_t G1HeapRegionSize                         = 1048576                                   {product} {ergonomic}
    uintx GCDrainStackTargetSize                   = 64                                        {product} {ergonomic}
   size_t InitialHeapSize                          = 130023424                                 {product} {ergonomic}
   size_t MarkStackSize                            = 4194304                                   {product} {ergonomic}
   size_t MaxHeapSize                              = 2067791872                                {product} {ergonomic}
   size_t MaxNewSize                               = 1240465408                                {product} {ergonomic}
   size_t MinHeapDeltaBytes                        = 1048576                                   {product} {ergonomic}
   size_t MinHeapSize                              = 8388608                                   {product} {ergonomic}
    uintx NonNMethodCodeHeapSize                   = 5839372                                {pd product} {ergonomic}
    uintx NonProfiledCodeHeapSize                  = 122909434                              {pd product} {ergonomic}
    uintx ProfiledCodeHeapSize                     = 122909434                              {pd product} {ergonomic}
    uintx ReservedCodeCacheSize                    = 251658240                              {pd product} {ergonomic}
     bool SegmentedCodeCache                       = true                                      {product} {ergonomic}
   size_t SoftMaxHeapSize                          = 2067791872                             {manageable} {ergonomic}
     bool UseCompressedClassPointers               = true                           {product lp64_product} {ergonomic}
     bool UseCompressedOops                        = true                           {product lp64_product} {ergonomic}
     bool UseG1GC                                  = true                                      {product} {ergonomic}
     bool UseLargePagesIndividualAllocation        = false                                  {pd product} {ergonomic}

Logging:
Log output configuration:
 #0: stdout all=warning uptime,level,tags
 #1: stderr all=off uptime,level,tags

Environment Variables:
JAVA_HOME=C:\Program Files\Android\Android Studio\jbr
CLASSPATH=C:\src\Tugas_Flutter\android\\gradle\wrapper\gradle-wrapper.jar
PATH=C:\Program Files\Android\Android Studio\jbr\bin;C:\Program Files\Common Files\Oracle\Java\javapath;C:\WINDOWS\system32;C:\WINDOWS;C:\WINDOWS\System32\Wbem;C:\WINDOWS\System32\WindowsPowerShell\v1.0\;C:\WINDOWS\System32\OpenSSH\;C:\ProgramData\ComposerSetup\bin;C:\xampp\php-7.4;C:\Program Files\Git\cmd;C:\Program Files (x86)\Windows Kits\10\Windows Performance Toolkit\;C:\src\flutter\bin;C:\Users\vivob\AppData\Local\Programs\Python\Python313\Scripts\;C:\Users\vivob\AppData\Local\Programs\Python\Python313\;C:\Users\vivob\AppData\Local\Programs\Python\Python312\Scripts\;C:\Users\vivob\AppData\Local\Programs\Python\Python312\;C:\Users\vivob\AppData\Local\Programs\Python\Python311\Scripts\;C:\Users\vivob\AppData\Local\Programs\Python\Python311\;C:\Users\vivob\AppData\Local\Microsoft\WindowsApps;C:\Users\vivob\AppData\Roaming\Composer\vendor\bin;C:\xampp\php-7.4;C:\Users\vivob\AppData\Local\Programs\Microsoft VS Code\bin;C:\src\flutter\bin;;C:\src\flutter\bin\mingit\cmd;C:\src\flutter\bin\mingit\cmd
USERNAME=vivob
OS=Windows_NT
PROCESSOR_IDENTIFIER=Intel64 Family 6 Model 140 Stepping 1, GenuineIntel
TMP=C:\Users\vivob\AppData\Local\Temp
TEMP=C:\Users\vivob\AppData\Local\Temp


JNI global refs:
JNI global refs: 19, weak refs: 0

JNI global refs memory usage: 843, weak refs: 841

OOME stack traces (most recent first):
Classloader memory used:
Loader bootstrap                                                                       : 1472K
Loader org.gradle.internal.classloader.VisitableURLClassLoader                         : 457K
Loader java.net.URLClassLoader                                                         : 26123B
Loader jdk.internal.loader.ClassLoaders$AppClassLoader                                 : 18431B
Loader jdk.internal.loader.ClassLoaders$PlatformClassLoader                            : 14212B

Classes loaded by more than one classloader:
Class org.gradle.internal.installation.GradleInstallation                             : loaded 2 times (x 73B)
Class org.gradle.cli.ParsedCommandLine                                                : loaded 2 times (x 78B)
Class org.gradle.internal.classpath.ClassPath                                         : loaded 2 times (x 68B)
Class org.gradle.api.Action                                                           : loaded 2 times (x 68B)
Class org.gradle.cli.CommandLineParser$OptionString                                   : loaded 2 times (x 71B)
Class org.gradle.internal.installation.GradleInstallation$1                           : loaded 2 times (x 73B)
Class org.gradle.cli.CommandLineParser$AfterOptions                                   : loaded 2 times (x 75B)
Class org.gradle.cli.CommandLineParser$AfterFirstSubCommand                           : loaded 2 times (x 75B)
Class org.gradle.internal.service.UnknownServiceException                             : loaded 2 times (x 81B)
Class org.gradle.api.GradleException                                                  : loaded 2 times (x 80B)
Class org.gradle.api.internal.classpath.ModuleRegistry                                : loaded 2 times (x 68B)
Class org.gradle.cli.CommandLineParser$KnownOptionParserState                         : loaded 2 times (x 74B)
Class org.gradle.cli.AbstractPropertiesCommandLineConverter                           : loaded 2 times (x 81B)
Class org.gradle.api.specs.Spec                                                       : loaded 2 times (x 68B)
Class org.gradle.cli.SystemPropertiesCommandLineConverter                             : loaded 2 times (x 81B)
Class org.gradle.internal.IoActions                                                   : loaded 2 times (x 69B)
Class org.gradle.internal.installation.CurrentGradleInstallation                      : loaded 2 times (x 71B)
Class org.gradle.internal.installation.CurrentGradleInstallationLocator               : loaded 2 times (x 69B)
Class org.gradle.internal.classpath.DefaultClassPath                                  : loaded 2 times (x 88B)
Class org.gradle.api.Transformer                                                      : loaded 2 times (x 68B)
Class org.gradle.cli.CommandLineParser                                                : loaded 2 times (x 77B)
Class org.gradle.cli.CommandLineParser$BeforeFirstSubCommand                          : loaded 2 times (x 75B)
Class org.gradle.cli.CommandLineOption                                                : loaded 2 times (x 84B)
Class org.gradle.cli.CommandLineParser$ParserState                                    : loaded 2 times (x 74B)
Class org.gradle.cli.CommandLineParser$MissingOptionArgState                          : loaded 2 times (x 75B)
Class org.gradle.api.UncheckedIOException                                             : loaded 2 times (x 80B)
Class org.gradle.cli.ParsedCommandLineOption                                          : loaded 2 times (x 74B)
Class org.gradle.internal.classloader.ClasspathUtil                                   : loaded 2 times (x 69B)
Class org.gradle.cli.CommandLineParser$UnknownOptionParserState                       : loaded 2 times (x 74B)
Class org.gradle.internal.service.ServiceLookupException                              : loaded 2 times (x 80B)
Class org.gradle.util.internal.GUtil                                                  : loaded 2 times (x 69B)
Class org.gradle.cli.CommandLineParser$OptionAwareParserState                         : loaded 2 times (x 75B)
Class org.gradle.cli.CommandLineParser$OptionParserState                              : loaded 2 times (x 73B)
Class org.gradle.internal.Cast                                                        : loaded 2 times (x 69B)
Class org.gradle.cli.CommandLineConverter                                             : loaded 2 times (x 68B)
Class org.gradle.internal.classpath.DefaultClassPath$ImmutableUniqueList              : loaded 2 times (x 159B)
Class org.gradle.cli.AbstractCommandLineConverter                                     : loaded 2 times (x 77B)
Class org.gradle.cli.CommandLineArgumentException                                     : loaded 2 times (x 80B)


---------------  S Y S T E M  ---------------

OS:
 Windows 11 , 64 bit Build 22621 (10.0.22621.4391)
OS uptime: 0 days 1:15 hours

CPU: total 8 (initial active 8) (4 cores per cpu, 2 threads per core) family 6 model 140 stepping 1 microcode 0x86, cx8, cmov, fxsr, ht, mmx, 3dnowpref, sse, sse2, sse3, ssse3, sse4.1, sse4.2, popcnt, lzcnt, tsc, tscinvbit, avx, avx2, aes, erms, clmul, bmi1, bmi2, adx, avx512f, avx512dq, avx512cd, avx512bw, avx512vl, sha, fma, vzeroupper, avx512_vpopcntdq, avx512_vpclmulqdq, avx512_vaes, avx512_vnni, clflush, clflushopt, clwb, avx512_vbmi2, avx512_vbmi

Memory: 4k page, system-wide physical 7885M (318M free)
TotalPageFile size 11885M (AvailPageFile size 4M)
current process WorkingSet (physical memory assigned to process): 94M, peak: 94M
current process commit charge ("private bytes"): 225M, peak: 226M

vm_info: OpenJDK 64-Bit Server VM (17.0.7+0-b2043.56-10550314) for windows-amd64 JRE (17.0.7+0-b2043.56-10550314), built on Jul 24 2023 18:27:45 by "androidbuild" with MS VC++ 16.10 / 16.11 (VS2019)

END.
