#
# There is insufficient memory for the Java Runtime Environment to continue.
# Native memory allocation (mmap) failed to map 65536 bytes for Failed to commit metaspace.
# Possible reasons:
#   The system is out of physical RAM or swap space
#   The process is running with CompressedOops enabled, and the Java Heap may be blocking the growth of the native heap
# Possible solutions:
#   Reduce memory load on the system
#   Increase physical memory or swap space
#   Check if swap backing store is full
#   Decrease Java heap size (-Xmx/-Xms)
#   Decrease number of Java threads
#   Decrease Java thread stack sizes (-Xss)
#   Set larger code cache with -XX:ReservedCodeCacheSize=
#   JVM is running with Unscaled Compressed Oops mode in which the Java heap is
#     placed in the first 4GB address space. The Java Heap base address is the
#     maximum limit for the native heap growth. Please use -XX:HeapBaseMinAddress
#     to set the Java Heap base and to place the Java Heap above 4GB virtual address.
# This output file may be truncated or incomplete.
#
#  Out of Memory Error (virtualSpaceNode.cpp:110), pid=16364, tid=18336
#
# JRE version: OpenJDK Runtime Environment (17.0.7) (build 17.0.7+0-b2043.56-10550314)
# Java VM: OpenJDK 64-Bit Server VM (17.0.7+0-b2043.56-10550314, mixed mode, tiered, compressed oops, compressed class ptrs, g1 gc, windows-amd64)
# No core dump will be written. Minidumps are not enabled by default on client versions of Windows
#

---------------  S U M M A R Y ------------

Command Line: -Dorg.gradle.appname=gradlew org.gradle.wrapper.GradleWrapperMain -q -Ptarget-platform=android-x64 -Ptarget=C:\src\latihan_aplikasi\lib\main.dart -Pbase-application-name=android.app.Application -Pdart-defines=RkxVVFRFUl9XRUJfQVVUT19ERVRFQ1Q9dHJ1ZQ==,RkxVVFRFUl9XRUJfQ0FOVkFTS0lUX1VSTD1odHRwczovL3d3dy5nc3RhdGljLmNvbS9mbHV0dGVyLWNhbnZhc2tpdC8wNDgxN2M5OWM5ZmQ0OTU2ZjI3NTA1MjA0ZjdlMzQ0MzM1ODEwYWVkLw== -Pdart-obfuscation=false -Ptrack-widget-creation=true -Ptree-shake-icons=false -Pfilesystem-scheme=org-dartlang-root assembleDebug

Host: 11th Gen Intel(R) Core(TM) i5-1135G7 @ 2.40GHz, 8 cores, 7G,  Windows 11 , 64 bit Build 22621 (10.0.22621.3958)
Time: Tue Nov 26 11:24:53 2024 Tokyo Standard Time elapsed time: 0.342397 seconds (0d 0h 0m 0s)

---------------  T H R E A D  ---------------

Current thread (0x000001fa8d4d4f10):  JavaThread "main" [_thread_in_vm, id=18336, stack(0x0000005478d00000,0x0000005478e00000)]

Stack: [0x0000005478d00000,0x0000005478e00000]
Native frames: (J=compiled Java code, j=interpreted, Vv=VM code, C=native code)
V  [jvm.dll+0x683bfa]
V  [jvm.dll+0x8430a4]
V  [jvm.dll+0x8449be]
V  [jvm.dll+0x845023]
V  [jvm.dll+0x24ad2f]
V  [jvm.dll+0x83e45b]
V  [jvm.dll+0x6281e6]
V  [jvm.dll+0x62824a]
V  [jvm.dll+0x62aa6a]
V  [jvm.dll+0x628b86]
V  [jvm.dll+0x24801c]
V  [jvm.dll+0x6db01d]
V  [jvm.dll+0x6dba4f]
V  [jvm.dll+0x3770b0]
V  [jvm.dll+0x3760f4]
V  [jvm.dll+0x376098]
V  [jvm.dll+0x56a4c5]
V  [jvm.dll+0x56a578]
V  [jvm.dll+0x389c9b]
V  [jvm.dll+0x389752]
C  0x000001fa996e897f

Java frames: (J=compiled Java code, j=interpreted, Vv=VM code)
j  sun.security.util.SecurityProviderConstants.<clinit>()V+492 java.base@17.0.7
v  ~StubRoutines::call_stub
j  sun.security.provider.SunEntries.addWithAlias(Ljava/security/Provider;Ljava/lang/String;Ljava/lang/String;Ljava/lang/String;Ljava/util/HashMap;)V+14 java.base@17.0.7
j  sun.security.provider.SunEntries.<init>(Ljava/security/Provider;)V+166 java.base@17.0.7
j  sun.security.provider.Sun.<init>()V+18 java.base@17.0.7
j  sun.security.jca.ProviderConfig.getProvider()Ljava/security/Provider;+67 java.base@17.0.7
j  sun.security.jca.ProviderList.getProvider(I)Ljava/security/Provider;+6 java.base@17.0.7
j  sun.security.jca.ProviderList.getService(Ljava/lang/String;Ljava/lang/String;)Ljava/security/Provider$Service;+90 java.base@17.0.7
j  sun.security.jca.GetInstance.getInstance(Ljava/lang/String;Ljava/lang/Class;Ljava/lang/String;)Lsun/security/jca/GetInstance$Instance;+7 java.base@17.0.7
j  java.security.MessageDigest.getInstance(Ljava/lang/String;)Ljava/security/MessageDigest;+12 java.base@17.0.7
j  org.gradle.wrapper.PathAssembler.getHash(Ljava/lang/String;)Ljava/lang/String;+2
j  org.gradle.wrapper.PathAssembler.rootDirName(Ljava/lang/String;Lorg/gradle/wrapper/WrapperConfiguration;)Ljava/lang/String;+8
j  org.gradle.wrapper.PathAssembler.getDistribution(Lorg/gradle/wrapper/WrapperConfiguration;)Lorg/gradle/wrapper/PathAssembler$LocalDistribution;+18
j  org.gradle.wrapper.Install.createDist(Lorg/gradle/wrapper/WrapperConfiguration;)Ljava/io/File;+15
j  org.gradle.wrapper.WrapperExecutor.execute([Ljava/lang/String;Lorg/gradle/wrapper/Install;Lorg/gradle/wrapper/BootstrapMainStarter;)V+5
j  org.gradle.wrapper.GradleWrapperMain.main([Ljava/lang/String;)V+190
v  ~StubRoutines::call_stub

---------------  P R O C E S S  ---------------

Threads class SMR info:
_java_thread_list=0x000001faa9336be0, length=12, elements={
0x000001fa8d4d4f10, 0x000001faa903c010, 0x000001faa903c4e0, 0x000001faa91b1ed0,
0x000001faa91b23a0, 0x000001faa91d8360, 0x000001faa91d8830, 0x000001faa91ce2d0,
0x000001faa91e67d0, 0x000001faa91e7500, 0x000001faa9335a40, 0x000001faa9347c20
}

Java Threads: ( => current thread )
=>0x000001fa8d4d4f10 JavaThread "main" [_thread_in_vm, id=18336, stack(0x0000005478d00000,0x0000005478e00000)]
  0x000001faa903c010 JavaThread "Reference Handler" daemon [_thread_blocked, id=16704, stack(0x0000005479400000,0x0000005479500000)]
  0x000001faa903c4e0 JavaThread "Finalizer" daemon [_thread_blocked, id=1060, stack(0x0000005479500000,0x0000005479600000)]
  0x000001faa91b1ed0 JavaThread "Signal Dispatcher" daemon [_thread_blocked, id=13780, stack(0x0000005479600000,0x0000005479700000)]
  0x000001faa91b23a0 JavaThread "Attach Listener" daemon [_thread_blocked, id=17768, stack(0x0000005479700000,0x0000005479800000)]
  0x000001faa91d8360 JavaThread "Service Thread" daemon [_thread_blocked, id=3984, stack(0x0000005479800000,0x0000005479900000)]
  0x000001faa91d8830 JavaThread "Monitor Deflation Thread" daemon [_thread_blocked, id=12316, stack(0x0000005479900000,0x0000005479a00000)]
  0x000001faa91ce2d0 JavaThread "C2 CompilerThread0" daemon [_thread_blocked, id=10124, stack(0x0000005479a00000,0x0000005479b00000)]
  0x000001faa91e67d0 JavaThread "C1 CompilerThread0" daemon [_thread_blocked, id=13424, stack(0x0000005479b00000,0x0000005479c00000)]
  0x000001faa91e7500 JavaThread "Sweeper thread" daemon [_thread_blocked, id=7336, stack(0x0000005479c00000,0x0000005479d00000)]
  0x000001faa9335a40 JavaThread "Notification Thread" daemon [_thread_blocked, id=5896, stack(0x0000005479d00000,0x0000005479e00000)]
  0x000001faa9347c20 JavaThread "Common-Cleaner" daemon [_thread_blocked, id=5716, stack(0x0000005479f00000,0x000000547a000000)]

Other Threads:
  0x000001faa9039650 VMThread "VM Thread" [stack: 0x0000005479300000,0x0000005479400000] [id=1132]
  0x000001faa9335f10 WatcherThread [stack: 0x0000005479e00000,0x0000005479f00000] [id=11644]
  0x000001fa8d52e080 GCTaskThread "GC Thread#0" [stack: 0x0000005478e00000,0x0000005478f00000] [id=13188]
  0x000001fa8d53e550 ConcurrentGCThread "G1 Main Marker" [stack: 0x0000005478f00000,0x0000005479000000] [id=13692]
  0x000001fa8d53ee70 ConcurrentGCThread "G1 Conc#0" [stack: 0x0000005479000000,0x0000005479100000] [id=15000]
  0x000001faa8e820c0 ConcurrentGCThread "G1 Refine#0" [stack: 0x0000005479100000,0x0000005479200000] [id=7044]
  0x000001fa8d58ec90 ConcurrentGCThread "G1 Service" [stack: 0x0000005479200000,0x0000005479300000] [id=6804]

Threads with active compile tasks:

VM state: not at safepoint (normal execution)

VM Mutex/Monitor currently owned by a thread:  ([mutex/lock_event])
[0x000001fa8d4d0a40] Metaspace_lock - owner thread: 0x000001fa8d4d4f10

Heap address: 0x0000000084c00000, size: 1972 MB, Compressed Oops mode: 32-bit

CDS archive(s) not mapped
Compressed class space mapped at: 0x0000000100000000-0x0000000140000000, reserved size: 1073741824
Narrow klass base: 0x0000000000000000, Narrow klass shift: 3, Narrow klass range: 0x140000000

GC Precious Log:
 CPUs: 8 total, 8 available
 Memory: 7885M
 Large Page Support: Disabled
 NUMA Support: Disabled
 Compressed Oops: Enabled (32-bit)
 Heap Region Size: 1M
 Heap Min Capacity: 8M
 Heap Initial Capacity: 124M
 Heap Max Capacity: 1972M
 Pre-touch: Disabled
 Parallel Workers: 8
 Concurrent Workers: 2
 Concurrent Refinement Workers: 8
 Periodic GC: Disabled

Heap:
 garbage-first heap   total 126976K, used 1024K [0x0000000084c00000, 0x0000000100000000)
  region size 1024K, 2 young (2048K), 0 survivors (0K)
 Metaspace       used 6919K, committed 7040K, reserved 1114112K
  class space    used 597K, committed 704K, reserved 1048576K

Heap Regions: E=young(eden), S=young(survivor), O=old, HS=humongous(starts), HC=humongous(continues), CS=collection set, F=free, OA=open archive, CA=closed archive, TAMS=top-at-mark-start (previous, next)
|   0|0x0000000084c00000, 0x0000000084c00000, 0x0000000084d00000|  0%| F|  |TAMS 0x0000000084c00000, 0x0000000084c00000| Untracked 
|   1|0x0000000084d00000, 0x0000000084d00000, 0x0000000084e00000|  0%| F|  |TAMS 0x0000000084d00000, 0x0000000084d00000| Untracked 
|   2|0x0000000084e00000, 0x0000000084e00000, 0x0000000084f00000|  0%| F|  |TAMS 0x0000000084e00000, 0x0000000084e00000| Untracked 
|   3|0x0000000084f00000, 0x0000000084f00000, 0x0000000085000000|  0%| F|  |TAMS 0x0000000084f00000, 0x0000000084f00000| Untracked 
|   4|0x0000000085000000, 0x0000000085000000, 0x0000000085100000|  0%| F|  |TAMS 0x0000000085000000, 0x0000000085000000| Untracked 
|   5|0x0000000085100000, 0x0000000085100000, 0x0000000085200000|  0%| F|  |TAMS 0x0000000085100000, 0x0000000085100000| Untracked 
|   6|0x0000000085200000, 0x0000000085200000, 0x0000000085300000|  0%| F|  |TAMS 0x0000000085200000, 0x0000000085200000| Untracked 
|   7|0x0000000085300000, 0x0000000085300000, 0x0000000085400000|  0%| F|  |TAMS 0x0000000085300000, 0x0000000085300000| Untracked 
|   8|0x0000000085400000, 0x0000000085400000, 0x0000000085500000|  0%| F|  |TAMS 0x0000000085400000, 0x0000000085400000| Untracked 
|   9|0x0000000085500000, 0x0000000085500000, 0x0000000085600000|  0%| F|  |TAMS 0x0000000085500000, 0x0000000085500000| Untracked 
|  10|0x0000000085600000, 0x0000000085600000, 0x0000000085700000|  0%| F|  |TAMS 0x0000000085600000, 0x0000000085600000| Untracked 
|  11|0x0000000085700000, 0x0000000085700000, 0x0000000085800000|  0%| F|  |TAMS 0x0000000085700000, 0x0000000085700000| Untracked 
|  12|0x0000000085800000, 0x0000000085800000, 0x0000000085900000|  0%| F|  |TAMS 0x0000000085800000, 0x0000000085800000| Untracked 
|  13|0x0000000085900000, 0x0000000085900000, 0x0000000085a00000|  0%| F|  |TAMS 0x0000000085900000, 0x0000000085900000| Untracked 
|  14|0x0000000085a00000, 0x0000000085a00000, 0x0000000085b00000|  0%| F|  |TAMS 0x0000000085a00000, 0x0000000085a00000| Untracked 
|  15|0x0000000085b00000, 0x0000000085b00000, 0x0000000085c00000|  0%| F|  |TAMS 0x0000000085b00000, 0x0000000085b00000| Untracked 
|  16|0x0000000085c00000, 0x0000000085c00000, 0x0000000085d00000|  0%| F|  |TAMS 0x0000000085c00000, 0x0000000085c00000| Untracked 
|  17|0x0000000085d00000, 0x0000000085d00000, 0x0000000085e00000|  0%| F|  |TAMS 0x0000000085d00000, 0x0000000085d00000| Untracked 
|  18|0x0000000085e00000, 0x0000000085e00000, 0x0000000085f00000|  0%| F|  |TAMS 0x0000000085e00000, 0x0000000085e00000| Untracked 
|  19|0x0000000085f00000, 0x0000000085f00000, 0x0000000086000000|  0%| F|  |TAMS 0x0000000085f00000, 0x0000000085f00000| Untracked 
|  20|0x0000000086000000, 0x0000000086000000, 0x0000000086100000|  0%| F|  |TAMS 0x0000000086000000, 0x0000000086000000| Untracked 
|  21|0x0000000086100000, 0x0000000086100000, 0x0000000086200000|  0%| F|  |TAMS 0x0000000086100000, 0x0000000086100000| Untracked 
|  22|0x0000000086200000, 0x0000000086200000, 0x0000000086300000|  0%| F|  |TAMS 0x0000000086200000, 0x0000000086200000| Untracked 
|  23|0x0000000086300000, 0x0000000086300000, 0x0000000086400000|  0%| F|  |TAMS 0x0000000086300000, 0x0000000086300000| Untracked 
|  24|0x0000000086400000, 0x0000000086400000, 0x0000000086500000|  0%| F|  |TAMS 0x0000000086400000, 0x0000000086400000| Untracked 
|  25|0x0000000086500000, 0x0000000086500000, 0x0000000086600000|  0%| F|  |TAMS 0x0000000086500000, 0x0000000086500000| Untracked 
|  26|0x0000000086600000, 0x0000000086600000, 0x0000000086700000|  0%| F|  |TAMS 0x0000000086600000, 0x0000000086600000| Untracked 
|  27|0x0000000086700000, 0x0000000086700000, 0x0000000086800000|  0%| F|  |TAMS 0x0000000086700000, 0x0000000086700000| Untracked 
|  28|0x0000000086800000, 0x0000000086800000, 0x0000000086900000|  0%| F|  |TAMS 0x0000000086800000, 0x0000000086800000| Untracked 
|  29|0x0000000086900000, 0x0000000086900000, 0x0000000086a00000|  0%| F|  |TAMS 0x0000000086900000, 0x0000000086900000| Untracked 
|  30|0x0000000086a00000, 0x0000000086a00000, 0x0000000086b00000|  0%| F|  |TAMS 0x0000000086a00000, 0x0000000086a00000| Untracked 
|  31|0x0000000086b00000, 0x0000000086b00000, 0x0000000086c00000|  0%| F|  |TAMS 0x0000000086b00000, 0x0000000086b00000| Untracked 
|  32|0x0000000086c00000, 0x0000000086c00000, 0x0000000086d00000|  0%| F|  |TAMS 0x0000000086c00000, 0x0000000086c00000| Untracked 
|  33|0x0000000086d00000, 0x0000000086d00000, 0x0000000086e00000|  0%| F|  |TAMS 0x0000000086d00000, 0x0000000086d00000| Untracked 
|  34|0x0000000086e00000, 0x0000000086e00000, 0x0000000086f00000|  0%| F|  |TAMS 0x0000000086e00000, 0x0000000086e00000| Untracked 
|  35|0x0000000086f00000, 0x0000000086f00000, 0x0000000087000000|  0%| F|  |TAMS 0x0000000086f00000, 0x0000000086f00000| Untracked 
|  36|0x0000000087000000, 0x0000000087000000, 0x0000000087100000|  0%| F|  |TAMS 0x0000000087000000, 0x0000000087000000| Untracked 
|  37|0x0000000087100000, 0x0000000087100000, 0x0000000087200000|  0%| F|  |TAMS 0x0000000087100000, 0x0000000087100000| Untracked 
|  38|0x0000000087200000, 0x0000000087200000, 0x0000000087300000|  0%| F|  |TAMS 0x0000000087200000, 0x0000000087200000| Untracked 
|  39|0x0000000087300000, 0x0000000087300000, 0x0000000087400000|  0%| F|  |TAMS 0x0000000087300000, 0x0000000087300000| Untracked 
|  40|0x0000000087400000, 0x0000000087400000, 0x0000000087500000|  0%| F|  |TAMS 0x0000000087400000, 0x0000000087400000| Untracked 
|  41|0x0000000087500000, 0x0000000087500000, 0x0000000087600000|  0%| F|  |TAMS 0x0000000087500000, 0x0000000087500000| Untracked 
|  42|0x0000000087600000, 0x0000000087600000, 0x0000000087700000|  0%| F|  |TAMS 0x0000000087600000, 0x0000000087600000| Untracked 
|  43|0x0000000087700000, 0x0000000087700000, 0x0000000087800000|  0%| F|  |TAMS 0x0000000087700000, 0x0000000087700000| Untracked 
|  44|0x0000000087800000, 0x0000000087800000, 0x0000000087900000|  0%| F|  |TAMS 0x0000000087800000, 0x0000000087800000| Untracked 
|  45|0x0000000087900000, 0x0000000087900000, 0x0000000087a00000|  0%| F|  |TAMS 0x0000000087900000, 0x0000000087900000| Untracked 
|  46|0x0000000087a00000, 0x0000000087a00000, 0x0000000087b00000|  0%| F|  |TAMS 0x0000000087a00000, 0x0000000087a00000| Untracked 
|  47|0x0000000087b00000, 0x0000000087b00000, 0x0000000087c00000|  0%| F|  |TAMS 0x0000000087b00000, 0x0000000087b00000| Untracked 
|  48|0x0000000087c00000, 0x0000000087c00000, 0x0000000087d00000|  0%| F|  |TAMS 0x0000000087c00000, 0x0000000087c00000| Untracked 
|  49|0x0000000087d00000, 0x0000000087d00000, 0x0000000087e00000|  0%| F|  |TAMS 0x0000000087d00000, 0x0000000087d00000| Untracked 
|  50|0x0000000087e00000, 0x0000000087e00000, 0x0000000087f00000|  0%| F|  |TAMS 0x0000000087e00000, 0x0000000087e00000| Untracked 
|  51|0x0000000087f00000, 0x0000000087f00000, 0x0000000088000000|  0%| F|  |TAMS 0x0000000087f00000, 0x0000000087f00000| Untracked 
|  52|0x0000000088000000, 0x0000000088000000, 0x0000000088100000|  0%| F|  |TAMS 0x0000000088000000, 0x0000000088000000| Untracked 
|  53|0x0000000088100000, 0x0000000088100000, 0x0000000088200000|  0%| F|  |TAMS 0x0000000088100000, 0x0000000088100000| Untracked 
|  54|0x0000000088200000, 0x0000000088200000, 0x0000000088300000|  0%| F|  |TAMS 0x0000000088200000, 0x0000000088200000| Untracked 
|  55|0x0000000088300000, 0x0000000088300000, 0x0000000088400000|  0%| F|  |TAMS 0x0000000088300000, 0x0000000088300000| Untracked 
|  56|0x0000000088400000, 0x0000000088400000, 0x0000000088500000|  0%| F|  |TAMS 0x0000000088400000, 0x0000000088400000| Untracked 
|  57|0x0000000088500000, 0x0000000088500000, 0x0000000088600000|  0%| F|  |TAMS 0x0000000088500000, 0x0000000088500000| Untracked 
|  58|0x0000000088600000, 0x0000000088600000, 0x0000000088700000|  0%| F|  |TAMS 0x0000000088600000, 0x0000000088600000| Untracked 
|  59|0x0000000088700000, 0x0000000088700000, 0x0000000088800000|  0%| F|  |TAMS 0x0000000088700000, 0x0000000088700000| Untracked 
|  60|0x0000000088800000, 0x0000000088800000, 0x0000000088900000|  0%| F|  |TAMS 0x0000000088800000, 0x0000000088800000| Untracked 
|  61|0x0000000088900000, 0x0000000088900000, 0x0000000088a00000|  0%| F|  |TAMS 0x0000000088900000, 0x0000000088900000| Untracked 
|  62|0x0000000088a00000, 0x0000000088a00000, 0x0000000088b00000|  0%| F|  |TAMS 0x0000000088a00000, 0x0000000088a00000| Untracked 
|  63|0x0000000088b00000, 0x0000000088b00000, 0x0000000088c00000|  0%| F|  |TAMS 0x0000000088b00000, 0x0000000088b00000| Untracked 
|  64|0x0000000088c00000, 0x0000000088c00000, 0x0000000088d00000|  0%| F|  |TAMS 0x0000000088c00000, 0x0000000088c00000| Untracked 
|  65|0x0000000088d00000, 0x0000000088d00000, 0x0000000088e00000|  0%| F|  |TAMS 0x0000000088d00000, 0x0000000088d00000| Untracked 
|  66|0x0000000088e00000, 0x0000000088e00000, 0x0000000088f00000|  0%| F|  |TAMS 0x0000000088e00000, 0x0000000088e00000| Untracked 
|  67|0x0000000088f00000, 0x0000000088f00000, 0x0000000089000000|  0%| F|  |TAMS 0x0000000088f00000, 0x0000000088f00000| Untracked 
|  68|0x0000000089000000, 0x0000000089000000, 0x0000000089100000|  0%| F|  |TAMS 0x0000000089000000, 0x0000000089000000| Untracked 
|  69|0x0000000089100000, 0x0000000089100000, 0x0000000089200000|  0%| F|  |TAMS 0x0000000089100000, 0x0000000089100000| Untracked 
|  70|0x0000000089200000, 0x0000000089200000, 0x0000000089300000|  0%| F|  |TAMS 0x0000000089200000, 0x0000000089200000| Untracked 
|  71|0x0000000089300000, 0x0000000089300000, 0x0000000089400000|  0%| F|  |TAMS 0x0000000089300000, 0x0000000089300000| Untracked 
|  72|0x0000000089400000, 0x0000000089400000, 0x0000000089500000|  0%| F|  |TAMS 0x0000000089400000, 0x0000000089400000| Untracked 
|  73|0x0000000089500000, 0x0000000089500000, 0x0000000089600000|  0%| F|  |TAMS 0x0000000089500000, 0x0000000089500000| Untracked 
|  74|0x0000000089600000, 0x0000000089600000, 0x0000000089700000|  0%| F|  |TAMS 0x0000000089600000, 0x0000000089600000| Untracked 
|  75|0x0000000089700000, 0x0000000089700000, 0x0000000089800000|  0%| F|  |TAMS 0x0000000089700000, 0x0000000089700000| Untracked 
|  76|0x0000000089800000, 0x0000000089800000, 0x0000000089900000|  0%| F|  |TAMS 0x0000000089800000, 0x0000000089800000| Untracked 
|  77|0x0000000089900000, 0x0000000089900000, 0x0000000089a00000|  0%| F|  |TAMS 0x0000000089900000, 0x0000000089900000| Untracked 
|  78|0x0000000089a00000, 0x0000000089a00000, 0x0000000089b00000|  0%| F|  |TAMS 0x0000000089a00000, 0x0000000089a00000| Untracked 
|  79|0x0000000089b00000, 0x0000000089b00000, 0x0000000089c00000|  0%| F|  |TAMS 0x0000000089b00000, 0x0000000089b00000| Untracked 
|  80|0x0000000089c00000, 0x0000000089c00000, 0x0000000089d00000|  0%| F|  |TAMS 0x0000000089c00000, 0x0000000089c00000| Untracked 
|  81|0x0000000089d00000, 0x0000000089d00000, 0x0000000089e00000|  0%| F|  |TAMS 0x0000000089d00000, 0x0000000089d00000| Untracked 
|  82|0x0000000089e00000, 0x0000000089e00000, 0x0000000089f00000|  0%| F|  |TAMS 0x0000000089e00000, 0x0000000089e00000| Untracked 
|  83|0x0000000089f00000, 0x0000000089f00000, 0x000000008a000000|  0%| F|  |TAMS 0x0000000089f00000, 0x0000000089f00000| Untracked 
|  84|0x000000008a000000, 0x000000008a000000, 0x000000008a100000|  0%| F|  |TAMS 0x000000008a000000, 0x000000008a000000| Untracked 
|  85|0x000000008a100000, 0x000000008a100000, 0x000000008a200000|  0%| F|  |TAMS 0x000000008a100000, 0x000000008a100000| Untracked 
|  86|0x000000008a200000, 0x000000008a200000, 0x000000008a300000|  0%| F|  |TAMS 0x000000008a200000, 0x000000008a200000| Untracked 
|  87|0x000000008a300000, 0x000000008a300000, 0x000000008a400000|  0%| F|  |TAMS 0x000000008a300000, 0x000000008a300000| Untracked 
|  88|0x000000008a400000, 0x000000008a400000, 0x000000008a500000|  0%| F|  |TAMS 0x000000008a400000, 0x000000008a400000| Untracked 
|  89|0x000000008a500000, 0x000000008a500000, 0x000000008a600000|  0%| F|  |TAMS 0x000000008a500000, 0x000000008a500000| Untracked 
|  90|0x000000008a600000, 0x000000008a600000, 0x000000008a700000|  0%| F|  |TAMS 0x000000008a600000, 0x000000008a600000| Untracked 
|  91|0x000000008a700000, 0x000000008a700000, 0x000000008a800000|  0%| F|  |TAMS 0x000000008a700000, 0x000000008a700000| Untracked 
|  92|0x000000008a800000, 0x000000008a800000, 0x000000008a900000|  0%| F|  |TAMS 0x000000008a800000, 0x000000008a800000| Untracked 
|  93|0x000000008a900000, 0x000000008a900000, 0x000000008aa00000|  0%| F|  |TAMS 0x000000008a900000, 0x000000008a900000| Untracked 
|  94|0x000000008aa00000, 0x000000008aa00000, 0x000000008ab00000|  0%| F|  |TAMS 0x000000008aa00000, 0x000000008aa00000| Untracked 
|  95|0x000000008ab00000, 0x000000008ab00000, 0x000000008ac00000|  0%| F|  |TAMS 0x000000008ab00000, 0x000000008ab00000| Untracked 
|  96|0x000000008ac00000, 0x000000008ac00000, 0x000000008ad00000|  0%| F|  |TAMS 0x000000008ac00000, 0x000000008ac00000| Untracked 
|  97|0x000000008ad00000, 0x000000008ad00000, 0x000000008ae00000|  0%| F|  |TAMS 0x000000008ad00000, 0x000000008ad00000| Untracked 
|  98|0x000000008ae00000, 0x000000008ae00000, 0x000000008af00000|  0%| F|  |TAMS 0x000000008ae00000, 0x000000008ae00000| Untracked 
|  99|0x000000008af00000, 0x000000008af00000, 0x000000008b000000|  0%| F|  |TAMS 0x000000008af00000, 0x000000008af00000| Untracked 
| 100|0x000000008b000000, 0x000000008b000000, 0x000000008b100000|  0%| F|  |TAMS 0x000000008b000000, 0x000000008b000000| Untracked 
| 101|0x000000008b100000, 0x000000008b100000, 0x000000008b200000|  0%| F|  |TAMS 0x000000008b100000, 0x000000008b100000| Untracked 
| 102|0x000000008b200000, 0x000000008b200000, 0x000000008b300000|  0%| F|  |TAMS 0x000000008b200000, 0x000000008b200000| Untracked 
| 103|0x000000008b300000, 0x000000008b300000, 0x000000008b400000|  0%| F|  |TAMS 0x000000008b300000, 0x000000008b300000| Untracked 
| 104|0x000000008b400000, 0x000000008b400000, 0x000000008b500000|  0%| F|  |TAMS 0x000000008b400000, 0x000000008b400000| Untracked 
| 105|0x000000008b500000, 0x000000008b500000, 0x000000008b600000|  0%| F|  |TAMS 0x000000008b500000, 0x000000008b500000| Untracked 
| 106|0x000000008b600000, 0x000000008b600000, 0x000000008b700000|  0%| F|  |TAMS 0x000000008b600000, 0x000000008b600000| Untracked 
| 107|0x000000008b700000, 0x000000008b700000, 0x000000008b800000|  0%| F|  |TAMS 0x000000008b700000, 0x000000008b700000| Untracked 
| 108|0x000000008b800000, 0x000000008b800000, 0x000000008b900000|  0%| F|  |TAMS 0x000000008b800000, 0x000000008b800000| Untracked 
| 109|0x000000008b900000, 0x000000008b900000, 0x000000008ba00000|  0%| F|  |TAMS 0x000000008b900000, 0x000000008b900000| Untracked 
| 110|0x000000008ba00000, 0x000000008ba00000, 0x000000008bb00000|  0%| F|  |TAMS 0x000000008ba00000, 0x000000008ba00000| Untracked 
| 111|0x000000008bb00000, 0x000000008bb00000, 0x000000008bc00000|  0%| F|  |TAMS 0x000000008bb00000, 0x000000008bb00000| Untracked 
| 112|0x000000008bc00000, 0x000000008bc00000, 0x000000008bd00000|  0%| F|  |TAMS 0x000000008bc00000, 0x000000008bc00000| Untracked 
| 113|0x000000008bd00000, 0x000000008bd00000, 0x000000008be00000|  0%| F|  |TAMS 0x000000008bd00000, 0x000000008bd00000| Untracked 
| 114|0x000000008be00000, 0x000000008be00000, 0x000000008bf00000|  0%| F|  |TAMS 0x000000008be00000, 0x000000008be00000| Untracked 
| 115|0x000000008bf00000, 0x000000008bf00000, 0x000000008c000000|  0%| F|  |TAMS 0x000000008bf00000, 0x000000008bf00000| Untracked 
| 116|0x000000008c000000, 0x000000008c000000, 0x000000008c100000|  0%| F|  |TAMS 0x000000008c000000, 0x000000008c000000| Untracked 
| 117|0x000000008c100000, 0x000000008c100000, 0x000000008c200000|  0%| F|  |TAMS 0x000000008c100000, 0x000000008c100000| Untracked 
| 118|0x000000008c200000, 0x000000008c200000, 0x000000008c300000|  0%| F|  |TAMS 0x000000008c200000, 0x000000008c200000| Untracked 
| 119|0x000000008c300000, 0x000000008c300000, 0x000000008c400000|  0%| F|  |TAMS 0x000000008c300000, 0x000000008c300000| Untracked 
| 120|0x000000008c400000, 0x000000008c400000, 0x000000008c500000|  0%| F|  |TAMS 0x000000008c400000, 0x000000008c400000| Untracked 
| 121|0x000000008c500000, 0x000000008c500000, 0x000000008c600000|  0%| F|  |TAMS 0x000000008c500000, 0x000000008c500000| Untracked 
| 122|0x000000008c600000, 0x000000008c6ed418, 0x000000008c700000| 92%| E|  |TAMS 0x000000008c600000, 0x000000008c600000| Complete 
| 123|0x000000008c700000, 0x000000008c800000, 0x000000008c800000|100%| E|CS|TAMS 0x000000008c700000, 0x000000008c700000| Complete 

Card table byte_map: [0x000001faa1fe0000,0x000001faa23c0000] _byte_map_base: 0x000001faa1bba000

Marking Bits (Prev, Next): (CMBitMap*) 0x000001fa8d52e5a0, (CMBitMap*) 0x000001fa8d52e5e0
 Prev Bits: [0x000001faa27a0000, 0x000001faa4670000)
 Next Bits: [0x000001faa4670000, 0x000001faa6540000)

Polling page: 0x000001fa8d590000

Metaspace:

Usage:
  Non-class:      6.17 MB used.
      Class:    597.56 KB used.
       Both:      6.76 MB used.

Virtual space:
  Non-class space:       64.00 MB reserved,       6.19 MB ( 10%) committed,  1 nodes.
      Class space:        1.00 GB reserved,     704.00 KB ( <1%) committed,  1 nodes.
             Both:        1.06 GB reserved,       6.88 MB ( <1%) committed. 

Chunk freelists:
   Non-Class:  9.00 MB
       Class:  15.23 MB
        Both:  24.23 MB

MaxMetaspaceSize: unlimited
CompressedClassSpaceSize: 1.00 GB
Initial GC threshold: 21.00 MB
Current GC threshold: 21.00 MB
CDS: off
MetaspaceReclaimPolicy: balanced
 - commit_granule_bytes: 65536.
 - commit_granule_words: 8192.
 - virtual_space_node_default_size: 8388608.
 - enlarge_chunks_in_place: 1.
 - new_chunks_are_fully_committed: 0.
 - uncommit_free_chunks: 1.
 - use_allocation_guard: 0.
 - handle_deallocations: 1.


Internal statistics:

num_allocs_failed_limit: 0.
num_arena_births: 6.
num_arena_deaths: 0.
num_vsnodes_births: 2.
num_vsnodes_deaths: 0.
num_space_committed: 110.
num_space_uncommitted: 0.
num_chunks_returned_to_freelist: 0.
num_chunks_taken_from_freelist: 29.
num_chunk_merges: 0.
num_chunk_splits: 12.
num_chunks_enlarged: 8.
num_inconsistent_stats: 0.

CodeHeap 'non-profiled nmethods': size=120000Kb used=43Kb max_used=43Kb free=119957Kb
 bounds [0x000001fa99c70000, 0x000001fa99ee0000, 0x000001faa11a0000]
CodeHeap 'profiled nmethods': size=120000Kb used=200Kb max_used=200Kb free=119799Kb
 bounds [0x000001fa921a0000, 0x000001fa92410000, 0x000001fa996d0000]
CodeHeap 'non-nmethods': size=5760Kb used=1111Kb max_used=1124Kb free=4648Kb
 bounds [0x000001fa996d0000, 0x000001fa99940000, 0x000001fa99c70000]
 total_blobs=550 nmethods=174 adapters=289
 compilation: enabled
              stopped_count=0, restarted_count=0
 full_count=0

Compilation events (20 events):
Event: 0.329 Thread 0x000001faa91e67d0  165       3       java.lang.String::toString (2 bytes)
Event: 0.329 Thread 0x000001faa91e67d0 nmethod 165 0x000001fa921ce690 code [0x000001fa921ce820, 0x000001fa921ce938]
Event: 0.329 Thread 0x000001faa91e67d0  166       3       java.lang.StringBuilder::toString (35 bytes)
Event: 0.329 Thread 0x000001faa91e67d0 nmethod 166 0x000001fa921cea10 code [0x000001fa921cebe0, 0x000001fa921ceeb8]
Event: 0.329 Thread 0x000001faa91e67d0  167       1       java.security.ProtectionDomain::getCodeSource (5 bytes)
Event: 0.329 Thread 0x000001faa91e67d0 nmethod 167 0x000001fa99c7a610 code [0x000001fa99c7a7a0, 0x000001fa99c7a878]
Event: 0.336 Thread 0x000001faa91e67d0  168       3       java.lang.StringUTF16::compress (50 bytes)
Event: 0.337 Thread 0x000001faa91e67d0 nmethod 168 0x000001fa921cef90 code [0x000001fa921cf140, 0x000001fa921cf398]
Event: 0.337 Thread 0x000001faa91e67d0  169       3       java.util.Properties::loadConvert (540 bytes)
Event: 0.338 Thread 0x000001faa91e67d0 nmethod 169 0x000001fa921cf510 code [0x000001fa921cf800, 0x000001fa921d0c18]
Event: 0.338 Thread 0x000001faa91ce2d0  170       4       java.lang.String::length (11 bytes)
Event: 0.338 Thread 0x000001faa91e67d0  171       3       java.util.Arrays::copyOf (19 bytes)
Event: 0.338 Thread 0x000001faa91e67d0 nmethod 171 0x000001fa921d1290 code [0x000001fa921d1440, 0x000001fa921d1728]
Event: 0.338 Thread 0x000001faa91e67d0  173       3       java.lang.System::getSecurityManager (12 bytes)
Event: 0.338 Thread 0x000001faa91e67d0 nmethod 173 0x000001fa921d1890 code [0x000001fa921d1a20, 0x000001fa921d1b98]
Event: 0.338 Thread 0x000001faa91e67d0  174       3       java.lang.System::allowSecurityManager (13 bytes)
Event: 0.338 Thread 0x000001faa91e67d0 nmethod 174 0x000001fa921d1c90 code [0x000001fa921d1e20, 0x000001fa921d1f38]
Event: 0.338 Thread 0x000001faa91e67d0  172       3       java.lang.StringBuilder::<init> (7 bytes)
Event: 0.338 Thread 0x000001faa91e67d0 nmethod 172 0x000001fa921d1f90 code [0x000001fa921d2120, 0x000001fa921d2268]
Event: 0.338 Thread 0x000001faa91ce2d0 nmethod 170 0x000001fa99c7a910 code [0x000001fa99c7aa80, 0x000001fa99c7ab18]

GC Heap History (0 events):
No events

Dll operation events (2 events):
Event: 0.010 Loaded shared library C:\Program Files\Android\Android Studio\jbr\bin\java.dll
Event: 0.246 Loaded shared library C:\Program Files\Android\Android Studio\jbr\bin\verify.dll

Deoptimization events (0 events):
No events

Classes unloaded (0 events):
No events

Classes redefined (0 events):
No events

Internal exceptions (0 events):
No events

VM Operations (2 events):
Event: 0.238 Executing VM operation: HandshakeAllThreads
Event: 0.238 Executing VM operation: HandshakeAllThreads done

Events (20 events):
Event: 0.339 loading class sun/security/provider/SunEntries
Event: 0.339 loading class sun/security/provider/SunEntries done
Event: 0.339 loading class sun/security/provider/SunEntries$1
Event: 0.339 loading class sun/security/provider/SunEntries$1 done
Event: 0.339 loading class sun/security/provider/NativePRNG
Event: 0.339 loading class sun/security/provider/NativePRNG done
Event: 0.340 loading class java/util/LinkedHashSet
Event: 0.340 loading class java/util/LinkedHashSet done
Event: 0.340 loading class sun/security/provider/NativePRNG$Blocking
Event: 0.340 loading class sun/security/provider/NativePRNG$Blocking done
Event: 0.340 loading class sun/security/provider/NativePRNG$NonBlocking
Event: 0.340 loading class sun/security/provider/NativePRNG$NonBlocking done
Event: 0.340 loading class java/security/Provider$Service
Event: 0.340 loading class java/security/Provider$Service done
Event: 0.340 loading class java/security/Provider$UString
Event: 0.340 loading class java/security/Provider$UString done
Event: 0.340 loading class sun/security/util/SecurityProviderConstants
Event: 0.340 loading class sun/security/util/SecurityProviderConstants done
Event: 0.340 loading class sun/security/util/KnownOIDs
Event: 0.341 loading class sun/security/util/KnownOIDs done


Dynamic libraries:
0x00007ff7e7760000 - 0x00007ff7e776a000 	C:\Program Files\Android\Android Studio\jbr\bin\java.exe
0x00007ff9202b0000 - 0x00007ff9204c7000 	C:\WINDOWS\SYSTEM32\ntdll.dll
0x00007ff91dfe0000 - 0x00007ff91e0a4000 	C:\WINDOWS\System32\KERNEL32.DLL
0x00007ff91d6a0000 - 0x00007ff91da57000 	C:\WINDOWS\System32\KERNELBASE.dll
0x00007ff91dc70000 - 0x00007ff91dd81000 	C:\WINDOWS\System32\ucrtbase.dll
0x00007ff918d50000 - 0x00007ff918d67000 	C:\Program Files\Android\Android Studio\jbr\bin\jli.dll
0x00007ff9181b0000 - 0x00007ff9181cb000 	C:\Program Files\Android\Android Studio\jbr\bin\VCRUNTIME140.dll
0x00007ff91ea90000 - 0x00007ff91ec3f000 	C:\WINDOWS\System32\USER32.dll
0x00007ff91d5f0000 - 0x00007ff91d616000 	C:\WINDOWS\System32\win32u.dll
0x00007ff912960000 - 0x00007ff912bf3000 	C:\WINDOWS\WinSxS\amd64_microsoft.windows.common-controls_6595b64144ccf1df_6.0.22621.3672_none_2713b9d173822955\COMCTL32.dll
0x00007ff91e0b0000 - 0x00007ff91e0d9000 	C:\WINDOWS\System32\GDI32.dll
0x00007ff9200a0000 - 0x00007ff920147000 	C:\WINDOWS\System32\msvcrt.dll
0x00007ff91dec0000 - 0x00007ff91dfd8000 	C:\WINDOWS\System32\gdi32full.dll
0x00007ff91da60000 - 0x00007ff91dafa000 	C:\WINDOWS\System32\msvcp_win.dll
0x00007ff91ee40000 - 0x00007ff91ee71000 	C:\WINDOWS\System32\IMM32.DLL
0x00007ff918d40000 - 0x00007ff918d4c000 	C:\Program Files\Android\Android Studio\jbr\bin\vcruntime140_1.dll
0x00007ff909d70000 - 0x00007ff909dfd000 	C:\Program Files\Android\Android Studio\jbr\bin\msvcp140.dll
0x00007ff8a64b0000 - 0x00007ff8a7130000 	C:\Program Files\Android\Android Studio\jbr\bin\server\jvm.dll
0x00007ff91eca0000 - 0x00007ff91ed52000 	C:\WINDOWS\System32\ADVAPI32.dll
0x00007ff91ef00000 - 0x00007ff91efa8000 	C:\WINDOWS\System32\sechost.dll
0x00007ff91d5c0000 - 0x00007ff91d5e8000 	C:\WINDOWS\System32\bcrypt.dll
0x00007ff920150000 - 0x00007ff920264000 	C:\WINDOWS\System32\RPCRT4.dll
0x00007ff9135a0000 - 0x00007ff9135aa000 	C:\WINDOWS\SYSTEM32\VERSION.dll
0x00007ff918b90000 - 0x00007ff918bc4000 	C:\WINDOWS\SYSTEM32\WINMM.dll
0x00007ff901a20000 - 0x00007ff901a29000 	C:\WINDOWS\SYSTEM32\WSOCK32.dll
0x00007ff91e9f0000 - 0x00007ff91ea61000 	C:\WINDOWS\System32\WS2_32.dll
0x00007ff91c700000 - 0x00007ff91c718000 	C:\WINDOWS\SYSTEM32\kernel.appcore.dll
0x00007ff909d60000 - 0x00007ff909d6a000 	C:\Program Files\Android\Android Studio\jbr\bin\jimage.dll
0x00007ff9150d0000 - 0x00007ff915302000 	C:\WINDOWS\SYSTEM32\DBGHELP.DLL
0x00007ff91fb10000 - 0x00007ff91fe9e000 	C:\WINDOWS\System32\combase.dll
0x00007ff91ed60000 - 0x00007ff91ee37000 	C:\WINDOWS\System32\OLEAUT32.dll
0x00007ff914630000 - 0x00007ff914662000 	C:\WINDOWS\SYSTEM32\dbgcore.DLL
0x00007ff91d620000 - 0x00007ff91d69b000 	C:\WINDOWS\System32\bcryptPrimitives.dll
0x00007ff909d30000 - 0x00007ff909d55000 	C:\Program Files\Android\Android Studio\jbr\bin\java.dll
0x00007ff909d10000 - 0x00007ff909d28000 	C:\Program Files\Android\Android Studio\jbr\bin\zip.dll
0x00007ff91e180000 - 0x00007ff91e9e9000 	C:\WINDOWS\System32\SHELL32.dll
0x00007ff91b530000 - 0x00007ff91be2f000 	C:\WINDOWS\SYSTEM32\windows.storage.dll
0x00007ff91b3f0000 - 0x00007ff91b52f000 	C:\WINDOWS\SYSTEM32\wintypes.dll
0x00007ff91f280000 - 0x00007ff91f379000 	C:\WINDOWS\System32\SHCORE.dll
0x00007ff91f060000 - 0x00007ff91f0be000 	C:\WINDOWS\System32\shlwapi.dll
0x00007ff91d4f0000 - 0x00007ff91d517000 	C:\WINDOWS\SYSTEM32\profapi.dll
0x00007ff909cf0000 - 0x00007ff909d09000 	C:\Program Files\Android\Android Studio\jbr\bin\net.dll
0x00007ff919720000 - 0x00007ff919856000 	C:\WINDOWS\SYSTEM32\WINHTTP.dll
0x00007ff91cb70000 - 0x00007ff91cbd9000 	C:\WINDOWS\system32\mswsock.dll
0x00007ff909b10000 - 0x00007ff909b26000 	C:\Program Files\Android\Android Studio\jbr\bin\nio.dll
0x00007ff909b00000 - 0x00007ff909b10000 	C:\Program Files\Android\Android Studio\jbr\bin\verify.dll

dbghelp: loaded successfully - version: 4.0.5 - missing functions: none
symbol engine: initialized successfully - sym options: 0x614 - pdb path: .;C:\Program Files\Android\Android Studio\jbr\bin;C:\WINDOWS\SYSTEM32;C:\WINDOWS\WinSxS\amd64_microsoft.windows.common-controls_6595b64144ccf1df_6.0.22621.3672_none_2713b9d173822955;C:\Program Files\Android\Android Studio\jbr\bin\server

VM Arguments:
jvm_args: -Dorg.gradle.appname=gradlew 
java_command: org.gradle.wrapper.GradleWrapperMain -q -Ptarget-platform=android-x64 -Ptarget=C:\src\latihan_aplikasi\lib\main.dart -Pbase-application-name=android.app.Application -Pdart-defines=RkxVVFRFUl9XRUJfQVVUT19ERVRFQ1Q9dHJ1ZQ==,RkxVVFRFUl9XRUJfQ0FOVkFTS0lUX1VSTD1odHRwczovL3d3dy5nc3RhdGljLmNvbS9mbHV0dGVyLWNhbnZhc2tpdC8wNDgxN2M5OWM5ZmQ0OTU2ZjI3NTA1MjA0ZjdlMzQ0MzM1ODEwYWVkLw== -Pdart-obfuscation=false -Ptrack-widget-creation=true -Ptree-shake-icons=false -Pfilesystem-scheme=org-dartlang-root assembleDebug
java_class_path (initial): C:\src\latihan_aplikasi\android\\gradle\wrapper\gradle-wrapper.jar
Launcher Type: SUN_STANDARD

[Global flags]
     intx CICompilerCount                          = 4                                         {product} {ergonomic}
     uint ConcGCThreads                            = 2                                         {product} {ergonomic}
     uint G1ConcRefinementThreads                  = 8                                         {product} {ergonomic}
   size_t G1HeapRegionSize                         = 1048576                                   {product} {ergonomic}
    uintx GCDrainStackTargetSize                   = 64                                        {product} {ergonomic}
   size_t InitialHeapSize                          = 130023424                                 {product} {ergonomic}
   size_t MarkStackSize                            = 4194304                                   {product} {ergonomic}
   size_t MaxHeapSize                              = 2067791872                                {product} {ergonomic}
   size_t MaxNewSize                               = 1240465408                                {product} {ergonomic}
   size_t MinHeapDeltaBytes                        = 1048576                                   {product} {ergonomic}
   size_t MinHeapSize                              = 8388608                                   {product} {ergonomic}
    uintx NonNMethodCodeHeapSize                   = 5839372                                {pd product} {ergonomic}
    uintx NonProfiledCodeHeapSize                  = 122909434                              {pd product} {ergonomic}
    uintx ProfiledCodeHeapSize                     = 122909434                              {pd product} {ergonomic}
    uintx ReservedCodeCacheSize                    = 251658240                              {pd product} {ergonomic}
     bool SegmentedCodeCache                       = true                                      {product} {ergonomic}
   size_t SoftMaxHeapSize                          = 2067791872                             {manageable} {ergonomic}
     bool UseCompressedClassPointers               = true                           {product lp64_product} {ergonomic}
     bool UseCompressedOops                        = true                           {product lp64_product} {ergonomic}
     bool UseG1GC                                  = true                                      {product} {ergonomic}
     bool UseLargePagesIndividualAllocation        = false                                  {pd product} {ergonomic}

Logging:
Log output configuration:
 #0: stdout all=warning uptime,level,tags
 #1: stderr all=off uptime,level,tags

Environment Variables:
JAVA_HOME=C:\Program Files\Android\Android Studio\jbr
CLASSPATH=C:\src\latihan_aplikasi\android\\gradle\wrapper\gradle-wrapper.jar
PATH=C:\Program Files\Android\Android Studio\jbr\bin;C:\Program Files\Common Files\Oracle\Java\javapath;C:\WINDOWS\system32;C:\WINDOWS;C:\WINDOWS\System32\Wbem;C:\WINDOWS\System32\WindowsPowerShell\v1.0\;C:\WINDOWS\System32\OpenSSH\;C:\ProgramData\ComposerSetup\bin;C:\xampp\php-7.4;C:\Program Files\Git\cmd;C:\Program Files (x86)\Windows Kits\10\Windows Performance Toolkit\;C:\src\flutter\bin;C:\Users\vivob\AppData\Local\Programs\Python\Python313\Scripts\;C:\Users\vivob\AppData\Local\Programs\Python\Python313\;C:\Users\vivob\AppData\Local\Programs\Python\Python312\Scripts\;C:\Users\vivob\AppData\Local\Programs\Python\Python312\;C:\Users\vivob\AppData\Local\Programs\Python\Python311\Scripts\;C:\Users\vivob\AppData\Local\Programs\Python\Python311\;C:\Users\vivob\AppData\Local\Microsoft\WindowsApps;C:\Users\vivob\AppData\Roaming\Composer\vendor\bin;C:\xampp\php-7.4;C:\Users\vivob\AppData\Local\Programs\Microsoft VS Code\bin;C:\src\flutter\bin;;C:\src\flutter\bin\mingit\cmd;C:\src\flutter\bin\mingit\cmd
USERNAME=vivob
OS=Windows_NT
PROCESSOR_IDENTIFIER=Intel64 Family 6 Model 140 Stepping 1, GenuineIntel
TMP=C:\Users\vivob\AppData\Local\Temp
TEMP=C:\Users\vivob\AppData\Local\Temp


JNI global refs:
JNI global refs: 8, weak refs: 0

JNI global refs memory usage: 843, weak refs: 209

OOME stack traces (most recent first):
Classloader memory used:
Loader bootstrap                                                                       : 847K
Loader jdk.internal.loader.ClassLoaders$AppClassLoader                                 : 17475B


---------------  S Y S T E M  ---------------

OS:
 Windows 11 , 64 bit Build 22621 (10.0.22621.3958)
OS uptime: 0 days 17:10 hours

CPU: total 8 (initial active 8) (4 cores per cpu, 2 threads per core) family 6 model 140 stepping 1 microcode 0x86, cx8, cmov, fxsr, ht, mmx, 3dnowpref, sse, sse2, sse3, ssse3, sse4.1, sse4.2, popcnt, lzcnt, tsc, tscinvbit, avx, avx2, aes, erms, clmul, bmi1, bmi2, adx, avx512f, avx512dq, avx512cd, avx512bw, avx512vl, sha, fma, vzeroupper, avx512_vpopcntdq, avx512_vpclmulqdq, avx512_vaes, avx512_vnni, clflush, clflushopt, clwb, avx512_vbmi2, avx512_vbmi

Memory: 4k page, system-wide physical 7885M (436M free)
TotalPageFile size 11885M (AvailPageFile size 1M)
current process WorkingSet (physical memory assigned to process): 35M, peak: 35M
current process commit charge ("private bytes"): 201M, peak: 203M

vm_info: OpenJDK 64-Bit Server VM (17.0.7+0-b2043.56-10550314) for windows-amd64 JRE (17.0.7+0-b2043.56-10550314), built on Jul 24 2023 18:27:45 by "androidbuild" with MS VC++ 16.10 / 16.11 (VS2019)

END.
